------------
time    hostname    OS   rootç‰ˆæœ¬   runtime  å¹³å‡è´Ÿè½½ã€€ã€€ç£ç›˜æ€»é‡ã€€ã€€ç£ç›˜æ‰€ç”¨ç™¾åˆ†æ¯”ã€€å†…å­˜å¤§å°ã€€ã€€å†…å­˜å·²ç”¨ç™¾åˆ†æ¯”ã€€cpuæ¸©åº¦ã€€ã€€ã€€ç£ç›˜è­¦æŠ¥çº§åˆ«ã€€ã€€å†…å­˜è­¦æŠ¥çº§åˆ«ã€€ã€€cpuè­¦æŠ¥çº§åˆ«
20181220_18:18:38  pi9 GNU/Linux 4.9.41-v7+  up_2_weeks,_5_days,_9_hours,_15_minutes  0.05 0.04 0.01 949572MB 403856MB 50% 29899MB 14147MB 50% 49Â°C  
disk->normal  
rmb->note  
cpu->normal  
------------
------------
time    hostname    OS   rootç‰ˆæœ¬   runtime  å¹³å‡è´Ÿè½½ã€€ã€€ç£ç›˜æ€»é‡ã€€ã€€ç£ç›˜æ‰€ç”¨ç™¾åˆ†æ¯”ã€€å†…å­˜å¤§å°ã€€ã€€å†…å­˜å·²ç”¨ç™¾åˆ†æ¯”ã€€cpuæ¸©åº¦ã€€ã€€ã€€ç£ç›˜è­¦æŠ¥çº§åˆ«ã€€ã€€å†…å­˜è­¦æŠ¥çº§åˆ«ã€€ã€€cpuè­¦æŠ¥çº§åˆ«
20181220_18:20:18  pi9 GNU/Linux 4.9.41-v7+  up_2_weeks,_5_days,_9_hours,_17_minutes  0.08 0.07 0.01 949572MB 403536MB 50% 29899MB 14147MB 50% 48Â°C  
disk->normal  
rmb->note  
cpu->normal  
------------
------------
time    hostname    OS   rootç‰ˆæœ¬   runtime  å¹³å‡è´Ÿè½½ã€€ã€€ç£ç›˜æ€»é‡ã€€ã€€ç£ç›˜æ‰€ç”¨ç™¾åˆ†æ¯”ã€€å†…å­å¤§å°ã€€ã€€å†…å­˜å·²ç”¨ç™¾åˆ†æ¯”ã€€cpuæ¸©åº¦ã€€ã€€ã€€ç£ç›˜è­¦æŠ¥çº§åˆ«ã€€ã€€å†…å­˜è­¦æŠ¥çº§åˆ«ã€€ã€€cpuè­¦æŠ¥çº§åˆ«
20181220_18:21:58  pi9 GNU/Linux 4.9.41-v7+  up_2_weeks,_5_days,_9_hours,_18_minutes  0.01 0.05 0.00 949572MB 403380MB 50% 29899MB 14147MB 50% 48Â°C  
disk->normal  
rmb->note  
cpu->normal  
------------
------------
time    hostname    OS   rootç‰ˆæœ¬   runtime  å¹³å‡è´Ÿè½½ã€€ã€€ç£ç›˜æ€»é‡ã€€ã€€ç£ç›˜æ‰€ç”¨ç™¾åˆ†æ¯”ã€€å†…å­˜å¤§å°ã€€ã€€å†…å­˜å·²ç”¨ç™¾åˆ†æ¯”ã€€cpuæ¸©åº¦ã€€ã€€ã€€ç£ç›˜è­¦æŠ¥çº§åˆ«ã€€ã€€å†…å­˜è­¦æŠ¥çº§åˆ«ã€€ã€€cpuè­¦æŠ¥çº§åˆ«
20181220_18:23:38  pi9 GNU/Linux 4.9.41-v7+  up_2_weeks,_5_days,_9_hours,_20_minutes  0.09 0.06 0.01 949572MB 403512MB 50% 29899MB 14147MB 50% 48Â°C  
disk->normal  
rmb->note  
cpu->normal  
------------
------------
time    hostname    OS   rootç‰ˆæœ¬   runtime  å¹³å‡è´Ÿè½½ã€€ã€€ç£ç›˜æ€»é‡ã€€ã€€ç£ç›˜æ‰€ç”¨ç™¾åˆ†æ¯”ã€€å†…å­˜å¤§å°ã€€ã€€å†…å­˜å·²ç”¨ç™¾åˆ†æ¯”ã€€cpuæ¸©åº¦ã€€ã€€ã€€ç£ç›˜è­¦æŠ¥çº§åˆ«ã€€ã€€å†…å­˜è­¦æŠ¥çº§åˆ«ã€€ã€€cpuè­¦æŠ¥çº§åˆ«
2018122_18:25:19  pi9 GNU/Linux 4.9.41-v7+  up_2_weeks,_5_days,_9_hours,_22_minutes  0.01 0.04 0.00 949572MB 403684MB 50% 29899MB 14147MB 50% 48Â°C  
disk->normal  
rmb->note  
cpu->normal  
------------
------------
time    hostname    OS   rootç‰ˆæœ¬   runtime  å¹³å‡è´Ÿè½½ã€€ã€€ç£ç›˜æ€»é‡ã€€ã€€ç£ç›˜æ‰€ç”¨ç™¾åˆ†æ¯”ã€€å†…å­˜å¤§å°ã€€ã€€å†…å­˜å·²ç”¨ç™¾åˆ†æ¯”ã€€cpuæ¸©åº¦ã€€ã€€ã€€ç£ç›˜è­¦æŠ¥çº§åˆ«ã€€ã€€å†…å­˜è­¦æŠ¥çº§åˆ«ã€€ã€€cpuè­¦æŠ¥çº§åˆ«
20181220_18:54:35  pi9 GNU/Linux 4.9.41-v7+  up_2_weeks,_5_days,_9_hours,_51_minutes  0.10 0.06 0.04 949572MB 388012MB 50% 29899MB 14149MB 50% 49Â°C  
disk->normal  
rmb->note  
cpu->normal  
------------------------
time    hostname    OS   rootç‰ˆæœ¬   runtime  å¹³å‡è´Ÿè½½ã€€ã€€ç£ç›˜æ€»é‡ã€€ã€€ç£ç›˜æ‰€ç”¨ç™¾åˆ†æ¯”ã€€å†…å­˜å¤§å°ã€€ã€€å†…å­˜å·²ç”¨ç™¾åˆ†æ¯”ã€€cpuæ¸©åº¦ã€€ã€€ã€€ç£ç›˜è­¦æŠ¥çº§åˆ«ã€€ã€€å†…å­˜è­¦æŠ¥çº§åˆ«ã€€ã€€cpuè­¦æŠ¥çº§åˆ«
20181220_18:56:15  pi9 GNU/Linux 4.9.41-v7+  up_2_weeks,_5_days,_9_hours,_53_minutes  0.05 0.06 0.04 949572MB 388212MB 50% 29899MB 14149MB 50% 49Â°C  
disk->normal  
rmb->note  
cpu->normal  
------------------------
time    hostname    OS   rootç‰ˆæœ¬   runtime  å¹³å‡è´Ÿè½½ã€€ã€€ç£ç›˜æ€»é‡ã€€ã€€ç£ç›˜æ‰€ç”¨ç™¾åˆ†æ¯”ã€€å†…å­˜å¤§å°ã€€ã€€å†…å­˜å·²ç”¨ç™¾åˆ†æ¯”ã€€cpuæ¸©åº¦ã€€ã€€ã€€ç£ç›˜è­¦æŠ¥çº§åˆ«ã€€ã€€å†…å­˜è­¦æŠ¥çº§åˆ«ã€€ã€€cpuè­¦æŠ¥çº§åˆ«
20181220_18:57:55  pi9 GNU/Linux 4.9.41-v7+  up_2_weeks,_5_days,_9_hours,_54_minutes  0.10 0.07 0.04 949572MB 387648MB 50% 29899MB 14149MB 50% 49Â°C  
disk->normal  
rmb->note  
cpu->normal  
------------------------
time    hostname    OS   rootç‰ˆæœ¬   runtime  å¹³å‡è´Ÿè½½ã€€ã€€ç£ç›˜æ€»é‡ã€€ã€€ç£ç›˜æ‰€ç”¨ç™¾åˆ†æ¯”ã€€å†…å­˜å¤§å°ã€€ã€€å†…å­˜å·²ç”¨ç™¾åˆ†æ¯”ã€€cpuæ¸©åº¦ã€€ã€€ã€€ç£ç›˜è­¦æŠ¥çº§åˆ«ã€€ã€€å†…å­˜è­¦æŠ¥çº§åˆ«ã€€ã€€cpuè­¦æŠ¥çº§åˆ«
20181220_18:59:35  pi9 GNU/Linux 4.9.41-v7+  up_2_weeks,_5_days,_9_hours,_56_minutes  0.07 0.07 0.04 949572MB 392264MB 50% 29899MB 14149MB 50% 49Â°C  
disk->normal  
rmb->note  
cpu->normal  
------------------------
time    hostname    OS   rootç‰ˆæœ¬   runtime  å¹³å‡è´Ÿè½½ã€€ã€€ç£ç›˜æ€»é‡ã€€ã€€ç£ç›˜æ‰€ç”¨ç™¾åˆ†æ¯”ã€€å†…å­˜å¤§å°ã€€ã€€å†…å­˜å·²ç”¨ç™¾åˆ†æ¯”ã€€cpuæ¸©åº¦ã€€ã€€ã€€ç£ç›˜è­¦æŠ¥çº§åˆ«ã€€ã€€å†…å­˜è­¦æŠ¥çº§åˆ«ã€€ã€€cpuè­¦æŠ¥çº§åˆ«
20181220_19:01:15  pi9 GNU/Linux 4.9.41-v7+  up_2_weeks,_5_days,_9_hours,_58_minutes  0.26 0.17 0.08 949572MB 387556MB 50% 29899MB 14149MB 50% 49Â°C  
disk->normal  
rmb->note  
cpu->normal  
------------------------
time    hostname    OS   rootç‰ˆæœ¬   runtime  å¹³å‡è´Ÿè½½ã€€ã€€ç£ç›˜æ€»é‡ã€€ã€€ç£ç›˜æ‰€ç”¨ç™¾åˆ†æ¯”ã€€å†…å­˜å¤§å°ã€€ã€€å†…å­˜å·²ç”¨ç™¾åˆ†æ¯”ã€€cpuæ¸©åº¦ã€€ã€€ã€€ç£ç›˜è­¦æŠ¥çº§åˆ«ã€€ã€€å†…å­˜è­¦æŠ¥çº§åˆ«ã€€ã€€cpuè­¦æŠ¥çº§åˆ«
20181220_19:02:55  pi9 GNU/Linux 4.9.41-v7+  up_2_weeks,_5_days,_9_hours,_59_minutes  0.10 0.13 0.07 949572MB 387512MB 50% 29899MB 14149MB 50% 48Â°C  
disk->normal  
rmb->note  
cpu->normal  
------------------------
time    hostname    OS   rootç‰ˆæœ¬   runtime  å¹³å‡è´Ÿè½½ã€€ã€€ç£ç›˜æ€»é‡ã€€ã€€ç£ç›˜æ‰€ç”¨ç™¾åˆ†æ¯”ã€€å†…å­˜å¤§å°ã€€ã€€å†…å­˜å·²ç”¨ç™¾åˆ†æ¯”ã€€cpuæ¸©åº¦ã€€ã€€ã€€ç£ç›˜è­¦æŠ¥çº§åˆ«ã€€ã€€å†…å­˜è­¦æŠ¥çº§åˆ«ã€€ã€€cpuè­¦æŠ¥çº§åˆ«
20181220_19:04:36  pi9 GNU/Linux 4.9.41-v7+  up_2_weeks,_5_days,_10_hours,_1_minute  0.02 0.09 0.06 949572MB 392352MB 50% 29899MB 14149MB 50% 48Â°C  
disk->normal  
rmb->note  
cpu->normal  
------------------------
time    hostname    OS   rootç‰ˆæœ¬   runtime  å¹³å‡è´Ÿè½½ã€€ã€€ç£ç›˜æ€»é‡ã€€ã€€ç£ç›˜æ‰€ç”¨ç™¾åˆ†æ¯”ã€€å†…å­˜å¤§å°ã€€ã€€å†…å­˜å·²ç”¨ç™¾åˆ†æ¯”ã€€cpuæ¸©åº¦ã€€ã€€ã€€ç£ç›˜è­¦æŠ¥çº§åˆ«ã€€ã€€å†…å­˜è­¦æŠ¥çº§åˆ«ã€€ã€€cpuè­¦æŠ¥çº§åˆ«
20181220_19:06:16  pi9 GNU/Linux 4.9.41-v7+  up_2_weeks,_5_days,_10_hours,_3_minutes  0.00 0.06 0.06 949572MB 387044MB 50% 29899MB 14149MB 50% 48Â°C  
disk->normal  
rmb->note  
cpu->normal  
------------------------
time    hostname    OS   rootç‰ˆæœ¬   runtime  å¹³å‡è´Ÿè½½ã€€ã€€ç£ç›˜æ€»é‡ã€€ã€€ç£ç›˜æ‰€ç”¨ç™¾åˆ†æ¯”ã€€å†…å­˜å¤§å°ã€€ã€€å†…å­˜å·²ç”¨ç™¾åˆ†æ¯”ã€€cpuæ¸©åº¦ã€€ã€€ã€€ç£ç›˜è­¦æŠ¥çº§åˆ«ã€€ã€€å†…å­˜è­¦æŠ¥çº§åˆ«ã€€ã€€cpuè­¦æŠ¥çº§åˆ«
20181220_19:07:56  pi9 GNU/Linux 4.9.41-v7+  up_2_weeks,_5_days,_10_hours,_4_minutes  0.32 0.20 0.10 949572MB 389692MB 50% 29899MB 14149MB 50% 49Â°C  
disk->normal  
rmb->note  
cpu->normal  
------------------------
time    hostname    OS   rootç‰ˆæœ¬   runtime  å¹³å‡è´Ÿè½½ã€€ã€€ç£ç›˜æ€»é‡ã€€ã€€ç£ç›˜æ‰€ç”¨ç™¾åˆ†æ¯”ã€€å†…å­˜å¤§å°ã€€ã€€å†…å­˜å·²ç”¨ç™¾åˆ†æ¯”ã€€cpuæ¸©åº¦ã€€ã€€ã€€ç£ç›˜è­¦æŠ¥çº§åˆ«ã€€ã€€å†…å­˜è­¦æŠ¥çº§åˆ«ã€€ã€€cpuè­¦æŠ¥çº§åˆ«
20181220_19:09:36  pi9 GNU/Linux 4.9.41-v7+  up_2_weeks,_5_days,_10_hours,_6_minutes  0.06 0.14 0.09 949572MB 386492MB 50% 29899MB 14149MB 50% 48Â°C  
disk->normal  
rmb->note  
cpu->normal  
------------------------
time    hostname    OS   rootç‰ˆæœ¬   runtime  å¹³å‡è´Ÿè½½ã€€ã€€ç£ç›˜æ€»é‡ã€€ã€€ç£ç›˜æ‰€ç”¨ç™¾åˆ†æ¯”ã€€å†…å­˜å¤§å°ã€€ã€€å†…å­˜å·²ç”¨ç™¾åˆ†æ¯”ã€€cpuæ¸©åº¦ã€€ã€€ã€€ç£ç›˜è­¦æŠ¥çº§åˆ«ã€€ã€€å†…å­˜è­¦æŠ¥çº§åˆ«ã€€ã€€cpuè­¦æŠ¥çº§åˆ«
20181220_19:11:16  pi9 GNU/Linux 4.9.41-v7+  up_2_weeks,_5_days,_10_hours,_8_minutes  0.11 0.12 0.09 949572MB 381584MB 50% 29899MB 14149MB 50% 49Â°C  
disk->normal  
rmb->note  
cpu->normal  
------------------------
time    hostname    OS   rootç‰ˆæœ¬   runtime  å¹³å‡è´Ÿè½½ã€€ã€€ç£ç›˜æ€»é‡ã€€ã€€ç£ç›˜æ‰€ç”¨ç™¾åˆ†æ¯”ã€€å†…å­˜å¤§å°ã€€ã€€å†…å­˜å·²ç”¨ç™¾åˆ†æ¯”ã€€cpuæ¸©åº¦ã€€ã€€ã€€ç£ç›˜è­¦æŠ¥çº§åˆ«ã€€ã€€å†…å­˜è­¦æŠ¥çº§åˆ«ã€€ã€€cpuè­¦æŠ¥çº§åˆ«
20181220_19:12:56  pi9 GNU/Linux 4.9.41-v7+  up_2_weeks,_5_days,_10_hours,_9_minutes  0.07 0.10 0.09 949572MB 381856MB 50% 29899MB 14149MB 50% 48Â°C  
disk->normal  
rmb->note  
cpu->normal  
------------------------
time    hostname    OS   rootç‰ˆæœ¬   runtime  å¹³å‡è´Ÿè½½ã€€ã€€ç£ç›˜æ€»é‡ã€€ã€€ç£ç›˜æ‰€ç”¨ç™¾åˆ†æ¯”ã€€å†…å­˜å¤§å°ã€€ã€€å†…å­˜å·²ç”¨ç™¾åˆ†æ¯”ã€€cpuæ¸©åº¦ã€€ã€€ã€€ç£ç›˜è­¦æŠ¥çº§åˆ«ã€€ã€€å†…å­˜è­¦æŠ¥çº§åˆ«ã€€ã€€cpuè­¦æŠ¥çº§åˆ«
20181220_19:14:37  pi9 GNU/Linux 4.9.41-v7+  up_2_weeks,_5_days,_10_hours,_11_minutes  0.14 0.11 0.09 949572MB 379132MB 60% 29899MB 14149MB 50% 49Â°C  
disk->normal  
rmb->note  
cpu->normal  
------------------------
time    hostname    OS   rootç‰ˆæœ¬   runtime  å¹³å‡è´Ÿè½½ã€€ã€€ç£ç›˜æ€»é‡ã€€ã€€ç£ç›˜æ‰€ç”¨ç™¾åˆ†æ¯”ã€€å†…å­˜å¤§å°ã€€ã€€å†…å­˜å·²ç”¨ç™¾åˆ†æ¯”ã€€cpuæ¸©åº¦ã€€ã€€ã€€ç£ç›˜è­¦æŠ¥çº§åˆ«ã€€ã€€å†…å­˜è­¦æŠ¥çº§åˆ«ã€€ã€€cpuè­¦æŠ¥çº§åˆ«
20181220_19:16:17  pi9 GNU/Linux 4.9.41-v7+  up_2_weeks,_5_days,_10_hours,_13_minutes  0.08 0.09 0.09 949572MB 376292MB 60% 29899MB 14149MB 50% 49Â°C  
disk->normal  
rmb->note  
cpu->normal  
------------------------
time    hostname    OS   rootç‰ˆæœ¬   runtime  å¹³å‡è´Ÿè½½ã€€ã€€ç£ç›˜æ€»é‡ã€€ã€€ç£ç›˜æ‰€ç”¨ç™¾åˆ†æ¯”ã€€å†…å­˜å¤§å°ã€€ã€€å†…å­˜å·²ç”¨ç™¾åˆ†æ¯”ã€€cpuæ¸©åº¦ã€€ã€€ã€€ç£ç›˜è­¦æŠ¥çº§åˆ«ã€€ã€€å†…å­˜è­¦æŠ¥çº§åˆ«ã€€ã€€cpuè­¦æŠ¥çº§åˆ«
20181220_19:17:57  pi9 GNU/Linux 4.9.41-v7+  up_2_weeks,_5_days,_10_hours,_14_minutes  0.06 0.08 0.08 949572MB 385080MB 50% 29899MB 14149MB 50% 49Â°C  
disk->normal  
rmb->note  
cpu->normal  
------------------------
time    hostname    OS   rootç‰ˆæœ¬   runtime  å¹³å‡è´Ÿè½½ã€€ã€€ç£ç›˜æ€»é‡ã€€ã€€ç£ç›˜æ‰€ç”¨ç™¾åˆ†æ¯”ã€€å†…å­˜å¤§å°ã€€ã€€å†…å­˜å·²ç”¨ç™¾åˆ†æ¯”ã€€cpuæ¸©åº¦ã€€ã€€ã€€ç£ç›˜è­¦æŠ¥çº§åˆ«ã€€ã€€å†…å­˜è­¦æŠ¥çº§åˆ«ã€€ã€€cpuè­¦æŠ¥çº§åˆ«
20181220_19:19:37  pi9 GNU/Linux 4.9.41-v7+  up_2_weeks,_5_days,_10_hours,_16_minutes  0.07 0.09 0.09 949572MB 382156MB 50% 29899MB 14149MB 50% 48Â°C  
disk->normal  
rmb->note  
cpu->normal  
------------------------
time    hostname    OS   rootç‰ˆæœ¬   runtime  å¹³å‡è´Ÿè½½ã€€ã€€ç£ç›˜æ€»é‡ã€€ã€€ç£ç›˜æ‰€ç”¨ç™¾åˆ†æ¯”ã€€å†…å­˜å¤§å°ã€€ã€€å†…å­˜å·²ç”¨ç™¾åˆ†æ¯”ã€€cpuæ¸©åº¦ã€€ã€€ã€€ç£ç›˜è­¦æŠ¥çº§åˆ«ã€€ã€€å†…å­˜è­¦æŠ¥çº§åˆ«ã€€ã€€cpuè­¦æŠ¥çº§åˆ«
20181220_19:21:17  pi9 GNU/Linux 4.9.41-v7+  up_2_weeks,_5_days,_10_hours,_18_minutes  0.08 0.08 0.08 949572MB 386852MB 50% 29899MB 14149MB 50% 49Â°C  
disk->normal  
rmb->note  
cpu->normal  
------------------------
time    hostname    OS   rootç‰ˆæœ¬   runtime  å¹³å‡è´Ÿè½½ã€€ã€€ç£ç›˜æ€»é‡ã€€ã€€ç£ç›˜æ‰€ç”¨ç™¾åˆ†æ¯”ã€€å†…å­˜å¤§å°ã€€ã€€å†…å­˜å·²ç”¨ç™¾åˆ†æ¯”ã€€cpuæ¸©åº¦ã€€ã€€ã€€ç£ç›˜è­¦æŠ¥çº§åˆ«ã€€ã€€å†…å­˜è­¦æŠ¥çº§åˆ«ã€€ã€€cpuè­¦æŠ¥çº§åˆ«
20181220_19:22:57  pi9 GNU/Linux 4.9.41-v7+  up_2_weeks,_5_days,_10_hours,_19_minutes  0.13 0.09 0.09 949572MB 393032MB 50% 29899MB 14149MB 50% 48Â°C  
disk->normal  
rmb->note  
cpu->normal  
------------------------
time    hostname    OS   rootç‰ˆæœ¬   runtime  å¹³å‡è´Ÿè½½ã€€ã€€ç£ç›˜æ€»é‡ã€€ã€€ç£ç›˜æ‰€ç”¨ç™¾åˆ†æ¯”ã€€å†…å­˜å¤§å°ã€€ã€€å†…å­˜å·²ç”¨ç™¾åˆ†æ¯”ã€€cpuæ¸©åº¦ã€€ã€€ã€€ç£ç›˜è­¦æŠ¥çº§åˆ«ã€€ã€€å†…å­˜è­¦æŠ¥çº§åˆ«ã€€ã€€cpuè­¦æŠ¥çº§åˆ«
20181220_19:24:38  pi9 GNU/Linux 4.9.41-v7+  up_2_weeks,_5_days,_10_hours,_21_minutes  0.10 0.09 0.09 949572MB 387464MB 50% 29899MB 14149MB 50% 49Â°C  
disk->normal  
rmb->note  
cpu->normal  
------------------------
time    hostname    OS   rootç‰ˆæœ¬   runtime  å¹³å‡è´Ÿè½½ã€€ã€€ç£ç›˜æ€»é‡ã€€ã€€ç£ç›˜æ‰€ç”¨ç™¾åˆ†æ¯”ã€€å†…å­˜å¤§å°ã€€ã€€å†…å­˜å·²ç”¨ç™¾åˆ†æ¯”ã€€cpuæ¸©åº¦ã€€ã€€ã€€ç£ç›˜è­¦æŠ¥çº§åˆ«ã€€ã€€å†…å­˜è­¦æŠ¥çº§åˆ«ã€€ã€€cpuè­¦æŠ¥çº§åˆ«
20181220_19:26:18  pi9 GNU/Linux 4.9.41-v7+  up_2_weeks,_5_days,_10_hours,_23_minutes  0.11 0.09 0.09 949572MB 387596MB 50% 29899MB 14149MB 50% 49Â°C  
disk->normal  
rmb->note  
cpu->normal  
------------------------
time    hostname    OS   rootç‰ˆæœ¬   runtime  å¹³å‡è´Ÿè½½ã€€ã€€ç£ç›˜æ€»é‡ã€€ã€€ç£ç›˜æ‰€ç”¨ç™¾åˆ†æ¯”ã€€å†…å­˜å¤§å°ã€€ã€€å†…å­˜å·²ç”¨ç™¾åˆ†æ¯”ã€€cpuæ¸©åº¦ã€€ã€€ã€€ç£ç›˜è­¦æŠ¥çº§åˆ«ã€€ã€€å†…å­˜è­¦æŠ¥çº§åˆ«ã€€ã€€cpuè­¦æŠ¥çº§åˆ«
20181220_19:27:58  pi9 GNU/Linux 4.9.41-v7+  up_2_weeks,_5_days,_10_hours,_24_minutes  0.09 0.08 0.09 949572MB 383804MB 50% 29899MB 14149MB 50% 49Â°C  
disk->normal  
rmb->note  
cpu->normal  
------------------------
time    hostname    OS   rootç‰ˆæœ¬   runtime  å¹³å‡è´Ÿè½½ã€€ã€€ç£ç›˜æ€»é‡ã€€ã€€ç£ç›˜æ‰€ç”¨ç™¾åˆ†æ¯”ã€€å†…å­˜å¤§å°ã€€ã€€å†…å­˜å·²ç”¨ç™¾åˆ†æ¯”ã€€cpuæ¸©åº¦ã€€ã€€ã€€ç£ç›˜è­¦æŠ¥çº§åˆ«ã€€ã€€å†…å­˜è­¦æŠ¥çº§åˆ«ã€€ã€€cpuè­¦æŠ¥çº§åˆ«
20181220_19:29:38  pi9 GNU/Linux 4.9.41-v7+  up_2_weeks,_5_days,_10_hours,_26_minutes  0.17 0.13 0.10 949572MB 388180MB 50% 29899MB 14149MB 50% 50Â°C  
disk->normal  
rmb->note  
cpu->normal  
------------------------
time    hostname    OS   rootç‰ˆæœ¬   runtime  å¹³å‡è´Ÿè½½ã€€ã€€ç£ç›˜æ€»é‡ã€€ã€€ç£ç›˜æ‰€ç”¨ç™¾åˆ†æ¯”ã€€å†…å­˜å¤§å°ã€€ã€€å†…å­˜å·²ç”¨ç™¾åˆ†æ¯”ã€€cpuæ¸©åº¦ã€€ã€€ã€€ç£ç›˜è­¦æŠ¥çº§åˆ«ã€€ã€€å†…å­˜è­¦æŠ¥çº§åˆ«ã€€ã€€cpuè­¦æŠ¥çº§åˆ«
20181220_19:31:18  pi9 GNU/Linux 4.9.41-v7+  up_2_weeks,_5_days,_10_hours,_28_minutes  0.33 0.16 0.11 949572MB 387928MB 50% 29899MB 14149MB 50% 49Â°C  
disk->normal  
rmb->note  
cpu->normal  
------------------------
time    hostname    OS   rootç‰ˆæœ¬   runtime  å¹³å‡è´Ÿè½½ã€€ã€€ç£ç›˜æ€»é‡ã€€ã€€ç£ç›˜æ‰€ç”¨ç™¾åˆ†æ¯”ã€€å†…å­˜å¤§å°ã€€ã€€å†…å­˜å·²ç”¨ç™¾åˆ†æ¯”ã€€cpuæ¸©åº¦ã€€ã€€ã€€ç£ç›˜è­¦æŠ¥çº§åˆ«ã€€ã€€å†…å­˜è­¦æŠ¥çº§åˆ«ã€€ã€€cpuè­¦æŠ¥çº§åˆ«
20181220_19:32:58  pi9 GNU/Linux 4.9.41-v7+  up_2_weeks,_5_days,_10_hours,_29_minutes  0.15 0.14 0.10 949572MB 385112MB 50% 29899MB 14149MB 50% 49Â°C  
disk->normal  
rmb->note  
cpu->normal  
------------------------
time    hostname    OS   rootç‰ˆæœ¬   runtime  å¹³å‡è´Ÿè½½ã€€ã€€ç£ç›˜æ€»é‡ã€€ã€€ç£ç›˜æ‰€ç”¨ç™¾åˆ†æ¯”ã€€å†…å­˜å¤§å°ã€€ã€€å†…å­˜å·²ç”¨ç™¾åˆ†æ¯”ã€€cpuæ¸©åº¦ã€€ã€€ã€€ç£ç›˜è­¦æŠ¥çº§åˆ«ã€€ã€€å†…å­˜è­¦æŠ¥çº§åˆ«ã€€ã€€cpuè­¦æŠ¥çº§åˆ«
20181220_19:34:39  pi9 GNU/Linux 4.9.41-v7+  up_2_weeks,_5_days,_10_hours,_31_minutes  0.38 0.22 0.13 949572MB 388376MB 50% 29899MB 14149MB 50% 49Â°C  
disk->normal  
rmb->note  
cpu->normal  
------------------------
time    hostname    OS   rootç‰ˆæœ¬   runtime  å¹³å‡è´Ÿè½½ã€€ã€€ç£ç›˜æ€»é‡ã€€ã€€ç£ç›˜æ‰€ç”¨ç™¾åˆ†æ¯”ã€€å†…å­˜å¤§å°ã€€ã€€å†…å­˜å·²ç”¨ç™¾åˆ†æ¯”ã€€cpuæ¸©åº¦ã€€ã€€ã€€ç£ç›˜è­¦æŠ¥çº§åˆ«ã€€ã€€å†…å­˜è­¦æŠ¥çº§åˆ«ã€€ã€€cpuè­¦æŠ¥çº§åˆ«
20181220_19:36:19  pi9 GNU/Linux 4.9.41-v7+  up_2_weeks,_5_days,_10_hours,_33_minutes  0.20 0.20 0.13 949572MB 383672MB 50% 29899MB 14149MB 50% 50Â°C  
disk->normal  
rmb->note  
cpu->normal  
------------------------
time    hostname    OS   rootç‰ˆæœ¬   runtime  å¹³å‡è´Ÿè½½ã€€ã€€ç£ç›˜æ€»é‡ã€€ã€€ç£ç›˜æ‰€ç”¨ç™¾åˆ†æ¯”ã€€å†…å­˜å¤§å°ã€€ã€€å†…å­˜å·²ç”¨ç™¾åˆ†æ¯”ã€€cpuæ¸©åº¦ã€€ã€€ã€€ç£ç›˜è­¦æŠ¥çº§åˆ«ã€€ã€€å†…å­˜è­¦æŠ¥çº§åˆ«ã€€ã€€cpuè­¦æŠ¥çº§åˆ«
20181220_19:37:59  pi9 GNU/Linux 4.9.41-v7+  up_2_weeks,_5_days,_10_hours,_34_minutes  0.53 0.30 0.17 949572MB 386704MB 50% 29899MB 14149MB 50% 49Â°C  
disk->normal  
rmb->note  
cpu->normal  
------------------------
time    hostname    OS   rootç‰ˆæœ¬   runtime  å¹³å‡è´Ÿè½½ã€€ã€€ç£ç›˜æ€»é‡ã€€ã€€ç£ç›˜æ‰€ç”¨ç™¾åˆ†æ¯”ã€€å†…å­˜å¤§å°ã€€ã€€å†…å­˜å·²ç”¨ç™¾åˆ†æ¯”ã€€cpuæ¸©åº¦ã€€ã€€ã€€ç£ç›˜è­¦æŠ¥çº§åˆ«ã€€ã€€å†…å­˜è­¦æŠ¥çº§åˆ«ã€€ã€€cpuè­¦æŠ¥çº§åˆ«
20181220_19:39:39  pi9 GNU/Linux 4.9.41-v7+  up_2_weeks,_5_days,_10_hours,_36_minutes  0.13 0.23 0.16 949572MB 387684MB 50% 29899MB 14149MB 50% 50Â°C  
disk->normal  
rmb->note  
cpu->normal  
------------------------
time    hostname    OS   rootç‰ˆæœ¬   runtime  å¹³å‡è´Ÿè½½ã€€ã€€ç£ç›˜æ€»é‡ã€€ã€€ç£ç›˜æ‰€ç”¨ç™¾åˆ†æ¯”ã€€å†…å­˜å¤§å°ã€€ã€€å†…å­˜å·²ç”¨ç™¾åˆ†æ¯”ã€€cpuæ¸©åº¦ã€€ã€€ã€€ç£ç›˜è­¦æŠ¥çº§åˆ«ã€€ã€€å†…å­˜è­¦æŠ¥çº§åˆ«ã€€ã€€cpuè­¦æŠ¥çº§åˆ«
20181220_19:41:19  pi9 GNU/Linux 4.9.41-v7+  up_2_weeks,_5_days,_10_hours,_38_minutes  0.08 0.20 0.15 949572MB 387560MB 50% 29899MB 14149MB 50% 50Â°C  
disk->normal  
rmb->note  
cpu->normal  
------------------------
time    hostname    OS   rootç‰ˆæœ¬   runtime  å¹³å‡è´Ÿè½½ã€€ã€€ç£ç›˜æ€»é‡ã€€ã€€ç£ç›˜æ‰€ç”¨ç™¾åˆ†æ¯”ã€€å†…å­˜å¤§å°ã€€ã€€å†…å­˜å·²ç”¨ç™¾åˆ†æ¯”ã€€cpuæ¸©åº¦ã€€ã€€ã€€ç£ç›˜è­¦æŠ¥çº§åˆ«ã€€ã€€å†…å­˜è­¦æŠ¥çº§åˆ«ã€€ã€€cpuè­¦æŠ¥çº§åˆ«
20181220_19:42:59  pi9 GNU/Linux 4.9.41-v7+  up_2_weeks,_5_days,_10_hours,_39_minutes  0.01 0.14 0.14 949572MB 386632MB 50% 29899MB 14149MB 50% 50Â°C  
disk->normal  
rmb->note  
cpu->normal  
------------------------
time    hostname    OS   rootç‰ˆæœ¬   runtime  å¹³å‡è´Ÿè½½ã€€ã€€ç£ç›˜æ€»é‡ã€€ã€€ç£ç›˜æ‰€ç”¨ç™¾åˆ†æ¯”ã€€å†…å­˜å¤§å°ã€€ã€€å†…å­˜å·²ç”¨ç™¾åˆ†æ¯”ã€€cpuæ¸©åº¦ã€€ã€€ã€€ç£ç›˜è­¦æŠ¥çº§åˆ«ã€€ã€€å†…å­˜è­¦æŠ¥çº§åˆ«ã€€ã€€cpuè­¦æŠ¥çº§åˆ«
20181220_19:44:39  pi9 GNU/Linux 4.9.41-v7+  up_2_weeks,_5_days,_10_hours,_41_minutes  0.07 0.13 0.13 949572MB 386196MB 50% 29899MB 14149MB 50% 50Â°C  
disk->normal  
rmb->note  
cpu->normal  
------------------------
time    hostname    OS   rootç‰ˆæœ¬   runtime  å¹³å‡è´Ÿè½½ã€€ã€€ç£ç›˜æ€»é‡ã€€ã€€ç£ç›˜æ‰€ç”¨ç™¾åˆ†æ¯”ã€€å†…å­˜å¤§å°ã€€ã€€å†…å­˜å·²ç”¨ç™¾åˆ†æ¯”ã€€cpuæ¸©åº¦ã€€ã€€ã€€ç£ç›˜è­¦æŠ¥çº§åˆ«ã€€ã€€å†…å­˜è­¦æŠ¥çº§åˆ«ã€€ã€€cpuè­¦æŠ¥çº§åˆ«
20181220_19:46:20  pi9 GNU/Linux 4.9.41-v7+  up_2_weeks,_5_days,_10_hours,_43_minutes  0.22 0.15 0.14 949572MB 385920MB 50% 29899MB 14149MB 50% 53Â°C  
disk->normal  
rmb->note  
cpu->normal  
------------------------
time    hostname    OS   rootç‰ˆæœ¬   runtime  å¹³å‡è´Ÿè½½ã€€ã€€ç£ç›˜æ€»é‡ã€€ã€€ç£ç›˜æ‰€ç”¨ç™¾åˆ†æ¯”ã€€å†…å­˜å¤§å°ã€€ã€€å†…å­˜å·²ç”¨ç™¾åˆ†æ¯”ã€€cpuæ¸©åº¦ã€€ã€€ã€€ç£ç›˜è­¦æŠ¥çº§åˆ«ã€€ã€€å†…å­˜è­¦æŠ¥çº§åˆ«ã€€ã€€cpuè­¦æŠ¥çº§åˆ«
20181220_19:48:00  pi9 GNU/Linux 4.9.41-v7+  up_2_weeks,_5_days,_10_hours,_44_minutes  0.18 0.15 0.13 949572MB 385528MB 50% 29899MB 14149MB 50% 51Â°C  
disk->normal  
rmb->note  
cpu->normal  
------------------------
time    hostname    OS   rootç‰ˆæœ¬   runtime  å¹³å‡è´Ÿè½½ã€€ã€€ç£ç›˜æ€»é‡ã€€ã€€ç£ç›˜æ‰€ç”¨ç™¾åˆ†æ¯”ã€€å†…å­˜å¤§å°ã€€ã€€å†…å­˜å·²ç”¨ç™¾åˆ†æ¯”ã€€cpuæ¸©åº¦ã€€ã€€ã€€ç£ç›˜è­¦æŠ¥çº§åˆ«ã€€ã€€å†…å­˜è­¦æŠ¥çº§åˆ«ã€€ã€€cpuè­¦æŠ¥çº§åˆ«
20181220_19:49:40  pi9 GNU/Linux 4.9.41-v7+  up_2_weeks,_5_days,_10_hours,_46_minutes  0.50 0.24 0.17 949572MB 386280MB 50% 29899MB 14149MB 50% 52Â°C  
disk->normal  
rmb->note  
cpu->normal  
------------------------
time    hostname    OS   rootç‰ˆæœ¬   runtime  å¹³å‡è´Ÿè½½ã€€ã€€ç£ç›˜æ€»é‡ã€€ã€€ç£ç›˜æ‰€ç”¨ç™¾åˆ†æ¯”ã€€å†…å­˜å¤§å°ã€€ã€€å†…å­˜å·²ç”¨ç™¾åˆ†æ¯”ã€€cpuæ¸©åº¦ã€€ã€€ã€€ç£ç›˜è­¦æŠ¥çº§åˆ«ã€€ã€€å†…å­˜è­¦æŠ¥çº§åˆ«ã€€ã€€cpuè­¦æŠ¥çº§åˆ«
20181220_19:51:20  pi9 GNU/Linux 4.9.41-v7+  up_2_weeks,_5_days,_10_hours,_48_minutes  0.17 0.19 0.15 949572MB 386208MB 50% 29899MB 14149MB 50% 52Â°C  
disk->normal  
rmb->note  
cpu->normal  
------------------------
time    hostname    OS   rootç‰ˆæœ¬   runtime  å¹³å‡è´Ÿè½½ã€€ã€€ç£ç›˜æ€»é‡ã€€ã€€ç£ç›˜æ‰€ç”¨ç™¾åˆ†æ¯”ã€€å†…å­˜å¤§å°ã€€ã€€å†…å­˜å·²ç”¨ç™¾åˆ†æ¯”ã€€cpuæ¸©åº¦ã€€ã€€ã€€ç£ç›˜è­¦æŠ¥çº§åˆ«ã€€ã€€å†…å­˜è­¦æŠ¥çº§åˆ«ã€€ã€€cpuè­¦æŠ¥çº§åˆ«
20181220_19:53:00  pi9 GNU/Linux 4.9.41-v7+  up_2_weeks,_5_days,_10_hours,_49_minutes  0.27 0.20 0.16 949572MB 386448MB 50% 29899MB 14149MB 50% 52Â°C  
disk->normal  
rmb->note  
cpu->normal  
------------------------
time    hostname    OS   rootç‰ˆæœ¬   runtime  å¹³å‡è´Ÿè½½ã€€ã€€ç£ç›˜æ€»é‡ã€€ã€€ç£ç›˜æ‰€ç”¨ç™¾åˆ†æ¯”ã€€å†…å­˜å¤§å°ã€€ã€€å†…å­˜å·²ç”¨ç™¾åˆ†æ¯”ã€€cpuæ¸©åº¦ã€€ã€€ã€€ç£ç›˜è­¦æŠ¥çº§åˆ«ã€€ã€€å†…å­˜è­¦æŠ¥çº§åˆ«ã€€ã€€cpuè­¦æŠ¥çº§åˆ«
20181220_19:54:40  pi9 GNU/Linux 4.9.41-v7+  up_2_weeks,_5_days,_10_hours,_51_minutes  0.20 0.21 0.17 949572MB 385492MB 50% 29899MB 14149MB 50% 50Â°C  
disk->normal  
rmb->note  
cpu->normal  
------------------------
time    hostname    OS   rootç‰ˆæœ¬   runtime  å¹³å‡è´Ÿè½½ã€€ã€€ç£ç›˜æ€»é‡ã€€ã€€ç£ç›˜æ‰€ç”¨ç™¾åˆ†æ¯”ã€€å†…å­˜å¤§å°ã€€ã€€å†…å­˜å·²ç”¨ç™¾åˆ†æ¯”ã€€cpuæ¸©åº¦ã€€ã€€ã€€ç£ç›˜è­¦æŠ¥çº§åˆ«ã€€ã€€å†…å­˜è­¦æŠ¥çº§åˆ«ã€€ã€€cpuè­¦æŠ¥çº§åˆ«
20181220_19:56:20  pi9 GNU/Linux 4.9.41-v7+  up_2_weeks,_5_days,_10_hours,_53_minutes  0.18 0.22 0.18 949572MB 385676MB 50% 29899MB 14149MB 50% 51Â°C  
disk->normal  
rmb->note  
cpu->normal  
------------------------
time    hostname    OS   rootç‰ˆæœ¬   runtime  å¹³å‡è´Ÿè½½ã€€ã€€ç£ç›˜æ€»é‡ã€€ã€€ç£ç›˜æ‰€ç”¨ç™¾åˆ†æ¯”ã€€å†…å­˜å¤§å°ã€€ã€€å†…å­˜å·²ç”¨ç™¾åˆ†æ¯”ã€€cpuæ¸©åº¦ã€€ã€€ã€€ç£ç›˜è­¦æŠ¥çº§åˆ«ã€€ã€€å†…å­˜è­¦æŠ¥çº§åˆ«ã€€ã€€cpuè­¦æŠ¥çº§åˆ«
20181220_19:58:00  pi9 GNU/Linux 4.9.41-v7+  up_2_weeks,_5_days,_10_hours,_54_minutes  0.05 0.16 0.16 949572MB 390852MB 50% 29899MB 14149MB 50% 49Â°C  
disk->normal  
rmb->note  
cpu->normal  
------------------------
time    hostname    OS   rootç‰ˆæœ¬   runtime  å¹³å‡è´Ÿè½½ã€€ã€€ç£ç›˜æ€»é‡ã€€ã€€ç£ç›˜æ‰€ç”¨ç™¾åˆ†æ¯”ã€€å†…å­˜å¤§å°ã€€ã€€å†…å­˜å·²ç”¨ç™¾åˆ†æ¯”ã€€cpuæ¸©åº¦ã€€ã€€ã€€ç£ç›˜è­¦æŠ¥çº§åˆ«ã€€ã€€å†…å­˜è­¦æŠ¥çº§åˆ«ã€€ã€€cpuè­¦æŠ¥çº§åˆ«
20181220_19:59:41  pi9 GNU/Linux 4.9.41-v7+  up_2_weeks,_5_days,_10_hours,_56_minutes  0.22 0.19 0.17 949572MB 390320MB 50% 29899MB 14149MB 50% 49Â°C  
disk->normal  
rmb->note  
cpu->normal  
------------------------
time    hostname    OS   rootç‰ˆæœ¬   runtime  å¹³å‡è´Ÿè½½ã€€ã€€ç£ç›˜æ€»é‡ã€€ã€€ç£ç›˜æ‰€ç”¨ç™¾åˆ†æ¯”ã€€å†…å­˜å¤§å°ã€€ã€€å†…å­˜å·²ç”¨ç™¾åˆ†æ¯”ã€€cpuæ¸©åº¦ã€€ã€€ã€€ç£ç›˜è­¦æŠ¥çº§åˆ«ã€€ã€€å†…å­˜è­¦æŠ¥çº§åˆ«ã€€ã€€cpuè­¦æŠ¥çº§åˆ«
20181220_20:01:21  pi9 GNU/Linux 4.9.41-v7+  up_2_weeks,_5_days,_10_hours,_58_minutes  0.17 0.18 0.17 949572MB 391196MB 50% 29899MB 14149MB 50% 49Â°C  
disk->normal  
rmb->note  
cpu->normal  
------------------------
time    hostname    OS   rootç‰ˆæœ¬   runtime  å¹³å‡è´Ÿè½½ã€€ã€€ç£ç›˜æ€»é‡ã€€ã€€ç£ç›˜æ‰€ç”¨ç™¾åˆ†æ¯”ã€€å†…å­˜å¤§å°ã€€ã€€å†…å­˜å·²ç”¨ç™¾åˆ†æ¯”ã€€cpuæ¸©åº¦ã€€ã€€ã€€ç£ç›˜è­¦æŠ¥çº§åˆ«ã€€ã€€å†…å­˜è­¦æŠ¥çº§åˆ«ã€€ã€€cpuè­¦æŠ¥çº§åˆ«
20181220_20:03:01  pi9 GNU/Linux 4.9.41-v7+  up_2_weeks,_5_days,_10_hours,_59_minutes  0.03 0.13 0.15 949572MB 390484MB 50% 29899MB 14149MB 50% 49Â°C  
disk->normal  
rmb->note  
cpu->normal  
------------------------
time    hostname    OS   rootç‰ˆæœ¬   runtime  å¹³å‡è´Ÿè½½ã€€ã€€ç£ç›˜æ€»é‡ã€€ã€€ç£ç›˜æ‰€ç”¨ç™¾åˆ†æ¯”ã€€å†…å­˜å¤§å°ã€€ã€€å†…å­˜å·²ç”¨ç™¾åˆ†æ¯”ã€€cpuæ¸©åº¦ã€€ã€€ã€€ç£ç›˜è­¦æŠ¥çº§åˆ«ã€€ã€€å†…å­˜è­¦æŠ¥çº§åˆ«ã€€ã€€cpuè­¦æŠ¥çº§åˆ«
20181220_20:04:41  pi9 GNU/Linux 4.9.41-v7+  up_2_weeks,_5_days,_11_hours,_1_minute  0.03 0.10 0.14 949572MB 391000MB 50% 29899MB 14149MB 50% 49Â°C  
disk->normal  
rmb->note  
cpu->normal  
------------------------
time    hostname    OS   rootç‰ˆæœ¬   runtime  å¹³å‡è´Ÿè½½ã€€ã€€ç£ç›˜æ€»é‡ã€€ã€€ç£ç›˜æ‰€ç”¨ç™¾åˆ†æ¯”ã€€å†…å­˜å¤§å°ã€€ã€€å†…å­˜å·²ç”¨ç™¾åˆ†æ¯”ã€€cpuæ¸©åº¦ã€€ã€€ã€€ç£ç›˜è­¦æŠ¥çº§åˆ«ã€€ã€€å†…å­˜è­¦æŠ¥çº§åˆ«ã€€ã€€cpuè­¦æŠ¥çº§åˆ«
20181220_20:06:21  pi9 GNU/Linux 4.9.41-v7+  up_2_weeks,_5_days,_11_hours,_3_minutes  0.00 0.07 0.12 949572MB 390772MB 50% 29899MB 14149MB 50% 49Â°C  
disk->normal  
rmb->note  
cpu->normal  
------------------------
time    hostname    OS   rootç‰ˆæœ¬   runtime  å¹³å‡è´Ÿè½½ã€€ã€€ç£ç›˜æ€»é‡ã€€ã€€ç£ç›˜æ‰€ç”¨ç™¾åˆ†æ¯”ã€€å†…å­˜å¤§å°ã€€ã€€å†…å­˜å·²ç”¨ç™¾åˆ†æ¯”ã€€cpuæ¸©åº¦ã€€ã€€ã€€ç£ç›˜è­¦æŠ¥çº§åˆ«ã€€ã€€å†…å­˜è­¦æŠ¥çº§åˆ«ã€€ã€€cpuè­¦æŠ¥çº§åˆ«
20181220_20:08:02  pi9 GNU/Linux 4.9.41-v7+  up_2_weeks,_5_days,_11_hours,_4_minutes  0.02 0.06 0.11 949572MB 390960MB 50% 29899MB 14149MB 50% 49Â°C  
disk->normal  
rmb->note  
cpu->normal  
------------------------
time    hostname    OS   rootç‰ˆæœ¬   runtime  å¹³å‡è´Ÿè½½ã€€ã€€ç£ç›˜æ€»é‡ã€€ã€€ç£ç›˜æ‰€ç”¨ç™¾åˆ†æ¯”ã€€å†…å­˜å¤§å°ã€€ã€€å†…å­˜å·²ç”¨ç™¾åˆ†æ¯”ã€€cpuæ¸©åº¦ã€€ã€€ã€€ç£ç›˜è­¦æŠ¥çº§åˆ«ã€€ã€€å†…å­˜è­¦æŠ¥çº§åˆ«ã€€ã€€cpuè­¦æŠ¥çº§åˆ«
20181220_20:09:42  pi9 GNU/Linux 4.9.41-v7+  up_2_weeks,_5_days,_11_hours,_6_minutes  0.00 0.04 0.09 949572MB 390080MB 50% 29899MB 14149MB 50% 49Â°C  
disk->normal  
rmb->note  
cpu->normal  
------------------------
time    hostname    OS   rootç‰ˆæœ¬   runtime  å¹³å‡è´Ÿè½½ã€€ã€€ç£ç›˜æ€»é‡ã€€ã€€ç£ç›˜æ‰€ç”¨ç™¾åˆ†æ¯”ã€€å†…å­˜å¤§å°ã€€ã€€å†…å­˜å·²ç”¨ç™¾åˆ†æ¯”ã€€cpuæ¸©åº¦ã€€ã€€ã€€ç£ç›˜è­¦æŠ¥çº§åˆ«ã€€ã€€å†…å­˜è­¦æŠ¥çº§åˆ«ã€€ã€€cpuè­¦æŠ¥çº§åˆ«
20181220_20:11:22  pi9 GNU/Linux 4.9.41-v7+  up_2_weeks,_5_days,_11_hours,_8_minutes  0.12 0.07 0.09 949572MB 387576MB 50% 29899MB 14149MB 50% 49Â°C  
disk->normal  
rmb->note  
cpu->normal  
------------------------
time    hostname    OS   rootç‰ˆæœ¬   runtime  å¹³å‡è´Ÿè½½ã€€ã€€ç£ç›˜æ€»é‡ã€€ã€€ç£ç›˜æ‰€ç”¨ç™¾åˆ†æ¯”ã€€å†…å­˜å¤§å°ã€€ã€€å†…å­˜å·²ç”¨ç™¾åˆ†æ¯”ã€€cpuæ¸©åº¦ã€€ã€€ã€€ç£ç›˜è­¦æŠ¥çº§åˆ«ã€€ã€€å†…å­˜è­¦æŠ¥çº§åˆ«ã€€ã€€cpuè­¦æŠ¥çº§åˆ«
20181220_20:13:02  pi9 GNU/Linux 4.9.41-v7+  up_2_weeks,_5_days,_11_hours,_9_minutes  0.12 0.07 0.09 949572MB 386708MB 50% 29899MB 14149MB 50% 50Â°C  
disk->normal  
rmb->note  
cpu->normal  
------------------------
time    hostname    OS   rootç‰ˆæœ¬   runtime  å¹³å‡è´Ÿè½½ã€€ã€€ç£ç›˜æ€»é‡ã€€ã€€ç£ç›˜æ‰€ç”¨ç™¾åˆ†æ¯”ã€€å†…å­˜å¤§å°ã€€ã€€å†…å­˜å·²ç”¨ç™¾åˆ†æ¯”ã€€cpuæ¸©åº¦ã€€ã€€ã€€ç£ç›˜è­¦æŠ¥çº§åˆ«ã€€ã€€å†…å­˜è­¦æŠ¥çº§åˆ«ã€€ã€€cpuè­¦æŠ¥çº§åˆ«
20181220_20:14:42  pi9 GNU/Linux 4.9.41-v7+  up_2_weeks,_5_days,_11_hours,_11_minutes  0.18 0.10 0.10 949572MB 382160MB 50% 29899MB 14149MB 50% 50Â°C  
disk->normal  
rmb->note  
cpu->normal  
------------------------
time    hostname    OS   rootç‰ˆæœ¬   runtime  å¹³å‡è´Ÿè½½ã€€ã€€ç£ç›˜æ€»é‡ã€€ã€€ç£ç›˜æ‰€ç”¨ç™¾åˆ†æ¯”ã€€å†…å­˜å¤§å°ã€€ã€€å†…å­˜å·²ç”¨ç™¾åˆ†æ¯”ã€€cpuæ¸©åº¦ã€€ã€€ã€€ç£ç›˜è­¦æŠ¥çº§åˆ«ã€€ã€€å†…å­˜è­¦æŠ¥çº§åˆ«ã€€ã€€cpuè­¦æŠ¥çº§åˆ«
20181220_20:16:22  pi9 GNU/Linux 4.9.41-v7+  up_2_weeks,_5_days,_11_hours,_13_minutes  0.11 0.08 0.09 949572MB 382160MB 50% 29899MB 14149MB 50% 50Â°C  
disk->normal  
rmb->note  
cpu->normal  
------------------------
time    hostname    OS   rootç‰ˆæœ¬   runtime  å¹³å‡è´Ÿè½½ã€€ã€€ç£ç›˜æ€»é‡ã€€ã€€ç£ç›˜æ‰€ç”¨ç™¾åˆ†æ¯”ã€€å†…å­˜å¤§å°ã€€ã€€å†…å­˜å·²ç”¨ç™¾åˆ†æ¯”ã€€cpuæ¸©åº¦ã€€ã€€ã€€ç£ç›˜è­¦æŠ¥çº§åˆ«ã€€ã€€å†…å­˜è­¦æŠ¥çº§åˆ«ã€€ã€€cpuè­¦æŠ¥çº§åˆ«
20181220_20:18:02  pi9 GNU/Linux 4.9.41-v7+  up_2_weeks,_5_days,_11_hours,_14_minutes  0.44 0.18 0.12 949572MB 382160MB 50% 29899MB 14149MB 50% 51Â°C  
disk->normal  
rmb->note  
cpu->normal  
------------------------
time    hostname    OS   rootç‰ˆæœ¬   runtime  å¹³å‡è´Ÿè½½ã€€ã€€ç£ç›˜æ€»é‡ã€€ã€€ç£ç›˜æ‰€ç”¨ç™¾åˆ†æ¯”ã€€å†…å­˜å¤§å°ã€€ã€€å†…å­˜å·²ç”¨ç™¾åˆ†æ¯”ã€€cpuæ¸©åº¦ã€€ã€€ã€€ç£ç›˜è­¦æŠ¥çº§åˆ«ã€€ã€€å†…å­˜è­¦æŠ¥çº§åˆ«ã€€ã€€cpuè­¦æŠ¥çº§åˆ«
20181220_20:19:43  pi9 GNU/Linux 4.9.41-v7+  up_2_weeks,_5_days,_11_hours,_16_minutes  0.38 0.23 0.14 949572MB 382392MB 50% 29899MB 14149MB 50% 50Â°C  
disk->normal  
rmb->note  
cpu->normal  
------------------------
time    hostname    OS   rootç‰ˆæœ¬   runtime  å¹³å‡è´Ÿè½½ã€€ã€€ç£ç›˜æ€»é‡ã€€ã€€ç£ç›˜æ‰€ç”¨ç™¾åˆ†æ¯”ã€€å†…å­˜å¤§å°ã€€ã€€å†…å­˜å·²ç”¨ç™¾åˆ†æ¯”ã€€cpuæ¸©åº¦ã€€ã€€ã€€ç£ç›˜è­¦æŠ¥çº§åˆ«ã€€ã€€å†…å­˜è­¦æŠ¥çº§åˆ«ã€€ã€€cpuè­¦æŠ¥çº§åˆ«
20181220_20:21:23  pi9 GNU/Linux 4.9.41-v7+  up_2_weeks,_5_days,_11_hours,_18_minutes  0.09 0.17 0.12 949572MB 381940MB 50% 29899MB 14149MB 50% 49Â°C  
disk->normal  
rmb->note  
cpu->normal  
------------------------
time    hostname    OS   rootç‰ˆæœ¬   runtime  å¹³å‡è´Ÿè½½ã€€ã€€ç£ç›˜æ€»é‡ã€€ã€€ç£ç›˜æ‰€ç”¨ç™¾åˆ†æ¯”ã€€å†…å­˜å¤§å°ã€€ã€€å†…å­˜å·²ç”¨ç™¾åˆ†æ¯”ã€€cpuæ¸©åº¦ã€€ã€€ã€€ç£ç›˜è­¦æŠ¥çº§åˆ«ã€€ã€€å†…å­˜è­¦æŠ¥çº§åˆ«ã€€ã€€cpuè­¦æŠ¥çº§åˆ«
20181220_20:23:03  pi9 GNU/Linux 4.9.41-v7+  up_2_weeks,_5_days,_11_hours,_19_minutes  0.02 0.12 0.10 949572MB 382916MB 50% 29899MB 14149MB 50% 49Â°C  
disk->normal  
rmb->note  
cpu->normal  
------------------------
time    hostname    OS   rootç‰ˆæœ¬   runtime  å¹³å‡è´Ÿè½½ã€€ã€€ç£ç›˜æ€»é‡ã€€ã€€ç£ç›˜æ‰€ç”¨ç™¾åˆ†æ¯”ã€€å†…å­˜å¤§å°ã€€ã€€å†…å­˜å·²ç”¨ç™¾åˆ†æ¯”ã€€cpuæ¸©åº¦ã€€ã€€ã€€ç£ç›˜è­¦æŠ¥çº§åˆ«ã€€ã€€å†…å­˜è­¦æŠ¥çº§åˆ«ã€€ã€€cpuè­¦æŠ¥çº§åˆ«
20181220_20:24:43  pi9 GNU/Linux 4.9.41-v7+  up_2_weeks,_5_days,_11_hours,_21_minutes  0.06 0.10 0.09 949572MB 382176MB 50% 29899MB 14150MB 50% 49Â°C  
disk->normal  
rmb->note  
cpu->normal  
------------------------
time    hostname    OS   rootç‰ˆæœ¬   runtime  å¹³å‡è´Ÿè½½ã€€ã€€ç£ç›˜æ€»é‡ã€€ã€€ç£ç›˜æ‰€ç”¨ç™¾åˆ†æ¯”ã€€å†…å­˜å¤§å°ã€€ã€€å†…å­˜å·²ç”¨ç™¾åˆ†æ¯”ã€€cpuæ¸©åº¦ã€€ã€€ã€€ç£ç›˜è­¦æŠ¥çº§åˆ«ã€€ã€€å†…å­˜è­¦æŠ¥çº§åˆ«ã€€ã€€cpuè­¦æŠ¥çº§åˆ«
20181220_20:26:23  pi9 GNU/Linux 4.9.41-v7+  up_2_weeks,_5_days,_11_hours,_23_minutes  0.09 0.09 0.09 949572MB 382276MB 50% 29899MB 14150MB 50% 49Â°C  
disk->normal  
rmb->note  
cpu->normal  
------------------------
time    hostname    OS   rootç‰ˆæœ¬   runtime  å¹³å‡è´Ÿè½½ã€€ã€€ç£ç›˜æ€»é‡ã€€ã€€ç£ç›˜æ‰€ç”¨ç™¾åˆ†æ¯”ã€€å†…å­˜å¤§å°ã€€ã€€å†…å­˜å·²ç”¨ç™¾åˆ†æ¯”ã€€cpuæ¸©åº¦ã€€ã€€ã€€ç£ç›˜è­¦æŠ¥çº§åˆ«ã€€ã€€å†…å­˜è­¦æŠ¥çº§åˆ«ã€€ã€€cpuè­¦æŠ¥çº§åˆ«
20181220_20:28:03  pi9 GNU/Linux 4.9.41-v7+  up_2_weeks,_5_days,_11_hours,_24_minutes  0.18 0.12 0.10 949572MB 386772MB 50% 29899MB 14150MB 50% 49Â°C  
disk->normal  
rmb->note  
cpu->normal  
------------------------
time    hostname    OS   rootç‰ˆæœ¬   runtime  å¹³å‡è´Ÿè½½ã€€ã€€ç£ç›˜æ€»é‡ã€€ã€€ç£ç›˜æ‰€ç”¨ç™¾åˆ†æ¯”ã€€å†…å­˜å¤§å°ã€€ã€€å†…å­˜å·²ç”¨ç™¾åˆ†æ¯”ã€€cpuæ¸©åº¦ã€€ã€€ã€€ç£ç›˜è­¦æŠ¥çº§åˆ«ã€€ã€€å†…å­˜è­¦æŠ¥çº§åˆ«ã€€ã€€cpuè­¦æŠ¥çº§åˆ«
20181220_20:29:43  pi9 GNU/Linux 4.9.41-v7+  up_2_weeks,_5_days,_11_hours,_26_minutes  0.11 0.10 0.09 949572MB 387184MB 50% 29899MB 14150MB 50% 49Â°C  
disk->normal  
rmb->note  
cpu->normal  
------------------------
time    hostname    OS   rootç‰ˆæœ¬   runtime  å¹³å‡è´Ÿè½½ã€€ã€€ç£ç›˜æ€»é‡ã€€ã€€ç£ç›˜æ‰€ç”¨ç™¾åˆ†æ¯”ã€€å†…å­˜å¤§å°ã€€ã€€å†…å­˜å·²ç”¨ç™¾åˆ†æ¯”ã€€cpuæ¸©åº¦ã€€ã€€ã€€ç£ç›˜è­¦æŠ¥çº§åˆ«ã€€ã€€å†…å­˜è­¦æŠ¥çº§åˆ«ã€€ã€€cpuè­¦æŠ¥çº§åˆ«
20181220_20:31:24  pi9 GNU/Linux 4.9.41-v7+  up_2_weeks,_5_days,_11_hours,_28_minutes  0.14 0.11 0.09 949572MB 382080MB 50% 29899MB 14150MB 50% 49Â°C  
disk->normal  
rmb->note  
cpu->normal  
------------------------
time    hostname    OS   rootç‰ˆæœ¬   runtime  å¹³å‡è´Ÿè½½ã€€ã€€ç£ç›˜æ€»é‡ã€€ã€€ç£ç›˜æ‰€ç”¨ç™¾åˆ†æ¯”ã€€å†…å­˜å¤§å°ã€€ã€€å†…å­˜å·²ç”¨ç™¾åˆ†æ¯”ã€€cpuæ¸©åº¦ã€€ã€€ã€€ç£ç›˜è­¦æŠ¥çº§åˆ«ã€€ã€€å†…å­˜è­¦æŠ¥çº§åˆ«ã€€ã€€cpuè­¦æŠ¥çº§åˆ«
20181220_20:33:04  pi9 GNU/Linux 4.9.41-v7+  up_2_weeks,_5_days,_11_hours,_29_minutes  0.42 0.25 0.15 949572MB 382232MB 50% 29899MB 14150MB 50% 50Â°C  
disk->normal  
rmb->note  
cpu->normal  
------------------------
time    hostname    OS   rootç‰ˆæœ¬   runtime  å¹³å‡è´Ÿè½½ã€€ã€€ç£ç›˜æ€»é‡ã€€ã€€ç£ç›˜æ‰€ç”¨ç™¾åˆ†æ¯”ã€€å†…å­˜å¤§å°ã€€ã€€å†…å­˜å·²ç”¨ç™¾åˆ†æ¯”ã€€cpuæ¸©åº¦ã€€ã€€ã€€ç£ç›˜è­¦æŠ¥çº§åˆ«ã€€ã€€å†…å­˜è­¦æŠ¥çº§åˆ«ã€€ã€€cpuè­¦æŠ¥çº§åˆ«
20181220_20:34:44  pi9 GNU/Linux 4.9.41-v7+  up_2_weeks,_5_days,_11_hours,_31_minutes  0.17 0.21 0.14 949572MB 382732MB 50% 29899MB 14150MB 50% 49Â°C  
disk->normal  
rmb->note  
cpu->normal  
------------------------
time    hostname    OS   rootç‰ˆæœ¬   runtime  å¹³å‡è´Ÿè½½ã€€ã€€ç£ç›˜æ€»é‡ã€€ã€€ç£ç›˜æ‰€ç”¨ç™¾åˆ†æ¯”ã€€å†…å­˜å¤§å°ã€€ã€€å†…å­˜å·²ç”¨ç™¾åˆ†æ¯”ã€€cpuæ¸©åº¦ã€€ã€€ã€€ç£ç›˜è­¦æŠ¥çº§åˆ«ã€€ã€€å†…å­˜è­¦æŠ¥çº§åˆ«ã€€ã€€cpuè­¦æŠ¥çº§åˆ«
20181220_20:36:24  pi9 GNU/Linux 4.9.41-v7+  up_2_weeks,_5_days,_11_hours,_33_minutes  0.13 0.17 0.13 949572MB 377992MB 60% 29899MB 14150MB 50% 50Â°C  
disk->normal  
rmb->note  
cpu->normal  
------------------------
time    hostname    OS   rootç‰ˆæœ¬   runtime  å¹³å‡è´Ÿè½½ã€€ã€€ç£ç›˜æ€»é‡ã€€ã€€ç£ç›˜æ‰€ç”¨ç™¾åˆ†æ¯”ã€€å†…å­˜å¤§å°ã€€ã€€å†…å­˜å·²ç”¨ç™¾åˆ†æ¯”ã€€cpuæ¸©åº¦ã€€ã€€ã€€ç£ç›˜è­¦æŠ¥çº§åˆ«ã€€ã€€å†…å­˜è­¦æŠ¥çº§åˆ«ã€€ã€€cpuè­¦æŠ¥çº§åˆ«
20181220_20:38:04  pi9 GNU/Linux 4.9.41-v7+  up_2_weeks,_5_days,_11_hours,_34_minutes  0.39 0.23 0.15 949572MB 378204MB 60% 29899MB 14150MB 50% 49Â°C  
disk->normal  
rmb->note  
cpu->normal  
------------------------
time    hostname    OS   rootç‰ˆæœ¬   runtime  å¹³å‡è´Ÿè½½ã€€ã€€ç£ç›˜æ€»é‡ã€€ã€€ç£ç›˜æ‰€ç”¨ç™¾åˆ†æ¯”ã€€å†…å­˜å¤§å°ã€€ã€€å†…å­˜å·²ç”¨ç™¾åˆ†æ¯”ã€€cpuæ¸©åº¦ã€€ã€€ã€€ç£ç›˜è­¦æŠ¥çº§åˆ«ã€€ã€€å†…å­˜è­¦æŠ¥çº§åˆ«ã€€ã€€cpuè­¦æŠ¥çº§åˆ«
20181220_20:41:25  pi9 GNU/Linux 4.9.41-v7+  up_2_weeks,_5_days,_11_hours,_38_minutes  0.14 0.25 0.18 949572MB 377984MB 60% 29899MB 14150MB 50% 49Â°C  
disk->normal  
rmb->note  
cpu->normal  
------------------------
time    hostname    OS   rootç‰ˆæœ¬   runtime  å¹³å‡è´Ÿè½½ã€€ã€€ç£ç›˜æ€»é‡ã€€ã€€ç£ç›˜æ‰€ç”¨ç™¾åˆ†æ¯”ã€€å†…å­˜å¤§å°ã€€ã€€å†…å­˜å·²ç”¨ç™¾åˆ†æ¯”ã€€cpuæ¸©åº¦ã€€ã€€ã€€ç£ç›˜è­¦æŠ¥çº§åˆ«ã€€ã€€å†…å­˜è­¦æŠ¥çº§åˆ«ã€€ã€€cpuè­¦æŠ¥çº§åˆ«
20181220_20:43:05  pi9 GNU/Linux 4.9.41-v7+  up_2_weeks,_5_days,_11_hours,_39_minutes  0.12 0.22 0.17 949572MB 376884MB 60% 29899MB 14150MB 50% 49Â°C  
disk->normal  
rmb->note  
cpu->normal  
------------------------
time    hostname    OS   rootç‰ˆæœ¬   runtime  å¹³å‡è´Ÿè½½ã€€ã€€ç£ç›˜æ€»é‡ã€€ã€€ç£ç›˜æ‰€ç”¨ç™¾åˆ†æ¯”ã€€å†…å­˜å¤§å°ã€€ã€€å†…å­˜å·²ç”¨ç™¾åˆ†æ¯”ã€€cpuæ¸©åº¦ã€€ã€€ã€€ç£ç›˜è­¦æŠ¥çº§åˆ«ã€€ã€€å†…å­˜è­¦æŠ¥çº§åˆ«ã€€ã€€cpuè­¦æŠ¥çº§åˆ«
20181220_20:44:45  pi9 GNU/Linux 4.9.41-v7+  up_2_weeks,_5_days,_11_hours,_41_minutes  0.33 0.27 0.19 949572MB 381604MB 50% 29899MB 14150MB 50% 49Â°C  
disk->normal  
rmb->note  
cpu->normal  
------------------------
time    hostname    OS   rootç‰ˆæœ¬   runtime  å¹³å‡è´Ÿè½½ã€€ã€€ç£ç›˜æ€»é‡ã€€ã€€ç£ç›˜æ‰€ç”¨ç™¾åˆ†æ¯”ã€€å†…å­˜å¤§å°ã€€ã€€å†…å­˜å·²ç”¨ç™¾åˆ†æ¯”ã€€cpuæ¸©åº¦ã€€ã€€ã€€ç£ç›˜è­¦æŠ¥çº§åˆ«ã€€ã€€å†…å­˜è­¦æŠ¥çº§åˆ«ã€€ã€€cpuè­¦æŠ¥çº§åˆ«
20181220_20:46:25  pi9 GNU/Linux 4.9.41-v7+  up_2_weeks,_5_days,_11_hours,_43_minutes  0.11 0.20 0.17 949572MB 382136MB 50% 29899MB 14150MB 50% 49Â°C  
disk->normal  
rmb->note  
cpu->normal  
------------------------
time    hostname    OS   rootç‰ˆæœ¬   runtime  å¹³å‡è´Ÿè½½ã€€ã€€ç£ç›˜æ€»é‡ã€€ã€€ç£ç›˜æ‰€ç”¨ç™¾åˆ†æ¯”ã€€å†…å­˜å¤§å°ã€€ã€€å†…å­˜å·²ç”¨ç™¾åˆ†æ¯”ã€€cpuæ¸©åº¦ã€€ã€€ã€€ç£ç›˜è­¦æŠ¥çº§åˆ«ã€€ã€€å†…å­˜è­¦æŠ¥çº§åˆ«ã€€ã€€cpuè­¦æŠ¥çº§åˆ«
20181220_20:48:05  pi9 GNU/Linux 4.9.41-v7+  up_2_weeks,_5_days,_11_hours,_44_minutes  0.12 0.17 0.17 949572MB 377488MB 60% 29899MB 14150MB 50% 51Â°C  
disk->normal  
rmb->note  
cpu->normal  
------------------------
time    hostname    OS   rootç‰ˆæœ¬   runtime  å¹³å‡è´Ÿè½½ã€€ã€€ç£ç›˜æ€»é‡ã€€ã€€ç£ç›˜æ‰€ç”¨ç™¾åˆ†æ¯”ã€€å†…å­˜å¤§å°ã€€ã€€å†…å­˜å·²ç”¨ç™¾åˆ†æ¯”ã€€cpuæ¸©åº¦ã€€ã€€ã€€ç£ç›˜è­¦æŠ¥çº§åˆ«ã€€ã€€å†…å­˜è­¦æŠ¥çº§åˆ«ã€€ã€€cpuè­¦æŠ¥çº§åˆ«
20181220_20:49:45  pi9 GNU/Linux 4.9.41-v7+  up_2_weeks,_5_days,_11_hours,_46_minutes  0.21 0.18 0.17 949572MB 381832MB 50% 29899MB 14150MB 50% 50Â°C  
disk->normal  
rmb->note  
cpu->normal  
------------------------
time    hostname    OS   rootç‰ˆæœ¬   runtime  å¹³å‡è´Ÿè½½ã€€ã€€ç£ç›˜æ€»é‡ã€€ã€€ç£ç›˜æ‰€ç”¨ç™¾åˆ†æ¯”ã€€å†…å­˜å¤§å°ã€€ã€€å†…å­˜å·²ç”¨ç™¾åˆ†æ¯”ã€€cpuæ¸©åº¦ã€€ã€€ã€€ç£ç›˜è­¦æŠ¥çº§åˆ«ã€€ã€€å†…å­˜è­¦æŠ¥çº§åˆ«ã€€ã€€cpuè­¦æŠ¥çº§åˆ«
20181220_20:51:26  pi9 GNU/Linux 4.9.41-v7+  up_2_weeks,_5_days,_11_hours,_48_minutes  0.07 0.14 0.16 949572MB 377436MB 60% 29899MB 14150MB 50% 49Â°C  
disk->normal  
rmb->note  
cpu->normal  
------------------------
time    hostname    OS   rootç‰ˆæœ¬   runtime  å¹³å‡è´Ÿè½½ã€€ã€€ç£ç›˜æ€»é‡ã€€ã€€ç£ç›˜æ‰€ç”¨ç™¾åˆ†æ¯”ã€€å†…å­˜å¤§å°ã€€ã€€å†…å­˜å·²ç”¨ç™¾åˆ†æ¯”ã€€cpuæ¸©åº¦ã€€ã€€ã€€ç£ç›˜è­¦æŠ¥çº§åˆ«ã€€ã€€å†…å­˜è­¦æŠ¥çº§åˆ«ã€€ã€€cpuè­¦æŠ¥çº§åˆ«
20181220_20:53:06  pi9 GNU/Linux 4.9.41-v7+  up_2_weeks,_5_days,_11_hours,_49_minutes  0.06 0.11 0.14 949572MB 376948MB 60% 29899MB 14150MB 50% 49Â°C  
disk->normal  
rmb->note  
cpu->normal  
------------------------
time    hostname    OS   rootç‰ˆæœ¬   runtime  å¹³å‡è´Ÿè½½ã€€ã€€ç£ç›˜æ€»é‡ã€€ã€€ç£ç›˜æ‰€ç”¨ç™¾åˆ†æ¯”ã€€å†…å­˜å¤§å°ã€€ã€€å†…å­˜å·²ç”¨ç™¾åˆ†æ¯”ã€€cpuæ¸©åº¦ã€€ã€€ã€€ç£ç›˜è­¦æŠ¥çº§åˆ«ã€€ã€€å†…å­˜è­¦æŠ¥çº§åˆ«ã€€ã€€cpuè­¦æŠ¥çº§åˆ«
20181220_20:54:46  pi9 GNU/Linux 4.9.41-v7+  up_2_weeks,_5_days,_11_hours,_51_minutes  0.19 0.14 0.15 949572MB 380980MB 50% 29899MB 14150MB 50% 49Â°C  
disk->normal  
rmb->note  
cpu->normal  
------------------------
time    hostname    OS   rootç‰ˆæœ¬   runtime  å¹³å‡è´Ÿè½½ã€€ã€€ç£ç›˜æ€»é‡ã€€ã€€ç£ç›˜æ‰€ç”¨ç™¾åˆ†æ¯”ã€€å†…å­˜å¤§å°ã€€ã€€å†…å­˜å·²ç”¨ç™¾åˆ†æ¯”ã€€cpuæ¸©åº¦ã€€ã€€ã€€ç£ç›˜è­¦æŠ¥çº§åˆ«ã€€ã€€å†…å­˜è­¦æŠ¥çº§åˆ«ã€€ã€€cpuè­¦æŠ¥çº§åˆ«
20181220_20:56:26  pi9 GNU/Linux 4.9.41-v7+  up_2_weeks,_5_days,_11_hours,_53_minutes  0.13 0.12 0.14 949572MB 381248MB 50% 29899MB 14150MB 50% 49Â°C  
disk->normal  
rmb->note  
cpu->normal  
------------