------------
time    hostname    OS   rootç‰ˆæœ¬   runtime  å¹³å‡è´Ÿè½½ã€€ã€€ç£ç›˜æ€»é‡ã€€ã€€ç£ç›˜æ‰€ç”¨ç™¾åˆ†æ¯”ã€€å†…å­˜å¤§å°ã€€ã€€å†…å­˜å·²ç”¨ç™¾åˆ†æ¯”ã€€cpuæ¸©åº¦ã€€ã€€ã€€ç£ç›˜è­¦æŠ¥çº§åˆ«ã€€ã€€å†…å­˜è­¦æŠ¥çº§åˆ«ã€€ã€€cpuè­¦æŠ¥çº§åˆ«
20181220_18:17:21  pi7 GNU/Linux 4.9.41-v7+  up_2_weeks,_5_days,_9_hours,_15_minutes  0.00 0.00 0.00 949572MB 409364MB 50% 29899MB 13986MB 49% 48Â°C  
disk->normal  
rmb->normal  
cpu->normal  
------------
------------
time    hostname    OS   rootç‰ˆæœ¬   runtime  å¹³å‡è´Ÿè½½ã€€ã€€ç£ç›˜æ€»é‡ã€€ã€€ç£ç›˜æ‰€ç”¨ç™¾åˆ†æ¯”ã€€å†…å­˜å¤§å°ã€€ã€€å†…å­˜å·²ç”¨ç™¾åˆ†æ¯”ã€€cpuæ¸©åº¦ã€€ã€€ã€€ç£ç›˜è­¦æŠ¥çº§åˆ«ã€€ã€€å†…å­˜è­¦æŠ¥çº§åˆ«ã€€ã€€cpuè­¦æŠ¥çº§åˆ«
20181220_18:19:01  pi7 GNU/Linux 4.9.41-v7+  up_2_weeks,_5_days,_9_hours,_16_minutes  0.00 0.00 0.00 949572MB 409316MB 50% 29899MB 13986MB 49% 48Â°C  
disk->normal  
rmb->normal  
cpu->normal  
------------
------------
time    hostname    OS   rootç‰ˆæœ¬   runtime  å¹³å‡è´Ÿè½½ã€€ã€€ç£ç›˜æ€»é‡ã€€ã€€ç£ç›˜æ‰€ç”¨ç™¾åˆ†æ¯”ã€€å…å­˜å¤§å°ã€€ã€€å†…å­˜å·²ç”¨ç™¾åˆ†æ¯”ã€€cpuæ¸©åº¦ã€€ã€€ã€€ç£ç›˜è­¦æŠ¥çº§åˆ«ã€€ã€€å†…å­˜è­¦æŠ¥çº§åˆ«ã€€ã€€cpuè­¦æŠ¥çº§åˆ«
20181220_18:20:42  pi7 GNU/Linux 4.9.41-v7+  up_2_weeks,_5_days,_9_hours,_18_minutes  0.06 0.01 0.00 949572MB 409224MB 50% 29899MB 13986MB 49% 47Â°C  
disk->normal  
rmb->normal  
cpu->normal  
------------
------------
time    hostname    OS   rootç‰ˆæœ¬   runtime  å¹³å‡è´Ÿè½½ã€€ã€€ç£ç›˜æ€»é‡ã€€ã€€ç£ç›˜æ‰€ç”¨ç™¾åˆ†æ¯”ã€€å†…å­˜å¤§å°ã€€ã€€å†…å­˜å·²ç”¨ç™¾åˆ†æ¯”ã€€cpuæ¸©åº¦ã€€ã€€ã€€ç£ç›˜è­¦æŠ¥çº§åˆ«ã€€ã€€å†…å­˜è­¦æŠ¥çº§åˆ«ã€€ã€€cpuè­¦æŠ¥çº§åˆ«
20181220_18:22:22  pi7 GNU/Linux 4.9.41-v7+  up_2_weeks,_5_days,_9_hours,_20_minutes  0.01 0.00 0.00 949572MB 409388MB 50% 29899MB 13986MB 49% 48Â°C  
disk->normal  
rmb->normal  
cpu->normal  
------------
------------
time    hostname    OS   rootç‰ˆæœ¬   runtime  å¹³å‡è´Ÿè½½ã€€ã€€ç£ç›˜æ€»é‡ã€€ã€€ç£ç›˜æ‰€ç”¨ç™¾åˆ†æ¯”ã€€å†…å­˜å¤§å°ã€€ã€€å†…å­˜å·²ç”¨ç™¾åˆ†æ¯”ã€€cpuæ¸©åº¦ã€€ã€€ã€€ç£ç›˜è­¦æŠ¥çº§åˆ«ã€€ã€€å†…å­˜è­¦æŠ¥çº§åˆ«ã€€ã€€cpuè­¦æŠ¥çº§åˆ«20181220_18:24:02  pi7 GNU/Linux 4.9.41-v7+  up_2_weeks,_5_days,_9_hours,_21_minutes  0.00 0.00 0.00 949572MB 409404MB 50% 29899MB 13986MB 49% 47Â°C  
disk->normal  
rmb->normal  
cpu->normal  
------------
------------
time    hostname    OS   rootç‰ˆæœ¬   runtime  å¹³å‡è´Ÿè½½ã€€ã€€ç£ç›˜æ€»é‡ã€€ã€€ç£ç›˜æ‰€ç”¨ç™¾åˆ†æ¯”ã€€å†…å­˜å¤§å°ã€€ã€€å†…å­˜å·²ç”¨ç™¾åˆ†æ¯”ã€€cpuæ¸©åº¦ã€€ã€€ã€€ç£ç›˜è­¦æŠ¥çº§åˆ«ã€€ã€€å†…å­˜è­¦æŠ¥çº§åˆ«ã€€ã€€cpuè­¦æŠ¥çº§åˆ«
20181220_18:25:42  pi7 GNU/Linux 4.9.41-v7+  up_2_weeks,_5_days,_9_hours,_23_minutes  0.00 0.00 0.00 949572MB 409252MB 50% 29899MB 13986MB 49% 47Â°C  
disk->normal  
rmb->normal  
cpu->normal  
------------
------------
time    hostname    OS   rootç‰ˆæœ¬   runtime  å¹³å‡è´Ÿè½½ã€€ã€€ç£ç›˜æ€»é‡ã€€ã€€ç£ç›˜æ‰€ç”¨ç™¾åˆ†æ¯”ã€€å†…å­˜å¤§å°ã€€ã€€å†…å­˜å·²ç”¨ç™¾åˆ†æ¯”ã€€cpuæ¸©åº¦ã€€ã€€ã€€ç£ç›˜è­¦æŠ¥çº§åˆ«ã€€ã€€å†…å­˜è­¦æŠ¥çº§åˆ«ã€€ã€€cpuè­¦æŠ¥çº§åˆ«
20181220_18:45:22  pi7 GNU/Linux 4.9.41-v7+  up_2_weeks,_5_days,_9_hours,_43_minutes  0.00 0.00 0.00 949572MB 403512MB 50 29899MB 13987MB 49% 48Â°C  
disk->normal  
rmb->normal  
cpu->normal  
------------------------
time    hostname    OS   rootç‰ˆæœ¬   runtime  å¹³å‡è´Ÿè½½ã€€ã€€ç£ç›˜æ€»é‡ã€€ã€€ç£ç›˜æ‰€ç”¨ç™¾åˆ†æ¯”ã€€å†…å­˜å¤§å°ã€€ã€€å†…å­˜å·²ç”¨ç™¾åˆ†æ¯”ã€€cpuæ¸©åº¦ã€€ã€€ã€€ç£ç›˜è­¦æŠ¥çº§åˆ«ã€€ã€€å†…å­˜è­¦æŠ¥çº§åˆ«ã€€ã€€cpuè­¦æŠ¥çº§åˆ«
20181220_18:47:02  pi7 GNU/Linux 4.9.41-v7+  up_2_weeks,_5_days,_9_hours,_44_minutes  0.35 0.12 0.04 949572MB 403268MB 50% 29899MB 13987MB 49% 49Â°C  
disk->normal  
rmb->normal  
cpu->normal  
------------------------
time    hostname    OS   rootç‰ˆæœ¬   runtime  å¹³å‡è´Ÿè½½ã€€ã€€ç£ç›˜æ€»é‡ã€€ã€€ç£ç›˜æ‰€ç”¨ç™¾åˆ†æ¯”ã€€å†…å­˜å¤§å°ã€€ã€€å†…å­˜å·²ç”¨ç™¾åˆ†æ¯”ã€€cpuæ¸©åº¦ã€€ã€€ã€€ç£ç›˜è­¦æŠ¥çº§åˆ«ã€€ã€€å†…å­˜è­¦æŠ¥çº§åˆ«ã€€ã€€cpuè­¦æŠ¥çº§åˆ«
20181220_18:48:42  pi7 GNU/Linux 4.9.41-v7+  up_2_weeks,_5_days,_9_hours,_46_minutes  0.06 0.08 0.03 949572MB 403484MB 50% 29899MB 13987MB 49% 48Â°C  
disk->normal  
rmb->normal  
cpu->normal  
------------------------
time    hostname    OS   rootç‰ˆæœ¬   runtime  å¹³å‡è´Ÿè½½ã€€ã€€ç£ç›˜æ€»é‡ã€€ã€€ç£ç›˜æ‰€ç”¨ç™¾åˆ†æ¯”ã€€å†…å­˜å¤§å°ã€€ã€€å†…å­˜å·²ç”¨ç™¾åˆ†æ¯”ã€€cpuæ¸©åº¦ã€€ã€€ã€€ç£ç›˜è­¦æŠ¥çº§åˆ«ã€€ã€€å†…å­˜è­¦æŠ¥çº§åˆ«ã€€ã€€cpuè­¦æŠ¥çº§åˆ«
20181220_18:50:22  pi7 GNU/Linux 4.9.41-v7+  up_2_weeks,_5_days,_9_hours,_48_minutes  0.01 0.06 0.02 949572MB 403572MB 50% 29899MB 13987MB 49% 48Â°C  
disk->normal  
rmb->normal  
cpu->normal  
------------------------
time    hostname    OS   rootç‰ˆæœ¬   runtime  å¹³å‡è´Ÿè½½ã€€ã€€ç£ç›˜æ€»é‡ã€€ã€€ç£ç›˜æ‰€ç”¨ç™¾åˆ†æ¯”ã€€å†…å­˜å¤§å°ã€€ã€€å†…å­˜å·²ç”¨ç™¾åˆ†æ¯”ã€€cpuæ¸©åº¦ã€€ã€€ã€€ç£ç›˜è­¦æŠ¥çº§åˆ«ã€€ã€€å†…å­˜è­¦æŠ¥çº§åˆ«ã€€ã€€cpuè­¦æŠ¥çº§åˆ«
20181220_18:52:02  pi7 GNU/Linux 4.9.41-v7+  up_2_weeks,_5_days,_9_hours,_49_minutes  0.03 0.05 0.02 949572MB 399912MB 50% 29899MB 13987MB 49% 47Â°C  
disk->normal  
rmb->normal  
cpu->normal  
------------------------
time    hostname    OS   rootç‰ˆæœ¬   runtime  å¹³å‡è´Ÿè½½ã€€ã€€ç£ç›˜æ€»é‡ã€€ã€€ç£ç›˜æ‰€ç”¨ç™¾åˆ†æ¯”ã€€å†…å­˜å¤§å°ã€€ã€€å†…å­˜å·²ç”¨ç™¾åˆ†æ¯”ã€€cpuæ¸©åº¦ã€€ã€€ã€€ç£ç›˜è­¦æŠ¥çº§åˆ«ã€€ã€€å†…å­˜è­¦æŠ¥çº§åˆ«ã€€ã€€cpuè­¦æŠ¥çº§åˆ«
20181220_18:53:42  pi7 GNU/Linux 4.9.41-v7+  up_2_weeks,_5_days,_9_hours,_51_minutes  0.00 0.03 0.01 949572MB 399940MB 50% 29899MB 13987MB 49% 47Â°C  
disk->normal  
rmb->normal  
cpu->normal  
------------------------
time    hostname    OS   rootç‰ˆæœ¬   runtime  å¹³å‡è´Ÿè½½ã€€ã€€ç£ç›˜æ€»é‡ã€€ã€€ç£ç›˜æ‰€ç”¨ç™¾åˆ†æ¯”ã€€å†…å­˜å¤§å°ã€€ã€€å†…å­˜å·²ç”¨ç™¾åˆ†æ¯”ã€€cpuæ¸©åº¦ã€€ã€€ã€€ç£ç›˜è­¦æŠ¥çº§åˆ«ã€€ã€€å†…å­˜è­¦æŠ¥çº§åˆ«ã€€ã€€cpuè­¦æŠ¥çº§åˆ«
20181220_18:55:23  pi7 GNU/Linux 4.9.41-v7+  up_2_weeks,_5_days,_9_hours,_53_minutes  0.00 0.02 0.00 949572MB 399764MB 50% 29899MB 13987MB 49% 47Â°C  
disk->normal  
rmb->normal  
cpu->normal  
------------------------
time    hostname    OS   rootç‰ˆæœ¬   runtime  å¹³å‡è´Ÿè½½ã€€ã€€ç£ç›˜æ€»é‡ã€€ã€€ç£ç›˜æ‰€ç”¨ç™¾åˆ†æ¯”ã€€å†…å­˜å¤§å°ã€€ã€€å†…å­˜å·²ç”¨ç™¾åˆ†æ¯”ã€€cpuæ¸©åº¦ã€€ã€€ã€€ç£ç›˜è­¦æŠ¥çº§åˆ«ã€€ã€€å†…å­˜è­¦æŠ¥çº§åˆ«ã€€ã€€cpuè­¦æŠ¥çº§åˆ«
20181220_18:57:03  pi7 GNU/Linux 4.9.41-v7+  up_2_weeks,_5_days,_9_hours,_54_minutes  0.00 0.01 0.00 949572MB 399432MB 50% 29899MB 13987MB 49% 47Â°C  
disk->normal  
rmb->normal  
cpu->normal  
------------------------
time    hostname    OS   rootç‰ˆæœ¬   runtime  å¹³å‡è´Ÿè½½ã€€ã€€ç£ç›˜æ€»é‡ã€€ã€€ç£ç›˜æ‰€ç”¨ç™¾åˆ†æ¯”ã€€å†…å­˜å¤§å°ã€€ã€€å†…å­˜å·²ç”¨ç™¾åˆ†æ¯”ã€€cpuæ¸©åº¦ã€€ã€€ã€€ç£ç›˜è­¦æŠ¥çº§åˆ«ã€€ã€€å†…å­˜è­¦æŠ¥çº§åˆ«ã€€ã€€cpuè­¦æŠ¥çº§åˆ«
20181220_18:58:43  pi7 GNU/Linux 4.9.41-v7+  up_2_weeks,_5_days,_9_hours,_56_minutes  0.00 0.00 0.00 949572MB 399680MB 50% 29899MB 13987MB 49% 48Â°C  
disk->normal  
rmb->normal  
cpu->normal  
------------------------
time    hostname    OS   rootç‰ˆæœ¬   runtime  å¹³å‡è´Ÿè½½ã€€ã€€ç£ç›˜æ€»é‡ã€€ã€€ç£ç›˜æ‰€ç”¨ç™¾åˆ†æ¯”ã€€å†…å­˜å¤§å°ã€€ã€€å†…å­˜å·²ç”¨ç™¾åˆ†æ¯”ã€€cpuæ¸©åº¦ã€€ã€€ã€€ç£ç›˜è­¦æŠ¥çº§åˆ«ã€€ã€€å†…å­˜è­¦æŠ¥çº§åˆ«ã€€ã€€cpuè­¦æŠ¥çº§åˆ«
20181220_19:00:23  pi7 GNU/Linux 4.9.41-v7+  up_2_weeks,_5_days,_9_hours,_58_minutes  0.12 0.05 0.02 949572MB 399256MB 50% 29899MB 13987MB 49% 48Â°C  
disk->normal  
rmb->normal  
cpu->normal  
------------------------
time    hostname    OS   rootç‰ˆæœ¬   runtime  å¹³å‡è´Ÿè½½ã€€ã€€ç£ç›˜æ€»é‡ã€€ã€€ç£ç›˜æ‰€ç”¨ç™¾åˆ†æ¯”ã€€å†…å­˜å¤§å°ã€€ã€€å†…å­˜å·²ç”¨ç™¾åˆ†æ¯”ã€€cpuæ¸©åº¦ã€€ã€€ã€€ç£ç›˜è­¦æŠ¥çº§åˆ«ã€€ã€€å†…å­˜è­¦æŠ¥çº§åˆ«ã€€ã€€cpuè­¦æŠ¥çº§åˆ«
20181220_19:02:03  pi7 GNU/Linux 4.9.41-v7+  up_2_weeks,_5_days,_9_hours,_59_minutes  0.06 0.06 0.02 949572MB 399456MB 50% 29899MB 13987MB 49% 48Â°C  
disk->normal  
rmb->normal  
cpu->normal  
------------------------
time    hostname    OS   rootç‰ˆæœ¬   runtime  å¹³å‡è´Ÿè½½ã€€ã€€ç£ç›˜æ€»é‡ã€€ã€€ç£ç›˜æ‰€ç”¨ç™¾åˆ†æ¯”ã€€å†…å­˜å¤§å°ã€€ã€€å†…å­˜å·²ç”¨ç™¾åˆ†æ¯”ã€€cpuæ¸©åº¦ã€€ã€€ã€€ç£ç›˜è­¦æŠ¥çº§åˆ«ã€€ã€€å†…å­˜è­¦æŠ¥çº§åˆ«ã€€ã€€cpuè­¦æŠ¥çº§åˆ«
20181220_19:03:43  pi7 GNU/Linux 4.9.41-v7+  up_2_weeks,_5_days,_10_hours,_1_minute  0.01 0.04 0.01 949572MB 399652MB 50% 29899MB 13987MB 49% 48Â°C  
disk->normal  
rmb->normal  
cpu->normal  
------------------------
time    hostname    OS   rootç‰ˆæœ¬   runtime  å¹³å‡è´Ÿè½½ã€€ã€€ç£ç›˜æ€»é‡ã€€ã€€ç£ç›˜æ‰€ç”¨ç™¾åˆ†æ¯”ã€€å†…å­˜å¤§å°ã€€ã€€å†…å­˜å·²ç”¨ç™¾åˆ†æ¯”ã€€cpuæ¸©åº¦ã€€ã€€ã€€ç£ç›˜è­¦æŠ¥çº§åˆ«ã€€ã€€å†…å­˜è­¦æŠ¥çº§åˆ«ã€€ã€€cpuè­¦æŠ¥çº§åˆ«
20181220_19:05:24  pi7 GNU/Linux 4.9.41-v7+  up_2_weeks,_5_days,_10_hours,_3_minutes  0.00 0.02 0.00 949572MB 399300MB 50% 29899MB 13987MB 49% 47Â°C  
disk->normal  
rmb->normal  
cpu->normal  
------------------------
time    hostname    OS   rootç‰ˆæœ¬   runtime  å¹³å‡è´Ÿè½½ã€€ã€€ç£ç›˜æ€»é‡ã€€ã€€ç£ç›˜æ‰€ç”¨ç™¾åˆ†æ¯”ã€€å†…å­˜å¤§å°ã€€ã€€å†…å­˜å·²ç”¨ç™¾åˆ†æ¯”ã€€cpuæ¸©åº¦ã€€ã€€ã€€ç£ç›˜è­¦æŠ¥çº§åˆ«ã€€ã€€å†…å­˜è­¦æŠ¥çº§åˆ«ã€€ã€€cpuè­¦æŠ¥çº§åˆ«
20181220_19:07:04  pi7 GNU/Linux 4.9.41-v7+  up_2_weeks,_5_days,_10_hours,_4_minutes  0.00 0.01 0.00 949572MB 397060MB 50% 29899MB 13987MB 49% 47Â°C  
disk->normal  
rmb->normal  
cpu->normal  
------------------------
time    hostname    OS   rootç‰ˆæœ¬   runtime  å¹³å‡è´Ÿè½½ã€€ã€€ç£ç›˜æ€»é‡ã€€ã€€ç£ç›˜æ‰€ç”¨ç™¾åˆ†æ¯”ã€€å†…å­˜å¤§å°ã€€ã€€å†…å­˜å·²ç”¨ç™¾åˆ†æ¯”ã€€cpuæ¸©åº¦ã€€ã€€ã€€ç£ç›˜è­¦æŠ¥çº§åˆ«ã€€ã€€å†…å­˜è­¦æŠ¥çº§åˆ«ã€€ã€€cpuè­¦æŠ¥çº§åˆ«
20181220_19:08:44  pi7 GNU/Linux 4.9.41-v7+  up_2_weeks,_5_days,_10_hours,_6_minutes  0.00 0.00 0.00 949572MB 397324MB 50% 29899MB 13987MB 49% 48Â°C  
disk->normal  
rmb->normal  
cpu->normal  
------------------------
time    hostname    OS   rootç‰ˆæœ¬   runtime  å¹³å‡è´Ÿè½½ã€€ã€€ç£ç›˜æ€»é‡ã€€ã€€ç£ç›˜æ‰€ç”¨ç™¾åˆ†æ¯”ã€€å†…å­˜å¤§å°ã€€ã€€å†…å­˜å·²ç”¨ç™¾åˆ†æ¯”ã€€cpuæ¸©åº¦ã€€ã€€ã€€ç£ç›˜è­¦æŠ¥çº§åˆ«ã€€ã€€å†…å­˜è­¦æŠ¥çº§åˆ«ã€€ã€€cpuè­¦æŠ¥çº§åˆ«
20181220_19:10:24  pi7 GNU/Linux 4.9.41-v7+  up_2_weeks,_5_days,_10_hours,_8_minutes  0.04 0.01 0.00 949572MB 396944MB 50% 29899MB 13987MB 49% 48Â°C  
disk->normal  
rmb->normal  
cpu->normal  
------------------------
time    hostname    OS   rootç‰ˆæœ¬   runtime  å¹³å‡è´Ÿè½½ã€€ã€€ç£ç›˜æ€»é‡ã€€ã€€ç£ç›˜æ‰€ç”¨ç™¾åˆ†æ¯”ã€€å†…å­˜å¤§å°ã€€ã€€å†…å­˜å·²ç”¨ç™¾åˆ†æ¯”ã€€cpuæ¸©åº¦ã€€ã€€ã€€ç£ç›˜è­¦æŠ¥çº§åˆ«ã€€ã€€å†…å­˜è­¦æŠ¥çº§åˆ«ã€€ã€€cpuè­¦æŠ¥çº§åˆ«
20181220_19:12:04  pi7 GNU/Linux 4.9.41-v7+  up_2_weeks,_5_days,_10_hours,_9_minutes  0.12 0.05 0.01 949572MB 396764MB 50% 29899MB 13987MB 49% 48Â°C  
disk->normal  
rmb->normal  
cpu->normal  
------------------------
time    hostname    OS   rootç‰ˆæœ¬   runtime  å¹³å‡è´Ÿè½½ã€€ã€€ç£ç›˜æ€»é‡ã€€ã€€ç£ç›˜æ‰€ç”¨ç™¾åˆ†æ¯”ã€€å†…å­˜å¤§å°ã€€ã€€å†…å­˜å·²ç”¨ç™¾åˆ†æ¯”ã€€cpuæ¸©åº¦ã€€ã€€ã€€ç£ç›˜è­¦æŠ¥çº§åˆ«ã€€ã€€å†…å­˜è­¦æŠ¥çº§åˆ«ã€€ã€€cpuè­¦æŠ¥çº§åˆ«
20181220_19:13:44  pi7 GNU/Linux 4.9.41-v7+  up_2_weeks,_5_days,_10_hours,_11_minutes  0.02 0.03 0.00 949572MB 397216MB 50% 29899MB 13987MB 49% 47Â°C  
disk->normal  
rmb->normal  
cpu->normal  
------------------------
time    hostname    OS   rootç‰ˆæœ¬   runtime  å¹³å‡è´Ÿè½½ã€€ã€€ç£ç›˜æ€»é‡ã€€ã€€ç£ç›˜æ‰€ç”¨ç™¾åˆ†æ¯”ã€€å†…å­˜å¤§å°ã€€ã€€å†…å­˜å·²ç”¨ç™¾åˆ†æ¯”ã€€cpuæ¸©åº¦ã€€ã€€ã€€ç£ç›˜è­¦æŠ¥çº§åˆ«ã€€ã€€å†…å­˜è­¦æŠ¥çº§åˆ«ã€€ã€€cpuè­¦æŠ¥çº§åˆ«
20181220_19:15:25  pi7 GNU/Linux 4.9.41-v7+  up_2_weeks,_5_days,_10_hours,_13_minutes  0.00 0.02 0.00 949572MB 397060MB 50% 29899MB 13987MB 49% 47Â°C  
disk->normal  
rmb->normal  
cpu->normal  
------------------------
time    hostname    OS   rootç‰ˆæœ¬   runtime  å¹³å‡è´Ÿè½½ã€€ã€€ç£ç›˜æ€»é‡ã€€ã€€ç£ç›˜æ‰€ç”¨ç™¾åˆ†æ¯”ã€€å†…å­˜å¤§å°ã€€ã€€å†…å­˜å·²ç”¨ç™¾åˆ†æ¯”ã€€cpuæ¸©åº¦ã€€ã€€ã€€ç£ç›˜è­¦æŠ¥çº§åˆ«ã€€ã€€å†…å­˜è­¦æŠ¥çº§åˆ«ã€€ã€€cpuè­¦æŠ¥çº§åˆ«
20181220_19:17:05  pi7 GNU/Linux 4.9.41-v7+  up_2_weeks,_5_days,_10_hours,_14_minutes  0.00 0.01 0.00 949572MB 396944MB 50% 29899MB 13987MB 49% 48Â°C  
disk->normal  
rmb->normal  
cpu->normal  
------------------------
time    hostname    OS   rootç‰ˆæœ¬   runtime  å¹³å‡è´Ÿè½½ã€€ã€€ç£ç›˜æ€»é‡ã€€ã€€ç£ç›˜æ‰€ç”¨ç™¾åˆ†æ¯”ã€€å†…å­˜å¤§å°ã€€ã€€å†…å­˜å·²ç”¨ç™¾åˆ†æ¯”ã€€cpuæ¸©åº¦ã€€ã€€ã€€ç£ç›˜è­¦æŠ¥çº§åˆ«ã€€ã€€å†…å­˜è­¦æŠ¥çº§åˆ«ã€€ã€€cpuè­¦æŠ¥çº§åˆ«
20181220_19:18:45  pi7 GNU/Linux 4.9.41-v7+  up_2_weeks,_5_days,_10_hours,_16_minutes  0.00 0.00 0.00 949572MB 397320MB 50% 29899MB 13987MB 49% 48Â°C  
disk->normal  
rmb->normal  
cpu->normal  
------------------------
time    hostname    OS   rootç‰ˆæœ¬   runtime  å¹³å‡è´Ÿè½½ã€€ã€€ç£ç›˜æ€»é‡ã€€ã€€ç£ç›˜æ‰€ç”¨ç™¾åˆ†æ¯”ã€€å†…å­˜å¤§å°ã€€ã€€å†…å­˜å·²ç”¨ç™¾åˆ†æ¯”ã€€cpuæ¸©åº¦ã€€ã€€ã€€ç£ç›˜è­¦æŠ¥çº§åˆ«ã€€ã€€å†…å­˜è­¦æŠ¥çº§åˆ«ã€€ã€€cpuè­¦æŠ¥çº§åˆ«
20181220_19:20:25  pi7 GNU/Linux 4.9.41-v7+  up_2_weeks,_5_days,_10_hours,_18_minutes  0.00 0.00 0.00 949572MB 397052MB 50% 29899MB 13987MB 49% 48Â°C  
disk->normal  
rmb->normal  
cpu->normal  
------------------------
time    hostname    OS   rootç‰ˆæœ¬   runtime  å¹³å‡è´Ÿè½½ã€€ã€€ç£ç›˜æ€»é‡ã€€ã€€ç£ç›˜æ‰€ç”¨ç™¾åˆ†æ¯”ã€€å†…å­˜å¤§å°ã€€ã€€å†…å­˜å·²ç”¨ç™¾åˆ†æ¯”ã€€cpuæ¸©åº¦ã€€ã€€ã€€ç£ç›˜è­¦æŠ¥çº§åˆ«ã€€ã€€å†…å­˜è­¦æŠ¥çº§åˆ«ã€€ã€€cpuè­¦æŠ¥çº§åˆ«
20181220_19:22:05  pi7 GNU/Linux 4.9.41-v7+  up_2_weeks,_5_days,_10_hours,_19_minutes  0.00 0.00 0.00 949572MB 397316MB 50% 29899MB 13987MB 49% 47Â°C  
disk->normal  
rmb->normal  
cpu->normal  
------------------------
time    hostname    OS   rootç‰ˆæœ¬   runtime  å¹³å‡è´Ÿè½½ã€€ã€€ç£ç›˜æ€»é‡ã€€ã€€ç£ç›˜æ‰€ç”¨ç™¾åˆ†æ¯”ã€€å†…å­˜å¤§å°ã€€ã€€å†…å­˜å·²ç”¨ç™¾åˆ†æ¯”ã€€cpuæ¸©åº¦ã€€ã€€ã€€ç£ç›˜è­¦æŠ¥çº§åˆ«ã€€ã€€å†…å­˜è­¦æŠ¥çº§åˆ«ã€€ã€€cpuè­¦æŠ¥çº§åˆ«
20181220_19:23:45  pi7 GNU/Linux 4.9.41-v7+  up_2_weeks,_5_days,_10_hours,_21_minutes  0.00 0.00 0.00 949572MB 396676MB 50% 29899MB 13987MB 49% 48Â°C  
disk->normal  
rmb->normal  
cpu->normal  
------------------------
time    hostname    OS   rootç‰ˆæœ¬   runtime  å¹³å‡è´Ÿè½½ã€€ã€€ç£ç›˜æ€»é‡ã€€ã€€ç£ç›˜æ‰€ç”¨ç™¾åˆ†æ¯”ã€€å†…å­˜å¤§å°ã€€ã€€å†…å­˜å·²ç”¨ç™¾åˆ†æ¯”ã€€cpuæ¸©åº¦ã€€ã€€ã€€ç£ç›˜è­¦æŠ¥çº§åˆ«ã€€ã€€å†…å­˜è­¦æŠ¥çº§åˆ«ã€€ã€€cpuè­¦æŠ¥çº§åˆ«
20181220_19:25:26  pi7 GNU/Linux 4.9.41-v7+  up_2_weeks,_5_days,_10_hours,_23_minutes  0.24 0.07 0.02 949572MB 396780MB 50% 29899MB 13987MB 49% 49Â°C  
disk->normal  
rmb->normal  
cpu->normal  
------------------------
time    hostname    OS   rootç‰ˆæœ¬   runtime  å¹³å‡è´Ÿè½½ã€€ã€€ç£ç›˜æ€»é‡ã€€ã€€ç£ç›˜æ‰€ç”¨ç™¾åˆ†æ¯”ã€€å†…å­˜å¤§å°ã€€ã€€å†…å­˜å·²ç”¨ç™¾åˆ†æ¯”ã€€cpuæ¸©åº¦ã€€ã€€ã€€ç£ç›˜è­¦æŠ¥çº§åˆ«ã€€ã€€å†…å­˜è­¦æŠ¥çº§åˆ«ã€€ã€€cpuè­¦æŠ¥çº§åˆ«
20181220_19:27:06  pi7 GNU/Linux 4.9.41-v7+  up_2_weeks,_5_days,_10_hours,_24_minutes  0.22 0.14 0.05 949572MB 392532MB 50% 29899MB 13987MB 49% 49Â°C  
disk->normal  
rmb->normal  
cpu->normal  
------------------------
time    hostname    OS   rootç‰ˆæœ¬   runtime  å¹³å‡è´Ÿè½½ã€€ã€€ç£ç›˜æ€»é‡ã€€ã€€ç£ç›˜æ‰€ç”¨ç™¾åˆ†æ¯”ã€€å†…å­˜å¤§å°ã€€ã€€å†…å­˜å·²ç”¨ç™¾åˆ†æ¯”ã€€cpuæ¸©åº¦ã€€ã€€ã€€ç£ç›˜è­¦æŠ¥çº§åˆ«ã€€ã€€å†…å­˜è­¦æŠ¥çº§åˆ«ã€€ã€€cpuè­¦æŠ¥çº§åˆ«
20181220_19:28:46  pi7 GNU/Linux 4.9.41-v7+  up_2_weeks,_5_days,_10_hours,_26_minutes  0.11 0.11 0.05 949572MB 392356MB 50% 29899MB 13987MB 49% 48Â°C  
disk->normal  
rmb->normal  
cpu->normal  
------------------------
time    hostname    OS   rootç‰ˆæœ¬   runtime  å¹³å‡è´Ÿè½½ã€€ã€€ç£ç›˜æ€»é‡ã€€ã€€ç£ç›˜æ‰€ç”¨ç™¾åˆ†æ¯”ã€€å†…å­˜å¤§å°ã€€ã€€å†…å­˜å·²ç”¨ç™¾åˆ†æ¯”ã€€cpuæ¸©åº¦ã€€ã€€ã€€ç£ç›˜è­¦æŠ¥çº§åˆ«ã€€ã€€å†…å­˜è­¦æŠ¥çº§åˆ«ã€€ã€€cpuè­¦æŠ¥çº§åˆ«
20181220_19:30:26  pi7 GNU/Linux 4.9.41-v7+  up_2_weeks,_5_days,_10_hours,_28_minutes  0.07 0.09 0.04 949572MB 392556MB 50% 29899MB 13987MB 49% 48Â°C  
disk->normal  
rmb->normal  
cpu->normal  
------------------------
time    hostname    OS   rootç‰ˆæœ¬   runtime  å¹³å‡è´Ÿè½½ã€€ã€€ç£ç›˜æ€»é‡ã€€ã€€ç£ç›˜æ‰€ç”¨ç™¾åˆ†æ¯”ã€€å†…å­˜å¤§å°ã€€ã€€å†…å­˜å·²ç”¨ç™¾åˆ†æ¯”ã€€cpuæ¸©åº¦ã€€ã€€ã€€ç£ç›˜è­¦æŠ¥çº§åˆ«ã€€ã€€å†…å­˜è­¦æŠ¥çº§åˆ«ã€€ã€€cpuè­¦æŠ¥çº§åˆ«
20181220_19:32:06  pi7 GNU/Linux 4.9.41-v7+  up_2_weeks,_5_days,_10_hours,_29_minutes  0.17 0.12 0.06 949572MB 392844MB 50% 29899MB 13987MB 49% 48Â°C  
disk->normal  
rmb->normal  
cpu->normal  
------------------------
time    hostname    OS   rootç‰ˆæœ¬   runtime  å¹³å‡è´Ÿè½½ã€€ã€€ç£ç›˜æ€»é‡ã€€ã€€ç£ç›˜æ‰€ç”¨ç™¾åˆ†æ¯”ã€€å†…å­˜å¤§å°ã€€ã€€å†…å­˜å·²ç”¨ç™¾åˆ†æ¯”ã€€cpuæ¸©åº¦ã€€ã€€ã€€ç£ç›˜è­¦æŠ¥çº§åˆ«ã€€ã€€å†…å­˜è­¦æŠ¥çº§åˆ«ã€€ã€€cpuè­¦æŠ¥çº§åˆ«
20181220_19:33:47  pi7 GNU/Linux 4.9.41-v7+  up_2_weeks,_5_days,_10_hours,_31_minutes  0.03 0.08 0.05 949572MB 392416MB 50% 29899MB 13987MB 49% 48Â°C  
disk->normal  
rmb->normal  
cpu->normal  
------------------------
time    hostname    OS   rootç‰ˆæœ¬   runtime  å¹³å‡è´Ÿè½½ã€€ã€€ç£ç›˜æ€»é‡ã€€ã€€ç£ç›˜æ‰€ç”¨ç™¾åˆ†æ¯”ã€€å†…å­˜å¤§å°ã€€ã€€å†…å­˜å·²ç”¨ç™¾åˆ†æ¯”ã€€cpuæ¸©åº¦ã€€ã€€ã€€ç£ç›˜è­¦æŠ¥çº§åˆ«ã€€ã€€å†…å­˜è­¦æŠ¥çº§åˆ«ã€€ã€€cpuè­¦æŠ¥çº§åˆ«
20181220_19:35:27  pi7 GNU/Linux 4.9.41-v7+  up_2_weeks,_5_days,_10_hours,_33_minutes  0.30 0.14 0.07 949572MB 392656MB 50% 29899MB 13987MB 49% 49Â°C  
disk->normal  
rmb->normal  
cpu->normal  
------------------------
time    hostname    OS   rootç‰ˆæœ¬   runtime  å¹³å‡è´Ÿè½½ã€€ã€€ç£ç›˜æ€»é‡ã€€ã€€ç£ç›˜æ‰€ç”¨ç™¾åˆ†æ¯”ã€€å†…å­˜å¤§å°ã€€ã€€å†…å­˜å·²ç”¨ç™¾åˆ†æ¯”ã€€cpuæ¸©åº¦ã€€ã€€ã€€ç£ç›˜è­¦æŠ¥çº§åˆ«ã€€ã€€å†…å­˜è­¦æŠ¥çº§åˆ«ã€€ã€€cpuè­¦æŠ¥çº§åˆ«
20181220_19:37:07  pi7 GNU/Linux 4.9.41-v7+  up_2_weeks,_5_days,_10_hours,_34_minutes  0.13 0.14 0.08 949572MB 392252MB 50% 29899MB 13987MB 49% 49Â°C  
disk->normal  
rmb->normal  
cpu->normal  
------------------------
time    hostname    OS   rootç‰ˆæœ¬   runtime  å¹³å‡è´Ÿè½½ã€€ã€€ç£ç›˜æ€»é‡ã€€ã€€ç£ç›˜æ‰€ç”¨ç™¾åˆ†æ¯”ã€€å†…å­˜å¤§å°ã€€ã€€å†…å­˜å·²ç”¨ç™¾åˆ†æ¯”ã€€cpuæ¸©åº¦ã€€ã€€ã€€ç£ç›˜è­¦æŠ¥çº§åˆ«ã€€ã€€å†…å­˜è­¦æŠ¥çº§åˆ«ã€€ã€€cpuè­¦æŠ¥çº§åˆ«
20181220_19:38:47  pi7 GNU/Linux 4.9.41-v7+  up_2_weeks,_5_days,_10_hours,_36_minutes  0.06 0.12 0.08 949572MB 384296MB 50% 29899MB 13987MB 49% 49Â°C  
disk->normal  
rmb->normal  
cpu->normal  
------------------------
time    hostname    OS   rootç‰ˆæœ¬   runtime  å¹³å‡è´Ÿè½½ã€€ã€€ç£ç›˜æ€»é‡ã€€ã€€ç£ç›˜æ‰€ç”¨ç™¾åˆ†æ¯”ã€€å†…å­˜å¤§å°ã€€ã€€å†…å­˜å·²ç”¨ç™¾åˆ†æ¯”ã€€cpuæ¸©åº¦ã€€ã€€ã€€ç£ç›˜è­¦æŠ¥çº§åˆ«ã€€ã€€å†…å­˜è­¦æŠ¥çº§åˆ«ã€€ã€€cpuè­¦æŠ¥çº§åˆ«
20181220_19:40:27  pi7 GNU/Linux 4.9.41-v7+  up_2_weeks,_5_days,_10_hours,_38_minutes  0.03 0.10 0.08 949572MB 383928MB 50% 29899MB 13987MB 49% 49Â°C  
disk->normal  
rmb->normal  
cpu->normal  
------------------------
time    hostname    OS   rootç‰ˆæœ¬   runtime  å¹³å‡è´Ÿè½½ã€€ã€€ç£ç›˜æ€»é‡ã€€ã€€ç£ç›˜æ‰€ç”¨ç™¾åˆ†æ¯”ã€€å†…å­˜å¤§å°ã€€ã€€å†…å­˜å·²ç”¨ç™¾åˆ†æ¯”ã€€cpuæ¸©åº¦ã€€ã€€ã€€ç£ç›˜è­¦æŠ¥çº§åˆ«ã€€ã€€å†…å­˜è­¦æŠ¥çº§åˆ«ã€€ã€€cpuè­¦æŠ¥çº§åˆ«
20181220_19:42:07  pi7 GNU/Linux 4.9.41-v7+  up_2_weeks,_5_days,_10_hours,_39_minutes  0.14 0.12 0.09 949572MB 384296MB 50% 29899MB 13987MB 49% 49Â°C  
disk->normal  
rmb->normal  
cpu->normal  
------------------------
time    hostname    OS   rootç‰ˆæœ¬   runtime  å¹³å‡è´Ÿè½½ã€€ã€€ç£ç›˜æ€»é‡ã€€ã€€ç£ç›˜æ‰€ç”¨ç™¾åˆ†æ¯”ã€€å†…å­˜å¤§å°ã€€ã€€å†…å­˜å·²ç”¨ç™¾åˆ†æ¯”ã€€cpuæ¸©åº¦ã€€ã€€ã€€ç£ç›˜è­¦æŠ¥çº§åˆ«ã€€ã€€å†…å­˜è­¦æŠ¥çº§åˆ«ã€€ã€€cpuè­¦æŠ¥çº§åˆ«
20181220_19:43:48  pi7 GNU/Linux 4.9.41-v7+  up_2_weeks,_5_days,_10_hours,_41_minutes  0.06 0.10 0.09 949572MB 389460MB 50% 29899MB 13987MB 49% 48Â°C  
disk->normal  
rmb->normal  
cpu->normal  
------------------------
time    hostname    OS   rootç‰ˆæœ¬   runtime  å¹³å‡è´Ÿè½½ã€€ã€€ç£ç›˜æ€»é‡ã€€ã€€ç£ç›˜æ‰€ç”¨ç™¾åˆ†æ¯”ã€€å†…å­˜å¤§å°ã€€ã€€å†…å­˜å·²ç”¨ç™¾åˆ†æ¯”ã€€cpuæ¸©åº¦ã€€ã€€ã€€ç£ç›˜è­¦æŠ¥çº§åˆ«ã€€ã€€å†…å­˜è­¦æŠ¥çº§åˆ«ã€€ã€€cpuè­¦æŠ¥çº§åˆ«
20181220_19:45:28  pi7 GNU/Linux 4.9.41-v7+  up_2_weeks,_5_days,_10_hours,_43_minutes  0.01 0.07 0.08 949572MB 386976MB 50% 29899MB 13987MB 49% 49Â°C  
disk->normal  
rmb->normal  
cpu->normal  
------------------------
time    hostname    OS   rootç‰ˆæœ¬   runtime  å¹³å‡è´Ÿè½½ã€€ã€€ç£ç›˜æ€»é‡ã€€ã€€ç£ç›˜æ‰€ç”¨ç™¾åˆ†æ¯”ã€€å†…å­˜å¤§å°ã€€ã€€å†…å­˜å·²ç”¨ç™¾åˆ†æ¯”ã€€cpuæ¸©åº¦ã€€ã€€ã€€ç£ç›˜è­¦æŠ¥çº§åˆ«ã€€ã€€å†…å­˜è­¦æŠ¥çº§åˆ«ã€€ã€€cpuè­¦æŠ¥çº§åˆ«
20181220_19:47:08  pi7 GNU/Linux 4.9.41-v7+  up_2_weeks,_5_days,_10_hours,_44_minutes  0.13 0.09 0.08 949572MB 388904MB 50% 29899MB 13988MB 49% 48Â°C  
disk->normal  
rmb->normal  
cpu->normal  
------------------------
time    hostname    OS   rootç‰ˆæœ¬   runtime  å¹³å‡è´Ÿè½½ã€€ã€€ç£ç›˜æ€»é‡ã€€ã€€ç£ç›˜æ‰€ç”¨ç™¾åˆ†æ¯”ã€€å†…å­˜å¤§å°ã€€ã€€å†…å­˜å·²ç”¨ç™¾åˆ†æ¯”ã€€cpuæ¸©åº¦ã€€ã€€ã€€ç£ç›˜è­¦æŠ¥çº§åˆ«ã€€ã€€å†…å­˜è­¦æŠ¥çº§åˆ«ã€€ã€€cpuè­¦æŠ¥çº§åˆ«
20181220_19:48:48  pi7 GNU/Linux 4.9.41-v7+  up_2_weeks,_5_days,_10_hours,_46_minutes  0.05 0.07 0.08 949572MB 388704MB 50% 29899MB 13988MB 49% 48Â°C  
disk->normal  
rmb->normal  
cpu->normal  
------------------------
time    hostname    OS   rootç‰ˆæœ¬   runtime  å¹³å‡è´Ÿè½½ã€€ã€€ç£ç›˜æ€»é‡ã€€ã€€ç£ç›˜æ‰€ç”¨ç™¾åˆ†æ¯”ã€€å†…å­˜å¤§å°ã€€ã€€å†…å­˜å·²ç”¨ç™¾åˆ†æ¯”ã€€cpuæ¸©åº¦ã€€ã€€ã€€ç£ç›˜è­¦æŠ¥çº§åˆ«ã€€ã€€å†…å­˜è­¦æŠ¥çº§åˆ«ã€€ã€€cpuè­¦æŠ¥çº§åˆ«
20181220_19:50:28  pi7 GNU/Linux 4.9.41-v7+  up_2_weeks,_5_days,_10_hours,_48_minutes  0.01 0.05 0.07 949572MB 387972MB 50% 29899MB 13988MB 49% 48Â°C  
disk->normal  
rmb->normal  
cpu->normal  
------------------------
time    hostname    OS   rootç‰ˆæœ¬   runtime  å¹³å‡è´Ÿè½½ã€€ã€€ç£ç›˜æ€»é‡ã€€ã€€ç£ç›˜æ‰€ç”¨ç™¾åˆ†æ¯”ã€€å†…å­˜å¤§å°ã€€ã€€å†…å­˜å·²ç”¨ç™¾åˆ†æ¯”ã€€cpuæ¸©åº¦ã€€ã€€ã€€ç£ç›˜è­¦æŠ¥çº§åˆ«ã€€ã€€å†…å­˜è­¦æŠ¥çº§åˆ«ã€€ã€€cpuè­¦æŠ¥çº§åˆ«
20181220_19:53:49  pi7 GNU/Linux 4.9.41-v7+  up_2_weeks,_5_days,_10_hours,_51_minutes  0.18 0.13 0.10 949572MB 388740MB 50% 29899MB 13988MB 49% 48Â°C  
disk->normal  
rmb->normal  
cpu->normal  
------------------------
time    hostname    OS   rootç‰ˆæœ¬   runtime  å¹³å‡è´Ÿè½½ã€€ã€€ç£ç›˜æ€»é‡ã€€ã€€ç£ç›˜æ‰€ç”¨ç™¾åˆ†æ¯”ã€€å†…å­˜å¤§å°ã€€ã€€å†…å­˜å·²ç”¨ç™¾åˆ†æ¯”ã€€cpuæ¸©åº¦ã€€ã€€ã€€ç£ç›˜è­¦æŠ¥çº§åˆ«ã€€ã€€å†…å­˜è­¦æŠ¥çº§åˆ«ã€€ã€€cpuè­¦æŠ¥çº§åˆ«
20181220_19:55:29  pi7 GNU/Linux 4.9.41-v7+  up_2_weeks,_5_days,_10_hours,_53_minutes  0.03 0.09 0.08 949572MB 388500MB 50% 29899MB 13988MB 49% 47Â°C  
disk->normal  
rmb->normal  
cpu->normal  
------------------------
time    hostname    OS   rootç‰ˆæœ¬   runtime  å¹³å‡è´Ÿè½½ã€€ã€€ç£ç›˜æ€»é‡ã€€ã€€ç£ç›˜æ‰€ç”¨ç™¾åˆ†æ¯”ã€€å†…å­˜å¤§å°ã€€ã€€å†…å­˜å·²ç”¨ç™¾åˆ†æ¯”ã€€cpuæ¸©åº¦ã€€ã€€ã€€ç£ç›˜è­¦æŠ¥çº§åˆ«ã€€ã€€å†…å­˜è­¦æŠ¥çº§åˆ«ã€€ã€€cpuè­¦æŠ¥çº§åˆ«
20181220_19:57:09  pi7 GNU/Linux 4.9.41-v7+  up_2_weeks,_5_days,_10_hours,_54_minutes  0.19 0.11 0.09 949572MB 388260MB 50% 29899MB 13988MB 49% 49Â°C  
disk->normal  
rmb->normal  
cpu->normal  
------------------------
time    hostname    OS   rootç‰ˆæœ¬   runtime  å¹³å‡è´Ÿè½½ã€€ã€€ç£ç›˜æ€»é‡ã€€ã€€ç£ç›˜æ‰€ç”¨ç™¾åˆ†æ¯”ã€€å†…å­˜å¤§å°ã€€ã€€å†…å­˜å·²ç”¨ç™¾åˆ†æ¯”ã€€cpuæ¸©åº¦ã€€ã€€ã€€ç£ç›˜è­¦æŠ¥çº§åˆ«ã€€ã€€å†…å­˜è­¦æŠ¥çº§åˆ«ã€€ã€€cpuè­¦æŠ¥çº§åˆ«
20181220_19:58:49  pi7 GNU/Linux 4.9.41-v7+  up_2_weeks,_5_days,_10_hours,_56_minutes  0.05 0.08 0.08 949572MB 388708MB 50% 29899MB 13988MB 49% 48Â°C  
disk->normal  
rmb->normal  
cpu->normal  
------------------------
time    hostname    OS   rootç‰ˆæœ¬   runtime  å¹³å‡è´Ÿè½½ã€€ã€€ç£ç›˜æ€»é‡ã€€ã€€ç£ç›˜æ‰€ç”¨ç™¾åˆ†æ¯”ã€€å†…å­˜å¤§å°ã€€ã€€å†…å­˜å·²ç”¨ç™¾åˆ†æ¯”ã€€cpuæ¸©åº¦ã€€ã€€ã€€ç£ç›˜è­¦æŠ¥çº§åˆ«ã€€ã€€å†…å­˜è­¦æŠ¥çº§åˆ«ã€€ã€€cpuè­¦æŠ¥çº§åˆ«
20181220_20:00:29  pi7 GNU/Linux 4.9.41-v7+  up_2_weeks,_5_days,_10_hours,_58_minutes  0.01 0.06 0.07 949572MB 388828MB 50% 29899MB 13988MB 49% 48Â°C  
disk->normal  
rmb->normal  
cpu->normal  
------------------------
time    hostname    OS   rootç‰ˆæœ¬   runtime  å¹³å‡è´Ÿè½½ã€€ã€€ç£ç›˜æ€»é‡ã€€ã€€ç£ç›˜æ‰€ç”¨ç™¾åˆ†æ¯”ã€€å†…å­˜å¤§å°ã€€ã€€å†…å­˜å·²ç”¨ç™¾åˆ†æ¯”ã€€cpuæ¸©åº¦ã€€ã€€ã€€ç£ç›˜è­¦æŠ¥çº§åˆ«ã€€ã€€å†…å­˜è­¦æŠ¥çº§åˆ«ã€€ã€€cpuè­¦æŠ¥çº§åˆ«
20181220_20:02:09  pi7 GNU/Linux 4.9.41-v7+  up_2_weeks,_5_days,_10_hours,_59_minutes  0.13 0.09 0.09 949572MB 387676MB 50% 29899MB 13988MB 49% 48Â°C  
disk->normal  
rmb->normal  
cpu->normal  
------------------------
time    hostname    OS   rootç‰ˆæœ¬   runtime  å¹³å‡è´Ÿè½½ã€€ã€€ç£ç›˜æ€»é‡ã€€ã€€ç£ç›˜æ‰€ç”¨ç™¾åˆ†æ¯”ã€€å†…å­˜å¤§å°ã€€ã€€å†…å­˜å·²ç”¨ç™¾åˆ†æ¯”ã€€cpuæ¸©åº¦ã€€ã€€ã€€ç£ç›˜è­¦æŠ¥çº§åˆ«ã€€ã€€å†…å­˜è­¦æŠ¥çº§åˆ«ã€€ã€€cpuè­¦æŠ¥çº§åˆ«
20181220_20:03:50  pi7 GNU/Linux 4.9.41-v7+  up_2_weeks,_5_days,_11_hours,_1_minute  0.15 0.12 0.09 949572MB 388220MB 50% 29899MB 13988MB 49% 49Â°C  
disk->normal  
rmb->normal  
cpu->normal  
------------------------
time    hostname    OS   rootç‰ˆæœ¬   runtime  å¹³å‡è´Ÿè½½ã€€ã€€ç£ç›˜æ€»é‡ã€€ã€€ç£ç›˜æ‰€ç”¨ç™¾åˆ†æ¯”ã€€å†…å­˜å¤§å°ã€€ã€€å†…å­˜å·²ç”¨ç™¾åˆ†æ¯”ã€€cpuæ¸©åº¦ã€€ã€€ã€€ç£ç›˜è­¦æŠ¥çº§åˆ«ã€€ã€€å†…å­˜è­¦æŠ¥çº§åˆ«ã€€ã€€cpuè­¦æŠ¥çº§åˆ«
20181220_20:05:30  pi7 GNU/Linux 4.9.41-v7+  up_2_weeks,_5_days,_11_hours,_3_minutes  0.03 0.08 0.08 949572MB 388736MB 50% 29899MB 13988MB 49% 48Â°C  
disk->normal  
rmb->normal  
cpu->normal  
------------------------
time    hostname    OS   rootç‰ˆæœ¬   runtime  å¹³å‡è´Ÿè½½ã€€ã€€ç£ç›˜æ€»é‡ã€€ã€€ç£ç›˜æ‰€ç”¨ç™¾åˆ†æ¯”ã€€å†…å­˜å¤§å°ã€€ã€€å†…å­˜å·²ç”¨ç™¾åˆ†æ¯”ã€€cpuæ¸©åº¦ã€€ã€€ã€€ç£ç›˜è­¦æŠ¥çº§åˆ«ã€€ã€€å†…å­˜è­¦æŠ¥çº§åˆ«ã€€ã€€cpuè­¦æŠ¥çº§åˆ«
20181220_20:07:10  pi7 GNU/Linux 4.9.41-v7+  up_2_weeks,_5_days,_11_hours,_4_minutes  0.22 0.14 0.10 949572MB 388504MB 50% 29899MB 13988MB 49% 48Â°C  
disk->normal  
rmb->normal  
cpu->normal  
------------------------
time    hostname    OS   rootç‰ˆæœ¬   runtime  å¹³å‡è´Ÿè½½ã€€ã€€ç£ç›˜æ€»é‡ã€€ã€€ç£ç›˜æ‰€ç”¨ç™¾åˆ†æ¯”ã€€å†…å­˜å¤§å°ã€€ã€€å†…å­˜å·²ç”¨ç™¾åˆ†æ¯”ã€€cpuæ¸©åº¦ã€€ã€€ã€€ç£ç›˜è­¦æŠ¥çº§åˆ«ã€€ã€€å†…å­˜è­¦æŠ¥çº§åˆ«ã€€ã€€cpuè­¦æŠ¥çº§åˆ«
20181220_20:08:50  pi7 GNU/Linux 4.9.41-v7+  up_2_weeks,_5_days,_11_hours,_6_minutes  0.10 0.12 0.09 949572MB 388580MB 50% 29899MB 13988MB 49% 48Â°C  
disk->normal  
rmb->normal  
cpu->normal  
------------------------
time    hostname    OS   rootç‰ˆæœ¬   runtime  å¹³å‡è´Ÿè½½ã€€ã€€ç£ç›˜æ€»é‡ã€€ã€€ç£ç›˜æ‰€ç”¨ç™¾åˆ†æ¯”ã€€å†…å­˜å¤§å°ã€€ã€€å†…å­˜å·²ç”¨ç™¾åˆ†æ¯”ã€€cpuæ¸©åº¦ã€€ã€€ã€€ç£ç›˜è­¦æŠ¥çº§åˆ«ã€€ã€€å†…å­˜è­¦æŠ¥çº§åˆ«ã€€ã€€cpuè­¦æŠ¥çº§åˆ«
20181220_20:10:30  pi7 GNU/Linux 4.9.41-v7+  up_2_weeks,_5_days,_11_hours,_8_minutes  0.09 0.11 0.09 949572MB 385056MB 50% 29899MB 13988MB 49% 48Â°C  
disk->normal  
rmb->normal  
cpu->normal  
------------------------
time    hostname    OS   rootç‰ˆæœ¬   runtime  å¹³å‡è´Ÿè½½ã€€ã€€ç£ç›˜æ€»é‡ã€€ã€€ç£ç›˜æ‰€ç”¨ç™¾åˆ†æ¯”ã€€å†…å­˜å¤§å°ã€€ã€€å†…å­˜å·²ç”¨ç™¾åˆ†æ¯”ã€€cpuæ¸©åº¦ã€€ã€€ã€€ç£ç›˜è­¦æŠ¥çº§åˆ«ã€€ã€€å†…å­˜è­¦æŠ¥çº§åˆ«ã€€ã€€cpuè­¦æŠ¥çº§åˆ«
20181220_20:12:10  pi7 GNU/Linux 4.9.41-v7+  up_2_weeks,_5_days,_11_hours,_9_minutes  0.27 0.18 0.11 949572MB 384144MB 50% 29899MB 13988MB 49% 49Â°C  
disk->normal  
rmb->normal  
cpu->normal  
------------------------
time    hostname    OS   rootç‰ˆæœ¬   runtime  å¹³å‡è´Ÿè½½ã€€ã€€ç£ç›˜æ€»é‡ã€€ã€€ç£ç›˜æ‰€ç”¨ç™¾åˆ†æ¯”ã€€å†…å­˜å¤§å°ã€€ã€€å†…å­˜å·²ç”¨ç™¾åˆ†æ¯”ã€€cpuæ¸©åº¦ã€€ã€€ã€€ç£ç›˜è­¦æŠ¥çº§åˆ«ã€€ã€€å†…å­˜è­¦æŠ¥çº§åˆ«ã€€ã€€cpuè­¦æŠ¥çº§åˆ«
20181220_20:13:50  pi7 GNU/Linux 4.9.41-v7+  up_2_weeks,_5_days,_11_hours,_11_minutes  0.05 0.12 0.09 949572MB 383224MB 50% 29899MB 13988MB 49% 49Â°C  
disk->normal  
rmb->normal  
cpu->normal  
------------------------
time    hostname    OS   rootç‰ˆæœ¬   runtime  å¹³å‡è´Ÿè½½ã€€ã€€ç£ç›˜æ€»é‡ã€€ã€€ç£ç›˜æ‰€ç”¨ç™¾åˆ†æ¯”ã€€å†…å­˜å¤§å°ã€€ã€€å†…å­˜å·²ç”¨ç™¾åˆ†æ¯”ã€€cpuæ¸©åº¦ã€€ã€€ã€€ç£ç›˜è­¦æŠ¥çº§åˆ«ã€€ã€€å†…å­˜è­¦æŠ¥çº§åˆ«ã€€ã€€cpuè­¦æŠ¥çº§åˆ«
20181220_20:15:31  pi7 GNU/Linux 4.9.41-v7+  up_2_weeks,_5_days,_11_hours,_13_minutes  0.25 0.17 0.11 949572MB 384244MB 50% 29899MB 13988MB 49% 49Â°C  
disk->normal  
rmb->normal  
cpu->normal  
------------------------
time    hostname    OS   rootç‰ˆæœ¬   runtime  å¹³å‡è´Ÿè½½ã€€ã€€ç£ç›˜æ€»é‡ã€€ã€€ç£ç›˜æ‰€ç”¨ç™¾åˆ†æ¯”ã€€å†…å­˜å¤§å°ã€€ã€€å†…å­˜å·²ç”¨ç™¾åˆ†æ¯”ã€€cpuæ¸©åº¦ã€€ã€€ã€€ç£ç›˜è­¦æŠ¥çº§åˆ«ã€€ã€€å†…å­˜è­¦æŠ¥çº§åˆ«ã€€ã€€cpuè­¦æŠ¥çº§åˆ«
20181220_20:17:11  pi7 GNU/Linux 4.9.41-v7+  up_2_weeks,_5_days,_11_hours,_14_minutes  0.05 0.12 0.09 949572MB 384704MB 50% 29899MB 13988MB 49% 49Â°C  
disk->normal  
rmb->normal  
cpu->normal  
------------------------
time    hostname    OS   rootç‰ˆæœ¬   runtime  å¹³å‡è´Ÿè½½ã€€ã€€ç£ç›˜æ€»é‡ã€€ã€€ç£ç›˜æ‰€ç”¨ç™¾åˆ†æ¯”ã€€å†…å­˜å¤§å°ã€€ã€€å†…å­˜å·²ç”¨ç™¾åˆ†æ¯”ã€€cpuæ¸©åº¦ã€€ã€€ã€€ç£ç›˜è­¦æŠ¥çº§åˆ«ã€€ã€€å†…å­˜è­¦æŠ¥çº§åˆ«ã€€ã€€cpuè­¦æŠ¥çº§åˆ«
20181220_20:18:51  pi7 GNU/Linux 4.9.41-v7+  up_2_weeks,_5_days,_11_hours,_16_minutes  0.01 0.08 0.08 949572MB 384744MB 50% 29899MB 13988MB 49% 49Â°C  
disk->normal  
rmb->normal  
cpu->normal  
------------------------
time    hostname    OS   rootç‰ˆæœ¬   runtime  å¹³å‡è´Ÿè½½ã€€ã€€ç£ç›˜æ€»é‡ã€€ã€€ç£ç›˜æ‰€ç”¨ç™¾åˆ†æ¯”ã€€å†…å­˜å¤§å°ã€€ã€€å†…å­˜å·²ç”¨ç™¾åˆ†æ¯”ã€€cpuæ¸©åº¦ã€€ã€€ã€€ç£ç›˜è­¦æŠ¥çº§åˆ«ã€€ã€€å†…å­˜è­¦æŠ¥çº§åˆ«ã€€ã€€cpuè­¦æŠ¥çº§åˆ«
20181220_20:20:31  pi7 GNU/Linux 4.9.41-v7+  up_2_weeks,_5_days,_11_hours,_18_minutes  0.20 0.11 0.09 949572MB 384300MB 50% 29899MB 13988MB 49% 49Â°C  
disk->normal  
rmb->normal  
cpu->normal  
------------------------
time    hostname    OS   rootç‰ˆæœ¬   runtime  å¹³å‡è´Ÿè½½ã€€ã€€ç£ç›˜æ€»é‡ã€€ã€€ç£ç›˜æ‰€ç”¨ç™¾åˆ†æ¯”ã€€å†…å­˜å¤§å°ã€€ã€€å†…å­˜å·²ç”¨ç™¾åˆ†æ¯”ã€€cpuæ¸©åº¦ã€€ã€€ã€€ç£ç›˜è­¦æŠ¥çº§åˆ«ã€€ã€€å†…å­˜è­¦æŠ¥çº§åˆ«ã€€ã€€cpuè­¦æŠ¥çº§åˆ«
20181220_20:22:11  pi7 GNU/Linux 4.9.41-v7+  up_2_weeks,_5_days,_11_hours,_19_minutes  0.10 0.09 0.09 949572MB 384228MB 50% 29899MB 13988MB 49% 49Â°C  
disk->normal  
rmb->normal  
cpu->normal  
------------------------
time    hostname    OS   rootç‰ˆæœ¬   runtime  å¹³å‡è´Ÿè½½ã€€ã€€ç£ç›˜æ€»é‡ã€€ã€€ç£ç›˜æ‰€ç”¨ç™¾åˆ†æ¯”ã€€å†…å­˜å¤§å°ã€€ã€€å†…å­˜å·²ç”¨ç™¾åˆ†æ¯”ã€€cpuæ¸©åº¦ã€€ã€€ã€€ç£ç›˜è­¦æŠ¥çº§åˆ«ã€€ã€€å†…å­˜è­¦æŠ¥çº§åˆ«ã€€ã€€cpuè­¦æŠ¥çº§åˆ«
20181220_20:23:51  pi7 GNU/Linux 4.9.41-v7+  up_2_weeks,_5_days,_11_hours,_21_minutes  0.40 0.22 0.13 949572MB 384700MB 50% 29899MB 13988MB 49% 48Â°C  
disk->normal  
rmb->normal  
cpu->normal  
------------------------
time    hostname    OS   rootç‰ˆæœ¬   runtime  å¹³å‡è´Ÿè½½ã€€ã€€ç£ç›˜æ€»é‡ã€€ã€€ç£ç›˜æ‰€ç”¨ç™¾åˆ†æ¯”ã€€å†…å­˜å¤§å°ã€€ã€€å†…å­˜å·²ç”¨ç™¾åˆ†æ¯”ã€€cpuæ¸©åº¦ã€€ã€€ã€€ç£ç›˜è­¦æŠ¥çº§åˆ«ã€€ã€€å†…å­˜è­¦æŠ¥çº§åˆ«ã€€ã€€cpuè­¦æŠ¥çº§åˆ«
20181220_20:25:32  pi7 GNU/Linux 4.9.41-v7+  up_2_weeks,_5_days,_11_hours,_23_minutes  0.12 0.18 0.12 949572MB 383740MB 50% 29899MB 13988MB 49% 49Â°C  
disk->normal  
rmb->normal  
cpu->normal  
------------------------
time    hostname    OS   rootç‰ˆæœ¬   runtime  å¹³å‡è´Ÿè½½ã€€ã€€ç£ç›˜æ€»é‡ã€€ã€€ç£ç›˜æ‰€ç”¨ç™¾åˆ†æ¯”ã€€å†…å­˜å¤§å°ã€€ã€€å†…å­˜å·²ç”¨ç™¾åˆ†æ¯”ã€€cpuæ¸©åº¦ã€€ã€€ã€€ç£ç›˜è­¦æŠ¥çº§åˆ«ã€€ã€€å†…å­˜è­¦æŠ¥çº§åˆ«ã€€ã€€cpuè­¦æŠ¥çº§åˆ«
20181220_20:27:12  pi7 GNU/Linux 4.9.41-v7+  up_2_weeks,_5_days,_11_hours,_24_minutes  0.05 0.14 0.11 949572MB 384248MB 50% 29899MB 13988MB 49% 48Â°C  
disk->normal  
rmb->normal  
cpu->normal  
------------------------
time    hostname    OS   rootç‰ˆæœ¬   runtime  å¹³å‡è´Ÿè½½ã€€ã€€ç£ç›˜æ€»é‡ã€€ã€€ç£ç›˜æ‰€ç”¨ç™¾åˆ†æ¯”ã€€å†…å­˜å¤§å°ã€€ã€€å†…å­˜å·²ç”¨ç™¾åˆ†æ¯”ã€€cpuæ¸©åº¦ã€€ã€€ã€€ç£ç›˜è­¦æŠ¥çº§åˆ«ã€€ã€€å†…å­˜è­¦æŠ¥çº§åˆ«ã€€ã€€cpuè­¦æŠ¥çº§åˆ«
20181220_20:28:52  pi7 GNU/Linux 4.9.41-v7+  up_2_weeks,_5_days,_11_hours,_26_minutes  0.02 0.11 0.10 949572MB 384348MB 50% 29899MB 13988MB 49% 49Â°C  
disk->normal  
rmb->normal  
cpu->normal  
------------------------
time    hostname    OS   rootç‰ˆæœ¬   runtime  å¹³å‡è´Ÿè½½ã€€ã€€ç£ç›˜æ€»é‡ã€€ã€€ç£ç›˜æ‰€ç”¨ç™¾åˆ†æ¯”ã€€å†…å­˜å¤§å°ã€€ã€€å†…å­˜å·²ç”¨ç™¾åˆ†æ¯”ã€€cpuæ¸©åº¦ã€€ã€€ã€€ç£ç›˜è­¦æŠ¥çº§åˆ«ã€€ã€€å†…å­˜è­¦æŠ¥çº§åˆ«ã€€ã€€cpuè­¦æŠ¥çº§åˆ«
20181220_20:30:32  pi7 GNU/Linux 4.9.41-v7+  up_2_weeks,_5_days,_11_hours,_28_minutes  0.18 0.13 0.10 949572MB 384528MB 50% 29899MB 13988MB 49% 48Â°C  
disk->normal  
rmb->normal  
cpu->normal  
------------------------
time    hostname    OS   rootç‰ˆæœ¬   runtime  å¹³å‡è´Ÿè½½ã€€ã€€ç£ç›˜æ€»é‡ã€€ã€€ç£ç›˜æ‰€ç”¨ç™¾åˆ†æ¯”ã€€å†…å­˜å¤§å°ã€€ã€€å†…å­˜å·²ç”¨ç™¾åˆ†æ¯”ã€€cpuæ¸©åº¦ã€€ã€€ã€€ç£ç›˜è­¦æŠ¥çº§åˆ«ã€€ã€€å†…å­˜è­¦æŠ¥çº§åˆ«ã€€ã€€cpuè­¦æŠ¥çº§åˆ«
20181220_20:32:12  pi7 GNU/Linux 4.9.41-v7+  up_2_weeks,_5_days,_11_hours,_29_minutes  0.15 0.12 0.10 949572MB 380420MB 50% 29899MB 13988MB 49% 48Â°C  
disk->normal  
rmb->normal  
cpu->normal  
------------------------
time    hostname    OS   rootç‰ˆæœ¬   runtime  å¹³å‡è´Ÿè½½ã€€ã€€ç£ç›˜æ€»é‡ã€€ã€€ç£ç›˜æ‰€ç”¨ç™¾åˆ†æ¯”ã€€å†…å­˜å¤§å°ã€€ã€€å†…å­˜å·²ç”¨ç™¾åˆ†æ¯”ã€€cpuæ¸©åº¦ã€€ã€€ã€€ç£ç›˜è­¦æŠ¥çº§åˆ«ã€€ã€€å†…å­˜è­¦æŠ¥çº§åˆ«ã€€ã€€cpuè­¦æŠ¥çº§åˆ«
20181220_20:33:52  pi7 GNU/Linux 4.9.41-v7+  up_2_weeks,_5_days,_11_hours,_31_minutes  0.09 0.10 0.09 949572MB 380428MB 50% 29899MB 13988MB 49% 48Â°C  
disk->normal  
rmb->normal  
cpu->normal  
------------------------
time    hostname    OS   rootç‰ˆæœ¬   runtime  å¹³å‡è´Ÿè½½ã€€ã€€ç£ç›˜æ€»é‡ã€€ã€€ç£ç›˜æ‰€ç”¨ç™¾åˆ†æ¯”ã€€å†…å­˜å¤§å°ã€€ã€€å†…å­˜å·²ç”¨ç™¾åˆ†æ¯”ã€€cpuæ¸©åº¦ã€€ã€€ã€€ç£ç›˜è­¦æŠ¥çº§åˆ«ã€€ã€€å†…å­˜è­¦æŠ¥çº§åˆ«ã€€ã€€cpuè­¦æŠ¥çº§åˆ«
20181220_20:35:33  pi7 GNU/Linux 4.9.41-v7+  up_2_weeks,_5_days,_11_hours,_33_minutes  0.31 0.15 0.10 949572MB 378812MB 60% 29899MB 13989MB 49% 49Â°C  
disk->normal  
rmb->normal  
cpu->normal  
------------------------
time    hostname    OS   rootç‰ˆæœ¬   runtime  å¹³å‡è´Ÿè½½ã€€ã€€ç£ç›˜æ€»é‡ã€€ã€€ç£ç›˜æ‰€ç”¨ç™¾åˆ†æ¯”ã€€å†…å­˜å¤§å°ã€€ã€€å†…å­˜å·²ç”¨ç™¾åˆ†æ¯”ã€€cpuæ¸©åº¦ã€€ã€€ã€€ç£ç›˜è­¦æŠ¥çº§åˆ«ã€€ã€€å†…å­˜è­¦æŠ¥çº§åˆ«ã€€ã€€cpuè­¦æŠ¥çº§åˆ«
20181220_20:37:13  pi7 GNU/Linux 4.9.41-v7+  up_2_weeks,_5_days,_11_hours,_34_minutes  0.20 0.16 0.11 949572MB 378956MB 60% 29899MB 13989MB 49% 48Â°C  
disk->normal  
rmb->normal  
cpu->normal  
------------------------
time    hostname    OS   rootç‰ˆæœ¬   runtime  å¹³å‡è´Ÿè½½ã€€ã€€ç£ç›˜æ€»é‡ã€€ã€€ç£ç›˜æ‰€ç”¨ç™¾åˆ†æ¯”ã€€å†…å­˜å¤§å°ã€€ã€€å†…å­˜å·²ç”¨ç™¾åˆ†æ¯”ã€€cpuæ¸©åº¦ã€€ã€€ã€€ç£ç›˜è­¦æŠ¥çº§åˆ«ã€€ã€€å†…å­˜è­¦æŠ¥çº§åˆ«ã€€ã€€cpuè­¦æŠ¥çº§åˆ«
20181220_20:38:53  pi7 GNU/Linux 4.9.41-v7+  up_2_weeks,_5_days,_11_hours,_36_minutes  0.29 0.18 0.12 949572MB 375500MB 60% 29899MB 13988MB 49% 49Â°C  
disk->normal  
rmb->normal  
cpu->normal  
------------------------
time    hostname    OS   rootç‰ˆæœ¬   runtime  å¹³å‡è´Ÿè½½ã€€ã€€ç£ç›˜æ€»é‡ã€€ã€€ç£ç›˜æ‰€ç”¨ç™¾åˆ†æ¯”ã€€å†…å­˜å¤§å°ã€€ã€€å†…å­˜å·²ç”¨ç™¾åˆ†æ¯”ã€€cpuæ¸©åº¦ã€€ã€€ã€€ç£ç›˜è­¦æŠ¥çº§åˆ«ã€€ã€€å†…å­˜è­¦æŠ¥çº§åˆ«ã€€ã€€cpuè­¦æŠ¥çº§åˆ«
20181220_20:40:33  pi7 GNU/Linux 4.9.41-v7+  up_2_weeks,_5_days,_11_hours,_38_minutes  0.16 0.16 0.11 949572MB 375160MB 60% 29899MB 13988MB 49% 50Â°C  
disk->normal  
rmb->normal  
cpu->normal  
------------------------
time    hostname    OS   rootç‰ˆæœ¬   runtime  å¹³å‡è´Ÿè½½ã€€ã€€ç£ç›˜æ€»é‡ã€€ã€€ç£ç›˜æ‰€ç”¨ç™¾åˆ†æ¯”ã€€å†…å­˜å¤§å°ã€€ã€€å†…å­˜å·²ç”¨ç™¾åˆ†æ¯”ã€€cpuæ¸©åº¦ã€€ã€€ã€€ç£ç›˜è­¦æŠ¥çº§åˆ«ã€€ã€€å†…å­˜è­¦æŠ¥çº§åˆ«ã€€ã€€cpuè­¦æŠ¥çº§åˆ«
20181220_20:42:13  pi7 GNU/Linux 4.9.41-v7+  up_2_weeks,_5_days,_11_hours,_39_minutes  0.44 0.22 0.13 949572MB 375740MB 60% 29899MB 13988MB 49% 52Â°C  
disk->normal  
rmb->normal  
cpu->normal  
------------------------
time    hostname    OS   rootç‰ˆæœ¬   runtime  å¹³å‡è´Ÿè½½ã€€ã€€ç£ç›˜æ€»é‡ã€€ã€€ç£ç›˜æ‰€ç”¨ç™¾åˆ†æ¯”ã€€å†…å­˜å¤§å°ã€€ã€€å†…å­˜å·²ç”¨ç™¾åˆ†æ¯”ã€€cpuæ¸©åº¦ã€€ã€€ã€€ç£ç›˜è­¦æŠ¥çº§åˆ«ã€€ã€€å†…å­˜è­¦æŠ¥çº§åˆ«ã€€ã€€cpuè­¦æŠ¥çº§åˆ«
20181220_20:43:53  pi7 GNU/Linux 4.9.41-v7+  up_2_weeks,_5_days,_11_hours,_41_minutes  0.27 0.26 0.16 949572MB 375096MB 60% 29899MB 13988MB 49% 52Â°C  
disk->normal  
rmb->normal  
cpu->normal  
------------------------
time    hostname    OS   rootç‰ˆæœ¬   runtime  å¹³å‡è´Ÿè½½ã€€ã€€ç£ç›˜æ€»é‡ã€€ã€€ç£ç›˜æ‰€ç”¨ç™¾åˆ†æ¯”ã€€å†…å­˜å¤§å°ã€€ã€€å†…å­˜å·²ç”¨ç™¾åˆ†æ¯”ã€€cpuæ¸©åº¦ã€€ã€€ã€€ç£ç›˜è­¦æŠ¥çº§åˆ«ã€€ã€€å†…å­˜è­¦æŠ¥çº§åˆ«ã€€ã€€cpuè­¦æŠ¥çº§åˆ«
20181220_20:45:34  pi7 GNU/Linux 4.9.41-v7+  up_2_weeks,_5_days,_11_hours,_43_minutes  0.54 0.35 0.20 949572MB 379760MB 60% 29899MB 13988MB 49% 49Â°C  
disk->normal  
rmb->normal  
cpu->normal  
------------------------
time    hostname    OS   rootç‰ˆæœ¬   runtime  å¹³å‡è´Ÿè½½ã€€ã€€ç£ç›˜æ€»é‡ã€€ã€€ç£ç›˜æ‰€ç”¨ç™¾åˆ†æ¯”ã€€å†…å­˜å¤§å°ã€€ã€€å†…å­˜å·²ç”¨ç™¾åˆ†æ¯”ã€€cpuæ¸©åº¦ã€€ã€€ã€€ç£ç›˜è­¦æŠ¥çº§åˆ«ã€€ã€€å†…å­˜è­¦æŠ¥çº§åˆ«ã€€ã€€cpuè­¦æŠ¥çº§åˆ«
20181220_20:47:14  pi7 GNU/Linux 4.9.41-v7+  up_2_weeks,_5_days,_11_hours,_44_minutes  0.40 0.35 0.21 949572MB 378576MB 60% 29899MB 13988MB 49% 49Â°C  
disk->normal  
rmb->normal  
cpu->normal  
------------------------
time    hostname    OS   rootç‰ˆæœ¬   runtime  å¹³å‡è´Ÿè½½ã€€ã€€ç£ç›˜æ€»é‡ã€€ã€€ç£ç›˜æ‰€ç”¨ç™¾åˆ†æ¯”ã€€å†…å­˜å¤§å°ã€€ã€€å†…å­˜å·²ç”¨ç™¾åˆ†æ¯”ã€€cpuæ¸©åº¦ã€€ã€€ã€€ç£ç›˜è­¦æŠ¥çº§åˆ«ã€€ã€€å†…å­˜è­¦æŠ¥çº§åˆ«ã€€ã€€cpuè­¦æŠ¥çº§åˆ«
20181220_20:48:54  pi7 GNU/Linux 4.9.41-v7+  up_2_weeks,_5_days,_11_hours,_46_minutes  0.38 0.35 0.22 949572MB 379676MB 60% 29899MB 13988MB 49% 48Â°C  
disk->normal  
rmb->normal  
cpu->normal  
------------------------
time    hostname    OS   rootç‰ˆæœ¬   runtime  å¹³å‡è´Ÿè½½ã€€ã€€ç£ç›˜æ€»é‡ã€€ã€€ç£ç›˜æ‰€ç”¨ç™¾åˆ†æ¯”ã€€å†…å­˜å¤§å°ã€€ã€€å†…å­˜å·²ç”¨ç™¾åˆ†æ¯”ã€€cpuæ¸©åº¦ã€€ã€€ã€€ç£ç›˜è­¦æŠ¥çº§åˆ«ã€€ã€€å†…å­˜è­¦æŠ¥çº§åˆ«ã€€ã€€cpuè­¦æŠ¥çº§åˆ«
20181220_20:50:34  pi7 GNU/Linux 4.9.41-v7+  up_2_weeks,_5_days,_11_hours,_48_minutes  0.14 0.26 0.20 949572MB 379708MB 60% 29899MB 13988MB 49% 48Â°C  
disk->normal  
rmb->normal  
cpu->normal  
------------------------
time    hostname    OS   rootç‰ˆæœ¬   runtime  å¹³å‡è´Ÿè½½ã€€ã€€ç£ç›˜æ€»é‡ã€€ã€€ç£ç›˜æ‰€ç”¨ç™¾åˆ†æ¯”ã€€å†…å­˜å¤§å°ã€€ã€€å†…å­˜å·²ç”¨ç™¾åˆ†æ¯”ã€€cpuæ¸©åº¦ã€€ã€€ã€€ç£ç›˜è­¦æŠ¥çº§åˆ«ã€€ã€€å†…å­˜è­¦æŠ¥çº§åˆ«ã€€ã€€cpuè­¦æŠ¥çº§åˆ«
20181220_20:52:14  pi7 GNU/Linux 4.9.41-v7+  up_2_weeks,_5_days,_11_hours,_49_minutes  0.19 0.22 0.18 949572MB 379696MB 60% 29899MB 13988MB 49% 49Â°C  
disk->normal  
rmb->normal  
cpu->normal  
------------------------
time    hostname    OS   rootç‰ˆæœ¬   runtime  å¹³å‡è´Ÿè½½ã€€ã€€ç£ç›˜æ€»é‡ã€€ã€€ç£ç›˜æ‰€ç”¨ç™¾åˆ†æ¯”ã€€å†…å­˜å¤§å°ã€€ã€€å†…å­˜å·²ç”¨ç™¾åˆ†æ¯”ã€€cpuæ¸©åº¦ã€€ã€€ã€€ç£ç›˜è­¦æŠ¥çº§åˆ«ã€€ã€€å†…å­˜è­¦æŠ¥çº§åˆ«ã€€ã€€cpuè­¦æŠ¥çº§åˆ«
20181220_20:53:54  pi7 GNU/Linux 4.9.41-v7+  up_2_weeks,_5_days,_11_hours,_51_minutes  0.03 0.15 0.16 949572MB 385636MB 50% 29899MB 13988MB 49% 49Â°C  
disk->normal  
rmb->normal  
cpu->normal  
------------------------
time    hostname    OS   rootç‰ˆæœ¬   runtime  å¹³å‡è´Ÿè½½ã€€ã€€ç£ç›˜æ€»é‡ã€€ã€€ç£ç›˜æ‰€ç”¨ç™¾åˆ†æ¯”ã€€å†…å­˜å¤§å°ã€€ã€€å†…å­˜å·²ç”¨ç™¾åˆ†æ¯”ã€€cpuæ¸©åº¦ã€€ã€€ã€€ç£ç›˜è­¦æŠ¥çº§åˆ«ã€€ã€€å†…å­˜è­¦æŠ¥çº§åˆ«ã€€ã€€cpuè­¦æŠ¥çº§åˆ«
20181220_20:55:35  pi7 GNU/Linux 4.9.41-v7+  up_2_weeks,_5_days,_11_hours,_53_minutes  0.05 0.12 0.15 949572MB 385956MB 50% 29899MB 13988MB 49% 48Â°C  
disk->normal  
rmb->normal  
cpu->normal  
------------------------
time    hostname    OS   rootç‰ˆæœ¬   runtime  å¹³å‡è´Ÿè½½ã€€ã€€ç£ç›˜æ€»é‡ã€€ã€€ç£ç›˜æ‰€ç”¨ç™¾åˆ†æ¯”ã€€å†…å­˜å¤§å°ã€€ã€€å†…å­˜å·²ç”¨ç™¾åˆ†æ¯”ã€€cpuæ¸©åº¦ã€€ã€€ã€€ç£ç›˜è­¦æŠ¥çº§åˆ«ã€€ã€€å†…å­˜è­¦æŠ¥çº§åˆ«ã€€ã€€cpuè­¦æŠ¥çº§åˆ«
20181220_20:57:15  pi7 GNU/Linux 4.9.41-v7+  up_2_weeks,_5_days,_11_hours,_54_minutes  0.09 0.10 0.14 949572MB 386124MB 50% 29899MB 13988MB 49% 48Â°C  
disk->normal  
rmb->normal  
cpu->normal  
------------