------------
time    hostname    OS   root版本   runtime  平均负载　　磁盘总量　　磁盘所用百分比　内存大小　　内存已用百分比　cpu温度　　　磁盘警报级别　　内存警报级别　　cpu警报级别
20181220_18:43:38  pi8 GNU/Linux 4.9.41-v7+  up_2_weeks,_5_days,_9_hours,_40_minutes  0.03 0.03 0.00 949572MB 406388MB 50% 29899MB 14338MB 51% 42°C  
disk->normal  
rmb->note  
cpu->normal  
------------------------
time    hostname    OS   root版本   runtime  平均负载　　磁盘总量　　磁盘所用百分比　内存大小　　内存已用百分比　cpu温度　　　磁盘警报级别　　内存警报级别　　cpu警报级别
20181220_18:45:18  pi8 GNU/Linux 4.9.41-v7+  up_2_weeks,_5_days,_9_hours,_42_minutes  0.00 0.02 0.00 949572MB 405540MB 50% 29899MB 14338MB 51% 44°C  
disk->normal  
rmb->note  
cpu->normal  
------------------------
time    hostname    OS   root版本   runtime  平均负载　　磁盘总量　　磁盘所用百分比　内存大小　　内存已用百分比　cpu温度　　　磁盘警报级别　　内存警报级别　　cpu警报级别
20181220_18:46:58  pi8 GNU/Linux 4.9.41-v7+  up_2_weeks,_5_days,_9_hours,_43_minutes  0.24 0.09 0.03 949572MB 405532MB 50% 29899MB 14338MB 51% 44°C  
disk->normal  
rmb->note  
cpu->normal  
------------------------
time    hostname    OS   root版本   runtime  平均负载　　磁盘总量　　磁盘所用百分比　内存大小　　内存已用百分比　cpu温度　　　磁盘警报级别　　内存警报级别　　cpu警报级别
20181220_18:48:38  pi8 GNU/Linux 4.9.41-v7+  up_2_weeks,_5_days,_9_hours,_45_minutes  0.04 0.06 0.02 949572MB 410280MB 50% 29899MB 14338MB 51% 42°C  
disk->normal  
rmb->note  
cpu->normal  
------------------------
time    hostname    OS   root版本   runtime  平均负载　　磁盘总量　　磁盘所用百分比　内存大小　　内存已用百分比　cpu温度　　　磁盘警报级别　　内存警报级别　　cpu警报级别
20181220_18:50:18  pi8 GNU/Linux 4.9.41-v7+  up_2_weeks,_5_days,_9_hours,_47_minutes  0.01 0.04 0.01 949572MB 410048MB 50% 29899MB 14338MB 51% 43°C  
disk->normal  
rmb->note  
cpu->normal  
------------------------
time    hostname    OS   root版本   runtime  平均负载　　磁盘总量　　磁盘所用百分比　内存大小　　内存已用百分比　cpu温度　　　磁盘警报级别　　内存警报级别　　cpu警报级别
20181220_18:51:58  pi8 GNU/Linux 4.9.41-v7+  up_2_weeks,_5_days,_9_hours,_48_minutes  0.00 0.03 0.00 949572MB 410064MB 50% 29899MB 14338MB 51% 42°C  
disk->normal  
rmb->note  
cpu->normal  
------------------------
time    hostname    OS   root版本   runtime  平均负载　　磁盘总量　　磁盘所用百分比　内存大小　　内存已用百分比　cpu温度　　　磁盘警报级别　　内存警报级别　　cpu警报级别
20181220_18:53:39  pi8 GNU/Linux 4.9.41-v7+  up_2_weeks,_5_days,_9_hours,_50_minutes  0.00 0.02 0.00 949572MB 409952MB 50% 29899MB 14338MB 51% 42°C  
disk->normal  
rmb->note  
cpu->normal  
------------------------
time    hostname    OS   root版本   runtime  平均负载　　磁盘总量　　磁盘所用百分比　内存大小　　内存已用百分比　cpu温度　　　磁盘警报级别　　内存警报级别　　cpu警报级别
20181220_18:55:19  pi8 GNU/Linux 4.9.41-v7+  up_2_weeks,_5_days,_9_hours,_52_minutes  0.00 0.01 0.00 949572MB 409720MB 50% 29899MB 14338MB 51% 43°C  
disk->normal  
rmb->note  
cpu->normal  
------------------------
time    hostname    OS   root版本   runtime  平均负载　　磁盘总量　　磁盘所用百分比　内存大小　　内存已用百分比　cpu温度　　　磁盘警报级别　　内存警报级别　　cpu警报级别
20181220_18:56:59  pi8 GNU/Linux 4.9.41-v7+  up_2_weeks,_5_days,_9_hours,_53_minutes  0.00 0.00 0.00 949572MB 410032MB 50% 29899MB 14338MB 51% 43°C  
disk->normal  
rmb->note  
cpu->normal  
------------------------
time    hostname    OS   root版本   runtime  平均负载　　磁盘总量　　磁盘所用百分比　内存大小　　内存已用百分比　cpu温度　　　磁盘警报级别　　内存警报级别　　cpu警报级别
20181220_18:58:39  pi8 GNU/Linux 4.9.41-v7+  up_2_weeks,_5_days,_9_hours,_55_minutes  0.00 0.00 0.00 949572MB 409836MB 50% 29899MB 14338MB 51% 43°C  
disk->normal  
rmb->note  
cpu->normal  
------------------------
time    hostname    OS   root版本   runtime  平均负载　　磁盘总量　　磁盘所用百分比　内存大小　　内存已用百分比　cpu温度　　　磁盘警报级别　　内存警报级别　　cpu警报级别
20181220_19:00:19  pi8 GNU/Linux 4.9.41-v7+  up_2_weeks,_5_days,_9_hours,_57_minutes  0.32 0.08 0.03 949572MB 405832MB 50% 29899MB 14338MB 51% 44°C  
disk->normal  
rmb->note  
cpu->normal  
------------------------
time    hostname    OS   root版本   runtime  平均负载　　磁盘总量　　磁盘所用百分比　内存大小　　内存已用百分比　cpu温度　　　磁盘警报级别　　内存警报级别　　cpu警报级别
20181220_19:01:59  pi8 GNU/Linux 4.9.41-v7+  up_2_weeks,_5_days,_9_hours,_58_minutes  0.10 0.07 0.02 949572MB 406240MB 50% 29899MB 14338MB 51% 42°C  
disk->normal  
rmb->note  
cpu->normal  
------------------------
time    hostname    OS   root版本   runtime  平均负载　　磁盘总量　　磁盘所用百分比　内存大小　　内存已用百分比　cpu温度　　　磁盘警报级别　　内存警报级别　　cpu警报级别
20181220_19:03:40  pi8 GNU/Linux 4.9.41-v7+  up_2_weeks,_5_days,_10_hours  0.02 0.04 0.01 949572MB 402648MB 50% 29899MB 14338MB 51% 44°C  
disk->normal  
rmb->note  
cpu->normal  
------------------------
time    hostname    OS   root版本   runtime  平均负载　　磁盘总量　　磁盘所用百分比　内存大小　　内存已用百分比　cpu温度　　　磁盘警报级别　　内存警报级别　　cpu警报级别
20181220_19:05:20  pi8 GNU/Linux 4.9.41-v7+  up_2_weeks,_5_days,_10_hours,_2_minutes  0.00 0.03 0.00 949572MB 405764MB 50% 29899MB 14338MB 51% 43°C  
disk->normal  
rmb->note  
cpu->normal  
------------------------
time    hostname    OS   root版本   runtime  平均负载　　磁盘总量　　磁盘所用百分比　内存大小　　内存已用百分比　cpu温度　　　磁盘警报级别　　内存警报级别　　cpu警报级别
20181220_19:07:00  pi8 GNU/Linux 4.9.41-v7+  up_2_weeks,_5_days,_10_hours,_3_minutes  0.00 0.02 0.00 949572MB 402016MB 50% 29899MB 14338MB 51% 42°C  
disk->normal  
rmb->note  
cpu->normal  
------------------------
time    hostname    OS   root版本   runtime  平均负载　　磁盘总量　　磁盘所用百分比　内存大小　　内存已用百分比　cpu温度　　　磁盘警报级别　　内存警报级别　　cpu警报级别
20181220_19:08:40  pi8 GNU/Linux 4.9.41-v7+  up_2_weeks,_5_days,_10_hours,_5_minutes  0.00 0.01 0.00 949572MB 402188MB 50% 29899MB 14338MB 51% 42°C  
disk->normal  
rmb->note  
cpu->normal  
------------------------
time    hostname    OS   root版本   runtime  平均负载　　磁盘总量　　磁盘所用百分比　内存大小　　内存已用百分比　cpu温度　　　磁盘警报级别　　内存警报级别　　cpu警报级别
20181220_19:10:20  pi8 GNU/Linux 4.9.41-v7+  up_2_weeks,_5_days,_10_hours,_7_minutes  0.00 0.00 0.00 949572MB 402196MB 50% 29899MB 14338MB 51% 44°C  
disk->normal  
rmb->note  
cpu->normal  
------------------------
time    hostname    OS   root版本   runtime  平均负载　　磁盘总量　　磁盘所用百分比　内存大小　　内存已用百分比　cpu温度　　　磁盘警报级别　　内存警报级别　　cpu警报级别
20181220_19:12:00  pi8 GNU/Linux 4.9.41-v7+  up_2_weeks,_5_days,_10_hours,_8_minutes  0.00 0.00 0.00 949572MB 402112MB 50% 29899MB 14338MB 51% 43°C  
disk->normal  
rmb->note  
cpu->normal  
------------------------
time    hostname    OS   root版本   runtime  平均负载　　磁盘总量　　磁盘所用百分比　内存大小　　内存已用百分比　cpu温度　　　磁盘警报级别　　内存警报级别　　cpu警报级别
20181220_19:13:41  pi8 GNU/Linux 4.9.41-v7+  up_2_weeks,_5_days,_10_hours,_10_minutes  0.00 0.00 0.00 949572MB 402392MB 50% 29899MB 14338MB 51% 42°C  
disk->normal  
rmb->note  
cpu->normal  
------------------------
time    hostname    OS   root版本   runtime  平均负载　　磁盘总量　　磁盘所用百分比　内存大小　　内存已用百分比　cpu温度　　　磁盘警报级别　　内存警报级别　　cpu警报级别
20181220_19:15:21  pi8 GNU/Linux 4.9.41-v7+  up_2_weeks,_5_days,_10_hours,_12_minutes  0.00 0.00 0.00 949572MB 402196MB 50% 29899MB 14338MB 51% 43°C  
disk->normal  
rmb->note  
cpu->normal  
------------------------
time    hostname    OS   root版本   runtime  平均负载　　磁盘总量　　磁盘所用百分比　内存大小　　内存已用百分比　cpu温度　　　磁盘警报级别　　内存警报级别　　cpu警报级别
20181220_19:17:01  pi8 GNU/Linux 4.9.41-v7+  up_2_weeks,_5_days,_10_hours,_13_minutes  0.00 0.00 0.00 949572MB 402284MB 50% 29899MB 14338MB 51% 42°C  
disk->normal  
rmb->note  
cpu->normal  
------------------------
time    hostname    OS   root版本   runtime  平均负载　　磁盘总量　　磁盘所用百分比　内存大小　　内存已用百分比　cpu温度　　　磁盘警报级别　　内存警报级别　　cpu警报级别
20181220_19:18:41  pi8 GNU/Linux 4.9.41-v7+  up_2_weeks,_5_days,_10_hours,_15_minutes  0.00 0.00 0.00 949572MB 402268MB 50% 29899MB 14338MB 51% 42°C  
disk->normal  
rmb->note  
cpu->normal  
------------------------
time    hostname    OS   root版本   runtime  平均负载　　磁盘总量　　磁盘所用百分比　内存大小　　内存已用百分比　cpu温度　　　磁盘警报级别　　内存警报级别　　cpu警报级别
20181220_19:20:21  pi8 GNU/Linux 4.9.41-v7+  up_2_weeks,_5_days,_10_hours,_17_minutes  0.00 0.00 0.00 949572MB 402276MB 50% 29899MB 14338MB 51% 42°C  
disk->normal  
rmb->note  
cpu->normal  
------------------------
time    hostname    OS   root版本   runtime  平均负载　　磁盘总量　　磁盘所用百分比　内存大小　　内存已用百分比　cpu温度　　　磁盘警报级别　　内存警报级别　　cpu警报级别
20181220_19:22:01  pi8 GNU/Linux 4.9.41-v7+  up_2_weeks,_5_days,_10_hours,_18_minutes  0.00 0.00 0.00 949572MB 402188MB 50% 29899MB 14338MB 51% 42°C  
disk->normal  
rmb->note  
cpu->normal  
------------------------
time    hostname    OS   root版本   runtime  平均负载　　磁盘总量　　磁盘所用百分比　内存大小　　内存已用百分比　cpu温度　　　磁盘警报级别　　内存警报级别　　cpu警报级别
20181220_19:23:42  pi8 GNU/Linux 4.9.41-v7+  up_2_weeks,_5_days,_10_hours,_20_minutes  0.24 0.05 0.02 949572MB 401704MB 50% 29899MB 14338MB 51% 44°C  
disk->normal  
rmb->note  
cpu->normal  
------------------------
time    hostname    OS   root版本   runtime  平均负载　　磁盘总量　　磁盘所用百分比　内存大小　　内存已用百分比　cpu温度　　　磁盘警报级别　　内存警报级别　　cpu警报级别
20181220_19:25:22  pi8 GNU/Linux 4.9.41-v7+  up_2_weeks,_5_days,_10_hours,_22_minutes  0.50 0.15 0.05 949572MB 401876MB 50% 29899MB 14338MB 51% 44°C  
disk->normal  
rmb->note  
cpu->normal  
------------------------
time    hostname    OS   root版本   runtime  平均负载　　磁盘总量　　磁盘所用百分比　内存大小　　内存已用百分比　cpu温度　　　磁盘警报级别　　内存警报级别　　cpu警报级别
20181220_19:27:02  pi8 GNU/Linux 4.9.41-v7+  up_2_weeks,_5_days,_10_hours,_23_minutes  0.14 0.13 0.05 949572MB 397608MB 50% 29899MB 14338MB 51% 45°C  
disk->normal  
rmb->note  
cpu->normal  
------------------------
time    hostname    OS   root版本   runtime  平均负载　　磁盘总量　　磁盘所用百分比　内存大小　　内存已用百分比　cpu温度　　　磁盘警报级别　　内存警报级别　　cpu警报级别
20181220_19:28:42  pi8 GNU/Linux 4.9.41-v7+  up_2_weeks,_5_days,_10_hours,_25_minutes  0.08 0.10 0.04 949572MB 397748MB 50% 29899MB 14338MB 51% 44°C  
disk->normal  
rmb->note  
cpu->normal  
------------------------
time    hostname    OS   root版本   runtime  平均负载　　磁盘总量　　磁盘所用百分比　内存大小　　内存已用百分比　cpu温度　　　磁盘警报级别　　内存警报级别　　cpu警报级别
20181220_19:30:22  pi8 GNU/Linux 4.9.41-v7+  up_2_weeks,_5_days,_10_hours,_27_minutes  0.01 0.07 0.03 949572MB 397924MB 50% 29899MB 14338MB 51% 44°C  
disk->normal  
rmb->note  
cpu->normal  
------------------------
time    hostname    OS   root版本   runtime  平均负载　　磁盘总量　　磁盘所用百分比　内存大小　　内存已用百分比　cpu温度　　　磁盘警报级别　　内存警报级别　　cpu警报级别
20181220_19:32:02  pi8 GNU/Linux 4.9.41-v7+  up_2_weeks,_5_days,_10_hours,_28_minutes  0.13 0.11 0.05 949572MB 397920MB 50% 29899MB 14338MB 51% 44°C  
disk->normal  
rmb->note  
cpu->normal  
------------------------
time    hostname    OS   root版本   runtime  平均负载　　磁盘总量　　磁盘所用百分比　内存大小　　内存已用百分比　cpu温度　　　磁盘警报级别　　内存警报级别　　cpu警报级别
20181220_19:33:42  pi8 GNU/Linux 4.9.41-v7+  up_2_weeks,_5_days,_10_hours,_30_minutes  0.14 0.11 0.05 949572MB 397564MB 50% 29899MB 14338MB 51% 44°C  
disk->normal  
rmb->note  
cpu->normal  
------------------------
time    hostname    OS   root版本   runtime  平均负载　　磁盘总量　　磁盘所用百分比　内存大小　　内存已用百分比　cpu温度　　　磁盘警报级别　　内存警报级别　　cpu警报级别
20181220_19:35:23  pi8 GNU/Linux 4.9.41-v7+  up_2_weeks,_5_days,_10_hours,_32_minutes  0.18 0.11 0.06 949572MB 397944MB 50% 29899MB 14338MB 51% 44°C  
disk->normal  
rmb->note  
cpu->normal  
------------------------
time    hostname    OS   root版本   runtime  平均负载　　磁盘总量　　磁盘所用百分比　内存大小　　内存已用百分比　cpu温度　　　磁盘警报级别　　内存警报级别　　cpu警报级别
20181220_19:37:03  pi8 GNU/Linux 4.9.41-v7+  up_2_weeks,_5_days,_10_hours,_33_minutes  0.11 0.10 0.06 949572MB 397640MB 50% 29899MB 14338MB 51% 44°C  
disk->normal  
rmb->note  
cpu->normal  
------------------------
time    hostname    OS   root版本   runtime  平均负载　　磁盘总量　　磁盘所用百分比　内存大小　　内存已用百分比　cpu温度　　　磁盘警报级别　　内存警报级别　　cpu警报级别
20181220_19:38:43  pi8 GNU/Linux 4.9.41-v7+  up_2_weeks,_5_days,_10_hours,_35_minutes  0.05 0.09 0.06 949572MB 389636MB 50% 29899MB 14339MB 51% 44°C  
disk->normal  
rmb->note  
cpu->normal  
------------------------
time    hostname    OS   root版本   runtime  平均负载　　磁盘总量　　磁盘所用百分比　内存大小　　内存已用百分比　cpu温度　　　磁盘警报级别　　内存警报级别　　cpu警报级别
20181220_19:40:23  pi8 GNU/Linux 4.9.41-v7+  up_2_weeks,_5_days,_10_hours,_37_minutes  0.07 0.09 0.06 949572MB 390608MB 50% 29899MB 14339MB 51% 43°C  
disk->normal  
rmb->note  
cpu->normal  
------------------------
time    hostname    OS   root版本   runtime  平均负载　　磁盘总量　　磁盘所用百分比　内存大小　　内存已用百分比　cpu温度　　　磁盘警报级别　　内存警报级别　　cpu警报级别
20181220_19:42:03  pi8 GNU/Linux 4.9.41-v7+  up_2_weeks,_5_days,_10_hours,_38_minutes  0.18 0.15 0.09 949572MB 390836MB 50% 29899MB 14339MB 51% 44°C  
disk->normal  
rmb->note  
cpu->normal  
------------------------
time    hostname    OS   root版本   runtime  平均负载　　磁盘总量　　磁盘所用百分比　内存大小　　内存已用百分比　cpu温度　　　磁盘警报级别　　内存警报级别　　cpu警报级别
20181220_19:43:43  pi8 GNU/Linux 4.9.41-v7+  up_2_weeks,_5_days,_10_hours,_40_minutes  0.16 0.17 0.10 949572MB 390472MB 50% 29899MB 14339MB 51% 44°C  
disk->normal  
rmb->note  
cpu->normal  
------------------------
time    hostname    OS   root版本   runtime  平均负载　　磁盘总量　　磁盘所用百分比　内存大小　　内存已用百分比　cpu温度　　　磁盘警报级别　　内存警报级别　　cpu警报级别
20181220_19:45:23  pi8 GNU/Linux 4.9.41-v7+  up_2_weeks,_5_days,_10_hours,_42_minutes  0.03 0.12 0.08 949572MB 394328MB 50% 29899MB 14339MB 51% 43°C  
disk->normal  
rmb->note  
cpu->normal  
------------------------
time    hostname    OS   root版本   runtime  平均负载　　磁盘总量　　磁盘所用百分比　内存大小　　内存已用百分比　cpu温度　　　磁盘警报级别　　内存警报级别　　cpu警报级别
20181220_19:47:04  pi8 GNU/Linux 4.9.41-v7+  up_2_weeks,_5_days,_10_hours,_43_minutes  0.05 0.11 0.09 949572MB 394308MB 50% 29899MB 14339MB 51% 44°C  
disk->normal  
rmb->note  
cpu->normal  
------------------------
time    hostname    OS   root版本   runtime  平均负载　　磁盘总量　　磁盘所用百分比　内存大小　　内存已用百分比　cpu温度　　　磁盘警报级别　　内存警报级别　　cpu警报级别
20181220_19:48:44  pi8 GNU/Linux 4.9.41-v7+  up_2_weeks,_5_days,_10_hours,_45_minutes  0.01 0.07 0.08 949572MB 394144MB 50% 29899MB 14339MB 51% 43°C  
disk->normal  
rmb->note  
cpu->normal  
------------------------
time    hostname    OS   root版本   runtime  平均负载　　磁盘总量　　磁盘所用百分比　内存大小　　内存已用百分比　cpu温度　　　磁盘警报级别　　内存警报级别　　cpu警报级别
20181220_19:50:24  pi8 GNU/Linux 4.9.41-v7+  up_2_weeks,_5_days,_10_hours,_47_minutes  0.06 0.06 0.07 949572MB 393780MB 50% 29899MB 14339MB 51% 43°C  
disk->normal  
rmb->note  
cpu->normal  
------------------------
time    hostname    OS   root版本   runtime  平均负载　　磁盘总量　　磁盘所用百分比　内存大小　　内存已用百分比　cpu温度　　　磁盘警报级别　　内存警报级别　　cpu警报级别
20181220_19:52:04  pi8 GNU/Linux 4.9.41-v7+  up_2_weeks,_5_days,_10_hours,_48_minutes  0.05 0.06 0.07 949572MB 394524MB 50% 29899MB 14339MB 51% 44°C  
disk->normal  
rmb->note  
cpu->normal  
------------------------
time    hostname    OS   root版本   runtime  平均负载　　磁盘总量　　磁盘所用百分比　内存大小　　内存已用百分比　cpu温度　　　磁盘警报级别　　内存警报级别　　cpu警报级别
20181220_19:53:44  pi8 GNU/Linux 4.9.41-v7+  up_2_weeks,_5_days,_10_hours,_50_minutes  0.08 0.05 0.06 949572MB 394020MB 50% 29899MB 14339MB 51% 43°C  
disk->normal  
rmb->note  
cpu->normal  
------------------------
time    hostname    OS   root版本   runtime  平均负载　　磁盘总量　　磁盘所用百分比　内存大小　　内存已用百分比　cpu温度　　　磁盘警报级别　　内存警报级别　　cpu警报级别
20181220_19:55:24  pi8 GNU/Linux 4.9.41-v7+  up_2_weeks,_5_days,_10_hours,_52_minutes  0.15 0.09 0.08 949572MB 394696MB 50% 29899MB 14339MB 51% 43°C  
disk->normal  
rmb->note  
cpu->normal  
------------------------
time    hostname    OS   root版本   runtime  平均负载　　磁盘总量　　磁盘所用百分比　内存大小　　内存已用百分比　cpu温度　　　磁盘警报级别　　内存警报级别　　cpu警报级别
20181220_19:57:05  pi8 GNU/Linux 4.9.41-v7+  up_2_weeks,_5_days,_10_hours,_53_minutes  0.37 0.17 0.11 949572MB 394232MB 50% 29899MB 14339MB 51% 44°C  
disk->normal  
rmb->note  
cpu->normal  
------------------------
time    hostname    OS   root版本   runtime  平均负载　　磁盘总量　　磁盘所用百分比　内存大小　　内存已用百分比　cpu温度　　　磁盘警报级别　　内存警报级别　　cpu警报级别
20181220_19:58:45  pi8 GNU/Linux 4.9.41-v7+  up_2_weeks,_5_days,_10_hours,_55_minutes  0.35 0.24 0.14 949572MB 394292MB 50% 29899MB 14339MB 51% 44°C  
disk->normal  
rmb->note  
cpu->normal  
------------------------
time    hostname    OS   root版本   runtime  平均负载　　磁盘总量　　磁盘所用百分比　内存大小　　内存已用百分比　cpu温度　　　磁盘警报级别　　内存警报级别　　cpu警报级别
20181220_20:00:25  pi8 GNU/Linux 4.9.41-v7+  up_2_weeks,_5_days,_10_hours,_57_minutes  0.19 0.23 0.15 949572MB 394116MB 50% 29899MB 14339MB 51% 43°C  
disk->normal  
rmb->note  
cpu->normal  
------------------------
time    hostname    OS   root版本   runtime  平均负载　　磁盘总量　　磁盘所用百分比　内存大小　　内存已用百分比　cpu温度　　　磁盘警报级别　　内存警报级别　　cpu警报级别
20181220_20:02:05  pi8 GNU/Linux 4.9.41-v7+  up_2_weeks,_5_days,_10_hours,_58_minutes  0.10 0.18 0.13 949572MB 393252MB 50% 29899MB 14339MB 51% 44°C  
disk->normal  
rmb->note  
cpu->normal  
------------------------
time    hostname    OS   root版本   runtime  平均负载　　磁盘总量　　磁盘所用百分比　内存大小　　内存已用百分比　cpu温度　　　磁盘警报级别　　内存警报级别　　cpu警报级别
20181220_20:03:45  pi8 GNU/Linux 4.9.41-v7+  up_2_weeks,_5_days,_11_hours  0.02 0.12 0.11 949572MB 394376MB 50% 29899MB 14339MB 51% 44°C  
disk->normal  
rmb->note  
cpu->normal  
------------------------
time    hostname    OS   root版本   runtime  平均负载　　磁盘总量　　磁盘所用百分比　内存大小　　内存已用百分比　cpu温度　　　磁盘警报级别　　内存警报级别　　cpu警报级别
20181220_20:05:25  pi8 GNU/Linux 4.9.41-v7+  up_2_weeks,_5_days,_11_hours,_2_minutes  0.12 0.12 0.10 949572MB 394416MB 50% 29899MB 14339MB 51% 44°C  
disk->normal  
rmb->note  
cpu->normal  
------------------------
time    hostname    OS   root版本   runtime  平均负载　　磁盘总量　　磁盘所用百分比　内存大小　　内存已用百分比　cpu温度　　　磁盘警报级别　　内存警报级别　　cpu警报级别
20181220_20:07:06  pi8 GNU/Linux 4.9.41-v7+  up_2_weeks,_5_days,_11_hours,_3_minutes  0.02 0.08 0.09 949572MB 394928MB 50% 29899MB 14339MB 51% 43°C  
disk->normal  
rmb->note  
cpu->normal  
------------------------
time    hostname    OS   root版本   runtime  平均负载　　磁盘总量　　磁盘所用百分比　内存大小　　内存已用百分比　cpu温度　　　磁盘警报级别　　内存警报级别　　cpu警报级别
20181220_20:08:46  pi8 GNU/Linux 4.9.41-v7+  up_2_weeks,_5_days,_11_hours,_5_minutes  0.12 0.08 0.09 949572MB 394324MB 50% 29899MB 14339MB 51% 44°C  
disk->normal  
rmb->note  
cpu->normal  
------------------------
time    hostname    OS   root版本   runtime  平均负载　　磁盘总量　　磁盘所用百分比　内存大小　　内存已用百分比　cpu温度　　　磁盘警报级别　　内存警报级别　　cpu警报级别
20181220_20:10:26  pi8 GNU/Linux 4.9.41-v7+  up_2_weeks,_5_days,_11_hours,_7_minutes  0.15 0.11 0.09 949572MB 393716MB 50% 29899MB 14339MB 51% 44°C  
disk->normal  
rmb->note  
cpu->normal  
------------------------
time    hostname    OS   root版本   runtime  平均负载　　磁盘总量　　磁盘所用百分比　内存大小　　内存已用百分比　cpu温度　　　磁盘警报级别　　内存警报级别　　cpu警报级别
20181220_20:12:06  pi8 GNU/Linux 4.9.41-v7+  up_2_weeks,_5_days,_11_hours,_8_minutes  0.12 0.12 0.09 949572MB 389356MB 50% 29899MB 14339MB 51% 44°C  
disk->normal  
rmb->note  
cpu->normal  
------------------------
time    hostname    OS   root版本   runtime  平均负载　　磁盘总量　　磁盘所用百分比　内存大小　　内存已用百分比　cpu温度　　　磁盘警报级别　　内存警报级别　　cpu警报级别
20181220_20:13:46  pi8 GNU/Linux 4.9.41-v7+  up_2_weeks,_5_days,_11_hours,_10_minutes  0.15 0.12 0.09 949572MB 390196MB 50% 29899MB 14339MB 51% 45°C  
disk->normal  
rmb->note  
cpu->normal  
------------------------
time    hostname    OS   root版本   runtime  平均负载　　磁盘总量　　磁盘所用百分比　内存大小　　内存已用百分比　cpu温度　　　磁盘警报级别　　内存警报级别　　cpu警报级别
20181220_20:15:26  pi8 GNU/Linux 4.9.41-v7+  up_2_weeks,_5_days,_11_hours,_12_minutes  0.35 0.26 0.15 949572MB 390176MB 50% 29899MB 14339MB 51% 44°C  
disk->normal  
rmb->note  
cpu->normal  
------------------------
time    hostname    OS   root版本   runtime  平均负载　　磁盘总量　　磁盘所用百分比　内存大小　　内存已用百分比　cpu温度　　　磁盘警报级别　　内存警报级别　　cpu警报级别
20181220_20:17:07  pi8 GNU/Linux 4.9.41-v7+  up_2_weeks,_5_days,_11_hours,_13_minutes  0.34 0.29 0.17 949572MB 390260MB 50% 29899MB 14339MB 51% 45°C  
disk->normal  
rmb->note  
cpu->normal  
------------------------
time    hostname    OS   root版本   runtime  平均负载　　磁盘总量　　磁盘所用百分比　内存大小　　内存已用百分比　cpu温度　　　磁盘警报级别　　内存警报级别　　cpu警报级别
20181220_20:18:47  pi8 GNU/Linux 4.9.41-v7+  up_2_weeks,_5_days,_11_hours,_15_minutes  0.54 0.34 0.20 949572MB 389376MB 50% 29899MB 14339MB 51% 44°C  
disk->normal  
rmb->note  
cpu->normal  
------------------------
time    hostname    OS   root版本   runtime  平均负载　　磁盘总量　　磁盘所用百分比　内存大小　　内存已用百分比　cpu温度　　　磁盘警报级别　　内存警报级别　　cpu警报级别
20181220_20:20:27  pi8 GNU/Linux 4.9.41-v7+  up_2_weeks,_5_days,_11_hours,_17_minutes  0.22 0.28 0.19 949572MB 390268MB 50% 29899MB 14339MB 51% 44°C  
disk->normal  
rmb->note  
cpu->normal  
------------------------
time    hostname    OS   root版本   runtime  平均负载　　磁盘总量　　磁盘所用百分比　内存大小　　内存已用百分比　cpu温度　　　磁盘警报级别　　内存警报级别　　cpu警报级别
20181220_20:22:07  pi8 GNU/Linux 4.9.41-v7+  up_2_weeks,_5_days,_11_hours,_18_minutes  0.06 0.21 0.17 949572MB 389752MB 50% 29899MB 14339MB 51% 44°C  
disk->normal  
rmb->note  
cpu->normal  
------------------------
time    hostname    OS   root版本   runtime  平均负载　　磁盘总量　　磁盘所用百分比　内存大小　　内存已用百分比　cpu温度　　　磁盘警报级别　　内存警报级别　　cpu警报级别
20181220_20:23:47  pi8 GNU/Linux 4.9.41-v7+  up_2_weeks,_5_days,_11_hours,_20_minutes  0.03 0.16 0.16 949572MB 385308MB 50% 29899MB 14339MB 51% 44°C  
disk->normal  
rmb->note  
cpu->normal  
------------------------
time    hostname    OS   root版本   runtime  平均负载　　磁盘总量　　磁盘所用百分比　内存大小　　内存已用百分比　cpu温度　　　磁盘警报级别　　内存警报级别　　cpu警报级别
20181220_20:25:27  pi8 GNU/Linux 4.9.41-v7+  up_2_weeks,_5_days,_11_hours,_22_minutes  0.00 0.11 0.14 949572MB 386048MB 50% 29899MB 14339MB 51% 44°C  
disk->normal  
rmb->note  
cpu->normal  
------------------------
time    hostname    OS   root版本   runtime  平均负载　　磁盘总量　　磁盘所用百分比　内存大小　　内存已用百分比　cpu温度　　　磁盘警报级别　　内存警报级别　　cpu警报级别
20181220_20:27:07  pi8 GNU/Linux 4.9.41-v7+  up_2_weeks,_5_days,_11_hours,_23_minutes  0.02 0.09 0.12 949572MB 386536MB 50% 29899MB 14339MB 51% 44°C  
disk->normal  
rmb->note  
cpu->normal  
------------------------
time    hostname    OS   root版本   runtime  平均负载　　磁盘总量　　磁盘所用百分比　内存大小　　内存已用百分比　cpu温度　　　磁盘警报级别　　内存警报级别　　cpu警报级别
20181220_20:28:48  pi8 GNU/Linux 4.9.41-v7+  up_2_weeks,_5_days,_11_hours,_25_minutes  0.00 0.06 0.10 949572MB 389940MB 50% 29899MB 14339MB 51% 44°C  
disk->normal  
rmb->note  
cpu->normal  
------------------------
time    hostname    OS   root版本   runtime  平均负载　　磁盘总量　　磁盘所用百分比　内存大小　　内存已用百分比　cpu温度　　　磁盘警报级别　　内存警报级别　　cpu警报级别
20181220_20:30:28  pi8 GNU/Linux 4.9.41-v7+  up_2_weeks,_5_days,_11_hours,_27_minutes  0.00 0.04 0.09 949572MB 389856MB 50% 29899MB 14339MB 51% 44°C  
disk->normal  
rmb->note  
cpu->normal  
------------------------
time    hostname    OS   root版本   runtime  平均负载　　磁盘总量　　磁盘所用百分比　内存大小　　内存已用百分比　cpu温度　　　磁盘警报级别　　内存警报级别　　cpu警报级别
20181220_20:32:08  pi8 GNU/Linux 4.9.41-v7+  up_2_weeks,_5_days,_11_hours,_28_minutes  0.22 0.09 0.10 949572MB 386180MB 50% 29899MB 14339MB 51% 44°C  
disk->normal  
rmb->note  
cpu->normal  
------------------------
time    hostname    OS   root版本   runtime  平均负载　　磁盘总量　　磁盘所用百分比　内存大小　　内存已用百分比　cpu温度　　　磁盘警报级别　　内存警报级别　　cpu警报级别
20181220_20:33:48  pi8 GNU/Linux 4.9.41-v7+  up_2_weeks,_5_days,_11_hours,_30_minutes  0.52 0.25 0.16 949572MB 385736MB 50% 29899MB 14339MB 51% 44°C  
disk->normal  
rmb->note  
cpu->normal  
------------------------
time    hostname    OS   root版本   runtime  平均负载　　磁盘总量　　磁盘所用百分比　内存大小　　内存已用百分比　cpu温度　　　磁盘警报级别　　内存警报级别　　cpu警报级别
20181220_20:35:28  pi8 GNU/Linux 4.9.41-v7+  up_2_weeks,_5_days,_11_hours,_32_minutes  0.10 0.17 0.14 949572MB 384692MB 50% 29899MB 14339MB 51% 44°C  
disk->normal  
rmb->note  
cpu->normal  
------------------------
time    hostname    OS   root版本   runtime  平均负载　　磁盘总量　　磁盘所用百分比　内存大小　　内存已用百分比　cpu温度　　　磁盘警报级别　　内存警报级别　　cpu警报级别
20181220_20:37:08  pi8 GNU/Linux 4.9.41-v7+  up_2_weeks,_5_days,_11_hours,_33_minutes  0.06 0.15 0.13 949572MB 386200MB 50% 29899MB 14339MB 51% 44°C  
disk->normal  
rmb->note  
cpu->normal  
------------------------
time    hostname    OS   root版本   runtime  平均负载　　磁盘总量　　磁盘所用百分比　内存大小　　内存已用百分比　cpu温度　　　磁盘警报级别　　内存警报级别　　cpu警报级别
20181220_20:38:49  pi8 GNU/Linux 4.9.41-v7+  up_2_weeks,_5_days,_11_hours,_35_minutes  0.23 0.17 0.14 949572MB 386316MB 50% 29899MB 14339MB 51% 42°C  
disk->normal  
rmb->note  
cpu->normal  
------------------------
time    hostname    OS   root版本   runtime  平均负载　　磁盘总量　　磁盘所用百分比　内存大小　　内存已用百分比　cpu温度　　　磁盘警报级别　　内存警报级别　　cpu警报级别
20181220_20:40:29  pi8 GNU/Linux 4.9.41-v7+  up_2_weeks,_5_days,_11_hours,_37_minutes  0.20 0.17 0.14 949572MB 386428MB 50% 29899MB 14339MB 51% 44°C  
disk->normal  
rmb->note  
cpu->normal  
------------------------
time    hostname    OS   root版本   runtime  平均负载　　磁盘总量　　磁盘所用百分比　内存大小　　内存已用百分比　cpu温度　　　磁盘警报级别　　内存警报级别　　cpu警报级别
20181220_20:42:09  pi8 GNU/Linux 4.9.41-v7+  up_2_weeks,_5_days,_11_hours,_38_minutes  0.04 0.12 0.12 949572MB 386072MB 50% 29899MB 14339MB 51% 44°C  
disk->normal  
rmb->note  
cpu->normal  
------------------------
time    hostname    OS   root版本   runtime  平均负载　　磁盘总量　　磁盘所用百分比　内存大小　　内存已用百分比　cpu温度　　　磁盘警报级别　　内存警报级别　　cpu警报级别
20181220_20:43:49  pi8 GNU/Linux 4.9.41-v7+  up_2_weeks,_5_days,_11_hours,_40_minutes  0.43 0.19 0.14 949572MB 381564MB 50% 29899MB 14339MB 51% 45°C  
disk->normal  
rmb->note  
cpu->normal  
------------------------
time    hostname    OS   root版本   runtime  平均负载　　磁盘总量　　磁盘所用百分比　内存大小　　内存已用百分比　cpu温度　　　磁盘警报级别　　内存警报级别　　cpu警报级别
20181220_20:45:29  pi8 GNU/Linux 4.9.41-v7+  up_2_weeks,_5_days,_11_hours,_42_minutes  0.08 0.13 0.12 949572MB 385812MB 50% 29899MB 14339MB 51% 44°C  
disk->normal  
rmb->note  
cpu->normal  
------------------------
time    hostname    OS   root版本   runtime  平均负载　　磁盘总量　　磁盘所用百分比　内存大小　　内存已用百分比　cpu温度　　　磁盘警报级别　　内存警报级别　　cpu警报级别
20181220_20:47:09  pi8 GNU/Linux 4.9.41-v7+  up_2_weeks,_5_days,_11_hours,_43_minutes  0.15 0.14 0.11 949572MB 381828MB 50% 29899MB 14339MB 51% 45°C  
disk->normal  
rmb->note  
cpu->normal  
------------------------
time    hostname    OS   root版本   runtime  平均负载　　磁盘总量　　磁盘所用百分比　内存大小　　内存已用百分比　cpu温度　　　磁盘警报级别　　内存警报级别　　cpu警报级别
20181220_20:48:50  pi8 GNU/Linux 4.9.41-v7+  up_2_weeks,_5_days,_11_hours,_45_minutes  0.28 0.17 0.12 949572MB 385624MB 50% 29899MB 14339MB 51% 44°C  
disk->normal  
rmb->note  
cpu->normal  
------------------------
time    hostname    OS   root版本   runtime  平均负载　　磁盘总量　　磁盘所用百分比　内存大小　　内存已用百分比　cpu温度　　　磁盘警报级别　　内存警报级别　　cpu警报级别
20181220_20:50:30  pi8 GNU/Linux 4.9.41-v7+  up_2_weeks,_5_days,_11_hours,_47_minutes  0.21 0.20 0.14 949572MB 385544MB 50% 29899MB 14339MB 51% 44°C  
disk->normal  
rmb->note  
cpu->normal  
------------------------
time    hostname    OS   root版本   runtime  平均负载　　磁盘总量　　磁盘所用百分比　内存大小　　内存已用百分比　cpu温度　　　磁盘警报级别　　内存警报级别　　cpu警报级别
20181220_20:52:10  pi8 GNU/Linux 4.9.41-v7+  up_2_weeks,_5_days,_11_hours,_48_minutes  0.04 0.14 0.12 949572MB 386236MB 50% 29899MB 14339MB 51% 44°C  
disk->normal  
rmb->note  
cpu->normal  
------------------------
time    hostname    OS   root版本   runtime  平均负载　　磁盘总量　　磁盘所用百分比　内存大小　　内存已用百分比　cpu温度　　　磁盘警报级别　　内存警报级别　　cpu警报级别
20181220_20:53:50  pi8 GNU/Linux 4.9.41-v7+  up_2_weeks,_5_days,_11_hours,_50_minutes  0.24 0.17 0.13 949572MB 389564MB 50% 29899MB 14339MB 51% 44°C  
disk->normal  
rmb->note  
cpu->normal  
------------------------
time    hostname    OS   root版本   runtime  平均负载　　磁盘总量　　磁盘所用百分比　内存大小　　内存已用百分比　cpu温度　　　磁盘警报级别　　内存警报级别　　cpu警报级别
20181220_20:55:30  pi8 GNU/Linux 4.9.41-v7+  up_2_weeks,_5_days,_11_hours,_52_minutes  0.47 0.27 0.17 949572MB 389904MB 50% 29899MB 14339MB 51% 44°C  
disk->normal  
rmb->note  
cpu->normal  
------------------------
time    hostname    OS   root版本   runtime  平均负载　　磁盘总量　　磁盘所用百分比　内存大小　　内存已用百分比　cpu温度　　　磁盘警报级别　　内存警报级别　　cpu警报级别
20181220_20:57:10  pi8 GNU/Linux 4.9.41-v7+  up_2_weeks,_5_days,_11_hours,_53_minutes  0.21 0.26 0.18 949572MB 390092MB 50% 29899MB 14339MB 51% 44°C  
disk->normal  
rmb->note  
cpu->normal  
------------