------------
time    hostname    OS   rootç‰ˆæœ¬   runtime  å¹³å‡è´Ÿè½½ã€€ã€€ç£ç›˜æ€»é‡ã€€ã€€ç£ç›˜æ‰€ç”¨ç™¾åˆ†æ¯”ã€€å†…å­˜å¤§å°ã€€ã€€å†…å­˜å·²ç”¨ç™¾åˆ†æ¯”ã€€cpuæ¸©åº¦ã€€ã€€ã€€ç£ç›˜è­¦æŠ¥çº§åˆ«ã€€ã€€å†…å­˜è­¦æŠ¥çº§åˆ«ã€€ã€€cpuè­¦æŠ¥çº§åˆ«
20181220_18:18:41  pi3 GNU/Linux 4.9.41-v7+  up_2_weeks,_5_days,_9_hours,_15_minutes  0.00 0.01 0.00 949572MB 417072MB 50% 29899MB 14484MB 51% 37Â°C  
disk->normal  
rmb->note  
cpu->normal  
------------
------------
time    hostname    OS   rootç‰ˆæœ¬   runtime  å¹³å‡è´Ÿè½½ã€€ã€€ç£ç›˜æ€»é‡ã€€ã€€ç£ç›˜æ‰€ç”¨ç™¾åˆ†æ¯”ã€€å†…å­˜å¤§å°ã€€ã€€å†…å­˜å·²ç”¨ç™¾åˆ†æ¯”ã€€cpuæ¸©åº¦ã€€ã€€ã€€ç£ç›˜è­¦æŠ¥çº§åˆ«ã€€ã€€å†…å­˜è­¦æŠ¥çº§åˆ«ã€€ã€€cpuè­¦æŠ¥çº§åˆ«
20181220_18:20:21  pi3 GNU/Linux 4.9.41-v7+  up_2_weeks,_5_days,_9_hours,_17_minutes  0.00 0.00 0.00 949572MB 416856MB 50% 29899MB 14484MB 51% 37Â°C  
disk->normal  
rmb->note  
cpu->normal  
------------
------------
time    hostname    OS   rootç‰ˆæœ¬   runtime  å¹³å‡è´Ÿè½½ã€€ã€€ç£ç›˜æ€»é‡ã€€ã€€ç£ç›˜æ‰€ç”¨ç™¾åˆ†æ¯”ã€€å†…å­å¤§å°ã€€ã€€å†…å­˜å·²ç”¨ç™¾åˆ†æ¯”ã€€cpuæ¸©åº¦ã€€ã€€ã€€ç£ç›˜è­¦æŠ¥çº§åˆ«ã€€ã€€å†…å­˜è­¦æŠ¥çº§åˆ«ã€€ã€€cpuè­¦æŠ¥çº§åˆ«
20181220_18:22:01  pi3 GNU/Linux 4.9.41-v7+  up_2_weeks,_5_days,_9_hours,_18_minutes  0.00 0.00 0.00 949572MB 416792MB 50% 29899MB 14484MB 51% 37Â°C  
disk->normal  
rmb->note  
cpu->normal  
------------
------------
time    hostname    OS   rootç‰ˆæœ¬   runtime  å¹³å‡è´Ÿè½½ã€€ã€€ç£ç›˜æ€»é‡ã€€ã€€ç£ç›˜æ‰€ç”¨ç™¾åˆ†æ¯”ã€€å†…å­˜å¤§å°ã€€ã€€å†…å­˜å·²ç”¨ç™¾åˆ†æ¯”ã€€cpuæ¸©åº¦ã€€ã€€ã€€ç£ç›˜è­¦æŠ¥çº§åˆ«ã€€ã€€å†…å­˜è­¦æŠ¥çº§åˆ«ã€€ã€€cpuè­¦æŠ¥çº§åˆ«
20181220_18:23:41  pi3 GNU/Linux 4.9.41-v7+  up_2_weeks,_5_days,_9_hours,_20_minutes  0.00 0.00 0.00 949572MB 416832MB 50% 29899MB 14484MB 51% 38Â°C  
disk->normal  
rmb->note  
cpu->normal  
------------
------------
time    hostname    OS   rootç‰ˆæœ¬   runtime  å¹³å‡è´Ÿè½½ã€€ã€€ç£ç›˜æ€»é‡ã€€ã€€ç£ç›˜æ‰€ç”¨ç™¾åˆ†æ¯”ã€€å†…å­˜å¤§å°ã€€ã€€å†…å­˜å·²ç”¨ç™¾åˆ†æ¯”ã€€cpuæ¸©åº¦ã€€ã€€ã€€ç£ç›˜è­¦æŠ¥çº§åˆ«ã€€ã€€å†…å­˜è­¦æŠ¥çº§åˆ«ã€€ã€€cpuè­¦æŠ¥çº§åˆ«
2018122_18:25:21  pi3 GNU/Linux 4.9.41-v7+  up_2_weeks,_5_days,_9_hours,_22_minutes  0.00 0.00 0.00 949572MB 416936MB 50% 29899MB 14484MB 51% 37Â°C  
disk->normal  
rmb->note  
cpu->normal  
------------
------------
time    hostname    OS   rootç‰ˆæœ¬   runtime  å¹³å‡è´Ÿè½½ã€€ã€€ç£ç›˜æ€»é‡ã€€ã€€ç£ç›˜æ‰€ç”¨ç™¾åˆ†æ¯”ã€€å†…å­˜å¤§å°ã€€ã€€å†…å­˜å·²ç”¨ç™¾åˆ†æ¯”ã€€cpuæ¸©åº¦ã€€ã€€ã€€ç£ç›˜è­¦æŠ¥çº§åˆ«ã€€ã€€å†…å­˜è­¦æŠ¥çº§åˆ«ã€€ã€€cpuè­¦æŠ¥çº§åˆ«
20181220_18:44:10  pi3 GNU/Linux 4.9.41-v7+  up_2_weeks,_5_days,_9_hours,_40_minutes  0.02 0.01 0.00 949572MB 410460MB 50% 29899MB 14486MB 51% 39Â°C  
disk->normal  
rmb->note  
cpu->normal  
------------------------
time    hostname    OS   rootç‰ˆæœ¬   runtime  å¹³å‡è´Ÿè½½ã€€ã€€ç£ç›˜æ€»é‡ã€€ã€€ç£ç›˜æ‰€ç”¨ç™¾åˆ†æ¯”ã€€å†…å­˜å¤§å°ã€€ã€€å†…å­˜å·²ç”¨ç™¾åˆ†æ¯”ã€€cpuæ¸©åº¦ã€€ã€€ã€€ç£ç›˜è­¦æŠ¥çº§åˆ«ã€€ã€€å†…å­˜è­¦æŠ¥çº§åˆ«ã€€ã€€cpuè­¦æŠ¥çº§åˆ«
20181220_18:45:50  pi3 GNU/Linux 4.9.41-v7+  up_2_weeks,_5_days,_9_hours,_42_minutes  0.56 0.14 0.05 949572MB 409828MB 50% 29899MB 14486MB 51% 39Â°C  
disk->normal  
rmb->note  
cpu->normal  
------------------------
time    hostname    OS   rootç‰ˆæœ¬   runtime  å¹³å‡è´Ÿè½½ã€€ã€€ç£ç›˜æ€»é‡ã€€ã€€ç£ç›˜æ‰€ç”¨ç™¾åˆ†æ¯”ã€€å†…å­˜å¤§å°ã€€ã€€å†…å­˜å·²ç”¨ç™¾åˆ†æ¯”ã€€cpuæ¸©åº¦ã€€ã€€ã€€ç£ç›˜è­¦æŠ¥çº§åˆ«ã€€ã€€å†…å­˜è­¦æŠ¥çº§åˆ«ã€€ã€€cpuè­¦æŠ¥çº§åˆ«
20181220_18:47:30  pi3 GNU/Linux 4.9.41-v7+  up_2_weeks,_5_days,_9_hours,_44_minutes  0.12 0.11 0.04 949572MB 409984MB 50% 29899MB 14486MB 51% 38Â°C  
disk->normal  
rmb->note  
cpu->normal  
------------------------
time    hostname    OS   rootç‰ˆæœ¬   runtime  å¹³å‡è´Ÿè½½ã€€ã€€ç£ç›˜æ€»é‡ã€€ã€€ç£ç›˜æ‰€ç”¨ç™¾åˆ†æ¯”ã€€å†…å­˜å¤§å°ã€€ã€€å†…å­˜å·²ç”¨ç™¾åˆ†æ¯”ã€€cpuæ¸©åº¦ã€€ã€€ã€€ç£ç›˜è­¦æŠ¥çº§åˆ«ã€€ã€€å†…å­˜è­¦æŠ¥çº§åˆ«ã€€ã€€cpuè­¦æŠ¥çº§åˆ«
20181220_18:49:11  pi3 GNU/Linux 4.9.41-v7+  up_2_weeks,_5_days,_9_hours,_45_minutes  0.02 0.08 0.03 949572MB 410088MB 50% 29899MB 14486MB 51% 37Â°C  
disk->normal  
rmb->note  
cpu->normal  
------------------------
time    hostname    OS   rootç‰ˆæœ¬   runtime  å¹³å‡è´Ÿè½½ã€€ã€€ç£ç›˜æ€»é‡ã€€ã€€ç£ç›˜æ‰€ç”¨ç™¾åˆ†æ¯”ã€€å†…å­˜å¤§å°ã€€ã€€å†…å­˜å·²ç”¨ç™¾åˆ†æ¯”ã€€cpuæ¸©åº¦ã€€ã€€ã€€ç£ç›˜è­¦æŠ¥çº§åˆ«ã€€ã€€å†…å­˜è­¦æŠ¥çº§åˆ«ã€€ã€€cpuè­¦æŠ¥çº§åˆ«
20181220_18:50:51  pi3 GNU/Linux 4.9.41-v7+  up_2_weeks,_5_days,_9_hours,_47_minutes  0.00 0.05 0.02 949572MB 410384MB 50% 29899MB 14486MB 51% 38Â°C  
disk->normal  
rmb->note  
cpu->normal  
------------------------
time    hostname    OS   rootç‰ˆæœ¬   runtime  å¹³å‡è´Ÿè½½ã€€ã€€ç£ç›˜æ€»é‡ã€€ã€€ç£ç›˜æ‰€ç”¨ç™¾åˆ†æ¯”ã€€å†…å­˜å¤§å°ã€€ã€€å†…å­˜å·²ç”¨ç™¾åˆ†æ¯”ã€€cpuæ¸©åº¦ã€€ã€€ã€€ç£ç›˜è­¦æŠ¥çº§åˆ«ã€€ã€€å†…å­˜è­¦æŠ¥çº§åˆ«ã€€ã€€cpuè­¦æŠ¥çº§åˆ«
20181220_18:52:31  pi3 GNU/Linux 4.9.41-v7+  up_2_weeks,_5_days,_9_hours,_49_minutes  0.00 0.03 0.01 949572MB 410184MB 50% 29899MB 14486MB 51% 38Â°C  
disk->normal  
rmb->note  
cpu->normal  
------------------------
time    hostname    OS   rootç‰ˆæœ¬   runtime  å¹³å‡è´Ÿè½½ã€€ã€€ç£ç›˜æ€»é‡ã€€ã€€ç£ç›˜æ‰€ç”¨ç™¾åˆ†æ¯”ã€€å†…å­˜å¤§å°ã€€ã€€å†…å­˜å·²ç”¨ç™¾åˆ†æ¯”ã€€cpuæ¸©åº¦ã€€ã€€ã€€ç£ç›˜è­¦æŠ¥çº§åˆ«ã€€ã€€å†…å­˜è­¦æŠ¥çº§åˆ«ã€€ã€€cpuè­¦æŠ¥çº§åˆ«
20181220_18:54:11  pi3 GNU/Linux 4.9.41-v7+  up_2_weeks,_5_days,_9_hours,_50_minutes  0.05 0.03 0.01 949572MB 406576MB 50% 29899MB 14486MB 51% 39Â°C  
disk->normal  
rmb->note  
cpu->normal  
------------------------
time    hostname    OS   rootç‰ˆæœ¬   runtime  å¹³å‡è´Ÿè½½ã€€ã€€ç£ç›˜æ€»é‡ã€€ã€€ç£ç›˜æ‰€ç”¨ç™¾åˆ†æ¯”ã€€å†…å­˜å¤§å°ã€€ã€€å†…å­˜å·²ç”¨ç™¾åˆ†æ¯”ã€€cpuæ¸©åº¦ã€€ã€€ã€€ç£ç›˜è­¦æŠ¥çº§åˆ«ã€€ã€€å†…å­˜è­¦æŠ¥çº§åˆ«ã€€ã€€cpuè­¦æŠ¥çº§åˆ«
20181220_18:55:51  pi3 GNU/Linux 4.9.41-v7+  up_2_weeks,_5_days,_9_hours,_52_minutes  0.42 0.13 0.04 949572MB 406332MB 50% 29899MB 14486MB 51% 38Â°C  
disk->normal  
rmb->note  
cpu->normal  
------------------------
time    hostname    OS   rootç‰ˆæœ¬   runtime  å¹³å‡è´Ÿè½½ã€€ã€€ç£ç›˜æ€»é‡ã€€ã€€ç£ç›˜æ‰€ç”¨ç™¾åˆ†æ¯”ã€€å†…å­˜å¤§å°ã€€ã€€å†…å­˜å·²ç”¨ç™¾åˆ†æ¯”ã€€cpuæ¸©åº¦ã€€ã€€ã€€ç£ç›˜è­¦æŠ¥çº§åˆ«ã€€ã€€å†…å­˜è­¦æŠ¥çº§åˆ«ã€€ã€€cpuè­¦æŠ¥çº§åˆ«
20181220_18:57:31  pi3 GNU/Linux 4.9.41-v7+  up_2_weeks,_5_days,_9_hours,_54_minutes  0.08 0.09 0.03 949572MB 406500MB 50% 29899MB 14486MB 51% 37Â°C  
disk->normal  
rmb->note  
cpu->normal  
------------------------
time    hostname    OS   rootç‰ˆæœ¬   runtime  å¹³å‡è´Ÿè½½ã€€ã€€ç£ç›˜æ€»é‡ã€€ã€€ç£ç›˜æ‰€ç”¨ç™¾åˆ†æ¯”ã€€å†…å­˜å¤§å°ã€€ã€€å†…å­˜å·²ç”¨ç™¾åˆ†æ¯”ã€€cpuæ¸©åº¦ã€€ã€€ã€€ç£ç›˜è­¦æŠ¥çº§åˆ«ã€€ã€€å†…å­˜è­¦æŠ¥çº§åˆ«ã€€ã€€cpuè­¦æŠ¥çº§åˆ«
20181220_18:59:12  pi3 GNU/Linux 4.9.41-v7+  up_2_weeks,_5_days,_9_hours,_55_minutes  0.26 0.13 0.05 949572MB 406144MB 50% 29899MB 14486MB 51% 38Â°C  
disk->normal  
rmb->note  
cpu->normal  
------------------------
time    hostname    OS   rootç‰ˆæœ¬   runtime  å¹³å‡è´Ÿè½½ã€€ã€€ç£ç›˜æ€»é‡ã€€ã€€ç£ç›˜æ‰€ç”¨ç™¾åˆ†æ¯”ã€€å†…å­˜å¤§å°ã€€ã€€å†…å­˜å·²ç”¨ç™¾åˆ†æ¯”ã€€cpuæ¸©åº¦ã€€ã€€ã€€ç£ç›˜è­¦æŠ¥çº§åˆ«ã€€ã€€å†…å­˜è­¦æŠ¥çº§åˆ«ã€€ã€€cpuè­¦æŠ¥çº§åˆ«
20181220_19:00:52  pi3 GNU/Linux 4.9.41-v7+  up_2_weeks,_5_days,_9_hours,_57_minutes  0.12 0.11 0.04 949572MB 404776MB 50% 29899MB 14486MB 51% 38Â°C  
disk->normal  
rmb->note  
cpu->normal  
------------------------
time    hostname    OS   rootç‰ˆæœ¬   runtime  å¹³å‡è´Ÿè½½ã€€ã€€ç£ç›˜æ€»é‡ã€€ã€€ç£ç›˜æ‰€ç”¨ç™¾åˆ†æ¯”ã€€å†…å­˜å¤§å°ã€€ã€€å†…å­˜å·²ç”¨ç™¾åˆ†æ¯”ã€€cpuæ¸©åº¦ã€€ã€€ã€€ç£ç›˜è­¦æŠ¥çº§åˆ«ã€€ã€€å†…å­˜è­¦æŠ¥çº§åˆ«ã€€ã€€cpuè­¦æŠ¥çº§åˆ«
20181220_19:02:32  pi3 GNU/Linux 4.9.41-v7+  up_2_weeks,_5_days,_9_hours,_59_minutes  0.02 0.07 0.03 949572MB 406156MB 50% 29899MB 14486MB 51% 37Â°C  
disk->normal  
rmb->note  
cpu->normal  
------------------------
time    hostname    OS   rootç‰ˆæœ¬   runtime  å¹³å‡è´Ÿè½½ã€€ã€€ç£ç›˜æ€»é‡ã€€ã€€ç£ç›˜æ‰€ç”¨ç™¾åˆ†æ¯”ã€€å†…å­˜å¤§å°ã€€ã€€å†…å­˜å·²ç”¨ç™¾åˆ†æ¯”ã€€cpuæ¸©åº¦ã€€ã€€ã€€ç£ç›˜è­¦æŠ¥çº§åˆ«ã€€ã€€å†…å­˜è­¦æŠ¥çº§åˆ«ã€€ã€€cpuè­¦æŠ¥çº§åˆ«
20181220_19:04:12  pi3 GNU/Linux 4.9.41-v7+  up_2_weeks,_5_days,_10_hours  0.00 0.05 0.02 949572MB 406120MB 50% 29899MB 14486MB 51% 37Â°C  
disk->normal  
rmb->note  
cpu->normal  
------------------------
time    hostname    OS   rootç‰ˆæœ¬   runtime  å¹³å‡è´Ÿè½½ã€€ã€€ç£ç›˜æ€»é‡ã€€ã€€ç£ç›˜æ‰€ç”¨ç™¾åˆ†æ¯”ã€€å†…å­˜å¤§å°ã€€ã€€å†…å­˜å·²ç”¨ç™¾åˆ†æ¯”ã€€cpuæ¸©åº¦ã€€ã€€ã€€ç£ç›˜è­¦æŠ¥çº§åˆ«ã€€ã€€å†…å­˜è­¦æŠ¥çº§åˆ«ã€€ã€€cpuè­¦æŠ¥çº§åˆ«
20181220_19:05:52  pi3 GNU/Linux 4.9.41-v7+  up_2_weeks,_5_days,_10_hours,_2_minutes  0.00 0.03 0.01 949572MB 406020MB 50% 29899MB 14486MB 51% 37Â°C  
disk->normal  
rmb->note  
cpu->normal  
------------------------
time    hostname    OS   rootç‰ˆæœ¬   runtime  å¹³å‡è´Ÿè½½ã€€ã€€ç£ç›˜æ€»é‡ã€€ã€€ç£ç›˜æ‰€ç”¨ç™¾åˆ†æ¯”ã€€å†…å­˜å¤§å°ã€€ã€€å†…å­˜å·²ç”¨ç™¾åˆ†æ¯”ã€€cpuæ¸©åº¦ã€€ã€€ã€€ç£ç›˜è­¦æŠ¥çº§åˆ«ã€€ã€€å†…å­˜è­¦æŠ¥çº§åˆ«ã€€ã€€cpuè­¦æŠ¥çº§åˆ«
20181220_19:07:32  pi3 GNU/Linux 4.9.41-v7+  up_2_weeks,_5_days,_10_hours,_4_minutes  0.00 0.02 0.00 949572MB 406036MB 50% 29899MB 14486MB 51% 37Â°C  
disk->normal  
rmb->note  
cpu->normal  
------------------------
time    hostname    OS   rootç‰ˆæœ¬   runtime  å¹³å‡è´Ÿè½½ã€€ã€€ç£ç›˜æ€»é‡ã€€ã€€ç£ç›˜æ‰€ç”¨ç™¾åˆ†æ¯”ã€€å†…å­˜å¤§å°ã€€ã€€å†…å­˜å·²ç”¨ç™¾åˆ†æ¯”ã€€cpuæ¸©åº¦ã€€ã€€ã€€ç£ç›˜è­¦æŠ¥çº§åˆ«ã€€ã€€å†…å­˜è­¦æŠ¥çº§åˆ«ã€€ã€€cpuè­¦æŠ¥çº§åˆ«
20181220_19:09:13  pi3 GNU/Linux 4.9.41-v7+  up_2_weeks,_5_days,_10_hours,_5_minutes  0.00 0.01 0.00 949572MB 406052MB 50% 29899MB 14486MB 51% 38Â°C  
disk->normal  
rmb->note  
cpu->normal  
------------------------
time    hostname    OS   rootç‰ˆæœ¬   runtime  å¹³å‡è´Ÿè½½ã€€ã€€ç£ç›˜æ€»é‡ã€€ã€€ç£ç›˜æ‰€ç”¨ç™¾åˆ†æ¯”ã€€å†…å­˜å¤§å°ã€€ã€€å†…å­˜å·²ç”¨ç™¾åˆ†æ¯”ã€€cpuæ¸©åº¦ã€€ã€€ã€€ç£ç›˜è­¦æŠ¥çº§åˆ«ã€€ã€€å†…å­˜è­¦æŠ¥çº§åˆ«ã€€ã€€cpuè­¦æŠ¥çº§åˆ«
20181220_19:10:53  pi3 GNU/Linux 4.9.41-v7+  up_2_weeks,_5_days,_10_hours,_7_minutes  0.04 0.03 0.00 949572MB 406120MB 50% 29899MB 14486MB 51% 37Â°C  
disk->normal  
rmb->note  
cpu->normal  
------------------------
time    hostname    OS   rootç‰ˆæœ¬   runtime  å¹³å‡è´Ÿè½½ã€€ã€€ç£ç›˜æ€»é‡ã€€ã€€ç£ç›˜æ‰€ç”¨ç™¾åˆ†æ¯”ã€€å†…å­˜å¤§å°ã€€ã€€å†…å­˜å·²ç”¨ç™¾åˆ†æ¯”ã€€cpuæ¸©åº¦ã€€ã€€ã€€ç£ç›˜è­¦æŠ¥çº§åˆ«ã€€ã€€å†…å­˜è­¦æŠ¥çº§åˆ«ã€€ã€€cpuè­¦æŠ¥çº§åˆ«
20181220_19:12:33  pi3 GNU/Linux 4.9.41-v7+  up_2_weeks,_5_days,_10_hours,_9_minutes  0.01 0.02 0.00 949572MB 406284MB 50% 29899MB 14486MB 51% 37Â°C  
disk->normal  
rmb->note  
cpu->normal  
------------------------
time    hostname    OS   rootç‰ˆæœ¬   runtime  å¹³å‡è´Ÿè½½ã€€ã€€ç£ç›˜æ€»é‡ã€€ã€€ç£ç›˜æ‰€ç”¨ç™¾åˆ†æ¯”ã€€å†…å­˜å¤§å°ã€€ã€€å†…å­˜å·²ç”¨ç™¾åˆ†æ¯”ã€€cpuæ¸©åº¦ã€€ã€€ã€€ç£ç›˜è­¦æŠ¥çº§åˆ«ã€€ã€€å†…å­˜è­¦æŠ¥çº§åˆ«ã€€ã€€cpuè­¦æŠ¥çº§åˆ«
20181220_19:14:13  pi3 GNU/Linux 4.9.41-v7+  up_2_weeks,_5_days,_10_hours,_10_minutes  0.02 0.02 0.00 949572MB 406276MB 50% 29899MB 14486MB 51% 37Â°C  
disk->normal  
rmb->note  
cpu->normal  
------------------------
time    hostname    OS   rootç‰ˆæœ¬   runtime  å¹³å‡è´Ÿè½½ã€€ã€€ç£ç›˜æ€»é‡ã€€ã€€ç£ç›˜æ‰€ç”¨ç™¾åˆ†æ¯”ã€€å†…å­˜å¤§å°ã€€ã€€å†…å­˜å·²ç”¨ç™¾åˆ†æ¯”ã€€cpuæ¸©åº¦ã€€ã€€ã€€ç£ç›˜è­¦æŠ¥çº§åˆ«ã€€ã€€å†…å­˜è­¦æŠ¥çº§åˆ«ã€€ã€€cpuè­¦æŠ¥çº§åˆ«
20181220_19:15:53  pi3 GNU/Linux 4.9.41-v7+  up_2_weeks,_5_days,_10_hours,_12_minutes  0.00 0.01 0.00 949572MB 406324MB 50% 29899MB 14486MB 51% 37Â°C  
disk->normal  
rmb->note  
cpu->normal  
------------------------
time    hostname    OS   rootç‰ˆæœ¬   runtime  å¹³å‡è´Ÿè½½ã€€ã€€ç£ç›˜æ€»é‡ã€€ã€€ç£ç›˜æ‰€ç”¨ç™¾åˆ†æ¯”ã€€å†…å­˜å¤§å°ã€€ã€€å†…å­˜å·²ç”¨ç™¾åˆ†æ¯”ã€€cpuæ¸©åº¦ã€€ã€€ã€€ç£ç›˜è­¦æŠ¥çº§åˆ«ã€€ã€€å†…å­˜è­¦æŠ¥çº§åˆ«ã€€ã€€cpuè­¦æŠ¥çº§åˆ«
20181220_19:17:33  pi3 GNU/Linux 4.9.41-v7+  up_2_weeks,_5_days,_10_hours,_14_minutes  0.00 0.00 0.00 949572MB 406344MB 50% 29899MB 14486MB 51% 38Â°C  
disk->normal  
rmb->note  
cpu->normal  
------------------------
time    hostname    OS   rootç‰ˆæœ¬   runtime  å¹³å‡è´Ÿè½½ã€€ã€€ç£ç›˜æ€»é‡ã€€ã€€ç£ç›˜æ‰€ç”¨ç™¾åˆ†æ¯”ã€€å†…å­˜å¤§å°ã€€ã€€å†…å­˜å·²ç”¨ç™¾åˆ†æ¯”ã€€cpuæ¸©åº¦ã€€ã€€ã€€ç£ç›˜è­¦æŠ¥çº§åˆ«ã€€ã€€å†…å­˜è­¦æŠ¥çº§åˆ«ã€€ã€€cpuè­¦æŠ¥çº§åˆ«
20181220_19:19:14  pi3 GNU/Linux 4.9.41-v7+  up_2_weeks,_5_days,_10_hours,_16_minutes  0.01 0.01 0.00 949572MB 406408MB 50% 29899MB 14486MB 51% 37Â°C  
disk->normal  
rmb->note  
cpu->normal  
------------------------
time    hostname    OS   rootç‰ˆæœ¬   runtime  å¹³å‡è´Ÿè½½ã€€ã€€ç£ç›˜æ€»é‡ã€€ã€€ç£ç›˜æ‰€ç”¨ç™¾åˆ†æ¯”ã€€å†…å­˜å¤§å°ã€€ã€€å†…å­˜å·²ç”¨ç™¾åˆ†æ¯”ã€€cpuæ¸©åº¦ã€€ã€€ã€€ç£ç›˜è­¦æŠ¥çº§åˆ«ã€€ã€€å†…å­˜è­¦æŠ¥çº§åˆ«ã€€ã€€cpuè­¦æŠ¥çº§åˆ«
20181220_19:20:54  pi3 GNU/Linux 4.9.41-v7+  up_2_weeks,_5_days,_10_hours,_17_minutes  0.02 0.02 0.00 949572MB 389248MB 50% 29899MB 14485MB 51% 38Â°C  
disk->normal  
rmb->note  
cpu->normal  
------------------------
time    hostname    OS   rootç‰ˆæœ¬   runtime  å¹³å‡è´Ÿè½½ã€€ã€€ç£ç›˜æ€»é‡ã€€ã€€ç£ç›˜æ‰€ç”¨ç™¾åˆ†æ¯”ã€€å†…å­˜å¤§å°ã€€ã€€å†…å­˜å·²ç”¨ç™¾åˆ†æ¯”ã€€cpuæ¸©åº¦ã€€ã€€ã€€ç£ç›˜è­¦æŠ¥çº§åˆ«ã€€ã€€å†…å­˜è­¦æŠ¥çº§åˆ«ã€€ã€€cpuè­¦æŠ¥çº§åˆ«
20181220_19:22:34  pi3 GNU/Linux 4.9.41-v7+  up_2_weeks,_5_days,_10_hours,_19_minutes  0.03 0.03 0.00 949572MB 406704MB 50% 29899MB 14486MB 51% 37Â°C  
disk->normal  
rmb->note  
cpu->normal  
------------------------
time    hostname    OS   rootç‰ˆæœ¬   runtime  å¹³å‡è´Ÿè½½ã€€ã€€ç£ç›˜æ€»é‡ã€€ã€€ç£ç›˜æ‰€ç”¨ç™¾åˆ†æ¯”ã€€å†…å­˜å¤§å°ã€€ã€€å†…å­˜å·²ç”¨ç™¾åˆ†æ¯”ã€€cpuæ¸©åº¦ã€€ã€€ã€€ç£ç›˜è­¦æŠ¥çº§åˆ«ã€€ã€€å†…å­˜è­¦æŠ¥çº§åˆ«ã€€ã€€cpuè­¦æŠ¥çº§åˆ«
20181220_19:24:14  pi3 GNU/Linux 4.9.41-v7+  up_2_weeks,_5_days,_10_hours,_21_minutes  0.06 0.04 0.00 949572MB 405504MB 50% 29899MB 14486MB 51% 37Â°C  
disk->normal  
rmb->note  
cpu->normal  
------------------------
time    hostname    OS   rootç‰ˆæœ¬   runtime  å¹³å‡è´Ÿè½½ã€€ã€€ç£ç›˜æ€»é‡ã€€ã€€ç£ç›˜æ‰€ç”¨ç™¾åˆ†æ¯”ã€€å†…å­˜å¤§å°ã€€ã€€å†…å­˜å·²ç”¨ç™¾åˆ†æ¯”ã€€cpuæ¸©åº¦ã€€ã€€ã€€ç£ç›˜è­¦æŠ¥çº§åˆ«ã€€ã€€å†…å­˜è­¦æŠ¥çº§åˆ«ã€€ã€€cpuè­¦æŠ¥çº§åˆ«
20181220_19:25:54  pi3 GNU/Linux 4.9.41-v7+  up_2_weeks,_5_days,_10_hours,_22_minutes  0.01 0.02 0.00 949572MB 405964MB 50% 29899MB 14486MB 51% 39Â°C  
disk->normal  
rmb->note  
cpu->normal  
------------------------
time    hostname    OS   rootç‰ˆæœ¬   runtime  å¹³å‡è´Ÿè½½ã€€ã€€ç£ç›˜æ€»é‡ã€€ã€€ç£ç›˜æ‰€ç”¨ç™¾åˆ†æ¯”ã€€å†…å­˜å¤§å°ã€€ã€€å†…å­˜å·²ç”¨ç™¾åˆ†æ¯”ã€€cpuæ¸©åº¦ã€€ã€€ã€€ç£ç›˜è­¦æŠ¥çº§åˆ«ã€€ã€€å†…å­˜è­¦æŠ¥çº§åˆ«ã€€ã€€cpuè­¦æŠ¥çº§åˆ«
20181220_19:27:34  pi3 GNU/Linux 4.9.41-v7+  up_2_weeks,_5_days,_10_hours,_24_minutes  0.23 0.08 0.02 949572MB 405616MB 50% 29899MB 14486MB 51% 38Â°C  
disk->normal  
rmb->note  
cpu->normal  
------------------------
time    hostname    OS   rootç‰ˆæœ¬   runtime  å¹³å‡è´Ÿè½½ã€€ã€€ç£ç›˜æ€»é‡ã€€ã€€ç£ç›˜æ‰€ç”¨ç™¾åˆ†æ¯”ã€€å†…å­˜å¤§å°ã€€ã€€å†…å­˜å·²ç”¨ç™¾åˆ†æ¯”ã€€cpuæ¸©åº¦ã€€ã€€ã€€ç£ç›˜è­¦æŠ¥çº§åˆ«ã€€ã€€å†…å­˜è­¦æŠ¥çº§åˆ«ã€€ã€€cpuè­¦æŠ¥çº§åˆ«
20181220_19:29:15  pi3 GNU/Linux 4.9.41-v7+  up_2_weeks,_5_days,_10_hours,_26_minutes  0.07 0.08 0.02 949572MB 405592MB 50% 29899MB 14486MB 51% 38Â°C  
disk->normal  
rmb->note  
cpu->normal  
------------------------
time    hostname    OS   rootç‰ˆæœ¬   runtime  å¹³å‡è´Ÿè½½ã€€ã€€ç£ç›˜æ€»é‡ã€€ã€€ç£ç›˜æ‰€ç”¨ç™¾åˆ†æ¯”ã€€å†…å­˜å¤§å°ã€€ã€€å†…å­˜å·²ç”¨ç™¾åˆ†æ¯”ã€€cpuæ¸©åº¦ã€€ã€€ã€€ç£ç›˜è­¦æŠ¥çº§åˆ«ã€€ã€€å†…å­˜è­¦æŠ¥çº§åˆ«ã€€ã€€cpuè­¦æŠ¥çº§åˆ«
20181220_19:30:55  pi3 GNU/Linux 4.9.41-v7+  up_2_weeks,_5_days,_10_hours,_27_minutes  0.12 0.08 0.02 949572MB 405880MB 50% 29899MB 14486MB 51% 38Â°C  
disk->normal  
rmb->note  
cpu->normal  
------------------------
time    hostname    OS   rootç‰ˆæœ¬   runtime  å¹³å‡è´Ÿè½½ã€€ã€€ç£ç›˜æ€»é‡ã€€ã€€ç£ç›˜æ‰€ç”¨ç™¾åˆ†æ¯”ã€€å†…å­˜å¤§å°ã€€ã€€å†…å­˜å·²ç”¨ç™¾åˆ†æ¯”ã€€cpuæ¸©åº¦ã€€ã€€ã€€ç£ç›˜è­¦æŠ¥çº§åˆ«ã€€ã€€å†…å­˜è­¦æŠ¥çº§åˆ«ã€€ã€€cpuè­¦æŠ¥çº§åˆ«
20181220_19:32:35  pi3 GNU/Linux 4.9.41-v7+  up_2_weeks,_5_days,_10_hours,_29_minutes  0.08 0.07 0.02 949572MB 402816MB 50% 29899MB 14486MB 51% 38Â°C  
disk->normal  
rmb->note  
cpu->normal  
------------------------
time    hostname    OS   rootç‰ˆæœ¬   runtime  å¹³å‡è´Ÿè½½ã€€ã€€ç£ç›˜æ€»é‡ã€€ã€€ç£ç›˜æ‰€ç”¨ç™¾åˆ†æ¯”ã€€å†…å­˜å¤§å°ã€€ã€€å†…å­˜å·²ç”¨ç™¾åˆ†æ¯”ã€€cpuæ¸©åº¦ã€€ã€€ã€€ç£ç›˜è­¦æŠ¥çº§åˆ«ã€€ã€€å†…å­˜è­¦æŠ¥çº§åˆ«ã€€ã€€cpuè­¦æŠ¥çº§åˆ«
20181220_19:34:15  pi3 GNU/Linux 4.9.41-v7+  up_2_weeks,_5_days,_10_hours,_31_minutes  0.13 0.10 0.03 949572MB 405644MB 50% 29899MB 14486MB 51% 38Â°C  
disk->normal  
rmb->note  
cpu->normal  
------------------------
time    hostname    OS   rootç‰ˆæœ¬   runtime  å¹³å‡è´Ÿè½½ã€€ã€€ç£ç›˜æ€»é‡ã€€ã€€ç£ç›˜æ‰€ç”¨ç™¾åˆ†æ¯”ã€€å†…å­˜å¤§å°ã€€ã€€å†…å­˜å·²ç”¨ç™¾åˆ†æ¯”ã€€cpuæ¸©åº¦ã€€ã€€ã€€ç£ç›˜è­¦æŠ¥çº§åˆ«ã€€ã€€å†…å­˜è­¦æŠ¥çº§åˆ«ã€€ã€€cpuè­¦æŠ¥çº§åˆ«
20181220_19:35:55  pi3 GNU/Linux 4.9.41-v7+  up_2_weeks,_5_days,_10_hours,_32_minutes  0.08 0.11 0.04 949572MB 405260MB 50% 29899MB 14486MB 51% 38Â°C  
disk->normal  
rmb->note  
cpu->normal  
------------------------
time    hostname    OS   rootç‰ˆæœ¬   runtime  å¹³å‡è´Ÿè½½ã€€ã€€ç£ç›˜æ€»é‡ã€€ã€€ç£ç›˜æ‰€ç”¨ç™¾åˆ†æ¯”ã€€å†…å­˜å¤§å°ã€€ã€€å†…å­˜å·²ç”¨ç™¾åˆ†æ¯”ã€€cpuæ¸©åº¦ã€€ã€€ã€€ç£ç›˜è­¦æŠ¥çº§åˆ«ã€€ã€€å†…å­˜è­¦æŠ¥çº§åˆ«ã€€ã€€cpuè­¦æŠ¥çº§åˆ«
20181220_19:37:35  pi3 GNU/Linux 4.9.41-v7+  up_2_weeks,_5_days,_10_hours,_34_minutes  0.18 0.13 0.05 949572MB 405168MB 50% 29899MB 14486MB 51% 39Â°C  
disk->normal  
rmb->note  
cpu->normal  
------------------------
time    hostname    OS   rootç‰ˆæœ¬   runtime  å¹³å‡è´Ÿè½½ã€€ã€€ç£ç›˜æ€»é‡ã€€ã€€ç£ç›˜æ‰€ç”¨ç™¾åˆ†æ¯”ã€€å†…å­˜å¤§å°ã€€ã€€å†…å­˜å·²ç”¨ç™¾åˆ†æ¯”ã€€cpuæ¸©åº¦ã€€ã€€ã€€ç£ç›˜è­¦æŠ¥çº§åˆ«ã€€ã€€å†…å­˜è­¦æŠ¥çº§åˆ«ã€€ã€€cpuè­¦æŠ¥çº§åˆ«
20181220_19:39:16  pi3 GNU/Linux 4.9.41-v7+  up_2_weeks,_5_days,_10_hours,_36_minutes  0.26 0.15 0.07 949572MB 397720MB 50% 29899MB 14486MB 51% 38Â°C  
disk->normal  
rmb->note  
cpu->normal  
------------------------
time    hostname    OS   rootç‰ˆæœ¬   runtime  å¹³å‡è´Ÿè½½ã€€ã€€ç£ç›˜æ€»é‡ã€€ã€€ç£ç›˜æ‰€ç”¨ç™¾åˆ†æ¯”ã€€å†…å­˜å¤§å°ã€€ã€€å†…å­˜å·²ç”¨ç™¾åˆ†æ¯”ã€€cpuæ¸©åº¦ã€€ã€€ã€€ç£ç›˜è­¦æŠ¥çº§åˆ«ã€€ã€€å†…å­˜è­¦æŠ¥çº§åˆ«ã€€ã€€cpuè­¦æŠ¥çº§åˆ«
20181220_19:40:56  pi3 GNU/Linux 4.9.41-v7+  up_2_weeks,_5_days,_10_hours,_37_minutes  0.15 0.14 0.07 949572MB 396976MB 50% 29899MB 14486MB 51% 39Â°C  
disk->normal  
rmb->note  
cpu->normal  
------------------------
time    hostname    OS   rootç‰ˆæœ¬   runtime  å¹³å‡è´Ÿè½½ã€€ã€€ç£ç›˜æ€»é‡ã€€ã€€ç£ç›˜æ‰€ç”¨ç™¾åˆ†æ¯”ã€€å†…å­˜å¤§å°ã€€ã€€å†…å­˜å·²ç”¨ç™¾åˆ†æ¯”ã€€cpuæ¸©åº¦ã€€ã€€ã€€ç£ç›˜è­¦æŠ¥çº§åˆ«ã€€ã€€å†…å­˜è­¦æŠ¥çº§åˆ«ã€€ã€€cpuè­¦æŠ¥çº§åˆ«
20181220_19:42:36  pi3 GNU/Linux 4.9.41-v7+  up_2_weeks,_5_days,_10_hours,_39_minutes  0.11 0.13 0.07 949572MB 397840MB 50% 29899MB 14486MB 51% 39Â°C  
disk->normal  
rmb->note  
cpu->normal  
------------------------
time    hostname    OS   rootç‰ˆæœ¬   runtime  å¹³å‡è´Ÿè½½ã€€ã€€ç£ç›˜æ€»é‡ã€€ã€€ç£ç›˜æ‰€ç”¨ç™¾åˆ†æ¯”ã€€å†…å­˜å¤§å°ã€€ã€€å†…å­˜å·²ç”¨ç™¾åˆ†æ¯”ã€€cpuæ¸©åº¦ã€€ã€€ã€€ç£ç›˜è­¦æŠ¥çº§åˆ«ã€€ã€€å†…å­˜è­¦æŠ¥çº§åˆ«ã€€ã€€cpuè­¦æŠ¥çº§åˆ«
20181220_19:44:16  pi3 GNU/Linux 4.9.41-v7+  up_2_weeks,_5_days,_10_hours,_41_minutes  0.10 0.14 0.09 949572MB 402032MB 50% 29899MB 14486MB 51% 38Â°C  
disk->normal  
rmb->note  
cpu->normal  
------------------------
time    hostname    OS   rootç‰ˆæœ¬   runtime  å¹³å‡è´Ÿè½½ã€€ã€€ç£ç›˜æ€»é‡ã€€ã€€ç£ç›˜æ‰€ç”¨ç™¾åˆ†æ¯”ã€€å†…å­˜å¤§å°ã€€ã€€å†…å­˜å·²ç”¨ç™¾åˆ†æ¯”ã€€cpuæ¸©åº¦ã€€ã€€ã€€ç£ç›˜è­¦æŠ¥çº§åˆ«ã€€ã€€å†…å­˜è­¦æŠ¥çº§åˆ«ã€€ã€€cpuè­¦æŠ¥çº§åˆ«
20181220_19:45:56  pi3 GNU/Linux 4.9.41-v7+  up_2_weeks,_5_days,_10_hours,_42_minutes  0.02 0.10 0.08 949572MB 401564MB 50% 29899MB 14487MB 51% 38Â°C  
disk->normal  
rmb->note  
cpu->normal  
------------------------
time    hostname    OS   rootç‰ˆæœ¬   runtime  å¹³å‡è´Ÿè½½ã€€ã€€ç£ç›˜æ€»é‡ã€€ã€€ç£ç›˜æ‰€ç”¨ç™¾åˆ†æ¯”ã€€å†…å­˜å¤§å°ã€€ã€€å†…å­˜å·²ç”¨ç™¾åˆ†æ¯”ã€€cpuæ¸©åº¦ã€€ã€€ã€€ç£ç›˜è­¦æŠ¥çº§åˆ«ã€€ã€€å†…å­˜è­¦æŠ¥çº§åˆ«ã€€ã€€cpuè­¦æŠ¥çº§åˆ«
20181220_19:47:36  pi3 GNU/Linux 4.9.41-v7+  up_2_weeks,_5_days,_10_hours,_44_minutes  0.00 0.07 0.07 949572MB 401216MB 50% 29899MB 14487MB 51% 38Â°C  
disk->normal  
rmb->note  
cpu->normal  
------------------------
time    hostname    OS   rootç‰ˆæœ¬   runtime  å¹³å‡è´Ÿè½½ã€€ã€€ç£ç›˜æ€»é‡ã€€ã€€ç£ç›˜æ‰€ç”¨ç™¾åˆ†æ¯”ã€€å†…å­˜å¤§å°ã€€ã€€å†…å­˜å·²ç”¨ç™¾åˆ†æ¯”ã€€cpuæ¸©åº¦ã€€ã€€ã€€ç£ç›˜è­¦æŠ¥çº§åˆ«ã€€ã€€å†…å­˜è­¦æŠ¥çº§åˆ«ã€€ã€€cpuè­¦æŠ¥çº§åˆ«
20181220_19:49:16  pi3 GNU/Linux 4.9.41-v7+  up_2_weeks,_5_days,_10_hours,_46_minutes  0.00 0.04 0.06 949572MB 401152MB 50% 29899MB 14487MB 51% 38Â°C  
disk->normal  
rmb->note  
cpu->normal  
------------------------
time    hostname    OS   rootç‰ˆæœ¬   runtime  å¹³å‡è´Ÿè½½ã€€ã€€ç£ç›˜æ€»é‡ã€€ã€€ç£ç›˜æ‰€ç”¨ç™¾åˆ†æ¯”ã€€å†…å­˜å¤§å°ã€€ã€€å†…å­˜å·²ç”¨ç™¾åˆ†æ¯”ã€€cpuæ¸©åº¦ã€€ã€€ã€€ç£ç›˜è­¦æŠ¥çº§åˆ«ã€€ã€€å†…å­˜è­¦æŠ¥çº§åˆ«ã€€ã€€cpuè­¦æŠ¥çº§åˆ«
20181220_19:50:57  pi3 GNU/Linux 4.9.41-v7+  up_2_weeks,_5_days,_10_hours,_47_minutes  0.02 0.04 0.05 949572MB 400376MB 50% 29899MB 14487MB 51% 38Â°C  
disk->normal  
rmb->note  
cpu->normal  
------------------------
time    hostname    OS   rootç‰ˆæœ¬   runtime  å¹³å‡è´Ÿè½½ã€€ã€€ç£ç›˜æ€»é‡ã€€ã€€ç£ç›˜æ‰€ç”¨ç™¾åˆ†æ¯”ã€€å†…å­˜å¤§å°ã€€ã€€å†…å­˜å·²ç”¨ç™¾åˆ†æ¯”ã€€cpuæ¸©åº¦ã€€ã€€ã€€ç£ç›˜è­¦æŠ¥çº§åˆ«ã€€ã€€å†…å­˜è­¦æŠ¥çº§åˆ«ã€€ã€€cpuè­¦æŠ¥çº§åˆ«
20181220_19:52:37  pi3 GNU/Linux 4.9.41-v7+  up_2_weeks,_5_days,_10_hours,_49_minutes  0.00 0.03 0.04 949572MB 400724MB 50% 29899MB 14487MB 51% 38Â°C  
disk->normal  
rmb->note  
cpu->normal  
------------------------
time    hostname    OS   rootç‰ˆæœ¬   runtime  å¹³å‡è´Ÿè½½ã€€ã€€ç£ç›˜æ€»é‡ã€€ã€€ç£ç›˜æ‰€ç”¨ç™¾åˆ†æ¯”ã€€å†…å­˜å¤§å°ã€€ã€€å†…å­˜å·²ç”¨ç™¾åˆ†æ¯”ã€€cpuæ¸©åº¦ã€€ã€€ã€€ç£ç›˜è­¦æŠ¥çº§åˆ«ã€€ã€€å†…å­˜è­¦æŠ¥çº§åˆ«ã€€ã€€cpuè­¦æŠ¥çº§åˆ«
20181220_19:54:17  pi3 GNU/Linux 4.9.41-v7+  up_2_weeks,_5_days,_10_hours,_51_minutes  0.00 0.02 0.03 949572MB 401496MB 50% 29899MB 14487MB 51% 38Â°C  
disk->normal  
rmb->note  
cpu->normal  
------------------------
time    hostname    OS   rootç‰ˆæœ¬   runtime  å¹³å‡è´Ÿè½½ã€€ã€€ç£ç›˜æ€»é‡ã€€ã€€ç£ç›˜æ‰€ç”¨ç™¾åˆ†æ¯”ã€€å†…å­˜å¤§å°ã€€ã€€å†…å­˜å·²ç”¨ç™¾åˆ†æ¯”ã€€cpuæ¸©åº¦ã€€ã€€ã€€ç£ç›˜è­¦æŠ¥çº§åˆ«ã€€ã€€å†…å­˜è­¦æŠ¥çº§åˆ«ã€€ã€€cpuè­¦æŠ¥çº§åˆ«
20181220_19:55:57  pi3 GNU/Linux 4.9.41-v7+  up_2_weeks,_5_days,_10_hours,_52_minutes  0.00 0.01 0.02 949572MB 401456MB 50% 29899MB 14487MB 51% 38Â°C  
disk->normal  
rmb->note  
cpu->normal  
------------------------
time    hostname    OS   rootç‰ˆæœ¬   runtime  å¹³å‡è´Ÿè½½ã€€ã€€ç£ç›˜æ€»é‡ã€€ã€€ç£ç›˜æ‰€ç”¨ç™¾åˆ†æ¯”ã€€å†…å­˜å¤§å°ã€€ã€€å†…å­˜å·²ç”¨ç™¾åˆ†æ¯”ã€€cpuæ¸©åº¦ã€€ã€€ã€€ç£ç›˜è­¦æŠ¥çº§åˆ«ã€€ã€€å†…å­˜è­¦æŠ¥çº§åˆ«ã€€ã€€cpuè­¦æŠ¥çº§åˆ«
20181220_19:57:37  pi3 GNU/Linux 4.9.41-v7+  up_2_weeks,_5_days,_10_hours,_54_minutes  0.00 0.00 0.01 949572MB 401584MB 50% 29899MB 14487MB 51% 38Â°C  
disk->normal  
rmb->note  
cpu->normal  
------------------------
time    hostname    OS   rootç‰ˆæœ¬   runtime  å¹³å‡è´Ÿè½½ã€€ã€€ç£ç›˜æ€»é‡ã€€ã€€ç£ç›˜æ‰€ç”¨ç™¾åˆ†æ¯”ã€€å†…å­˜å¤§å°ã€€ã€€å†…å­˜å·²ç”¨ç™¾åˆ†æ¯”ã€€cpuæ¸©åº¦ã€€ã€€ã€€ç£ç›˜è­¦æŠ¥çº§åˆ«ã€€ã€€å†…å­˜è­¦æŠ¥çº§åˆ«ã€€ã€€cpuè­¦æŠ¥çº§åˆ«
20181220_19:59:17  pi3 GNU/Linux 4.9.41-v7+  up_2_weeks,_5_days,_10_hours,_56_minutes  0.18 0.05 0.02 949572MB 401312MB 50% 29899MB 14487MB 51% 38Â°C  
disk->normal  
rmb->note  
cpu->normal  
------------------------
time    hostname    OS   rootç‰ˆæœ¬   runtime  å¹³å‡è´Ÿè½½ã€€ã€€ç£ç›˜æ€»é‡ã€€ã€€ç£ç›˜æ‰€ç”¨ç™¾åˆ†æ¯”ã€€å†…å­˜å¤§å°ã€€ã€€å†…å­˜å·²ç”¨ç™¾åˆ†æ¯”ã€€cpuæ¸©åº¦ã€€ã€€ã€€ç£ç›˜è­¦æŠ¥çº§åˆ«ã€€ã€€å†…å­˜è­¦æŠ¥çº§åˆ«ã€€ã€€cpuè­¦æŠ¥çº§åˆ«
20181220_20:00:58  pi3 GNU/Linux 4.9.41-v7+  up_2_weeks,_5_days,_10_hours,_57_minutes  0.47 0.17 0.07 949572MB 397424MB 50% 29899MB 14487MB 51% 38Â°C  
disk->normal  
rmb->note  
cpu->normal  
------------------------
time    hostname    OS   rootç‰ˆæœ¬   runtime  å¹³å‡è´Ÿè½½ã€€ã€€ç£ç›˜æ€»é‡ã€€ã€€ç£ç›˜æ‰€ç”¨ç™¾åˆ†æ¯”ã€€å†…å­˜å¤§å°ã€€ã€€å†…å­˜å·²ç”¨ç™¾åˆ†æ¯”ã€€cpuæ¸©åº¦ã€€ã€€ã€€ç£ç›˜è­¦æŠ¥çº§åˆ«ã€€ã€€å†…å­˜è­¦æŠ¥çº§åˆ«ã€€ã€€cpuè­¦æŠ¥çº§åˆ«
20181220_20:02:38  pi3 GNU/Linux 4.9.41-v7+  up_2_weeks,_5_days,_10_hours,_59_minutes  0.37 0.21 0.09 949572MB 396648MB 50% 29899MB 14487MB 51%------------
time    hostname    OS   rootç‰ˆæœ¬   runtime  å¹³å‡è´Ÿè½½ã€€ã€€ç£ç›˜æ€»é‡ã€€ã€€ç£ç›˜æ‰€ç”¨ç™¾åˆ†æ¯”ã€€å†…å­˜å¤§å°ã€€ã€€å†…å­˜å·²ç”¨ç™¾åˆ†æ¯”ã€€cpuæ¸©åº¦ã€€ã€€ã€€ç£ç›˜è­¦æŠ¥çº§åˆ«ã€€ã€€å†…å­˜è­¦æŠ¥çº§åˆ«ã€€ã€€cpuè­¦æŠ¥çº§åˆ«
20181220_20:04:18  pi3 GNU/Linux 4.9.41-v7+  up_2_weeks,_5_days,_11_hours,_1_minute  0.29 0.24 0.11 949572MB 397668MB 50% 29899MB 14487MB 51% 38Â°C  
disk->normal  
rmb->note  
cpu->normal  
------------------------
time    hostname    OS   rootç‰ˆæœ¬   runtime  å¹³å‡è´Ÿè½½ã€€ã€€ç£ç›˜æ€»é‡ã€€ã€€ç£ç›˜æ‰€ç”¨ç™¾åˆ†æ¯”ã€€å†…å­˜å¤§å°ã€€ã€€å†…å­˜å·²ç”¨ç™¾åˆ†æ¯”ã€€cpuæ¸©åº¦ã€€ã€€ã€€ç£ç›˜è­¦æŠ¥çº§åˆ«ã€€ã€€å†…å­˜è­¦æŠ¥çº§åˆ«ã€€ã€€cpuè­¦æŠ¥çº§åˆ«
20181220_20:05:58  pi3 GNU/Linux 4.9.41-v7+  up_2_weeks,_5_days,_11_hours,_2_minutes  0.28 0.24 0.12 949572MB 397548MB 50% 29899MB 14487MB 51% 38Â°C  
disk->normal  
rmb->note  
cpu->normal  
------------------------
time    hostname    OS   rootç‰ˆæœ¬   runtime  å¹³å‡è´Ÿè½½ã€€ã€€ç£ç›˜æ€»é‡ã€€ã€€ç£ç›˜æ‰€ç”¨ç™¾åˆ†æ¯”ã€€å†…å­˜å¤§å°ã€€ã€€å†…å­˜å·²ç”¨ç™¾åˆ†æ¯”ã€€cpuæ¸©åº¦ã€€ã€€ã€€ç£ç›˜è­¦æŠ¥çº§åˆ«ã€€ã€€å†…å­˜è­¦æŠ¥çº§åˆ«ã€€ã€€cpuè­¦æŠ¥çº§åˆ«
20181220_20:07:38  pi3 GNU/Linux 4.9.41-v7+  up_2_weeks,_5_days,_11_hours,_4_minutes  0.36 0.25 0.13 949572MB 396996MB 50% 29899MB 14487MB 51% 39Â°C  
disk->normal  
rmb->note  
cpu->normal  
------------------------
time    hostname    OS   rootç‰ˆæœ¬   runtime  å¹³å‡è´Ÿè½½ã€€ã€€ç£ç›˜æ€»é‡ã€€ã€€ç£ç›˜æ‰€ç”¨ç™¾åˆ†æ¯”ã€€å†…å­˜å¤§å°ã€€ã€€å†…å­˜å·²ç”¨ç™¾åˆ†æ¯”ã€€cpuæ¸©åº¦ã€€ã€€ã€€ç£ç›˜è­¦æŠ¥çº§åˆ«ã€€ã€€å†…å­˜è­¦æŠ¥çº§åˆ«ã€€ã€€cpuè­¦æŠ¥çº§åˆ«
20181220_20:09:19  pi3 GNU/Linux 4.9.41-v7+  up_2_weeks,_5_days,_11_hours,_6_minutes  0.22 0.22 0.13 949572MB 397408MB 50% 29899MB 14487MB 51% 38Â°C  
disk->normal  
rmb->note  
cpu->normal  
------------------------
time    hostname    OS   rootç‰ˆæœ¬   runtime  å¹³å‡è´Ÿè½½ã€€ã€€ç£ç›˜æ€»é‡ã€€ã€€ç£ç›˜æ‰€ç”¨ç™¾åˆ†æ¯”ã€€å†…å­˜å¤§å°ã€€ã€€å†…å­˜å·²ç”¨ç™¾åˆ†æ¯”ã€€cpuæ¸©åº¦ã€€ã€€ã€€ç£ç›˜è­¦æŠ¥çº§åˆ«ã€€ã€€å†…å­˜è­¦æŠ¥çº§åˆ«ã€€ã€€cpuè­¦æŠ¥çº§åˆ«
20181220_20:10:59  pi3 GNU/Linux 4.9.41-v7+  up_2_weeks,_5_days,_11_hours,_7_minutes  0.11 0.17 0.12 949572MB 397088MB 50% 29899MB 14487MB 51% 38Â°C  
disk->normal  
rmb->note  
cpu->normal  
------------------------
time    hostname    OS   rootç‰ˆæœ¬   runtime  å¹³å‡è´Ÿè½½ã€€ã€€ç£ç›˜æ€»é‡ã€€ã€€ç£ç›˜æ‰€ç”¨ç™¾åˆ†æ¯”ã€€å†…å­˜å¤§å°ã€€ã€€å†…å­˜å·²ç”¨ç™¾åˆ†æ¯”ã€€cpuæ¸©åº¦ã€€ã€€ã€€ç£ç›˜è­¦æŠ¥çº§åˆ«ã€€ã€€å†…å­˜è­¦æŠ¥çº§åˆ«ã€€ã€€cpuè­¦æŠ¥çº§åˆ«
20181220_20:12:39  pi3 GNU/Linux 4.9.41-v7+  up_2_weeks,_5_days,_11_hours,_9_minutes  0.02 0.12 0.10 949572MB 397040MB 50% 29899MB 14487MB 51% 39Â°C  
disk->normal  
rmb->note  
cpu->normal  
------------------------
time    hostname    OS   rootç‰ˆæœ¬   runtime  å¹³å‡è´Ÿè½½ã€€ã€€ç£ç›˜æ€»é‡ã€€ã€€ç£ç›˜æ‰€ç”¨ç™¾åˆ†æ¯”ã€€å†…å­˜å¤§å°ã€€ã€€å†…å­˜å·²ç”¨ç™¾åˆ†æ¯”ã€€cpuæ¸©åº¦ã€€ã€€ã€€ç£ç›˜è­¦æŠ¥çº§åˆ«ã€€ã€€å†…å­˜è­¦æŠ¥çº§åˆ«ã€€ã€€cpuè­¦æŠ¥çº§åˆ«
20181220_20:14:19  pi3 GNU/Linux 4.9.41-v7+  up_2_weeks,_5_days,_11_hours,_11_minutes  0.07 0.11 0.09 949572MB 395976MB 50% 29899MB 14487MB 51% 39Â°C  
disk->normal  
rmb->note  
cpu->normal  
------------------------
time    hostname    OS   rootç‰ˆæœ¬   runtime  å¹³å‡è´Ÿè½½ã€€ã€€ç£ç›˜æ€»é‡ã€€ã€€ç£ç›˜æ‰€ç”¨ç™¾åˆ†æ¯”ã€€å†…å­˜å¤§å°ã€€ã€€å†…å­˜å·²ç”¨ç™¾åˆ†æ¯”ã€€cpuæ¸©åº¦ã€€ã€€ã€€ç£ç›˜è­¦æŠ¥çº§åˆ«ã€€ã€€å†…å­˜è­¦æŠ¥çº§åˆ«ã€€ã€€cpuè­¦æŠ¥çº§åˆ«
20181220_20:15:59  pi3 GNU/Linux 4.9.41-v7+  up_2_weeks,_5_days,_11_hours,_12_minutes  0.22 0.15 0.10 949572MB 396124MB 50% 29899MB 14487MB 51% 38Â°C  
disk->normal  
rmb->note  
cpu->normal  
------------------------
time    hostname    OS   rootç‰ˆæœ¬   runtime  å¹³å‡è´Ÿè½½ã€€ã€€ç£ç›˜æ€»é‡ã€€ã€€ç£ç›˜æ‰€ç”¨ç™¾åˆ†æ¯”ã€€å†…å­˜å¤§å°ã€€ã€€å†…å­˜å·²ç”¨ç™¾åˆ†æ¯”ã€€cpuæ¸©åº¦ã€€ã€€ã€€ç£ç›˜è­¦æŠ¥çº§åˆ«ã€€ã€€å†…å­˜è­¦æŠ¥çº§åˆ«ã€€ã€€cpuè­¦æŠ¥çº§åˆ«
20181220_20:17:39  pi3 GNU/Linux 4.9.41-v7+  up_2_weeks,_5_days,_11_hours,_14_minutes  0.27 0.21 0.13 949572MB 397336MB 50% 29899MB 14487MB 51% 38Â°C  
disk->normal  
rmb->note  
cpu->normal  
------------------------
time    hostname    OS   rootç‰ˆæœ¬   runtime  å¹³å‡è´Ÿè½½ã€€ã€€ç£ç›˜æ€»é‡ã€€ã€€ç£ç›˜æ‰€ç”¨ç™¾åˆ†æ¯”ã€€å†…å­˜å¤§å°ã€€ã€€å†…å­˜å·²ç”¨ç™¾åˆ†æ¯”ã€€cpuæ¸©åº¦ã€€ã€€ã€€ç£ç›˜è­¦æŠ¥çº§åˆ«ã€€ã€€å†…å­˜è­¦æŠ¥çº§åˆ«ã€€ã€€cpuè­¦æŠ¥çº§åˆ«
20181220_20:19:19  pi3 GNU/Linux 4.9.41-v7+  up_2_weeks,_5_days,_11_hours,_16_minutes  0.10 0.17 0.12 949572MB 397796MB 50% 29899MB 14487MB 51% 38Â°C  
disk->normal  
rmb->note  
cpu->normal  
------------------------
time    hostname    OS   rootç‰ˆæœ¬   runtime  å¹³å‡è´Ÿè½½ã€€ã€€ç£ç›˜æ€»é‡ã€€ã€€ç£ç›˜æ‰€ç”¨ç™¾åˆ†æ¯”ã€€å†…å­˜å¤§å°ã€€ã€€å†…å­˜å·²ç”¨ç™¾åˆ†æ¯”ã€€cpuæ¸©åº¦ã€€ã€€ã€€ç£ç›˜è­¦æŠ¥çº§åˆ«ã€€ã€€å†…å­˜è­¦æŠ¥çº§åˆ«ã€€ã€€cpuè­¦æŠ¥çº§åˆ«
20181220_20:21:00  pi3 GNU/Linux 4.9.41-v7+  up_2_weeks,_5_days,_11_hours,_17_minutes  0.31 0.23 0.14 949572MB 397268MB 50% 29899MB 14487MB 51% 38Â°C  
disk->normal  
rmb->note  
cpu->normal  
------------------------
time    hostname    OS   rootç‰ˆæœ¬   runtime  å¹³å‡è´Ÿè½½ã€€ã€€ç£ç›˜æ€»é‡ã€€ã€€ç£ç›˜æ‰€ç”¨ç™¾åˆ†æ¯”ã€€å†…å­˜å¤§å°ã€€ã€€å†…å­˜å·²ç”¨ç™¾åˆ†æ¯”ã€€cpuæ¸©åº¦ã€€ã€€ã€€ç£ç›˜è­¦æŠ¥çº§åˆ«ã€€ã€€å†…å­˜è­¦æŠ¥çº§åˆ«ã€€ã€€cpuè­¦æŠ¥çº§åˆ«
20181220_20:22:40  pi3 GNU/Linux 4.9.41-v7+  up_2_weeks,_5_days,_11_hours,_19_minutes  0.37 0.26 0.16 949572MB 397416MB 50% 29899MB 14487MB 51% 38Â°C  
disk->normal  
rmb->note  
cpu->normal  
------------------------
time    hostname    OS   rootç‰ˆæœ¬   runtime  å¹³å‡è´Ÿè½½ã€€ã€€ç£ç›˜æ€»é‡ã€€ã€€ç£ç›˜æ‰€ç”¨ç™¾åˆ†æ¯”ã€€å†…å­˜å¤§å°ã€€ã€€å†…å­˜å·²ç”¨ç™¾åˆ†æ¯”ã€€cpuæ¸©åº¦ã€€ã€€ã€€ç£ç›˜è­¦æŠ¥çº§åˆ«ã€€ã€€å†…å­˜è­¦æŠ¥çº§åˆ«ã€€ã€€cpuè­¦æŠ¥çº§åˆ«
20181220_20:24:20  pi3 GNU/Linux 4.9.41-v7+  up_2_weeks,_5_days,_11_hours,_21_minutes  0.40 0.31 0.19 949572MB 396764MB 50% 29899MB 14487MB 51% 37Â°C  
disk->normal  
rmb->note  
cpu->normal  
------------------------
time    hostname    OS   rootç‰ˆæœ¬   runtime  å¹³å‡è´Ÿè½½ã€€ã€€ç£ç›˜æ€»é‡ã€€ã€€ç£ç›˜æ‰€ç”¨ç™¾åˆ†æ¯”ã€€å†…å­˜å¤§å°ã€€ã€€å†…å­˜å·²ç”¨ç™¾åˆ†æ¯”ã€€cpuæ¸©åº¦ã€€ã€€ã€€ç£ç›˜è­¦æŠ¥çº§åˆ«ã€€ã€€å†…å­˜è­¦æŠ¥çº§åˆ«ã€€ã€€cpuè­¦æŠ¥çº§åˆ«
20181220_20:26:00  pi3 GNU/Linux 4.9.41-v7+  up_2_weeks,_5_days,_11_hours,_22_minutes  0.28 0.30 0.19 949572MB 396608MB 50% 29899MB 14487MB 51% 38Â°C  
disk->normal  
rmb->note  
cpu->normal  
------------------------
time    hostname    OS   rootç‰ˆæœ¬   runtime  å¹³å‡è´Ÿè½½ã€€ã€€ç£ç›˜æ€»é‡ã€€ã€€ç£ç›˜æ‰€ç”¨ç™¾åˆ†æ¯”ã€€å†…å­˜å¤§å°ã€€ã€€å†…å­˜å·²ç”¨ç™¾åˆ†æ¯”ã€€cpuæ¸©åº¦ã€€ã€€ã€€ç£ç›˜è­¦æŠ¥çº§åˆ«ã€€ã€€å†…å­˜è­¦æŠ¥çº§åˆ«ã€€ã€€cpuè­¦æŠ¥çº§åˆ«
20181220_20:27:40  pi3 GNU/Linux 4.9.41-v7+  up_2_weeks,_5_days,_11_hours,_24_minutes  0.21 0.26 0.18 949572MB 396872MB 50% 29899MB 14487MB 51% 38Â°C  
disk->normal  
rmb->note  
cpu->normal  
------------------------
time    hostname    OS   rootç‰ˆæœ¬   runtime  å¹³å‡è´Ÿè½½ã€€ã€€ç£ç›˜æ€»é‡ã€€ã€€ç£ç›˜æ‰€ç”¨ç™¾åˆ†æ¯”ã€€å†…å­˜å¤§å°ã€€ã€€å†…å­˜å·²ç”¨ç™¾åˆ†æ¯”ã€€cpuæ¸©åº¦ã€€ã€€ã€€ç£ç›˜è­¦æŠ¥çº§åˆ«ã€€ã€€å†…å­˜è­¦æŠ¥çº§åˆ«ã€€ã€€cpuè­¦æŠ¥çº§åˆ«
20181220_20:29:20  pi3 GNU/Linux 4.9.41-v7+  up_2_weeks,_5_days,_11_hours,_26_minutes  0.04 0.18 0.16 949572MB 396804MB 50% 29899MB 14487MB 51% 38Â°C  
disk->normal  
rmb->note  
cpu->normal  
------------------------
time    hostname    OS   rootç‰ˆæœ¬   runtime  å¹³å‡è´Ÿè½½ã€€ã€€ç£ç›˜æ€»é‡ã€€ã€€ç£ç›˜æ‰€ç”¨ç™¾åˆ†æ¯”ã€€å†…å­˜å¤§å°ã€€ã€€å†…å­˜å·²ç”¨ç™¾åˆ†æ¯”ã€€cpuæ¸©åº¦ã€€ã€€ã€€ç£ç›˜è­¦æŠ¥çº§åˆ«ã€€ã€€å†…å­˜è­¦æŠ¥çº§åˆ«ã€€ã€€cpuè­¦æŠ¥çº§åˆ«
20181220_20:31:01  pi3 GNU/Linux 4.9.41-v7+  up_2_weeks,_5_days,_11_hours,_27_minutes  0.32 0.22 0.18 949572MB 388292MB 50% 29899MB 14487MB 51% 39Â°C  
disk->normal  
rmb->note  
cpu->normal  
------------------------
time    hostname    OS   rootç‰ˆæœ¬   runtime  å¹³å‡è´Ÿè½½ã€€ã€€ç£ç›˜æ€»é‡ã€€ã€€ç£ç›˜æ‰€ç”¨ç™¾åˆ†æ¯”ã€€å†…å­˜å¤§å°ã€€ã€€å†…å­˜å·²ç”¨ç™¾åˆ†æ¯”ã€€cpuæ¸©åº¦ã€€ã€€ã€€ç£ç›˜è­¦æŠ¥çº§åˆ«ã€€ã€€å†…å­˜è­¦æŠ¥çº§åˆ«ã€€ã€€cpuè­¦æŠ¥çº§åˆ«
20181220_20:32:41  pi3 GNU/Linux 4.9.41-v7+  up_2_weeks,_5_days,_11_hours,_29_minutes  0.36 0.25 0.19 949572MB 387980MB 50% 29899MB 14487MB 51% 40Â°C  
disk->normal  
rmb->note  
cpu->normal  
------------------------
time    hostname    OS   rootç‰ˆæœ¬   runtime  å¹³å‡è´Ÿè½½ã€€ã€€ç£ç›˜æ€»é‡ã€€ã€€ç£ç›˜æ‰€ç”¨ç™¾åˆ†æ¯”ã€€å†…å­˜å¤§å°ã€€ã€€å†…å­˜å·²ç”¨ç™¾åˆ†æ¯”ã€€cpuæ¸©åº¦ã€€ã€€ã€€ç£ç›˜è­¦æŠ¥çº§åˆ«ã€€ã€€å†…å­˜è­¦æŠ¥çº§åˆ«ã€€ã€€cpuè­¦æŠ¥çº§åˆ«
20181220_20:34:21  pi3 GNU/Linux 4.9.41-v7+  up_2_weeks,_5_days,_11_hours,_31_minutes  0.41 0.32 0.22 949572MB 388280MB 50% 29899MB 14487MB 51% 39Â°C  
disk->normal  
rmb->note  
cpu->normal  
------------------------
time    hostname    OS   rootç‰ˆæœ¬   runtime  å¹³å‡è´Ÿè½½ã€€ã€€ç£ç›˜æ€»é‡ã€€ã€€ç£ç›˜æ‰€ç”¨ç™¾åˆ†æ¯”ã€€å†…å­˜å¤§å°ã€€ã€€å†…å­˜å·²ç”¨ç™¾åˆ†æ¯”ã€€cpuæ¸©åº¦ã€€ã€€ã€€ç£ç›˜è­¦æŠ¥çº§åˆ«ã€€ã€€å†…å­˜è­¦æŠ¥çº§åˆ«ã€€ã€€cpuè­¦æŠ¥çº§åˆ«
20181220_20:36:01  pi3 GNU/Linux 4.9.41-v7+  up_2_weeks,_5_days,_11_hours,_32_minutes  0.42 0.34 0.24 949572MB 388572MB 50% 29899MB 14487MB 51% 39Â°C  
disk->normal  
rmb->note  
cpu->normal  
------------------------
time    hostname    OS   rootç‰ˆæœ¬   runtime  å¹³å‡è´Ÿè½½ã€€ã€€ç£ç›˜æ€»é‡ã€€ã€€ç£ç›˜æ‰€ç”¨ç™¾åˆ†æ¯”ã€€å†…å­˜å¤§å°ã€€ã€€å†…å­˜å·²ç”¨ç™¾åˆ†æ¯”ã€€cpuæ¸©åº¦ã€€ã€€ã€€ç£ç›˜è­¦æŠ¥çº§åˆ«ã€€ã€€å†…å­˜è­¦æŠ¥çº§åˆ«ã€€ã€€cpuè­¦æŠ¥çº§åˆ«
20181220_20:37:41  pi3 GNU/Linux 4.9.41-v7+  up_2_weeks,_5_days,_11_hours,_34_minutes  0.26 0.31 0.24 949572MB 387712MB 50% 29899MB 14487MB 51% 40Â°C  
disk->normal  
rmb->note  
cpu->normal  
------------------------
time    hostname    OS   rootç‰ˆæœ¬   runtime  å¹³å‡è´Ÿè½½ã€€ã€€ç£ç›˜æ€»é‡ã€€ã€€ç£ç›˜æ‰€ç”¨ç™¾åˆ†æ¯”ã€€å†…å­˜å¤§å°ã€€ã€€å†…å­˜å·²ç”¨ç™¾åˆ†æ¯”ã€€cpuæ¸©åº¦ã€€ã€€ã€€ç£ç›˜è­¦æŠ¥çº§åˆ«ã€€ã€€å†…å­˜è­¦æŠ¥çº§åˆ«ã€€ã€€cpuè­¦æŠ¥çº§åˆ«
20181220_20:39:21  pi3 GNU/Linux 4.9.41-v7+  up_2_weeks,_5_days,_11_hours,_36_minutes  0.51 0.39 0.28 949572MB 388468MB 50% 29899MB 14487MB 51% 39Â°C  
disk->normal  
rmb->note  
cpu->normal  
------------------------
time    hostname    OS   rootç‰ˆæœ¬   runtime  å¹³å‡è´Ÿè½½ã€€ã€€ç£ç›˜æ€»é‡ã€€ã€€ç£ç›˜æ‰€ç”¨ç™¾åˆ†æ¯”ã€€å†…å­˜å¤§å°ã€€ã€€å†…å­˜å·²ç”¨ç™¾åˆ†æ¯”ã€€cpuæ¸©åº¦ã€€ã€€ã€€ç£ç›˜è­¦æŠ¥çº§åˆ«ã€€ã€€å†…å­˜è­¦æŠ¥çº§åˆ«ã€€ã€€cpuè­¦æŠ¥çº§åˆ«
20181220_20:41:02  pi3 GNU/Linux 4.9.41-v7+  up_2_weeks,_5_days,_11_hours,_37_minutes  0.59 0.45 0.30 949572MB 388160MB 50% 29899MB 14487MB 51% 39Â°C  
disk->normal  
rmb->note  
cpu->normal  
------------------------
time    hostname    OS   rootç‰ˆæœ¬   runtime  å¹³å‡è´Ÿè½½ã€€ã€€ç£ç›˜æ€»é‡ã€€ã€€ç£ç›˜æ‰€ç”¨ç™¾åˆ†æ¯”ã€€å†…å­˜å¤§å°ã€€ã€€å†…å­˜å·²ç”¨ç™¾åˆ†æ¯”ã€€cpuæ¸©åº¦ã€€ã€€ã€€ç£ç›˜è­¦æŠ¥çº§åˆ«ã€€ã€€å†…å­˜è­¦æŠ¥çº§åˆ«ã€€ã€€cpuè­¦æŠ¥çº§åˆ«
20181220_20:42:42  pi3 GNU/Linux 4.9.41-v7+  up_2_weeks,_5_days,_11_hours,_39_minutes  0.35 0.39 0.29 949572MB 388020MB 50% 29899MB 14487MB 51% 41Â°C  
disk->normal  
rmb->note  
cpu->normal  
------------------------
time    hostname    OS   rootç‰ˆæœ¬   runtime  å¹³å‡è´Ÿè½½ã€€ã€€ç£ç›˜æ€»é‡ã€€ã€€ç£ç›˜æ‰€ç”¨ç™¾åˆ†æ¯”ã€€å†…å­˜å¤§å°ã€€ã€€å†…å­˜å·²ç”¨ç™¾åˆ†æ¯”ã€€cpuæ¸©åº¦ã€€ã€€ã€€ç£ç›˜è­¦æŠ¥çº§åˆ«ã€€ã€€å†…å­˜è­¦æŠ¥çº§åˆ«ã€€ã€€cpuè­¦æŠ¥çº§åˆ«
20181220_20:44:22  pi3 GNU/Linux 4.9.41-v7+  up_2_weeks,_5_days,_11_hours,_41_minutes  0.30 0.38 0.30 949572MB 388728MB 50% 29899MB 14487MB 51% 40Â°C  
disk->normal  
rmb->note  
cpu->normal  
------------------------
time    hostname    OS   rootç‰ˆæœ¬   runtime  å¹³å‡è´Ÿè½½ã€€ã€€ç£ç›˜æ€»é‡ã€€ã€€ç£ç›˜æ‰€ç”¨ç™¾åˆ†æ¯”ã€€å†…å­˜å¤§å°ã€€ã€€å†…å­˜å·²ç”¨ç™¾åˆ†æ¯”ã€€cpuæ¸©åº¦ã€€ã€€ã€€ç£ç›˜è­¦æŠ¥çº§åˆ«ã€€ã€€å†…å­˜è­¦æŠ¥çº§åˆ«ã€€ã€€cpuè­¦æŠ¥çº§åˆ«
20181220_20:46:02  pi3 GNU/Linux 4.9.41-v7+  up_2_weeks,_5_days,_11_hours,_42_minutes  0.35 0.37 0.30 949572MB 388788MB 50% 29899MB 14487MB 51% 40Â°C  
disk->normal  
rmb->note  
cpu->normal  
------------------------
time    hostname    OS   rootç‰ˆæœ¬   runtime  å¹³å‡è´Ÿè½½ã€€ã€€ç£ç›˜æ€»é‡ã€€ã€€ç£ç›˜æ‰€ç”¨ç™¾åˆ†æ¯”ã€€å†…å­˜å¤§å°ã€€ã€€å†…å­˜å·²ç”¨ç™¾åˆ†æ¯”ã€€cpuæ¸©åº¦ã€€ã€€ã€€ç£ç›˜è­¦æŠ¥çº§åˆ«ã€€ã€€å†…å­˜è­¦æŠ¥çº§åˆ«ã€€ã€€cpuè­¦æŠ¥çº§åˆ«
20181220_20:47:42  pi3 GNU/Linux 4.9.41-v7+  up_2_weeks,_5_days,_11_hours,_44_minutes  0.72 0.48 0.34 949572MB 387628MB 50% 29899MB 14487MB 51% 40Â°C  
disk->normal  
rmb->note  
cpu->normal  
------------------------
time    hostname    OS   rootç‰ˆæœ¬   runtime  å¹³å‡è´Ÿè½½ã€€ã€€ç£ç›˜æ€»é‡ã€€ã€€ç£ç›˜æ‰€ç”¨ç™¾åˆ†æ¯”ã€€å†…å­˜å¤§å°ã€€ã€€å†…å­˜å·²ç”¨ç™¾åˆ†æ¯”ã€€cpuæ¸©åº¦ã€€ã€€ã€€ç£ç›˜è­¦æŠ¥çº§åˆ«ã€€ã€€å†…å­˜è­¦æŠ¥çº§åˆ«ã€€ã€€cpuè­¦æŠ¥çº§åˆ«
20181220_20:49:22  pi3 GNU/Linux 4.9.41-v7+  up_2_weeks,_5_days,_11_hours,_46_minutes  0.42 0.44 0.34 949572MB 388776MB 50% 29899MB 14487MB 51% 39Â°C  
disk->normal  
rmb->note  
cpu->normal  
------------------------
time    hostname    OS   rootç‰ˆæœ¬   runtime  å¹³å‡è´Ÿè½½ã€€ã€€ç£ç›˜æ€»é‡ã€€ã€€ç£ç›˜æ‰€ç”¨ç™¾åˆ†æ¯”ã€€å†…å­˜å¤§å°ã€€ã€€å†…å­˜å·²ç”¨ç™¾åˆ†æ¯”ã€€cpuæ¸©åº¦ã€€ã€€ã€€ç£ç›˜è­¦æŠ¥çº§åˆ«ã€€ã€€å†…å­˜è­¦æŠ¥çº§åˆ«ã€€ã€€cpuè­¦æŠ¥çº§åˆ«
20181220_20:51:02  pi3 GNU/Linux 4.9.41-v7+  up_2_weeks,_5_days,_11_hours,_47_minutes  0.50 0.46 0.36 949572MB 393128MB 50% 29899MB 14487MB 51% 38Â°C  
disk->normal  
rmb->note  
cpu->normal  
------------------------
time    hostname    OS   rootç‰ˆæœ¬   runtime  å¹³å‡è´Ÿè½½ã€€ã€€ç£ç›˜æ€»é‡ã€€ã€€ç£ç›˜æ‰€ç”¨ç™¾åˆ†æ¯”ã€€å†…å­˜å¤§å°ã€€ã€€å†…å­˜å·²ç”¨ç™¾åˆ†æ¯”ã€€cpuæ¸©åº¦ã€€ã€€ã€€ç£ç›˜è­¦æŠ¥çº§åˆ«ã€€ã€€å†…å­˜è­¦æŠ¥çº§åˆ«ã€€ã€€cpuè­¦æŠ¥çº§åˆ«
20181220_20:52:43  pi3 GNU/Linux 4.9.41-v7+  up_2_weeks,_5_days,_11_hours,_49_minutes  0.22 0.39 0.35 949572MB 392896MB 50% 29899MB 14487MB 51% 38Â°C  
disk->normal  
rmb->note  
cpu->normal  
------------------------
time    hostname    OS   rootç‰ˆæœ¬   runtime  å¹³å‡è´Ÿè½½ã€€ã€€ç£ç›˜æ€»é‡ã€€ã€€ç£ç›˜æ‰€ç”¨ç™¾åˆ†æ¯”ã€€å†…å­˜å¤§å°ã€€ã€€å†…å­˜å·²ç”¨ç™¾åˆ†æ¯”ã€€cpuæ¸©åº¦ã€€ã€€ã€€ç£ç›˜è­¦æŠ¥çº§åˆ«ã€€ã€€å†…å­˜è­¦æŠ¥çº§åˆ«ã€€ã€€cpuè­¦æŠ¥çº§åˆ«
20181220_20:54:23  pi3 GNU/Linux 4.9.41-v7+  up_2_weeks,_5_days,_11_hours,_51_minutes  0.25 0.38 0.35 949572MB 397108MB 50% 29899MB 14487MB 51% 38Â°C  
disk->normal  
rmb->note  
cpu->normal  
------------------------
time    hostname    OS   rootç‰ˆæœ¬   runtime  å¹³å‡è´Ÿè½½ã€€ã€€ç£ç›˜æ€»é‡ã€€ã€€ç£ç›˜æ‰€ç”¨ç™¾åˆ†æ¯”ã€€å†…å­˜å¤§å°ã€€ã€€å†…å­˜å·²ç”¨ç™¾åˆ†æ¯”ã€€cpuæ¸©åº¦ã€€ã€€ã€€ç£ç›˜è­¦æŠ¥çº§åˆ«ã€€ã€€å†…å­˜è­¦æŠ¥çº§åˆ«ã€€ã€€cpuè­¦æŠ¥çº§åˆ«
20181220_20:56:03  pi3 GNU/Linux 4.9.41-v7+  up_2_weeks,_5_days,_11_hours,_52_minutes  0.08 0.29 0.32 949572MB 396948MB 50% 29899MB 14487MB 51% 39Â°C  
disk->normal  
rmb->note  
cpu->normal  
------------------------
time    hostname    OS   rootç‰ˆæœ¬   runtime  å¹³å‡è´Ÿè½½ã€€ã€€ç£ç›˜æ€»é‡ã€€ã€€ç£ç›˜æ‰€ç”¨ç™¾åˆ†æ¯”ã€€å†…å­˜å¤§å°ã€€ã€€å†…å­˜å·²ç”¨ç™¾åˆ†æ¯”ã€€cpuæ¸©åº¦ã€€ã€€ã€€ç£ç›˜è­¦æŠ¥çº§åˆ«ã€€ã€€å†…å­˜è­¦æŠ¥çº§åˆ«ã€€ã€€cpuè­¦æŠ¥çº§åˆ«
20181220_20:57:43  pi3 GNU/Linux 4.9.41-v7+  up_2_weeks,_5_days,_11_hours,_54_minutes  0.06 0.23 0.30 949572MB 396620MB 50% 29899MB 14487MB 51% 38Â°C  
disk->normal  
rmb->note  
cpu->normal  
------------