------------
time    hostname    OS   rootç‰ˆæœ¬   runtime  å¹³å‡è´Ÿè½½ã€€ã€€ç£ç›˜æ€»é‡ã€€ã€€ç£ç›˜æ‰€ç”¨ç™¾åˆ†æ¯”ã€€å†…å­˜å¤§å°ã€€ã€€å†…å­˜å·²ç”¨ç™¾åˆ†æ¯”ã€€cpuæ¸©åº¦ã€€ã€€ã€€ç£ç›˜è­¦æŠ¥çº§åˆ«ã€€ã€€å†…å­˜è­¦æŠ¥çº§åˆ«ã€€ã€€cpuè­¦æŠ¥çº§åˆ«
20181220_18:18:24  pi5 GNU/Linux 4.9.41-v7+  up_2_weeks,_5_days,_9_hours,_15_minutes  0.00 0.04 0.00 949572MB 407448MB 50% 29899MB 13276MB 47% 47Â°C  
disk->normal  
rmb->normal  
cpu->normal  
------------
------------
time    hostname    OS   rootç‰ˆæœ¬   runtime  å¹³å‡è´Ÿè½½ã€€ã€€ç£ç›˜æ€»é‡ã€€ã€€ç£ç›˜æ‰€ç”¨ç™¾åˆ†æ¯”ã€€å†…å­˜å¤§å°ã€€ã€€å†…å­˜å·²ç”¨ç™¾åˆ†æ¯”ã€€cpuæ¸©åº¦ã€€ã€€ã€€ç£ç›˜è­¦æŠ¥çº§åˆ«ã€€ã€€å†…å­˜è­¦æŠ¥çº§åˆ«ã€€ã€€cpuè­¦æŠ¥çº§åˆ«
20181220_18:20:04  pi5 GNU/Linux 4.9.41-v7+  up_2_weeks,_5_days,_9_hours,_16_minutes  0.00 0.02 0.00 949572MB 407312MB 50% 29899MB 13276MB 47% 48Â°C  
disk->normal  
rmb->normal  
cpu->normal  
------------
------------
time    hostname    OS   rootç‰ˆæœ¬   runtime  å¹³å‡è´Ÿè½½ã€€ã€€ç£ç›˜æ€»é‡ã€€ã€€ç£ç›˜æ‰€ç”¨ç™¾åˆ†æ¯”ã€€å…å­˜å¤§å°ã€€ã€€å†…å­˜å·²ç”¨ç™¾åˆ†æ¯”ã€€cpuæ¸©åº¦ã€€ã€€ã€€ç£ç›˜è­¦æŠ¥çº§åˆ«ã€€ã€€å†…å­˜è­¦æŠ¥çº§åˆ«ã€€ã€€cpuè­¦æŠ¥çº§åˆ«
20181220_18:21:44  pi5 GNU/Linux 4.9.41-v7+  up_2_weeks,_5_days,_9_hours,_18_minutes  0.03 0.04 0.00 949572MB 407472MB 50% 29899MB 13276MB 47% 47Â°C  
disk->normal  
rmb->normal  
cpu->normal  
------------
------------
time    hostname    OS   rootç‰ˆæœ¬   runtime  å¹³å‡è´Ÿè½½ã€€ã€€ç£ç›˜æ€»é‡ã€€ã€€ç£ç›˜æ‰€ç”¨ç™¾åˆ†æ¯”ã€€å†…å­˜å¤§å°ã€€ã€€å†…å­˜å·²ç”¨ç™¾åˆ†æ¯”ã€€cpuæ¸©åº¦ã€€ã€€ã€€ç£ç›˜è­¦æŠ¥çº§åˆ«ã€€ã€€å†…å­˜è­¦æŠ¥çº§åˆ«ã€€ã€€cpuè­¦æŠ¥çº§åˆ«
20181220_18:23:25  pi5 GNU/Linux 4.9.41-v7+  up_2_weeks,_5_days,_9_hours,_20_minutes  0.00 0.02 0.00 949572MB 407284MB 50% 29899MB 13276MB 47% 48Â°C  
disk->normal  
rmb->normal  
cpu->normal  
------------
------------
time    hostname    OS   rootç‰ˆæœ¬   runtime  å¹³å‡è´Ÿè½½ã€€ã€€ç£ç›˜æ€»é‡ã€€ã€€ç£ç›˜æ‰€ç”¨ç™¾åˆ†æ¯”ã€€å†…å­˜å¤§å°ã€€ã€€å†…å­˜å·²ç”¨ç™¾åˆ†æ¯”ã€€cpuæ¸©åº¦ã€€ã€€ã€€ç£ç›˜è­¦æŠ¥çº§åˆ«ã€€ã€€å†…å­˜è­¦æŠ¥çº§åˆ«ã€€ã€€cpuè­¦æŠ¥çº§åˆ«20181220_18:25:05  pi5 GNU/Linux 4.9.41-v7+  up_2_weeks,_5_days,_9_hours,_21_minutes  0.07 0.04 0.01 949572MB 407232MB 50% 29899MB 13276MB 47% 48Â°C  
disk->normal  
rmb->normal  
cpu->normal  
------------
------------
time    hostname    OS   rootç‰ˆæœ¬   runtime  å¹³å‡è´Ÿè½½ã€€ã€€ç£ç›˜æ€»é‡ã€€ã€€ç£ç›˜æ‰€ç”¨ç™¾åˆ†æ¯”ã€€å†…å­˜å¤§å°ã€€ã€€å†…å­˜å·²ç”¨ç™¾åˆ†æ¯”ã€€cpuæ¸©åº¦ã€€ã€€ã€€ç£ç›˜è­¦æŠ¥çº§åˆ«ã€€ã€€å†…å­˜è­¦æŠ¥çº§åˆ«ã€€ã€€cpuè­¦æŠ¥çº§åˆ«
20181220_18:54:03  pi5 GNU/Linux 4.9.41-v7+  up_2_weeks,_5_days,_9_hours,_50_minutes  0.05 0.04 0.00 949572MB 397456MB 50% 29899MB 13278MB 47% 48Â°C  
disk->normal  
rmb->normal  
cpu->normal  
------------------------
time    hostname    OS   rootç‰ˆæœ¬   runtime  å¹³å‡è´Ÿè½½ã€€ã€€ç£ç›˜æ€»é‡ã€€ã€€ç£ç›˜æ‰€ç”¨ç™¾åˆ†æ¯”ã€€å†…å­˜å¤§å°ã€€ã€€å†…å­˜å·²ç”¨ç™¾åˆ†æ¯”ã€€cpuæ¸©åº¦ã€€ã€€ã€€ç£ç›˜è­¦æŠ¥çº§åˆ«ã€€ã€€å†…å­˜è­¦æŠ¥çº§åˆ«ã€€ã€€cpuè­¦æŠ¥çº§åˆ«
20181220_18:55:43  pi5 GNU/Linux 4.9.41-v7+  up_2_weeks,_5_days,_9_hours,_52_minutes  0.13 0.05 0.01 949572MB 391932MB 50% 29899MB 13278MB 47% 49Â°C  
disk->normal  
rmb->normal  
cpu->normal  
------------------------
time    hostname    OS   rootç‰ˆæœ¬   runtime  å¹³å‡è´Ÿè½½ã€€ã€€ç£ç›˜æ€»é‡ã€€ã€€ç£ç›˜æ‰€ç”¨ç™¾åˆ†æ¯”ã€€å†…å­˜å¤§å°ã€€ã€€å†…å­˜å·²ç”¨ç™¾åˆ†æ¯”ã€€cpuæ¸©åº¦ã€€ã€€ã€€ç£ç›˜è­¦æŠ¥çº§åˆ«ã€€ã€€å†…å­˜è­¦æŠ¥çº§åˆ«ã€€ã€€cpuè­¦æŠ¥çº§åˆ«
20181220_18:57:23  pi5 GNU/Linux 4.9.41-v7+  up_2_weeks,_5_days,_9_hours,_54_minutes  0.08 0.05 0.00 949572MB 392296MB 50% 29899MB 13278MB 47% 49Â°C  
disk->normal  
rmb->normal  
cpu->normal  
------------------------
time    hostname    OS   rootç‰ˆæœ¬   runtime  å¹³å‡è´Ÿè½½ã€€ã€€ç£ç›˜æ€»é‡ã€€ã€€ç£ç›˜æ‰€ç”¨ç™¾åˆ†æ¯”ã€€å†…å­˜å¤§å°ã€€ã€€å†…å­˜å·²ç”¨ç™¾åˆ†æ¯”ã€€cpuæ¸©åº¦ã€€ã€€ã€€ç£ç›˜è­¦æŠ¥çº§åˆ«ã€€ã€€å†…å­˜è­¦æŠ¥çº§åˆ«ã€€ã€€cpuè­¦æŠ¥çº§åˆ«
20181220_18:59:03  pi5 GNU/Linux 4.9.41-v7+  up_2_weeks,_5_days,_9_hours,_55_minutes  0.21 0.10 0.02 949572MB 391616MB 50% 29899MB 13278MB 47% 50Â°C  
disk->normal  
rmb->normal  
cpu->normal  
------------------------
time    hostname    OS   rootç‰ˆæœ¬   runtime  å¹³å‡è´Ÿè½½ã€€ã€€ç£ç›˜æ€»é‡ã€€ã€€ç£ç›˜æ‰€ç”¨ç™¾åˆ†æ¯”ã€€å†…å­˜å¤§å°ã€€ã€€å†…å­˜å·²ç”¨ç™¾åˆ†æ¯”ã€€cpuæ¸©åº¦ã€€ã€€ã€€ç£ç›˜è­¦æŠ¥çº§åˆ«ã€€ã€€å†…å­˜è­¦æŠ¥çº§åˆ«ã€€ã€€cpuè­¦æŠ¥çº§åˆ«
20181220_19:00:43  pi5 GNU/Linux 4.9.41-v7+  up_2_weeks,_5_days,_9_hours,_57_minutes  0.15 0.12 0.03 949572MB 391820MB 50% 29899MB 13278MB 47% 50Â°C  
disk->normal  
rmb->normal  
cpu->normal  
------------------------
time    hostname    OS   rootç‰ˆæœ¬   runtime  å¹³å‡è´Ÿè½½ã€€ã€€ç£ç›˜æ€»é‡ã€€ã€€ç£ç›˜æ‰€ç”¨ç™¾åˆ†æ¯”ã€€å†…å­˜å¤§å°ã€€ã€€å†…å­˜å·²ç”¨ç™¾åˆ†æ¯”ã€€cpuæ¸©åº¦ã€€ã€€ã€€ç£ç›˜è­¦æŠ¥çº§åˆ«ã€€ã€€å†…å­˜è­¦æŠ¥çº§åˆ«ã€€ã€€cpuè­¦æŠ¥çº§åˆ«
20181220_19:02:24  pi5 GNU/Linux 4.9.41-v7+  up_2_weeks,_5_days,_9_hours,_59_minutes  0.22 0.15 0.05 949572MB 392536MB 50% 29899MB 13278MB 47% 49Â°C  
disk->normal  
rmb->normal  
cpu->normal  
------------------------
time    hostname    OS   rootç‰ˆæœ¬   runtime  å¹³å‡è´Ÿè½½ã€€ã€€ç£ç›˜æ€»é‡ã€€ã€€ç£ç›˜æ‰€ç”¨ç™¾åˆ†æ¯”ã€€å†…å­˜å¤§å°ã€€ã€€å†…å­˜å·²ç”¨ç™¾åˆ†æ¯”ã€€cpuæ¸©åº¦ã€€ã€€ã€€ç£ç›˜è­¦æŠ¥çº§åˆ«ã€€ã€€å†…å­˜è­¦æŠ¥çº§åˆ«ã€€ã€€cpuè­¦æŠ¥çº§åˆ«
20181220_19:04:04  pi5 GNU/Linux 4.9.41-v7+  up_2_weeks,_5_days,_10_hours  0.04 0.10 0.04 949572MB 393024MB 50% 29899MB 13278MB 47% 49Â°C  
disk->normal  
rmb->normal  
cpu->normal  
------------------------
time    hostname    OS   rootç‰ˆæœ¬   runtime  å¹³å‡è´Ÿè½½ã€€ã€€ç£ç›˜æ€»é‡ã€€ã€€ç£ç›˜æ‰€ç”¨ç™¾åˆ†æ¯”ã€€å†…å­˜å¤§å°ã€€ã€€å†…å­˜å·²ç”¨ç™¾åˆ†æ¯”ã€€cpuæ¸©åº¦ã€€ã€€ã€€ç£ç›˜è­¦æŠ¥çº§åˆ«ã€€ã€€å†…å­˜è­¦æŠ¥çº§åˆ«ã€€ã€€cpuè­¦æŠ¥çº§åˆ«
20181220_19:05:44  pi5 GNU/Linux 4.9.41-v7+  up_2_weeks,_5_days,_10_hours,_2_minutes  0.09 0.11 0.04 949572MB 392880MB 50% 29899MB 13278MB 47% 48Â°C  
disk->normal  
rmb->normal  
cpu->normal  
------------------------
time    hostname    OS   rootç‰ˆæœ¬   runtime  å¹³å‡è´Ÿè½½ã€€ã€€ç£ç›˜æ€»é‡ã€€ã€€ç£ç›˜æ‰€ç”¨ç™¾åˆ†æ¯”ã€€å†…å­˜å¤§å°ã€€ã€€å†…å­˜å·²ç”¨ç™¾åˆ†æ¯”ã€€cpuæ¸©åº¦ã€€ã€€ã€€ç£ç›˜è­¦æŠ¥çº§åˆ«ã€€ã€€å†…å­˜è­¦æŠ¥çº§åˆ«ã€€ã€€cpuè­¦æŠ¥çº§åˆ«
20181220_19:07:24  pi5 GNU/Linux 4.9.41-v7+  up_2_weeks,_5_days,_10_hours,_4_minutes  0.35 0.22 0.09 949572MB 389852MB 50% 29899MB 13278MB 47% 49Â°C  
disk->normal  
rmb->normal  
cpu->normal  
------------------------
time    hostname    OS   rootç‰ˆæœ¬   runtime  å¹³å‡è´Ÿè½½ã€€ã€€ç£ç›˜æ€»é‡ã€€ã€€ç£ç›˜æ‰€ç”¨ç™¾åˆ†æ¯”ã€€å†…å­˜å¤§å°ã€€ã€€å†…å­˜å·²ç”¨ç™¾åˆ†æ¯”ã€€cpuæ¸©åº¦ã€€ã€€ã€€ç£ç›˜è­¦æŠ¥çº§åˆ«ã€€ã€€å†…å­˜è­¦æŠ¥çº§åˆ«ã€€ã€€cpuè­¦æŠ¥çº§åˆ«
20181220_19:09:04  pi5 GNU/Linux 4.9.41-v7+  up_2_weeks,_5_days,_10_hours,_5_minutes  0.12 0.19 0.09 949572MB 389248MB 50% 29899MB 13278MB 47% 49Â°C  
disk->normal  
rmb->normal  
cpu->normal  
------------------------
time    hostname    OS   rootç‰ˆæœ¬   runtime  å¹³å‡è´Ÿè½½ã€€ã€€ç£ç›˜æ€»é‡ã€€ã€€ç£ç›˜æ‰€ç”¨ç™¾åˆ†æ¯”ã€€å†…å­˜å¤§å°ã€€ã€€å†…å­˜å·²ç”¨ç™¾åˆ†æ¯”ã€€cpuæ¸©åº¦ã€€ã€€ã€€ç£ç›˜è­¦æŠ¥çº§åˆ«ã€€ã€€å†…å­˜è­¦æŠ¥çº§åˆ«ã€€ã€€cpuè­¦æŠ¥çº§åˆ«
20181220_19:10:44  pi5 GNU/Linux 4.9.41-v7+  up_2_weeks,_5_days,_10_hours,_7_minutes  0.18 0.18 0.10 949572MB 389828MB 50% 29899MB 13278MB 47% 49Â°C  
disk->normal  
rmb->normal  
cpu->normal  
------------------------
time    hostname    OS   rootç‰ˆæœ¬   runtime  å¹³å‡è´Ÿè½½ã€€ã€€ç£ç›˜æ€»é‡ã€€ã€€ç£ç›˜æ‰€ç”¨ç™¾åˆ†æ¯”ã€€å†…å­˜å¤§å°ã€€ã€€å†…å­˜å·²ç”¨ç™¾åˆ†æ¯”ã€€cpuæ¸©åº¦ã€€ã€€ã€€ç£ç›˜è­¦æŠ¥çº§åˆ«ã€€ã€€å†…å­˜è­¦æŠ¥çº§åˆ«ã€€ã€€cpuè­¦æŠ¥çº§åˆ«
20181220_19:12:24  pi5 GNU/Linux 4.9.41-v7+  up_2_weeks,_5_days,_10_hours,_9_minutes  0.12 0.17 0.09 949572MB 392060MB 50% 29899MB 13278MB 47% 49Â°C  
disk->normal  
rmb->normal  
cpu->normal  
------------------------
time    hostname    OS   rootç‰ˆæœ¬   runtime  å¹³å‡è´Ÿè½½ã€€ã€€ç£ç›˜æ€»é‡ã€€ã€€ç£ç›˜æ‰€ç”¨ç™¾åˆ†æ¯”ã€€å†…å­˜å¤§å°ã€€ã€€å†…å­˜å·²ç”¨ç™¾åˆ†æ¯”ã€€cpuæ¸©åº¦ã€€ã€€ã€€ç£ç›˜è­¦æŠ¥çº§åˆ«ã€€ã€€å†…å­˜è­¦æŠ¥çº§åˆ«ã€€ã€€cpuè­¦æŠ¥çº§åˆ«
20181220_19:14:05  pi5 GNU/Linux 4.9.41-v7+  up_2_weeks,_5_days,_10_hours,_10_minutes  0.04 0.13 0.09 949572MB 392308MB 50% 29899MB 13278MB 47% 49Â°C  
disk->normal  
rmb->normal  
cpu->normal  
------------------------
time    hostname    OS   rootç‰ˆæœ¬   runtime  å¹³å‡è´Ÿè½½ã€€ã€€ç£ç›˜æ€»é‡ã€€ã€€ç£ç›˜æ‰€ç”¨ç™¾åˆ†æ¯”ã€€å†…å­˜å¤§å°ã€€ã€€å†…å­˜å·²ç”¨ç™¾åˆ†æ¯”ã€€cpuæ¸©åº¦ã€€ã€€ã€€ç£ç›˜è­¦æŠ¥çº§åˆ«ã€€ã€€å†…å­˜è­¦æŠ¥çº§åˆ«ã€€ã€€cpuè­¦æŠ¥çº§åˆ«
20181220_19:15:45  pi5 GNU/Linux 4.9.41-v7+  up_2_weeks,_5_days,_10_hours,_12_minutes  0.31 0.19 0.11 949572MB 392564MB 50% 29899MB 13278MB 47% 48Â°C  
disk->normal  
rmb->normal  
cpu->normal  
------------------------
time    hostname    OS   rootç‰ˆæœ¬   runtime  å¹³å‡è´Ÿè½½ã€€ã€€ç£ç›˜æ€»é‡ã€€ã€€ç£ç›˜æ‰€ç”¨ç™¾åˆ†æ¯”ã€€å†…å­˜å¤§å°ã€€ã€€å†…å­˜å·²ç”¨ç™¾åˆ†æ¯”ã€€cpuæ¸©åº¦ã€€ã€€ã€€ç£ç›˜è­¦æŠ¥çº§åˆ«ã€€ã€€å†…å­˜è­¦æŠ¥çº§åˆ«ã€€ã€€cpuè­¦æŠ¥çº§åˆ«
20181220_19:17:25  pi5 GNU/Linux 4.9.41-v7+  up_2_weeks,_5_days,_10_hours,_14_minutes  0.32 0.22 0.12 949572MB 391952MB 50% 29899MB 13278MB 47% 49Â°C  
disk->normal  
rmb->normal  
cpu->normal  
------------------------
time    hostname    OS   rootç‰ˆæœ¬   runtime  å¹³å‡è´Ÿè½½ã€€ã€€ç£ç›˜æ€»é‡ã€€ã€€ç£ç›˜æ‰€ç”¨ç™¾åˆ†æ¯”ã€€å†…å­˜å¤§å°ã€€ã€€å†…å­˜å·²ç”¨ç™¾åˆ†æ¯”ã€€cpuæ¸©åº¦ã€€ã€€ã€€ç£ç›˜è­¦æŠ¥çº§åˆ«ã€€ã€€å†…å­˜è­¦æŠ¥çº§åˆ«ã€€ã€€cpuè­¦æŠ¥çº§åˆ«
20181220_19:19:05  pi5 GNU/Linux 4.9.41-v7+  up_2_weeks,_5_days,_10_hours,_15_minutes  0.33 0.26 0.15 949572MB 392288MB 50% 29899MB 13278MB 47% 49Â°C  
disk->normal  
rmb->normal  
cpu->normal  
------------------------
time    hostname    OS   rootç‰ˆæœ¬   runtime  å¹³å‡è´Ÿè½½ã€€ã€€ç£ç›˜æ€»é‡ã€€ã€€ç£ç›˜æ‰€ç”¨ç™¾åˆ†æ¯”ã€€å†…å­˜å¤§å°ã€€ã€€å†…å­˜å·²ç”¨ç™¾åˆ†æ¯”ã€€cpuæ¸©åº¦ã€€ã€€ã€€ç£ç›˜è­¦æŠ¥çº§åˆ«ã€€ã€€å†…å­˜è­¦æŠ¥çº§åˆ«ã€€ã€€cpuè­¦æŠ¥çº§åˆ«
20181220_19:20:45  pi5 GNU/Linux 4.9.41-v7+  up_2_weeks,_5_days,_10_hours,_17_minutes  0.10 0.20 0.14 949572MB 396564MB 50% 29899MB 13278MB 47% 48Â°C  
disk->normal  
rmb->normal  
cpu->normal  
------------------------
time    hostname    OS   rootç‰ˆæœ¬   runtime  å¹³å‡è´Ÿè½½ã€€ã€€ç£ç›˜æ€»é‡ã€€ã€€ç£ç›˜æ‰€ç”¨ç™¾åˆ†æ¯”ã€€å†…å­˜å¤§å°ã€€ã€€å†…å­˜å·²ç”¨ç™¾åˆ†æ¯”ã€€cpuæ¸©åº¦ã€€ã€€ã€€ç£ç›˜è­¦æŠ¥çº§åˆ«ã€€ã€€å†…å­˜è­¦æŠ¥çº§åˆ«ã€€ã€€cpuè­¦æŠ¥çº§åˆ«
20181220_19:22:25  pi5 GNU/Linux 4.9.41-v7+  up_2_weeks,_5_days,_10_hours,_19_minutes  0.15 0.18 0.13 949572MB 312912MB 60% 29899MB 13355MB 47% 53Â°C  
disk->normal  
rmb->normal  
cpu->normal  
------------------------
time    hostname    OS   rootç‰ˆæœ¬   runtime  å¹³å‡è´Ÿè½½ã€€ã€€ç£ç›˜æ€»é‡ã€€ã€€ç£ç›˜æ‰€ç”¨ç™¾åˆ†æ¯”ã€€å†…å­˜å¤§å°ã€€ã€€å†…å­˜å·²ç”¨ç™¾åˆ†æ¯”ã€€cpuæ¸©åº¦ã€€ã€€ã€€ç£ç›˜è­¦æŠ¥çº§åˆ«ã€€ã€€å†…å­˜è­¦æŠ¥çº§åˆ«ã€€ã€€cpuè­¦æŠ¥çº§åˆ«
20181220_19:24:06  pi5 GNU/Linux 4.9.41-v7+  up_2_weeks,_5_days,_10_hours,_20_minutes  0.22 0.19 0.14 949572MB 204832MB 70% 29899MB 13454MB 47% 48Â°C  
disk->normal  
rmb->normal  
cpu->normal  
------------------------
time    hostname    OS   rootç‰ˆæœ¬   runtime  å¹³å‡è´Ÿè½½ã€€ã€€ç£ç›˜æ€»é‡ã€€ã€€ç£ç›˜æ‰€ç”¨ç™¾åˆ†æ¯”ã€€å†…å­˜å¤§å°ã€€ã€€å†…å­˜å·²ç”¨ç™¾åˆ†æ¯”ã€€cpuæ¸©åº¦ã€€ã€€ã€€ç£ç›˜è­¦æŠ¥çº§åˆ«ã€€ã€€å†…å­˜è­¦æŠ¥çº§åˆ«ã€€ã€€cpuè­¦æŠ¥çº§åˆ«
20181220_19:25:46  pi5 GNU/Linux 4.9.41-v7+  up_2_weeks,_5_days,_10_hours,_22_minutes  0.47 0.26 0.17 949572MB 99400MB 80% 29899MB 13549MB 48% 48Â°C  
disk->note  
rmb->normal  
cpu->normal  
------------------------
time    hostname    OS   rootç‰ˆæœ¬   runtime  å¹³å‡è´Ÿè½½ã€€ã€€ç£ç›˜æ€»é‡ã€€ã€€ç£ç›˜æ‰€ç”¨ç™¾åˆ†æ¯”ã€€å†…å­˜å¤§å°ã€€ã€€å†…å­˜å·²ç”¨ç™¾åˆ†æ¯”ã€€cpuæ¸©åº¦ã€€ã€€ã€€ç£ç›˜è­¦æŠ¥çº§åˆ«ã€€ã€€å†…å­˜è­¦æŠ¥çº§åˆ«ã€€ã€€cpuè­¦æŠ¥çº§åˆ«
20181220_19:27:26  pi5 GNU/Linux 4.9.41-v7+  up_2_weeks,_5_days,_10_hours,_24_minutes  0.23 0.23 0.16 949572MB 98952MB 80% 29899MB 13549MB 48% 49Â°C  
disk->note  
rmb->normal  
cpu->normal  
------------------------
time    hostname    OS   rootç‰ˆæœ¬   runtime  å¹³å‡è´Ÿè½½ã€€ã€€ç£ç›˜æ€»é‡ã€€ã€€ç£ç›˜æ‰€ç”¨ç™¾åˆ†æ¯”ã€€å†…å­˜å¤§å°ã€€ã€€å†…å­˜å·²ç”¨ç™¾åˆ†æ¯”ã€€cpuæ¸©åº¦ã€€ã€€ã€€ç£ç›˜è­¦æŠ¥çº§åˆ«ã€€ã€€å†…å­˜è­¦æŠ¥çº§åˆ«ã€€ã€€cpuè­¦æŠ¥çº§åˆ«
20181220_19:29:06  pi5 GNU/Linux 4.9.41-v7+  up_2_weeks,_5_days,_10_hours,_25_minutes  0.06 0.17 0.15 949572MB 98588MB 80% 29899MB 13549MB 48% 48Â°C  
disk->note  
rmb->normal  
cpu->normal  
------------------------
time    hostname    OS   rootç‰ˆæœ¬   runtime  å¹³å‡è´Ÿè½½ã€€ã€€ç£ç›˜æ€»é‡ã€€ã€€ç£ç›˜æ‰€ç”¨ç™¾åˆ†æ¯”ã€€å†…å­˜å¤§å°ã€€ã€€å†…å­˜å·²ç”¨ç™¾åˆ†æ¯”ã€€cpuæ¸©åº¦ã€€ã€€ã€€ç£ç›˜è­¦æŠ¥çº§åˆ«ã€€ã€€å†…å­˜è­¦æŠ¥çº§åˆ«ã€€ã€€cpuè­¦æŠ¥çº§åˆ«
20181220_19:30:46  pi5 GNU/Linux 4.9.41-v7+  up_2_weeks,_5_days,_10_hours,_27_minutes  0.07 0.13 0.14 949572MB 99028MB 80% 29899MB 13549MB 48% 48Â°C  
disk->note  
rmb->normal  
cpu->normal  
------------------------
time    hostname    OS   rootç‰ˆæœ¬   runtime  å¹³å‡è´Ÿè½½ã€€ã€€ç£ç›˜æ€»é‡ã€€ã€€ç£ç›˜æ‰€ç”¨ç™¾åˆ†æ¯”ã€€å†…å­˜å¤§å°ã€€ã€€å†…å­˜å·²ç”¨ç™¾åˆ†æ¯”ã€€cpuæ¸©åº¦ã€€ã€€ã€€ç£ç›˜è­¦æŠ¥çº§åˆ«ã€€ã€€å†…å­˜è­¦æŠ¥çº§åˆ«ã€€ã€€cpuè­¦æŠ¥çº§åˆ«
20181220_19:32:26  pi5 GNU/Linux 4.9.41-v7+  up_2_weeks,_5_days,_10_hours,_29_minutes  0.26 0.18 0.15 949572MB 98576MB 80% 29899MB 13549MB 48% 49Â°C  
disk->note  
rmb->normal  
cpu->normal  
------------------------
time    hostname    OS   rootç‰ˆæœ¬   runtime  å¹³å‡è´Ÿè½½ã€€ã€€ç£ç›˜æ€»é‡ã€€ã€€ç£ç›˜æ‰€ç”¨ç™¾åˆ†æ¯”ã€€å†…å­˜å¤§å°ã€€ã€€å†…å­˜å·²ç”¨ç™¾åˆ†æ¯”ã€€cpuæ¸©åº¦ã€€ã€€ã€€ç£ç›˜è­¦æŠ¥çº§åˆ«ã€€ã€€å†…å­˜è­¦æŠ¥çº§åˆ«ã€€ã€€cpuè­¦æŠ¥çº§åˆ«
20181220_19:34:06  pi5 GNU/Linux 4.9.41-v7+  up_2_weeks,_5_days,_10_hours,_30_minutes  0.05 0.12 0.13 949572MB 99212MB 80% 29899MB 13549MB 48% 48Â°C  
disk->note  
rmb->normal  
cpu->normal  
------------------------
time    hostname    OS   rootç‰ˆæœ¬   runtime  å¹³å‡è´Ÿè½½ã€€ã€€ç£ç›˜æ€»é‡ã€€ã€€ç£ç›˜æ‰€ç”¨ç™¾åˆ†æ¯”ã€€å†…å­˜å¤§å°ã€€ã€€å†…å­˜å·²ç”¨ç™¾åˆ†æ¯”ã€€cpuæ¸©åº¦ã€€ã€€ã€€ç£ç›˜è­¦æŠ¥çº§åˆ«ã€€ã€€å†…å­˜è­¦æŠ¥çº§åˆ«ã€€ã€€cpuè­¦æŠ¥çº§åˆ«
20181220_19:35:47  pi5 GNU/Linux 4.9.41-v7+  up_2_weeks,_5_days,_10_hours,_32_minutes  0.21 0.13 0.13 949572MB 98408MB 80% 29899MB 13549MB 48% 49Â°C  
disk->note  
rmb->normal  
cpu->normal  
------------------------
time    hostname    OS   rootç‰ˆæœ¬   runtime  å¹³å‡è´Ÿè½½ã€€ã€€ç£ç›˜æ€»é‡ã€€ã€€ç£ç›˜æ‰€ç”¨ç™¾åˆ†æ¯”ã€€å†…å­˜å¤§å°ã€€ã€€å†…å­˜å·²ç”¨ç™¾åˆ†æ¯”ã€€cpuæ¸©åº¦ã€€ã€€ã€€ç£ç›˜è­¦æŠ¥çº§åˆ«ã€€ã€€å†…å­˜è­¦æŠ¥çº§åˆ«ã€€ã€€cpuè­¦æŠ¥çº§åˆ«
20181220_19:37:27  pi5 GNU/Linux 4.9.41-v7+  up_2_weeks,_5_days,_10_hours,_34_minutes  0.23 0.14 0.12 949572MB 102424MB 80% 29899MB 13550MB 48% 49Â°C  
disk->note  
rmb->normal  
cpu->normal  
------------------------
time    hostname    OS   rootç‰ˆæœ¬   runtime  å¹³å‡è´Ÿè½½ã€€ã€€ç£ç›˜æ€»é‡ã€€ã€€ç£ç›˜æ‰€ç”¨ç™¾åˆ†æ¯”ã€€å†…å­˜å¤§å°ã€€ã€€å†…å­˜å·²ç”¨ç™¾åˆ†æ¯”ã€€cpuæ¸©åº¦ã€€ã€€ã€€ç£ç›˜è­¦æŠ¥çº§åˆ«ã€€ã€€å†…å­˜è­¦æŠ¥çº§åˆ«ã€€ã€€cpuè­¦æŠ¥çº§åˆ«
20181220_19:39:07  pi5 GNU/Linux 4.9.41-v7+  up_2_weeks,_5_days,_10_hours,_35_minutes  0.23 0.14 0.12 949572MB 95952MB 80% 29899MB 13550MB 48% 49Â°C  
disk->note  
rmb->normal  
cpu->normal  
------------------------
time    hostname    OS   rootç‰ˆæœ¬   runtime  å¹³å‡è´Ÿè½½ã€€ã€€ç£ç›˜æ€»é‡ã€€ã€€ç£ç›˜æ‰€ç”¨ç™¾åˆ†æ¯”ã€€å†…å­˜å¤§å°ã€€ã€€å†…å­˜å·²ç”¨ç™¾åˆ†æ¯”ã€€cpuæ¸©åº¦ã€€ã€€ã€€ç£ç›˜è­¦æŠ¥çº§åˆ«ã€€ã€€å†…å­˜è­¦æŠ¥çº§åˆ«ã€€ã€€cpuè­¦æŠ¥çº§åˆ«
20181220_19:40:47  pi5 GNU/Linux 4.9.41-v7+  up_2_weeks,_5_days,_10_hours,_37_minutes  0.21 0.16 0.13 949572MB 95460MB 80% 29899MB 13550MB 48% 49Â°C  
disk->note  
rmb->normal  
cpu->normal  
------------------------
time    hostname    OS   rootç‰ˆæœ¬   runtime  å¹³å‡è´Ÿè½½ã€€ã€€ç£ç›˜æ€»é‡ã€€ã€€ç£ç›˜æ‰€ç”¨ç™¾åˆ†æ¯”ã€€å†…å­˜å¤§å°ã€€ã€€å†…å­˜å·²ç”¨ç™¾åˆ†æ¯”ã€€cpuæ¸©åº¦ã€€ã€€ã€€ç£ç›˜è­¦æŠ¥çº§åˆ«ã€€ã€€å†…å­˜è­¦æŠ¥çº§åˆ«ã€€ã€€cpuè­¦æŠ¥çº§åˆ«
20181220_19:42:27  pi5 GNU/Linux 4.9.41-v7+  up_2_weeks,_5_days,_10_hours,_39_minutes  0.10 0.14 0.12 949572MB 95296MB 80% 29899MB 13550MB 48% 49Â°C  
disk->note  
rmb->normal  
cpu->normal  
------------------------
time    hostname    OS   rootç‰ˆæœ¬   runtime  å¹³å‡è´Ÿè½½ã€€ã€€ç£ç›˜æ€»é‡ã€€ã€€ç£ç›˜æ‰€ç”¨ç™¾åˆ†æ¯”ã€€å†…å­˜å¤§å°ã€€ã€€å†…å­˜å·²ç”¨ç™¾åˆ†æ¯”ã€€cpuæ¸©åº¦ã€€ã€€ã€€ç£ç›˜è­¦æŠ¥çº§åˆ«ã€€ã€€å†…å­˜è­¦æŠ¥çº§åˆ«ã€€ã€€cpuè­¦æŠ¥çº§åˆ«
20181220_19:44:07  pi5 GNU/Linux 4.9.41-v7+  up_2_weeks,_5_days,_10_hours,_40_minutes  0.46 0.24 0.15 949572MB 99680MB 80% 29899MB 13550MB 48% 49Â°C  
disk->note  
rmb->normal  
cpu->normal  
------------------------
time    hostname    OS   rootç‰ˆæœ¬   runtime  å¹³å‡è´Ÿè½½ã€€ã€€ç£ç›˜æ€»é‡ã€€ã€€ç£ç›˜æ‰€ç”¨ç™¾åˆ†æ¯”ã€€å†…å­˜å¤§å°ã€€ã€€å†…å­˜å·²ç”¨ç™¾åˆ†æ¯”ã€€cpuæ¸©åº¦ã€€ã€€ã€€ç£ç›˜è­¦æŠ¥çº§åˆ«ã€€ã€€å†…å­˜è­¦æŠ¥çº§åˆ«ã€€ã€€cpuè­¦æŠ¥çº§åˆ«
20181220_19:45:48  pi5 GNU/Linux 4.9.41-v7+  up_2_weeks,_5_days,_10_hours,_42_minutes  0.11 0.18 0.14 949572MB 98344MB 80% 29899MB 13550MB 48% 49Â°C  
disk->note  
rmb->normal  
cpu->normal  
------------------------
time    hostname    OS   rootç‰ˆæœ¬   runtime  å¹³å‡è´Ÿè½½ã€€ã€€ç£ç›˜æ€»é‡ã€€ã€€ç£ç›˜æ‰€ç”¨ç™¾åˆ†æ¯”ã€€å†…å­˜å¤§å°ã€€ã€€å†…å­˜å·²ç”¨ç™¾åˆ†æ¯”ã€€cpuæ¸©åº¦ã€€ã€€ã€€ç£ç›˜è­¦æŠ¥çº§åˆ«ã€€ã€€å†…å­˜è­¦æŠ¥çº§åˆ«ã€€ã€€cpuè­¦æŠ¥çº§åˆ«
20181220_19:47:28  pi5 GNU/Linux 4.9.41-v7+  up_2_weeks,_5_days,_10_hours,_44_minutes  0.02 0.13 0.12 949572MB 99260MB 80% 29899MB 13550MB 48% 48Â°C  
disk->note  
rmb->normal  
cpu->normal  
------------------------
time    hostname    OS   rootç‰ˆæœ¬   runtime  å¹³å‡è´Ÿè½½ã€€ã€€ç£ç›˜æ€»é‡ã€€ã€€ç£ç›˜æ‰€ç”¨ç™¾åˆ†æ¯”ã€€å†…å­˜å¤§å°ã€€ã€€å†…å­˜å·²ç”¨ç™¾åˆ†æ¯”ã€€cpuæ¸©åº¦ã€€ã€€ã€€ç£ç›˜è­¦æŠ¥çº§åˆ«ã€€ã€€å†…å­˜è­¦æŠ¥çº§åˆ«ã€€ã€€cpuè­¦æŠ¥çº§åˆ«
20181220_19:49:08  pi5 GNU/Linux 4.9.41-v7+  up_2_weeks,_5_days,_10_hours,_45_minutes  0.17 0.17 0.13 949572MB 99092MB 80% 29899MB 13550MB 48% 48Â°C  
disk->note  
rmb->normal  
cpu->normal  
------------------------
time    hostname    OS   rootç‰ˆæœ¬   runtime  å¹³å‡è´Ÿè½½ã€€ã€€ç£ç›˜æ€»é‡ã€€ã€€ç£ç›˜æ‰€ç”¨ç™¾åˆ†æ¯”ã€€å†…å­˜å¤§å°ã€€ã€€å†…å­˜å·²ç”¨ç™¾åˆ†æ¯”ã€€cpuæ¸©åº¦ã€€ã€€ã€€ç£ç›˜è­¦æŠ¥çº§åˆ«ã€€ã€€å†…å­˜è­¦æŠ¥çº§åˆ«ã€€ã€€cpuè­¦æŠ¥çº§åˆ«
20181220_19:50:48  pi5 GNU/Linux 4.9.41-v7+  up_2_weeks,_5_days,_10_hours,_47_minutes  0.31 0.23 0.16 949572MB 99288MB 80% 29899MB 13550MB 48% 48Â°C  
disk->note  
rmb->normal  
cpu->normal  
------------------------
time    hostname    OS   rootç‰ˆæœ¬   runtime  å¹³å‡è´Ÿè½½ã€€ã€€ç£ç›˜æ€»é‡ã€€ã€€ç£ç›˜æ‰€ç”¨ç™¾åˆ†æ¯”ã€€å†…å­˜å¤§å°ã€€ã€€å†…å­˜å·²ç”¨ç™¾åˆ†æ¯”ã€€cpuæ¸©åº¦ã€€ã€€ã€€ç£ç›˜è­¦æŠ¥çº§åˆ«ã€€ã€€å†…å­˜è­¦æŠ¥çº§åˆ«ã€€ã€€cpuè­¦æŠ¥çº§åˆ«
20181220_19:52:28  pi5 GNU/Linux 4.9.41-v7+  up_2_weeks,_5_days,_10_hours,_49_minutes  0.20 0.20 0.16 949572MB 99308MB 80% 29899MB 13550MB 48% 48Â°C  
disk->note  
rmb->normal  
cpu->normal  
------------------------
time    hostname    OS   rootç‰ˆæœ¬   runtime  å¹³å‡è´Ÿè½½ã€€ã€€ç£ç›˜æ€»é‡ã€€ã€€ç£ç›˜æ‰€ç”¨ç™¾åˆ†æ¯”ã€€å†…å­˜å¤§å°ã€€ã€€å†…å­˜å·²ç”¨ç™¾åˆ†æ¯”ã€€cpuæ¸©åº¦ã€€ã€€ã€€ç£ç›˜è­¦æŠ¥çº§åˆ«ã€€ã€€å†…å­˜è­¦æŠ¥çº§åˆ«ã€€ã€€cpuè­¦æŠ¥çº§åˆ«
20181220_19:54:08  pi5 GNU/Linux 4.9.41-v7+  up_2_weeks,_5_days,_10_hours,_50_minutes  0.14 0.20 0.16 949572MB 99048MB 80% 29899MB 13550MB 48% 48Â°C  
disk->note  
rmb->normal  
cpu->normal  
------------------------
time    hostname    OS   rootç‰ˆæœ¬   runtime  å¹³å‡è´Ÿè½½ã€€ã€€ç£ç›˜æ€»é‡ã€€ã€€ç£ç›˜æ‰€ç”¨ç™¾åˆ†æ¯”ã€€å†…å­˜å¤§å°ã€€ã€€å†…å­˜å·²ç”¨ç™¾åˆ†æ¯”ã€€cpuæ¸©åº¦ã€€ã€€ã€€ç£ç›˜è­¦æŠ¥çº§åˆ«ã€€ã€€å†…å­˜è­¦æŠ¥çº§åˆ«ã€€ã€€cpuè­¦æŠ¥çº§åˆ«
20181220_19:55:49  pi5 GNU/Linux 4.9.41-v7+  up_2_weeks,_5_days,_10_hours,_52_minutes  0.02 0.14 0.14 949572MB 98176MB 80% 29899MB 13550MB 48% 48Â°C  
disk->note  
rmb->normal  
cpu->normal  
------------------------
time    hostname    OS   rootç‰ˆæœ¬   runtime  å¹³å‡è´Ÿè½½ã€€ã€€ç£ç›˜æ€»é‡ã€€ã€€ç£ç›˜æ‰€ç”¨ç™¾åˆ†æ¯”ã€€å†…å­˜å¤§å°ã€€ã€€å†…å­˜å·²ç”¨ç™¾åˆ†æ¯”ã€€cpuæ¸©åº¦ã€€ã€€ã€€ç£ç›˜è­¦æŠ¥çº§åˆ«ã€€ã€€å†…å­˜è­¦æŠ¥çº§åˆ«ã€€ã€€cpuè­¦æŠ¥çº§åˆ«
20181220_19:57:29  pi5 GNU/Linux 4.9.41-v7+  up_2_weeks,_5_days,_10_hours,_54_minutes  0.39 0.24 0.18 949572MB 98272MB 80% 29899MB 13550MB 48% 48Â°C  
disk->note  
rmb->normal  
cpu->normal  
------------------------
time    hostname    OS   rootç‰ˆæœ¬   runtime  å¹³å‡è´Ÿè½½ã€€ã€€ç£ç›˜æ€»é‡ã€€ã€€ç£ç›˜æ‰€ç”¨ç™¾åˆ†æ¯”ã€€å†…å­˜å¤§å°ã€€ã€€å†…å­˜å·²ç”¨ç™¾åˆ†æ¯”ã€€cpuæ¸©åº¦ã€€ã€€ã€€ç£ç›˜è­¦æŠ¥çº§åˆ«ã€€ã€€å†…å­˜è­¦æŠ¥çº§åˆ«ã€€ã€€cpuè­¦æŠ¥çº§åˆ«
20181220_19:59:09  pi5 GNU/Linux 4.9.41-v7+  up_2_weeks,_5_days,_10_hours,_55_minutes  0.09 0.18 0.16 949572MB 98996MB 80% 29899MB 13550MB 48% 48Â°C  
disk->note  
rmb->normal  
cpu->normal  
------------------------
time    hostname    OS   rootç‰ˆæœ¬   runtime  å¹³å‡è´Ÿè½½ã€€ã€€ç£ç›˜æ€»é‡ã€€ã€€ç£ç›˜æ‰€ç”¨ç™¾åˆ†æ¯”ã€€å†…å­˜å¤§å°ã€€ã€€å†…å­˜å·²ç”¨ç™¾åˆ†æ¯”ã€€cpuæ¸©åº¦ã€€ã€€ã€€ç£ç›˜è­¦æŠ¥çº§åˆ«ã€€ã€€å†…å­˜è­¦æŠ¥çº§åˆ«ã€€ã€€cpuè­¦æŠ¥çº§åˆ«
20181220_20:00:49  pi5 GNU/Linux 4.9.41-v7+  up_2_weeks,_5_days,_10_hours,_57_minutes  0.20 0.18 0.17 949572MB 99264MB 80% 29899MB 13550MB 48% 48Â°C  
disk->note  
rmb->normal  
cpu->normal  
------------------------
time    hostname    OS   rootç‰ˆæœ¬   runtime  å¹³å‡è´Ÿè½½ã€€ã€€ç£ç›˜æ€»é‡ã€€ã€€ç£ç›˜æ‰€ç”¨ç™¾åˆ†æ¯”ã€€å†…å­˜å¤§å°ã€€ã€€å†…å­˜å·²ç”¨ç™¾åˆ†æ¯”ã€€cpuæ¸©åº¦ã€€ã€€ã€€ç£ç›˜è­¦æŠ¥çº§åˆ«ã€€ã€€å†…å­˜è­¦æŠ¥çº§åˆ«ã€€ã€€cpuè­¦æŠ¥çº§åˆ«
20181220_20:02:29  pi5 GNU/Linux 4.9.41-v7+  up_2_weeks,_5_days,_10_hours,_59_minutes  0.03 0.13 0.15 949572MB 98884MB 80% 29899MB 13550MB 48% 48Â°C  
disk->note  
rmb->normal  
cpu->normal  
------------------------
time    hostname    OS   rootç‰ˆæœ¬   runtime  å¹³å‡è´Ÿè½½ã€€ã€€ç£ç›˜æ€»é‡ã€€ã€€ç£ç›˜æ‰€ç”¨ç™¾åˆ†æ¯”ã€€å†…å­˜å¤§å°ã€€ã€€å†…å­˜å·²ç”¨ç™¾åˆ†æ¯”ã€€cpuæ¸©åº¦ã€€ã€€ã€€ç£ç›˜è­¦æŠ¥çº§åˆ«ã€€ã€€å†…å­˜è­¦æŠ¥çº§åˆ«ã€€ã€€cpuè­¦æŠ¥çº§åˆ«
20181220_20:04:10  pi5 GNU/Linux 4.9.41-v7+  up_2_weeks,_5_days,_11_hours  0.00 0.09 0.13 949572MB 98788MB 80% 29899MB 13550MB 48% 48Â°C  
disk->note  
rmb->normal  
cpu->normal  
------------------------
time    hostname    OS   rootç‰ˆæœ¬   runtime  å¹³å‡è´Ÿè½½ã€€ã€€ç£ç›˜æ€»é‡ã€€ã€€ç£ç›˜æ‰€ç”¨ç™¾åˆ†æ¯”ã€€å†…å­˜å¤§å°ã€€ã€€å†…å­˜å·²ç”¨ç™¾åˆ†æ¯”ã€€cpuæ¸©åº¦ã€€ã€€ã€€ç£ç›˜è­¦æŠ¥çº§åˆ«ã€€ã€€å†…å­˜è­¦æŠ¥çº§åˆ«ã€€ã€€cpuè­¦æŠ¥çº§åˆ«
20181220_20:05:50  pi5 GNU/Linux 4.9.41-v7+  up_2_weeks,_5_days,_11_hours,_2_minutes  0.17 0.14 0.14 949572MB 98104MB 80% 29899MB 13550MB 48% 49Â°C  
disk->note  
rmb->normal  
cpu->normal  
------------------------
time    hostname    OS   rootç‰ˆæœ¬   runtime  å¹³å‡è´Ÿè½½ã€€ã€€ç£ç›˜æ€»é‡ã€€ã€€ç£ç›˜æ‰€ç”¨ç™¾åˆ†æ¯”ã€€å†…å­˜å¤§å°ã€€ã€€å†…å­˜å·²ç”¨ç™¾åˆ†æ¯”ã€€cpuæ¸©åº¦ã€€ã€€ã€€ç£ç›˜è­¦æŠ¥çº§åˆ«ã€€ã€€å†…å­˜è­¦æŠ¥çº§åˆ«ã€€ã€€cpuè­¦æŠ¥çº§åˆ«
20181220_20:07:30  pi5 GNU/Linux 4.9.41-v7+  up_2_weeks,_5_days,_11_hours,_4_minutes  0.24 0.20 0.17 949572MB 98200MB 80% 29899MB 13550MB 48% 48Â°C  
disk->note  
rmb->normal  
cpu->normal  
------------------------
time    hostname    OS   rootç‰ˆæœ¬   runtime  å¹³å‡è´Ÿè½½ã€€ã€€ç£ç›˜æ€»é‡ã€€ã€€ç£ç›˜æ‰€ç”¨ç™¾åˆ†æ¯”ã€€å†…å­˜å¤§å°ã€€ã€€å†…å­˜å·²ç”¨ç™¾åˆ†æ¯”ã€€cpuæ¸©åº¦ã€€ã€€ã€€ç£ç›˜è­¦æŠ¥çº§åˆ«ã€€ã€€å†…å­˜è­¦æŠ¥çº§åˆ«ã€€ã€€cpuè­¦æŠ¥çº§åˆ«
20181220_20:09:10  pi5 GNU/Linux 4.9.41-v7+  up_2_weeks,_5_days,_11_hours,_5_minutes  0.52 0.32 0.21 949572MB 95200MB 80% 29899MB 13550MB 48% 49Â°C  
disk->note  
rmb->normal  
cpu->normal  
------------------------
time    hostname    OS   rootç‰ˆæœ¬   runtime  å¹³å‡è´Ÿè½½ã€€ã€€ç£ç›˜æ€»é‡ã€€ã€€ç£ç›˜æ‰€ç”¨ç™¾åˆ†æ¯”ã€€å†…å­˜å¤§å°ã€€ã€€å†…å­˜å·²ç”¨ç™¾åˆ†æ¯”ã€€cpuæ¸©åº¦ã€€ã€€ã€€ç£ç›˜è­¦æŠ¥çº§åˆ«ã€€ã€€å†…å­˜è­¦æŠ¥çº§åˆ«ã€€ã€€cpuè­¦æŠ¥çº§åˆ«
20181220_20:10:50  pi5 GNU/Linux 4.9.41-v7+  up_2_weeks,_5_days,_11_hours,_7_minutes  0.12 0.24 0.19 949572MB 94960MB 80% 29899MB 13550MB 48% 48Â°C  
disk->note  
rmb->normal  
cpu->normal  
------------------------
time    hostname    OS   rootç‰ˆæœ¬   runtime  å¹³å‡è´Ÿè½½ã€€ã€€ç£ç›˜æ€»é‡ã€€ã€€ç£ç›˜æ‰€ç”¨ç™¾åˆ†æ¯”ã€€å†…å­˜å¤§å°ã€€ã€€å†…å­˜å·²ç”¨ç™¾åˆ†æ¯”ã€€cpuæ¸©åº¦ã€€ã€€ã€€ç£ç›˜è­¦æŠ¥çº§åˆ«ã€€ã€€å†…å­˜è­¦æŠ¥çº§åˆ«ã€€ã€€cpuè­¦æŠ¥çº§åˆ«
20181220_20:12:30  pi5 GNU/Linux 4.9.41-v7+  up_2_weeks,_5_days,_11_hours,_9_minutes  0.04 0.18 0.17 949572MB 94360MB 90% 29899MB 13550MB 48% 49Â°C  
disk->waring  
rmb->normal  
cpu->normal  
------------------------
time    hostname    OS   rootç‰ˆæœ¬   runtime  å¹³å‡è´Ÿè½½ã€€ã€€ç£ç›˜æ€»é‡ã€€ã€€ç£ç›˜æ‰€ç”¨ç™¾åˆ†æ¯”ã€€å†…å­˜å¤§å°ã€€ã€€å†…å­˜å·²ç”¨ç™¾åˆ†æ¯”ã€€cpuæ¸©åº¦ã€€ã€€ã€€ç£ç›˜è­¦æŠ¥çº§åˆ«ã€€ã€€å†…å­˜è­¦æŠ¥çº§åˆ«ã€€ã€€cpuè­¦æŠ¥çº§åˆ«
20181220_20:14:11  pi5 GNU/Linux 4.9.41-v7+  up_2_weeks,_5_days,_11_hours,_10_minutes  0.47 0.26 0.20 949572MB 94520MB 90% 29899MB 13550MB 48% 49Â°C  
disk->waring  
rmb->normal  
cpu->normal  
------------------------
time    hostname    OS   rootç‰ˆæœ¬   runtime  å¹³å‡è´Ÿè½½ã€€ã€€ç£ç›˜æ€»é‡ã€€ã€€ç£ç›˜æ‰€ç”¨ç™¾åˆ†æ¯”ã€€å†…å­˜å¤§å°ã€€ã€€å†…å­˜å·²ç”¨ç™¾åˆ†æ¯”ã€€cpuæ¸©åº¦ã€€ã€€ã€€ç£ç›˜è­¦æŠ¥çº§åˆ«ã€€ã€€å†…å­˜è­¦æŠ¥çº§åˆ«ã€€ã€€cpuè­¦æŠ¥çº§åˆ«
20181220_20:15:51  pi5 GNU/Linux 4.9.41-v7+  up_2_weeks,_5_days,_11_hours,_12_minutes  0.46 0.37 0.25 949572MB 94196MB 90% 29899MB 13550MB 48% 49Â°C  
disk->waring  
rmb->normal  
cpu->normal  
------------------------
time    hostname    OS   rootç‰ˆæœ¬   runtime  å¹³å‡è´Ÿè½½ã€€ã€€ç£ç›˜æ€»é‡ã€€ã€€ç£ç›˜æ‰€ç”¨ç™¾åˆ†æ¯”ã€€å†…å­˜å¤§å°ã€€ã€€å†…å­˜å·²ç”¨ç™¾åˆ†æ¯”ã€€cpuæ¸©åº¦ã€€ã€€ã€€ç£ç›˜è­¦æŠ¥çº§åˆ«ã€€ã€€å†…å­˜è­¦æŠ¥çº§åˆ«ã€€ã€€cpuè­¦æŠ¥çº§åˆ«
20181220_20:17:31  pi5 GNU/Linux 4.9.41-v7+  up_2_weeks,_5_days,_11_hours,_14_minutes  0.37 0.35 0.25 949572MB 94324MB 90% 29899MB 13550MB 48% 49Â°C  
disk->waring  
rmb->normal  
cpu->normal  
------------------------
time    hostname    OS   rootç‰ˆæœ¬   runtime  å¹³å‡è´Ÿè½½ã€€ã€€ç£ç›˜æ€»é‡ã€€ã€€ç£ç›˜æ‰€ç”¨ç™¾åˆ†æ¯”ã€€å†…å­˜å¤§å°ã€€ã€€å†…å­˜å·²ç”¨ç™¾åˆ†æ¯”ã€€cpuæ¸©åº¦ã€€ã€€ã€€ç£ç›˜è­¦æŠ¥çº§åˆ«ã€€ã€€å†…å­˜è­¦æŠ¥çº§åˆ«ã€€ã€€cpuè­¦æŠ¥çº§åˆ«
20181220_20:19:11  pi5 GNU/Linux 4.9.41-v7+  up_2_weeks,_5_days,_11_hours,_15_minutes  0.16 0.28 0.23 949572MB 94064MB 90% 29899MB 13550MB 48% 49Â°C  
disk->waring  
rmb->normal  
cpu->normal  
------------------------
time    hostname    OS   rootç‰ˆæœ¬   runtime  å¹³å‡è´Ÿè½½ã€€ã€€ç£ç›˜æ€»é‡ã€€ã€€ç£ç›˜æ‰€ç”¨ç™¾åˆ†æ¯”ã€€å†…å­˜å¤§å°ã€€ã€€å†…å­˜å·²ç”¨ç™¾åˆ†æ¯”ã€€cpuæ¸©åº¦ã€€ã€€ã€€ç£ç›˜è­¦æŠ¥çº§åˆ«ã€€ã€€å†…å­˜è­¦æŠ¥çº§åˆ«ã€€ã€€cpuè­¦æŠ¥çº§åˆ«
20181220_20:20:51  pi5 GNU/Linux 4.9.41-v7+  up_2_weeks,_5_days,_11_hours,_17_minutes  0.10 0.21 0.21 949572MB 94808MB 90% 29899MB 13550MB 48% 49Â°C  
disk->waring  
rmb->normal  
cpu->normal  
------------------------
time    hostname    OS   rootç‰ˆæœ¬   runtime  å¹³å‡è´Ÿè½½ã€€ã€€ç£ç›˜æ€»é‡ã€€ã€€ç£ç›˜æ‰€ç”¨ç™¾åˆ†æ¯”ã€€å†…å­˜å¤§å°ã€€ã€€å†…å­˜å·²ç”¨ç™¾åˆ†æ¯”ã€€cpuæ¸©åº¦ã€€ã€€ã€€ç£ç›˜è­¦æŠ¥çº§åˆ«ã€€ã€€å†…å­˜è­¦æŠ¥çº§åˆ«ã€€ã€€cpuè­¦æŠ¥çº§åˆ«
20181220_20:22:31  pi5 GNU/Linux 4.9.41-v7+  up_2_weeks,_5_days,_11_hours,_19_minutes  0.13 0.20 0.20 949572MB 94208MB 90% 29899MB 13550MB 48% 49Â°C  
disk->waring  
rmb->normal  
cpu->normal  
------------------------
time    hostname    OS   rootç‰ˆæœ¬   runtime  å¹³å‡è´Ÿè½½ã€€ã€€ç£ç›˜æ€»é‡ã€€ã€€ç£ç›˜æ‰€ç”¨ç™¾åˆ†æ¯”ã€€å†…å­˜å¤§å°ã€€ã€€å†…å­˜å·²ç”¨ç™¾åˆ†æ¯”ã€€cpuæ¸©åº¦ã€€ã€€ã€€ç£ç›˜è­¦æŠ¥çº§åˆ«ã€€ã€€å†…å­˜è­¦æŠ¥çº§åˆ«ã€€ã€€cpuè­¦æŠ¥çº§åˆ«
20181220_20:24:12  pi5 GNU/Linux 4.9.41-v7+  up_2_weeks,_5_days,_11_hours,_21_minutes  0.10 0.18 0.19 949572MB 95160MB 80% 29899MB 13550MB 48% 49Â°C  
disk->note  
rmb->normal  
cpu->normal  
------------------------
time    hostname    OS   rootç‰ˆæœ¬   runtime  å¹³å‡è´Ÿè½½ã€€ã€€ç£ç›˜æ€»é‡ã€€ã€€ç£ç›˜æ‰€ç”¨ç™¾åˆ†æ¯”ã€€å†…å­˜å¤§å°ã€€ã€€å†…å­˜å·²ç”¨ç™¾åˆ†æ¯”ã€€cpuæ¸©åº¦ã€€ã€€ã€€ç£ç›˜è­¦æŠ¥çº§åˆ«ã€€ã€€å†…å­˜è­¦æŠ¥çº§åˆ«ã€€ã€€cpuè­¦æŠ¥çº§åˆ«
20181220_20:25:52  pi5 GNU/Linux 4.9.41-v7+  up_2_weeks,_5_days,_11_hours,_22_minutes  0.27 0.25 0.21 949572MB 94428MB 90% 29899MB 13550MB 48% 49Â°C  
disk->waring  
rmb->normal  
cpu->normal  
------------------------
time    hostname    OS   rootç‰ˆæœ¬   runtime  å¹³å‡è´Ÿè½½ã€€ã€€ç£ç›˜æ€»é‡ã€€ã€€ç£ç›˜æ‰€ç”¨ç™¾åˆ†æ¯”ã€€å†…å­˜å¤§å°ã€€ã€€å†…å­˜å·²ç”¨ç™¾åˆ†æ¯”ã€€cpuæ¸©åº¦ã€€ã€€ã€€ç£ç›˜è­¦æŠ¥çº§åˆ«ã€€ã€€å†…å­˜è­¦æŠ¥çº§åˆ«ã€€ã€€cpuè­¦æŠ¥çº§åˆ«
20181220_20:27:32  pi5 GNU/Linux 4.9.41-v7+  up_2_weeks,_5_days,_11_hours,_24_minutes  0.33 0.25 0.21 949572MB 94588MB 90% 29899MB 13550MB 48% 48Â°C  
disk->waring  
rmb->normal  
cpu->normal  
------------------------
time    hostname    OS   rootç‰ˆæœ¬   runtime  å¹³å‡è´Ÿè½½ã€€ã€€ç£ç›˜æ€»é‡ã€€ã€€ç£ç›˜æ‰€ç”¨ç™¾åˆ†æ¯”ã€€å†…å­˜å¤§å°ã€€ã€€å†…å­˜å·²ç”¨ç™¾åˆ†æ¯”ã€€cpuæ¸©åº¦ã€€ã€€ã€€ç£ç›˜è­¦æŠ¥çº§åˆ«ã€€ã€€å†…å­˜è­¦æŠ¥çº§åˆ«ã€€ã€€cpuè­¦æŠ¥çº§åˆ«
20181220_20:29:12  pi5 GNU/Linux 4.9.41-v7+  up_2_weeks,_5_days,_11_hours,_26_minutes  0.17 0.22 0.20 949572MB 94712MB 90% 29899MB 13550MB 48% 49Â°C  
disk->waring  
rmb->normal  
cpu->normal  
------------------------
time    hostname    OS   rootç‰ˆæœ¬   runtime  å¹³å‡è´Ÿè½½ã€€ã€€ç£ç›˜æ€»é‡ã€€ã€€ç£ç›˜æ‰€ç”¨ç™¾åˆ†æ¯”ã€€å†…å­˜å¤§å°ã€€ã€€å†…å­˜å·²ç”¨ç™¾åˆ†æ¯”ã€€cpuæ¸©åº¦ã€€ã€€ã€€ç£ç›˜è­¦æŠ¥çº§åˆ«ã€€ã€€å†…å­˜è­¦æŠ¥çº§åˆ«ã€€ã€€cpuè­¦æŠ¥çº§åˆ«
20181220_20:30:52  pi5 GNU/Linux 4.9.41-v7+  up_2_weeks,_5_days,_11_hours,_27_minutes  0.39 0.27 0.22 949572MB 89980MB 90% 29899MB 13550MB 48% 49Â°C  
disk->waring  
rmb->normal  
cpu->normal  
------------------------
time    hostname    OS   rootç‰ˆæœ¬   runtime  å¹³å‡è´Ÿè½½ã€€ã€€ç£ç›˜æ€»é‡ã€€ã€€ç£ç›˜æ‰€ç”¨ç™¾åˆ†æ¯”ã€€å†…å­˜å¤§å°ã€€ã€€å†…å­˜å·²ç”¨ç™¾åˆ†æ¯”ã€€cpuæ¸©åº¦ã€€ã€€ã€€ç£ç›˜è­¦æŠ¥çº§åˆ«ã€€ã€€å†…å­˜è­¦æŠ¥çº§åˆ«ã€€ã€€cpuè­¦æŠ¥çº§åˆ«
20181220_20:32:32  pi5 GNU/Linux 4.9.41-v7+  up_2_weeks,_5_days,_11_hours,_29_minutes  0.12 0.21 0.20 949572MB 90332MB 90% 29899MB 13550MB 48% 48Â°C  
disk->waring  
rmb->normal  
cpu->normal  
------------------------
time    hostname    OS   rootç‰ˆæœ¬   runtime  å¹³å‡è´Ÿè½½ã€€ã€€ç£ç›˜æ€»é‡ã€€ã€€ç£ç›˜æ‰€ç”¨ç™¾åˆ†æ¯”ã€€å†…å­˜å¤§å°ã€€ã€€å†…å­˜å·²ç”¨ç™¾åˆ†æ¯”ã€€cpuæ¸©åº¦ã€€ã€€ã€€ç£ç›˜è­¦æŠ¥çº§åˆ«ã€€ã€€å†…å­˜è­¦æŠ¥çº§åˆ«ã€€ã€€cpuè­¦æŠ¥çº§åˆ«
20181220_20:34:13  pi5 GNU/Linux 4.9.41-v7+  up_2_weeks,_5_days,_11_hours,_31_minutes  0.23 0.21 0.19 949572MB 90660MB 90% 29899MB 13550MB 48% 49Â°C  
disk->waring  
rmb->normal  
cpu->normal  
------------------------
time    hostname    OS   rootç‰ˆæœ¬   runtime  å¹³å‡è´Ÿè½½ã€€ã€€ç£ç›˜æ€»é‡ã€€ã€€ç£ç›˜æ‰€ç”¨ç™¾åˆ†æ¯”ã€€å†…å­˜å¤§å°ã€€ã€€å†…å­˜å·²ç”¨ç™¾åˆ†æ¯”ã€€cpuæ¸©åº¦ã€€ã€€ã€€ç£ç›˜è­¦æŠ¥çº§åˆ«ã€€ã€€å†…å­˜è­¦æŠ¥çº§åˆ«ã€€ã€€cpuè­¦æŠ¥çº§åˆ«
20181220_20:35:53  pi5 GNU/Linux 4.9.41-v7+  up_2_weeks,_5_days,_11_hours,_32_minutes  0.38 0.25 0.20 949572MB 86648MB 90% 29899MB 13551MB 48% 50Â°C  
disk->waring  
rmb->normal  
cpu->normal  
------------------------
time    hostname    OS   rootç‰ˆæœ¬   runtime  å¹³å‡è´Ÿè½½ã€€ã€€ç£ç›˜æ€»é‡ã€€ã€€ç£ç›˜æ‰€ç”¨ç™¾åˆ†æ¯”ã€€å†…å­˜å¤§å°ã€€ã€€å†…å­˜å·²ç”¨ç™¾åˆ†æ¯”ã€€cpuæ¸©åº¦ã€€ã€€ã€€ç£ç›˜è­¦æŠ¥çº§åˆ«ã€€ã€€å†…å­˜è­¦æŠ¥çº§åˆ«ã€€ã€€cpuè­¦æŠ¥çº§åˆ«
20181220_20:37:33  pi5 GNU/Linux 4.9.41-v7+  up_2_weeks,_5_days,_11_hours,_34_minutes  0.07 0.18 0.18 949572MB 89608MB 90% 29899MB 13551MB 48% 48Â°C  
disk->waring  
rmb->normal  
cpu->normal  
------------------------
time    hostname    OS   rootç‰ˆæœ¬   runtime  å¹³å‡è´Ÿè½½ã€€ã€€ç£ç›˜æ€»é‡ã€€ã€€ç£ç›˜æ‰€ç”¨ç™¾åˆ†æ¯”ã€€å†…å­˜å¤§å°ã€€ã€€å†…å­˜å·²ç”¨ç™¾åˆ†æ¯”ã€€cpuæ¸©åº¦ã€€ã€€ã€€ç£ç›˜è­¦æŠ¥çº§åˆ«ã€€ã€€å†…å­˜è­¦æŠ¥çº§åˆ«ã€€ã€€cpuè­¦æŠ¥çº§åˆ«
20181220_20:39:13  pi5 GNU/Linux 4.9.41-v7+  up_2_weeks,_5_days,_11_hours,_36_minutes  0.39 0.24 0.20 949572MB 90144MB 90% 29899MB 13551MB 48% 49Â°C  
disk->waring  
rmb->normal  
cpu->normal  
------------------------
time    hostname    OS   rootç‰ˆæœ¬   runtime  å¹³å‡è´Ÿè½½ã€€ã€€ç£ç›˜æ€»é‡ã€€ã€€ç£ç›˜æ‰€ç”¨ç™¾åˆ†æ¯”ã€€å†…å­˜å¤§å°ã€€ã€€å†…å­˜å·²ç”¨ç™¾åˆ†æ¯”ã€€cpuæ¸©åº¦ã€€ã€€ã€€ç£ç›˜è­¦æŠ¥çº§åˆ«ã€€ã€€å†…å­˜è­¦æŠ¥çº§åˆ«ã€€ã€€cpuè­¦æŠ¥çº§åˆ«
20181220_20:40:53  pi5 GNU/Linux 4.9.41-v7+  up_2_weeks,_5_days,_11_hours,_37_minutes  0.29 0.23 0.19 949572MB 89620MB 90% 29899MB 13551MB 48% 49Â°C  
disk->waring  
rmb->normal  
cpu->normal  
------------------------
time    hostname    OS   rootç‰ˆæœ¬   runtime  å¹³å‡è´Ÿè½½ã€€ã€€ç£ç›˜æ€»é‡ã€€ã€€ç£ç›˜æ‰€ç”¨ç™¾åˆ†æ¯”ã€€å†…å­˜å¤§å°ã€€ã€€å†…å­˜å·²ç”¨ç™¾åˆ†æ¯”ã€€cpuæ¸©åº¦ã€€ã€€ã€€ç£ç›˜è­¦æŠ¥çº§åˆ«ã€€ã€€å†…å­˜è­¦æŠ¥çº§åˆ«ã€€ã€€cpuè­¦æŠ¥çº§åˆ«
20181220_20:42:33  pi5 GNU/Linux 4.9.41-v7+  up_2_weeks,_5_days,_11_hours,_39_minutes  0.33 0.26 0.20 949572MB 89400MB 90% 29899MB 13550MB 48% 50Â°C  
disk->waring  
rmb->normal  
cpu->normal  
------------------------
time    hostname    OS   rootç‰ˆæœ¬   runtime  å¹³å‡è´Ÿè½½ã€€ã€€ç£ç›˜æ€»é‡ã€€ã€€ç£ç›˜æ‰€ç”¨ç™¾åˆ†æ¯”ã€€å†…å­˜å¤§å°ã€€ã€€å†…å­˜å·²ç”¨ç™¾åˆ†æ¯”ã€€cpuæ¸©åº¦ã€€ã€€ã€€ç£ç›˜è­¦æŠ¥çº§åˆ«ã€€ã€€å†…å­˜è­¦æŠ¥çº§åˆ«ã€€ã€€cpuè­¦æŠ¥çº§åˆ«
20181220_20:44:14  pi5 GNU/Linux 4.9.41-v7+  up_2_weeks,_5_days,_11_hours,_41_minutes  0.29 0.24 0.19 949572MB 89884MB 90% 29899MB 13550MB 48% 49Â°C  
disk->waring  
rmb->normal  
cpu->normal  
------------------------
time    hostname    OS   rootç‰ˆæœ¬   runtime  å¹³å‡è´Ÿè½½ã€€ã€€ç£ç›˜æ€»é‡ã€€ã€€ç£ç›˜æ‰€ç”¨ç™¾åˆ†æ¯”ã€€å†…å­˜å¤§å°ã€€ã€€å†…å­˜å·²ç”¨ç™¾åˆ†æ¯”ã€€cpuæ¸©åº¦ã€€ã€€ã€€ç£ç›˜è­¦æŠ¥çº§åˆ«ã€€ã€€å†…å­˜è­¦æŠ¥çº§åˆ«ã€€ã€€cpuè­¦æŠ¥çº§åˆ«
20181220_20:45:54  pi5 GNU/Linux 4.9.41-v7+  up_2_weeks,_5_days,_11_hours,_42_minutes  0.05 0.16 0.17 949572MB 89540MB 90% 29899MB 13550MB 48% 49Â°C  
disk->waring  
rmb->normal  
cpu->normal  
------------------------
time    hostname    OS   rootç‰ˆæœ¬   runtime  å¹³å‡è´Ÿè½½ã€€ã€€ç£ç›˜æ€»é‡ã€€ã€€ç£ç›˜æ‰€ç”¨ç™¾åˆ†æ¯”ã€€å†…å­˜å¤§å°ã€€ã€€å†…å­˜å·²ç”¨ç™¾åˆ†æ¯”ã€€cpuæ¸©åº¦ã€€ã€€ã€€ç£ç›˜è­¦æŠ¥çº§åˆ«ã€€ã€€å†…å­˜è­¦æŠ¥çº§åˆ«ã€€ã€€cpuè­¦æŠ¥çº§åˆ«
20181220_20:47:34  pi5 GNU/Linux 4.9.41-v7+  up_2_weeks,_5_days,_11_hours,_44_minutes  0.09 0.16 0.17 949572MB 90140MB 90% 29899MB 13550MB 48% 49Â°C  
disk->waring  
rmb->normal  
cpu->normal  
------------------------
time    hostname    OS   rootç‰ˆæœ¬   runtime  å¹³å‡è´Ÿè½½ã€€ã€€ç£ç›˜æ€»é‡ã€€ã€€ç£ç›˜æ‰€ç”¨ç™¾åˆ†æ¯”ã€€å†…å­˜å¤§å°ã€€ã€€å†…å­˜å·²ç”¨ç™¾åˆ†æ¯”ã€€cpuæ¸©åº¦ã€€ã€€ã€€ç£ç›˜è­¦æŠ¥çº§åˆ«ã€€ã€€å†…å­˜è­¦æŠ¥çº§åˆ«ã€€ã€€cpuè­¦æŠ¥çº§åˆ«
20181220_20:49:14  pi5 GNU/Linux 4.9.41-v7+  up_2_weeks,_5_days,_11_hours,_46_minutes  0.17 0.17 0.17 949572MB 89792MB 90% 29899MB 13550MB 48% 48Â°C  
disk->waring  
rmb->normal  
cpu->normal  
------------------------
time    hostname    OS   rootç‰ˆæœ¬   runtime  å¹³å‡è´Ÿè½½ã€€ã€€ç£ç›˜æ€»é‡ã€€ã€€ç£ç›˜æ‰€ç”¨ç™¾åˆ†æ¯”ã€€å†…å­˜å¤§å°ã€€ã€€å†…å­˜å·²ç”¨ç™¾åˆ†æ¯”ã€€cpuæ¸©åº¦ã€€ã€€ã€€ç£ç›˜è­¦æŠ¥çº§åˆ«ã€€ã€€å†…å­˜è­¦æŠ¥çº§åˆ«ã€€ã€€cpuè­¦æŠ¥çº§åˆ«
20181220_20:50:54  pi5 GNU/Linux 4.9.41-v7+  up_2_weeks,_5_days,_11_hours,_47_minutes  0.34 0.22 0.19 949572MB 90016MB 90% 29899MB 13550MB 48% 48Â°C  
disk->waring  
rmb->normal  
cpu->normal  
------------------------
time    hostname    OS   rootç‰ˆæœ¬   runtime  å¹³å‡è´Ÿè½½ã€€ã€€ç£ç›˜æ€»é‡ã€€ã€€ç£ç›˜æ‰€ç”¨ç™¾åˆ†æ¯”ã€€å†…å­˜å¤§å°ã€€ã€€å†…å­˜å·²ç”¨ç™¾åˆ†æ¯”ã€€cpuæ¸©åº¦ã€€ã€€ã€€ç£ç›˜è­¦æŠ¥çº§åˆ«ã€€ã€€å†…å­˜è­¦æŠ¥çº§åˆ«ã€€ã€€cpuè­¦æŠ¥çº§åˆ«
20181220_20:52:34  pi5 GNU/Linux 4.9.41-v7+  up_2_weeks,_5_days,_11_hours,_49_minutes  0.18 0.22 0.19 949572MB 89512MB 90% 29899MB 13550MB 48% 49Â°C------------
time    hostname    OS   rootç‰ˆæœ¬   runtime  å¹³å‡è´Ÿè½½ã€€ã€€ç£ç›˜æ€»é‡ã€€ã€€ç£ç›˜æ‰€ç”¨ç™¾åˆ†æ¯”ã€€å†…å­˜å¤§å°ã€€ã€€å†…å­˜å·²ç”¨ç™¾åˆ†æ¯”ã€€cpuæ¸©åº¦ã€€ã€€ã€€ç£ç›˜è­¦æŠ¥çº§åˆ«ã€€ã€€å†…å­˜è­¦æŠ¥çº§åˆ«ã€€ã€€cpuè­¦æŠ¥çº§åˆ«
20181220_20:54:15  pi5 GNU/Linux 4.9.41-v7+  up_2_weeks,_5_days,_11_hours,_51_minutes  0.03 0.15 0.17 949572MB------------
time    hostname    OS   rootç‰ˆæœ¬   runtime  å¹³å‡è´Ÿè½½ã€€ã€€ç£ç›˜æ€»é‡ã€€ã€€ç£ç›˜æ‰€ç”¨ç™¾åˆ†æ¯”ã€€å†…å­˜å¤§å°ã€€ã€€å†…å­˜å·²ç”¨ç™¾åˆ†æ¯”ã€€cpuæ¸©åº¦ã€€ã€€ã€€ç£ç›˜è­¦æŠ¥çº§åˆ«ã€€ã€€å†…å­˜è­¦æŠ¥çº§åˆ«ã€€ã€€cpuè­¦æŠ¥çº§åˆ«------------
time    hostname    OS   rootç‰ˆæœ¬   runtime  å¹³å‡è´Ÿè½½ã€€ã€€ç£ç›˜æ€»é‡ã€€ã€€ç£ç›˜æ‰€ç”¨ç™¾åˆ†æ¯”ã€€å†…å­˜å¤§å°ã€€ã€€å†…å­˜å·²ç”¨ç™¾åˆ†æ¯”ã€€cpuæ¸©åº¦ã€€ã€€ã€€ç£ç›˜è­¦æŠ¥çº§åˆ«ã€€ã€€å†…å­˜è­¦æŠ¥çº§åˆ«ã€€ã€€cpuè­¦æŠ¥çº§åˆ«
20181220_20:57:35  pi5 GNU/Linux 4.9.41-v7+  up_2_weeks,_5_days,_11_hours,_54_minutes  0.18 0.22 0.19 949572MB 94240MB 90% 29899MB 13550MB 48% 49Â°C  
disk->waring  
rmb->normal  
cpu->normal  
------------