------------
time    hostname    OS   rootç‰ˆæœ¬   runtime  å¹³å‡è´Ÿè½½ã€€ã€€ç£ç›˜æ€»é‡ã€€ã€€ç£ç›˜æ‰€ç”¨ç™¾åˆ†æ¯”ã€€å†…å­˜å¤§å°ã€€ã€€å†…å­˜å·²ç”¨ç™¾åˆ†æ¯”ã€€cpuæ¸©åº¦ã€€ã€€ã€€ç£ç›˜è­¦æŠ¥çº§åˆ«ã€€ã€€å†…å­˜è­¦æŠ¥çº§åˆ«ã€€ã€€cpuè­¦æŠ¥çº§åˆ«
20181220_18:17:16  pi2 GNU/Linux 4.9.41-v7+  up_2_weeks,_5_days,_9_hours,_13_minutes  0.09 0.26 0.20 949572MB 283792MB 70% 29899MB 15633MB 55% 40Â°C  
disk->normal  
rmb->note  
cpu->normal  
------------
------------
time    hostname    OS   rootç‰ˆæœ¬   runtime  å¹³å‡è´Ÿè½½ã€€ã€€ç£ç›˜æ€»é‡ã€€ã€€ç£ç›˜æ‰€ç”¨ç™¾åˆ†æ¯”ã€€å†…å­˜å¤§å°ã€€ã€€å†…å­˜å·²ç”¨ç™¾åˆ†æ¯”ã€€cpuæ¸©åº¦ã€€ã€€ã€€ç£ç›˜è­¦æŠ¥çº§åˆ«ã€€ã€€å†…å­˜è­¦æŠ¥çº§åˆ«ã€€ã€€cpuè­¦æŠ¥çº§åˆ«
20181220_18:18:56  pi2 GNU/Linux 4.9.41-v7+  up_2_weeks,_5_days,_9_hours,_15_minutes  0.18 0.25 0.20 949572MB 250624MB 70% 29899MB 15633MB 55% 42Â°C  
disk->normal  
rmb->note  
cpu->normal  
------------
------------
time    hostname    OS   rootç‰ˆæœ¬   runtime  å¹³å‡è´Ÿè½½ã€€ã€€ç£ç›˜æ€»é‡ã€€ã€€ç£ç›˜æ‰€ç”¨ç™¾åˆ†æ¯”ã€€å†…å­å¤§å°ã€€ã€€å†…å­˜å·²ç”¨ç™¾åˆ†æ¯”ã€€cpuæ¸©åº¦ã€€ã€€ã€€ç£ç›˜è­¦æŠ¥çº§åˆ«ã€€ã€€å†…å­˜è­¦æŠ¥çº§åˆ«ã€€ã€€cpuè­¦æŠ¥çº§åˆ«
20181220_18:20:36  pi2 GNU/Linux 4.9.41-v7+  up_2_weeks,_5_days,_9_hours,_17_minutes  0.14 0.22 0.18 949572MB 250140MB 70% 29899MB 15633MB 55% 40Â°C  
disk->normal  
rmb->note  
cpu->normal  
------------
------------
time    hostname    OS   rootç‰ˆæœ¬   runtime  å¹³å‡è´Ÿè½½ã€€ã€€ç£ç›˜æ€»é‡ã€€ã€€ç£ç›˜æ‰€ç”¨ç™¾åˆ†æ¯”ã€€å†…å­˜å¤§å°ã€€ã€€å†…å­˜å·²ç”¨ç™¾åˆ†æ¯”ã€€cpuæ¸©åº¦ã€€ã€€ã€€ç£ç›˜è­¦æŠ¥çº§åˆ«ã€€ã€€å†…å­˜è­¦æŠ¥çº§åˆ«ã€€ã€€cpuè­¦æŠ¥çº§åˆ«
20181220_18:22:17  pi2 GNU/Linux 4.9.41-v7+  up_2_weeks,_5_days,_9_hours,_19_minutes  0.11 0.18 0.17 949572MB 283440MB 70% 29899MB 15633MB 55% 40Â°C  
disk->normal  
rmb->note  
cpu->normal  
------------
------------
time    hostname    OS   rootç‰ˆæœ¬   runtime  å¹³å‡è´Ÿè½½ã€€ã€€ç£ç›˜æ€»é‡ã€€ã€€ç£ç›˜æ‰€ç”¨ç™¾åˆ†æ¯”ã€€å†…å­˜å¤§å°ã€€ã€€å†…å­˜å·²ç”¨ç™¾åˆ†æ¯”ã€€cpuæ¸©åº¦ã€€ã€€ã€€ç£ç›˜è­¦æŠ¥çº§åˆ«ã€€ã€€å†…å­˜è­¦æŠ¥çº§åˆ«ã€€ã€€cpuè­¦æŠ¥çº§åˆ«
2018122_18:23:57  pi2 GNU/Linux 4.9.41-v7+  up_2_weeks,_5_days,_9_hours,_20_minutes  0.13 0.17 0.17 949572MB 274436MB 70% 29899MB 15633MB 55% 45Â°C  
disk->normal  
rmb->note  
cpu->normal  
------------
------------
time    hostname    OS   rootç‰ˆæœ¬   runtime  å¹³å‡è´Ÿè½½ã€€ã€€ç£ç›˜æ€»é‡ã€€ã€€ç£ç›˜æ‰€ç”¨ç™¾åˆ†æ¯”ã€€å†…å­˜å¤§å°ã€€ã€€å†…å­˜å·²ç”¨ç™¾åˆ†æ¯”ã€€cpuæ¸©åº¦ã€€ã€€ã€€ç£ç›˜è­¦æŠ¥çº§åˆ«ã€€ã€€å†…å­˜è­¦æŠ¥çº§åˆ«ã€€ã€€cpuè­¦æŠ¥çº§åˆ«
20181220_18:25:37  pi2 GNU/Linux 4.9.41-v7+  up_2_weeks,_5_days,_9_hours,_22_minutes  0.23 0.18 0.17 949572MB 254192MB 70% 29899MB 15633MB 55% 42Â°C  
disk->normal  
rmb->note  
cpu->normal  
------------
------------
time    hostname    OS   rootç‰ˆæœ¬   runtime  å¹³å‡è´Ÿè½½ã€€ã€€ç£ç›˜æ€»é‡ã€€ã€€ç£ç›˜æ‰€ç”¨ç™¾åˆ†æ¯”ã€€å†…å­˜å¤§å°ã€€ã€€å†…å­˜å·²ç”¨ç™¾åˆ†æ¯”ã€€cpuæ¸©åº¦ã€€ã€€ã€€ç£ç›˜è­¦æŠ¥çº§åˆ«ã€€ã€€å†…å­˜è­¦æŠ¥çº§åˆ«ã€€ã€€cpuè­¦æŠ¥çº§åˆ«
20181220_18:43:55  pi2 GNU/Linux 4.9.41-v7+  up_2_weeks,_5_days,_9_hours,_40_minutes  0.21 0.22 0.18 949572MB 276872MB 70% 29899MB 1534MB 55% 41Â°C  
disk->normal  
rmb->note  
cpu->normal  
------------
------------
time    hostname    OS   rootç‰ˆæœ¬   runtime  å¹³å‡è´Ÿè½½ã€€ã€€ç£ç›˜æ€»é‡ã€€ã€€ç£ç›˜æ‰€ç”¨ç™¾åˆ†æ¯”ã€€å†…å­˜å¤§å°ã€€ã€€å†…å­˜å·²ç”¨ç™¾åˆ†æ¯”ã€€cpuæ¸©åº¦ã€€ã€€ã€€ç£ç›˜è­¦æŠ¥çº§åˆ«ã€€ã€€å†…å­˜è­¦æŠ¥çº§åˆ«ã€€ã€€cpuè­¦æŠ¥çº§åˆ«
20181220_18:45:35  pi2 GNU/Linux 4.9.41-v7+  up_2_weeks,_5_days,_9_hours,_42_minutes  0.12 0.18 0.17 949572MB 276856MB 70% 29899MB 15634MB 55% 41Â°C  
disk->normal  
rmb->note  
cpu->normal  
------------------------
time    hostname    OS   rootç‰ˆæœ¬   runtime  å¹³å‡è´Ÿè½½ã€€ã€€ç£ç›˜æ€»é‡ã€€ã€€ç£ç›˜æ‰€ç”¨ç™¾åˆ†æ¯”ã€€å†…å­˜å¤§å°ã€€ã€€å†…å­˜å·²ç”¨ç™¾åˆ†æ¯”ã€€cpuæ¸©åº¦ã€€ã€€ã€€ç£ç›˜è­¦æŠ¥çº§åˆ«ã€€ã€€å†…å­˜è­¦æŠ¥çº§åˆ«ã€€ã€€cpuè­¦æŠ¥çº§åˆ«
20181220_18:47:15  pi2 GNU/Linux 4.9.41-v7+  up_2_weeks,_5_days,_9_hours,_43_minutes  0.44 0.27 0.20 949572MB 276248MB 70% 29899MB 15635MB 55% 41Â°C  
disk->normal  
rmb->note  
cpu->normal  
------------------------
time    hostname    OS   rootç‰ˆæœ¬   runtime  å¹³å‡è´Ÿè½½ã€€ã€€ç£ç›˜æ€»é‡ã€€ã€€ç£ç›˜æ‰€ç”¨ç™¾åˆ†æ¯”ã€€å†…å­˜å¤§å°ã€€ã€€å†…å­˜å·²ç”¨ç™¾åˆ†æ¯”ã€€cpuæ¸©åº¦ã€€ã€€ã€€ç£ç›˜è­¦æŠ¥çº§åˆ«ã€€ã€€å†…å­˜è­¦æŠ¥çº§åˆ«ã€€ã€€cpuè­¦æŠ¥çº§åˆ«
20181220_18:48:56  pi2 GNU/Linux 4.9.41-v7+  up_2_weeks,_5_days,_9_hours,_45_minutes  0.16 0.23 0.19 949572MB 276864MB 70% 29899MB 15635MB 55% 41Â°C  
disk->normal  
rmb->note  
cpu->normal  
------------------------
time    hostname    OS   rootç‰ˆæœ¬   runtime  å¹³å‡è´Ÿè½½ã€€ã€€ç£ç›˜æ€»é‡ã€€ã€€ç£ç›˜æ‰€ç”¨ç™¾åˆ†æ¯”ã€€å†…å­˜å¤§å°ã€€ã€€å†…å­˜å·²ç”¨ç™¾åˆ†æ¯”ã€€cpuæ¸©åº¦ã€€ã€€ã€€ç£ç›˜è­¦æŠ¥çº§åˆ«ã€€ã€€å†…å­˜è­¦æŠ¥çº§åˆ«ã€€ã€€cpuè­¦æŠ¥çº§åˆ«
20181220_18:50:36  pi2 GNU/Linux 4.9.41-v7+  up_2_weeks,_5_days,_9_hours,_47_minutes  0.34 0.25 0.20 949572MB 277092MB 70% 29899MB 15635MB 55% 40Â°C  
disk->normal  
rmb->note  
cpu->normal  
------------------------
time    hostname    OS   rootç‰ˆæœ¬   runtime  å¹³å‡è´Ÿè½½ã€€ã€€ç£ç›˜æ€»é‡ã€€ã€€ç£ç›˜æ‰€ç”¨ç™¾åˆ†æ¯”ã€€å†…å­˜å¤§å°ã€€ã€€å†…å­˜å·²ç”¨ç™¾åˆ†æ¯”ã€€cpuæ¸©åº¦ã€€ã€€ã€€ç£ç›˜è­¦æŠ¥çº§åˆ«ã€€ã€€å†…å­˜è­¦æŠ¥çº§åˆ«ã€€ã€€cpuè­¦æŠ¥çº§åˆ«
20181220_18:52:16  pi2 GNU/Linux 4.9.41-v7+  up_2_weeks,_5_days,_9_hours,_48_minutes  0.12 0.21 0.19 949572MB 277004MB 70% 29899MB 15635MB 55% 40Â°C  
disk->normal  
rmb->note  
cpu->normal  
------------------------
time    hostname    OS   rootç‰ˆæœ¬   runtime  å¹³å‡è´Ÿè½½ã€€ã€€ç£ç›˜æ€»é‡ã€€ã€€ç£ç›˜æ‰€ç”¨ç™¾åˆ†æ¯”ã€€å†…å­˜å¤§å°ã€€ã€€å†…å­˜å·²ç”¨ç™¾åˆ†æ¯”ã€€cpuæ¸©åº¦ã€€ã€€ã€€ç£ç›˜è­¦æŠ¥çº§åˆ«ã€€ã€€å†…å­˜è­¦æŠ¥çº§åˆ«ã€€ã€€cpuè­¦æŠ¥çº§åˆ«
20181220_18:53:56  pi2 GNU/Linux 4.9.41-v7+  up_2_weeks,_5_days,_9_hours,_50_minutes  0.32 0.24 0.19 949572MB 276384MB 70% 29899MB 15635MB 55% 41Â°C  
disk->normal  
rmb->note  
cpu->normal  
------------------------
time    hostname    OS   rootç‰ˆæœ¬   runtime  å¹³å‡è´Ÿè½½ã€€ã€€ç£ç›˜æ€»é‡ã€€ã€€ç£ç›˜æ‰€ç”¨ç™¾åˆ†æ¯”ã€€å†…å­˜å¤§å°ã€€ã€€å†…å­˜å·²ç”¨ç™¾åˆ†æ¯”ã€€cpuæ¸©åº¦ã€€ã€€ã€€ç£ç›˜è­¦æŠ¥çº§åˆ«ã€€ã€€å†…å­˜è­¦æŠ¥çº§åˆ«ã€€ã€€cpuè­¦æŠ¥çº§åˆ«
20181220_18:55:36  pi2 GNU/Linux 4.9.41-v7+  up_2_weeks,_5_days,_9_hours,_52_minutes  0.61 0.32 0.22 949572MB 276152MB 70% 29899MB 15635MB 55% 40Â°C  
disk->normal  
rmb->note  
cpu->normal  
------------------------
time    hostname    OS   rootç‰ˆæœ¬   runtime  å¹³å‡è´Ÿè½½ã€€ã€€ç£ç›˜æ€»é‡ã€€ã€€ç£ç›˜æ‰€ç”¨ç™¾åˆ†æ¯”ã€€å†…å­˜å¤§å°ã€€ã€€å†…å­˜å·²ç”¨ç™¾åˆ†æ¯”ã€€cpuæ¸©åº¦ã€€ã€€ã€€ç£ç›˜è­¦æŠ¥çº§åˆ«ã€€ã€€å†…å­˜è­¦æŠ¥çº§åˆ«ã€€ã€€cpuè­¦æŠ¥çº§åˆ«
20181220_18:57:16  pi2 GNU/Linux 4.9.41-v7+  up_2_weeks,_5_days,_9_hours,_54_minutes  0.15 0.24 0.20 949572MB 276756MB 70% 29899MB 15635MB 55% 41Â°C  
disk->normal  
rmb->note  
cpu->normal  
------------------------
time    hostname    OS   rootç‰ˆæœ¬   runtime  å¹³å‡è´Ÿè½½ã€€ã€€ç£ç›˜æ€»é‡ã€€ã€€ç£ç›˜æ‰€ç”¨ç™¾åˆ†æ¯”ã€€å†…å­˜å¤§å°ã€€ã€€å†…å­˜å·²ç”¨ç™¾åˆ†æ¯”ã€€cpuæ¸©åº¦ã€€ã€€ã€€ç£ç›˜è­¦æŠ¥çº§åˆ«ã€€ã€€å†…å­˜è­¦æŠ¥çº§åˆ«ã€€ã€€cpuè­¦æŠ¥çº§åˆ«
20181220_18:58:56  pi2 GNU/Linux 4.9.41-v7+  up_2_weeks,_5_days,_9_hours,_55_minutes  0.17 0.25 0.20 949572MB 276436MB 70% 29899MB 15635MB 55% 41Â°C  
disk->normal  
rmb->note  
cpu->normal  
------------------------
time    hostname    OS   rootç‰ˆæœ¬   runtime  å¹³å‡è´Ÿè½½ã€€ã€€ç£ç›˜æ€»é‡ã€€ã€€ç£ç›˜æ‰€ç”¨ç™¾åˆ†æ¯”ã€€å†…å­˜å¤§å°ã€€ã€€å†…å­˜å·²ç”¨ç™¾åˆ†æ¯”ã€€cpuæ¸©åº¦ã€€ã€€ã€€ç£ç›˜è­¦æŠ¥çº§åˆ«ã€€ã€€å†…å­˜è­¦æŠ¥çº§åˆ«ã€€ã€€cpuè­¦æŠ¥çº§åˆ«
20181220_19:00:37  pi2 GNU/Linux 4.9.41-v7+  up_2_weeks,_5_days,_9_hours,_57_minutes  0.16 0.23 0.20 949572MB 276436MB 70% 29899MB 15635MB 55% 41Â°C  
disk->normal  
rmb->note  
cpu->normal  
------------------------
time    hostname    OS   rootç‰ˆæœ¬   runtime  å¹³å‡è´Ÿè½½ã€€ã€€ç£ç›˜æ€»é‡ã€€ã€€ç£ç›˜æ‰€ç”¨ç™¾åˆ†æ¯”ã€€å†…å­˜å¤§å°ã€€ã€€å†…å­˜å·²ç”¨ç™¾åˆ†æ¯”ã€€cpuæ¸©åº¦ã€€ã€€ã€€ç£ç›˜è­¦æŠ¥çº§åˆ«ã€€ã€€å†…å­˜è­¦æŠ¥çº§åˆ«ã€€ã€€cpuè­¦æŠ¥çº§åˆ«
20181220_19:02:17  pi2 GNU/Linux 4.9.41-v7+  up_2_weeks,_5_days,_9_hours,_59_minutes  0.08 0.20 0.18 949572MB 276800MB 70% 29899MB 15635MB 55% 40Â°C  
disk->normal  
rmb->note  
cpu->normal  
------------------------
time    hostname    OS   rootç‰ˆæœ¬   runtime  å¹³å‡è´Ÿè½½ã€€ã€€ç£ç›˜æ€»é‡ã€€ã€€ç£ç›˜æ‰€ç”¨ç™¾åˆ†æ¯”ã€€å†…å­˜å¤§å°ã€€ã€€å†…å­˜å·²ç”¨ç™¾åˆ†æ¯”ã€€cpuæ¸©åº¦ã€€ã€€ã€€ç£ç›˜è­¦æŠ¥çº§åˆ«ã€€ã€€å†…å­˜è­¦æŠ¥çº§åˆ«ã€€ã€€cpuè­¦æŠ¥çº§åˆ«
20181220_19:03:57  pi2 GNU/Linux 4.9.41-v7+  up_2_weeks,_5_days,_10_hours  0.10 0.17 0.17 949572MB 276564MB 70% 29899MB 15635MB 55% 40Â°C  
disk->normal  
rmb->note  
cpu->normal  
------------------------
time    hostname    OS   rootç‰ˆæœ¬   runtime  å¹³å‡è´Ÿè½½ã€€ã€€ç£ç›˜æ€»é‡ã€€ã€€ç£ç›˜æ‰€ç”¨ç™¾åˆ†æ¯”ã€€å†…å­˜å¤§å°ã€€ã€€å†…å­˜å·²ç”¨ç™¾åˆ†æ¯”ã€€cpuæ¸©åº¦ã€€ã€€ã€€ç£ç›˜è­¦æŠ¥çº§åˆ«ã€€ã€€å†…å­˜è­¦æŠ¥çº§åˆ«ã€€ã€€cpuè­¦æŠ¥çº§åˆ«
20181220_19:05:37  pi2 GNU/Linux 4.9.41-v7+  up_2_weeks,_5_days,_10_hours,_2_minutes  0.12 0.14 0.17 949572MB 276832MB 70% 29899MB 15635MB 55% 40Â°C  
disk->normal  
rmb->note  
cpu->normal  
------------------------
time    hostname    OS   rootç‰ˆæœ¬   runtime  å¹³å‡è´Ÿè½½ã€€ã€€ç£ç›˜æ€»é‡ã€€ã€€ç£ç›˜æ‰€ç”¨ç™¾åˆ†æ¯”ã€€å†…å­˜å¤§å°ã€€ã€€å†…å­˜å·²ç”¨ç™¾åˆ†æ¯”ã€€cpuæ¸©åº¦ã€€ã€€ã€€ç£ç›˜è­¦æŠ¥çº§åˆ«ã€€ã€€å†…å­˜è­¦æŠ¥çº§åˆ«ã€€ã€€cpuè­¦æŠ¥çº§åˆ«
20181220_19:07:17  pi2 GNU/Linux 4.9.41-v7+  up_2_weeks,_5_days,_10_hours,_4_minutes  0.13 0.13 0.16 949572MB 276636MB 70% 29899MB 15635MB 55% 40Â°C  
disk->normal  
rmb->note  
cpu->normal  
------------------------
time    hostname    OS   rootç‰ˆæœ¬   runtime  å¹³å‡è´Ÿè½½ã€€ã€€ç£ç›˜æ€»é‡ã€€ã€€ç£ç›˜æ‰€ç”¨ç™¾åˆ†æ¯”ã€€å†…å­˜å¤§å°ã€€ã€€å†…å­˜å·²ç”¨ç™¾åˆ†æ¯”ã€€cpuæ¸©åº¦ã€€ã€€ã€€ç£ç›˜è­¦æŠ¥çº§åˆ«ã€€ã€€å†…å­˜è­¦æŠ¥çº§åˆ«ã€€ã€€cpuè­¦æŠ¥çº§åˆ«
20181220_19:08:58  pi2 GNU/Linux 4.9.41-v7+  up_2_weeks,_5_days,_10_hours,_5_minutes  0.08 0.13 0.16 949572MB 276788MB 70% 29899MB 15635MB 55% 40Â°C  
disk->normal  
rmb->note  
cpu->normal  
------------------------
time    hostname    OS   rootç‰ˆæœ¬   runtime  å¹³å‡è´Ÿè½½ã€€ã€€ç£ç›˜æ€»é‡ã€€ã€€ç£ç›˜æ‰€ç”¨ç™¾åˆ†æ¯”ã€€å†…å­˜å¤§å°ã€€ã€€å†…å­˜å·²ç”¨ç™¾åˆ†æ¯”ã€€cpuæ¸©åº¦ã€€ã€€ã€€ç£ç›˜è­¦æŠ¥çº§åˆ«ã€€ã€€å†…å­˜è­¦æŠ¥çº§åˆ«ã€€ã€€cpuè­¦æŠ¥çº§åˆ«
20181220_19:10:38  pi2 GNU/Linux 4.9.41-v7+  up_2_weeks,_5_days,_10_hours,_7_minutes  0.01 0.09 0.14 949572MB 276988MB 70% 29899MB 15635MB 55% 40Â°C  
disk->normal  
rmb->note  
cpu->normal  
------------------------
time    hostname    OS   rootç‰ˆæœ¬   runtime  å¹³å‡è´Ÿè½½ã€€ã€€ç£ç›˜æ€»é‡ã€€ã€€ç£ç›˜æ‰€ç”¨ç™¾åˆ†æ¯”ã€€å†…å­˜å¤§å°ã€€ã€€å†…å­˜å·²ç”¨ç™¾åˆ†æ¯”ã€€cpuæ¸©åº¦ã€€ã€€ã€€ç£ç›˜è­¦æŠ¥çº§åˆ«ã€€ã€€å†…å­˜è­¦æŠ¥çº§åˆ«ã€€ã€€cpuè­¦æŠ¥çº§åˆ«
20181220_19:12:18  pi2 GNU/Linux 4.9.41-v7+  up_2_weeks,_5_days,_10_hours,_9_minutes  0.13 0.10 0.13 949572MB 276700MB 70% 29899MB 15635MB 55% 40Â°C  
disk->normal  
rmb->note  
cpu->normal  
------------------------
time    hostname    OS   rootç‰ˆæœ¬   runtime  å¹³å‡è´Ÿè½½ã€€ã€€ç£ç›˜æ€»é‡ã€€ã€€ç£ç›˜æ‰€ç”¨ç™¾åˆ†æ¯”ã€€å†…å­˜å¤§å°ã€€ã€€å†…å­˜å·²ç”¨ç™¾åˆ†æ¯”ã€€cpuæ¸©åº¦ã€€ã€€ã€€ç£ç›˜è­¦æŠ¥çº§åˆ«ã€€ã€€å†…å­˜è­¦æŠ¥çº§åˆ«ã€€ã€€cpuè­¦æŠ¥çº§åˆ«
20181220_19:13:58  pi2 GNU/Linux 4.9.41-v7+  up_2_weeks,_5_days,_10_hours,_10_minutes  0.17 0.10 0.12 949572MB 277348MB 70% 29899MB 15635MB 55% 41Â°C  
disk->normal  
rmb->note  
cpu->normal  
------------------------
time    hostname    OS   rootç‰ˆæœ¬   runtime  å¹³å‡è´Ÿè½½ã€€ã€€ç£ç›˜æ€»é‡ã€€ã€€ç£ç›˜æ‰€ç”¨ç™¾åˆ†æ¯”ã€€å†…å­˜å¤§å°ã€€ã€€å†…å­˜å·²ç”¨ç™¾åˆ†æ¯”ã€€cpuæ¸©åº¦ã€€ã€€ã€€ç£ç›˜è­¦æŠ¥çº§åˆ«ã€€ã€€å†…å­˜è­¦æŠ¥çº§åˆ«ã€€ã€€cpuè­¦æŠ¥çº§åˆ«
20181220_19:15:38  pi2 GNU/Linux 4.9.41-v7+  up_2_weeks,_5_days,_10_hours,_12_minutes  0.03 0.07 0.10 949572MB 277108MB 70% 29899MB 15635MB 55% 40Â°C  
disk->normal  
rmb->note  
cpu->normal  
------------------------
time    hostname    OS   rootç‰ˆæœ¬   runtime  å¹³å‡è´Ÿè½½ã€€ã€€ç£ç›˜æ€»é‡ã€€ã€€ç£ç›˜æ‰€ç”¨ç™¾åˆ†æ¯”ã€€å†…å­˜å¤§å°ã€€ã€€å†…å­˜å·²ç”¨ç™¾åˆ†æ¯”ã€€cpuæ¸©åº¦ã€€ã€€ã€€ç£ç›˜è­¦æŠ¥çº§åˆ«ã€€ã€€å†…å­˜è­¦æŠ¥çº§åˆ«ã€€ã€€cpuè­¦æŠ¥çº§åˆ«
20181220_19:17:18  pi2 GNU/Linux 4.9.41-v7+  up_2_weeks,_5_days,_10_hours,_14_minutes  0.13 0.09 0.10 949572MB 277200MB 70% 29899MB 15635MB 55% 41Â°C  
disk->normal  
rmb->note  
cpu->normal  
------------------------
time    hostname    OS   rootç‰ˆæœ¬   runtime  å¹³å‡è´Ÿè½½ã€€ã€€ç£ç›˜æ€»é‡ã€€ã€€ç£ç›˜æ‰€ç”¨ç™¾åˆ†æ¯”ã€€å†…å­˜å¤§å°ã€€ã€€å†…å­˜å·²ç”¨ç™¾åˆ†æ¯”ã€€cpuæ¸©åº¦ã€€ã€€ã€€ç£ç›˜è­¦æŠ¥çº§åˆ«ã€€ã€€å†…å­˜è­¦æŠ¥çº§åˆ«ã€€ã€€cpuè­¦æŠ¥çº§åˆ«
20181220_19:18:58  pi2 GNU/Linux 4.9.41-v7+  up_2_weeks,_5_days,_10_hours,_15_minutes  0.02 0.06 0.09 949572MB 276512MB 70% 29899MB 15635MB 55% 41Â°C  
disk->normal  
rmb->note  
cpu->normal  
------------------------
time    hostname    OS   rootç‰ˆæœ¬   runtime  å¹³å‡è´Ÿè½½ã€€ã€€ç£ç›˜æ€»é‡ã€€ã€€ç£ç›˜æ‰€ç”¨ç™¾åˆ†æ¯”ã€€å†…å­˜å¤§å°ã€€ã€€å†…å­˜å·²ç”¨ç™¾åˆ†æ¯”ã€€cpuæ¸©åº¦ã€€ã€€ã€€ç£ç›˜è­¦æŠ¥çº§åˆ«ã€€ã€€å†…å­˜è­¦æŠ¥çº§åˆ«ã€€ã€€cpuè­¦æŠ¥çº§åˆ«
20181220_19:20:39  pi2 GNU/Linux 4.9.41-v7+  up_2_weeks,_5_days,_10_hours,_17_minutes  0.12 0.07 0.09 949572MB 272308MB 70% 29899MB 15635MB 55% 41Â°C  
disk->normal  
rmb->note  
cpu->normal  
------------------------
time    hostname    OS   rootç‰ˆæœ¬   runtime  å¹³å‡è´Ÿè½½ã€€ã€€ç£ç›˜æ€»é‡ã€€ã€€ç£ç›˜æ‰€ç”¨ç™¾åˆ†æ¯”ã€€å†…å­˜å¤§å°ã€€ã€€å†…å­˜å·²ç”¨ç™¾åˆ†æ¯”ã€€cpuæ¸©åº¦ã€€ã€€ã€€ç£ç›˜è­¦æŠ¥çº§åˆ«ã€€ã€€å†…å­˜è­¦æŠ¥çº§åˆ«ã€€ã€€cpuè­¦æŠ¥çº§åˆ«
20181220_19:22:19  pi2 GNU/Linux 4.9.41-v7+  up_2_weeks,_5_days,_10_hours,_19_minutes  0.05 0.06 0.08 949572MB 272716MB 70% 29899MB 15635MB 55% 41Â°C  
disk->normal  
rmb->note  
cpu->normal  
------------------------
time    hostname    OS   rootç‰ˆæœ¬   runtime  å¹³å‡è´Ÿè½½ã€€ã€€ç£ç›˜æ€»é‡ã€€ã€€ç£ç›˜æ‰€ç”¨ç™¾åˆ†æ¯”ã€€å†…å­˜å¤§å°ã€€ã€€å†…å­˜å·²ç”¨ç™¾åˆ†æ¯”ã€€cpuæ¸©åº¦ã€€ã€€ã€€ç£ç›˜è­¦æŠ¥çº§åˆ«ã€€ã€€å†…å­˜è­¦æŠ¥çº§åˆ«ã€€ã€€cpuè­¦æŠ¥çº§åˆ«
20181220_19:23:59  pi2 GNU/Linux 4.9.41-v7+  up_2_weeks,_5_days,_10_hours,_20_minutes  0.11 0.07 0.09 949572MB 272164MB 70% 29899MB 15635MB 55% 42Â°C  
disk->normal  
rmb->note  
cpu->normal  
------------------------
time    hostname    OS   rootç‰ˆæœ¬   runtime  å¹³å‡è´Ÿè½½ã€€ã€€ç£ç›˜æ€»é‡ã€€ã€€ç£ç›˜æ‰€ç”¨ç™¾åˆ†æ¯”ã€€å†…å­˜å¤§å°ã€€ã€€å†…å­˜å·²ç”¨ç™¾åˆ†æ¯”ã€€cpuæ¸©åº¦ã€€ã€€ã€€ç£ç›˜è­¦æŠ¥çº§åˆ«ã€€ã€€å†…å­˜è­¦æŠ¥çº§åˆ«ã€€ã€€cpuè­¦æŠ¥çº§åˆ«
20181220_19:25:39  pi2 GNU/Linux 4.9.41-v7+  up_2_weeks,_5_days,_10_hours,_22_minutes  0.10 0.08 0.09 949572MB 272036MB 70% 29899MB 15635MB 55% 40Â°C  
disk->normal  
rmb->note  
cpu->normal  
------------------------
time    hostname    OS   rootç‰ˆæœ¬   runtime  å¹³å‡è´Ÿè½½ã€€ã€€ç£ç›˜æ€»é‡ã€€ã€€ç£ç›˜æ‰€ç”¨ç™¾åˆ†æ¯”ã€€å†…å­˜å¤§å°ã€€ã€€å†…å­˜å·²ç”¨ç™¾åˆ†æ¯”ã€€cpuæ¸©åº¦ã€€ã€€ã€€ç£ç›˜è­¦æŠ¥çº§åˆ«ã€€ã€€å†…å­˜è­¦æŠ¥çº§åˆ«ã€€ã€€cpuè­¦æŠ¥çº§åˆ«
20181220_19:27:19  pi2 GNU/Linux 4.9.41-v7+  up_2_weeks,_5_days,_10_hours,_24_minutes  0.15 0.09 0.09 949572MB 272900MB 70% 29899MB 15635MB 55% 41Â°C  
disk->normal  
rmb->note  
cpu->normal  
------------------------
time    hostname    OS   rootç‰ˆæœ¬   runtime  å¹³å‡è´Ÿè½½ã€€ã€€ç£ç›˜æ€»é‡ã€€ã€€ç£ç›˜æ‰€ç”¨ç™¾åˆ†æ¯”ã€€å†…å­˜å¤§å°ã€€ã€€å†…å­˜å·²ç”¨ç™¾åˆ†æ¯”ã€€cpuæ¸©åº¦ã€€ã€€ã€€ç£ç›˜è­¦æŠ¥çº§åˆ«ã€€ã€€å†…å­˜è­¦æŠ¥çº§åˆ«ã€€ã€€cpuè­¦æŠ¥çº§åˆ«
20181220_19:28:59  pi2 GNU/Linux 4.9.41-v7+  up_2_weeks,_5_days,_10_hours,_25_minutes  0.17 0.12 0.10 949572MB 272528MB 70% 29899MB 15635MB 55% 42Â°C  
disk->normal  
rmb->note  
cpu->normal  
------------------------
time    hostname    OS   rootç‰ˆæœ¬   runtime  å¹³å‡è´Ÿè½½ã€€ã€€ç£ç›˜æ€»é‡ã€€ã€€ç£ç›˜æ‰€ç”¨ç™¾åˆ†æ¯”ã€€å†…å­˜å¤§å°ã€€ã€€å†…å­˜å·²ç”¨ç™¾åˆ†æ¯”ã€€cpuæ¸©åº¦ã€€ã€€ã€€ç£ç›˜è­¦æŠ¥çº§åˆ«ã€€ã€€å†…å­˜è­¦æŠ¥çº§åˆ«ã€€ã€€cpuè­¦æŠ¥çº§åˆ«
20181220_19:30:39  pi2 GNU/Linux 4.9.41-v7+  up_2_weeks,_5_days,_10_hours,_27_minutes  0.07 0.10 0.09 949572MB 272916MB 70% 29899MB 15635MB 55% 41Â°C  
disk->normal  
rmb->note  
cpu->normal  
------------------------
time    hostname    OS   rootç‰ˆæœ¬   runtime  å¹³å‡è´Ÿè½½ã€€ã€€ç£ç›˜æ€»é‡ã€€ã€€ç£ç›˜æ‰€ç”¨ç™¾åˆ†æ¯”ã€€å†…å­˜å¤§å°ã€€ã€€å†…å­˜å·²ç”¨ç™¾åˆ†æ¯”ã€€cpuæ¸©åº¦ã€€ã€€ã€€ç£ç›˜è­¦æŠ¥çº§åˆ«ã€€ã€€å†…å­˜è­¦æŠ¥çº§åˆ«ã€€ã€€cpuè­¦æŠ¥çº§åˆ«
20181220_19:32:20  pi2 GNU/Linux 4.9.41-v7+  up_2_weeks,_5_days,_10_hours,_29_minutes  0.35 0.16 0.11 949572MB 272628MB 70% 29899MB 15635MB 55% 41Â°C  
disk->normal  
rmb->note  
cpu->normal  
------------------------
time    hostname    OS   rootç‰ˆæœ¬   runtime  å¹³å‡è´Ÿè½½ã€€ã€€ç£ç›˜æ€»é‡ã€€ã€€ç£ç›˜æ‰€ç”¨ç™¾åˆ†æ¯”ã€€å†…å­˜å¤§å°ã€€ã€€å†…å­˜å·²ç”¨ç™¾åˆ†æ¯”ã€€cpuæ¸©åº¦ã€€ã€€ã€€ç£ç›˜è­¦æŠ¥çº§åˆ«ã€€ã€€å†…å­˜è­¦æŠ¥çº§åˆ«ã€€ã€€cpuè­¦æŠ¥çº§åˆ«
20181220_19:34:00  pi2 GNU/Linux 4.9.41-v7+  up_2_weeks,_5_days,_10_hours,_30_minutes  0.40 0.22 0.14 949572MB 272424MB 70% 29899MB 15635MB 55% 41Â°C  
disk->normal  
rmb->note  
cpu->normal  
------------------------
time    hostname    OS   rootç‰ˆæœ¬   runtime  å¹³å‡è´Ÿè½½ã€€ã€€ç£ç›˜æ€»é‡ã€€ã€€ç£ç›˜æ‰€ç”¨ç™¾åˆ†æ¯”ã€€å†…å­˜å¤§å°ã€€ã€€å†…å­˜å·²ç”¨ç™¾åˆ†æ¯”ã€€cpuæ¸©åº¦ã€€ã€€ã€€ç£ç›˜è­¦æŠ¥çº§åˆ«ã€€ã€€å†…å­˜è­¦æŠ¥çº§åˆ«ã€€ã€€cpuè­¦æŠ¥çº§åˆ«
20181220_19:35:40  pi2 GNU/Linux 4.9.41-v7+  up_2_weeks,_5_days,_10_hours,_32_minutes  0.43 0.25 0.15 949572MB 271892MB 70% 29899MB 15635MB 55% 42Â°C  
disk->normal  
rmb->note  
cpu->normal  
------------------------
time    hostname    OS   rootç‰ˆæœ¬   runtime  å¹³å‡è´Ÿè½½ã€€ã€€ç£ç›˜æ€»é‡ã€€ã€€ç£ç›˜æ‰€ç”¨ç™¾åˆ†æ¯”ã€€å†…å­˜å¤§å°ã€€ã€€å†…å­˜å·²ç”¨ç™¾åˆ†æ¯”ã€€cpuæ¸©åº¦ã€€ã€€ã€€ç£ç›˜è­¦æŠ¥çº§åˆ«ã€€ã€€å†…å­˜è­¦æŠ¥çº§åˆ«ã€€ã€€cpuè­¦æŠ¥çº§åˆ«
20181220_19:37:20  pi2 GNU/Linux 4.9.41-v7+  up_2_weeks,_5_days,_10_hours,_34_minutes  0.35 0.25 0.16 949572MB 271856MB 70% 29899MB 15635MB 55% 41Â°C  
disk->normal  
rmb->note  
cpu->normal  
------------------------
time    hostname    OS   rootç‰ˆæœ¬   runtime  å¹³å‡è´Ÿè½½ã€€ã€€ç£ç›˜æ€»é‡ã€€ã€€ç£ç›˜æ‰€ç”¨ç™¾åˆ†æ¯”ã€€å†…å­˜å¤§å°ã€€ã€€å†…å­˜å·²ç”¨ç™¾åˆ†æ¯”ã€€cpuæ¸©åº¦ã€€ã€€ã€€ç£ç›˜è­¦æŠ¥çº§åˆ«ã€€ã€€å†…å­˜è­¦æŠ¥çº§åˆ«ã€€ã€€cpuè­¦æŠ¥çº§åˆ«
20181220_19:39:00  pi2 GNU/Linux 4.9.41-v7+  up_2_weeks,_5_days,_10_hours,_35_minutes  0.06 0.18 0.14 949572MB 265312MB 70% 29899MB 15635MB 55% 41Â°C  
disk->normal  
rmb->note  
cpu->normal  
------------------------
time    hostname    OS   rootç‰ˆæœ¬   runtime  å¹³å‡è´Ÿè½½ã€€ã€€ç£ç›˜æ€»é‡ã€€ã€€ç£ç›˜æ‰€ç”¨ç™¾åˆ†æ¯”ã€€å†…å­˜å¤§å°ã€€ã€€å†…å­˜å·²ç”¨ç™¾åˆ†æ¯”ã€€cpuæ¸©åº¦ã€€ã€€ã€€ç£ç›˜è­¦æŠ¥çº§åˆ«ã€€ã€€å†…å­˜è­¦æŠ¥çº§åˆ«ã€€ã€€cpuè­¦æŠ¥çº§åˆ«
20181220_19:40:40  pi2 GNU/Linux 4.9.41-v7+ ------------
time    hostname    OS   rootç‰ˆæœ¬   runtime  å¹³å‡è´Ÿè½½ã€€ã€€ç£ç›˜æ€»é‡ã€€ã€€ç£ç›˜æ‰€ç”¨ç™¾åˆ†æ¯”ã€€å†…å­˜å¤§å°ã€€ã€€å†…å­˜å·²ç”¨ç™¾åˆ†æ¯”ã€€cpuæ¸©åº¦ã€€ã€€ã€€ç£ç›˜è­¦æŠ¥çº§åˆ«ã€€ã€€å†…å­˜è­¦æŠ¥çº§åˆ«ã€€ã€€cpuè­¦æŠ¥çº§åˆ«
20181220_19:42:21  pi2 GNU/Linux 4.9.41-v7+  up_2_weeks,_5_days,_10_hours,_39_minutes  0.27 0.27 0.18 949572MB 263164MB 70% 29899MB 15635MB 55% 42Â°C  
disk->normal  
rmb->note  
cpu->normal  
------------------------
time    hostname    OS   rootç‰ˆæœ¬   runtime  å¹³å‡è´Ÿè½½ã€€ã€€ç£ç›˜æ€»é‡ã€€ã€€ç£ç›˜æ‰€ç”¨ç™¾åˆ†æ¯”ã€€å†…å­˜å¤§å°ã€€ã€€å†…å­˜å·²ç”¨ç™¾åˆ†æ¯”ã€€cpuæ¸©åº¦ã€€ã€€ã€€ç£ç›˜è­¦æŠ¥çº§åˆ«ã€€ã€€å†…å­˜è­¦æŠ¥çº§åˆ«ã€€ã€€cpuè­¦æŠ¥çº§åˆ«
20181220_19:44:01  pi2 GNU/Linux 4.9.41-v7+  up_2_weeks,_5_days,_10_hours,_40_minutes  0.23 0.26 0.18 949572MB 260176MB 70% 29899MB 15635MB 55% 41Â°C  
disk->normal  
rmb->note  
cpu->normal  
------------------------
time    hostname    OS   rootç‰ˆæœ¬   runtime  å¹³å‡è´Ÿè½½ã€€ã€€ç£ç›˜æ€»é‡ã€€ã€€ç£ç›˜æ‰€ç”¨ç™¾åˆ†æ¯”ã€€å†…å­˜å¤§å°ã€€ã€€å†…å­˜å·²ç”¨ç™¾åˆ†æ¯”ã€€cpuæ¸©åº¦ã€€ã€€ã€€ç£ç›˜è­¦æŠ¥çº§åˆ«ã€€ã€€å†…å­˜è­¦æŠ¥çº§åˆ«ã€€ã€€cpuè­¦æŠ¥çº§åˆ«
20181220_19:45:41  pi2 GNU/Linux 4.9.41-v7+  up_2_weeks,_5_days,_10_hours,_42_minutes  0.13 0.21 0.17 949572MB 262020MB 70% 29899MB 15635MB 55% 41Â°C  
disk->normal  
rmb->note  
cpu->normal  
------------------------
time    hostname    OS   rootç‰ˆæœ¬   runtime  å¹³å‡è´Ÿè½½ã€€ã€€ç£ç›˜æ€»é‡ã€€ã€€ç£ç›˜æ‰€ç”¨ç™¾åˆ†æ¯”ã€€å†…å­˜å¤§å°ã€€ã€€å†…å­˜å·²ç”¨ç™¾åˆ†æ¯”ã€€cpuæ¸©åº¦ã€€ã€€ã€€ç£ç›˜è­¦æŠ¥çº§åˆ«ã€€ã€€å†…å­˜è­¦æŠ¥çº§åˆ«ã€€ã€€cpuè­¦æŠ¥çº§åˆ«
20181220_19:47:21  pi2 GNU/Linux 4.9.41-v7+  up_2_weeks,_5_days,_10_hours,_44_minutes  0.37 0.23 0.18 949572MB 261448MB 70% 29899MB 15635MB 55% 40Â°C  
disk->normal  
rmb->note  
cpu->normal  
------------------------
time    hostname    OS   rootç‰ˆæœ¬   runtime  å¹³å‡è´Ÿè½½ã€€ã€€ç£ç›˜æ€»é‡ã€€ã€€ç£ç›˜æ‰€ç”¨ç™¾åˆ†æ¯”ã€€å†…å­˜å¤§å°ã€€ã€€å†…å­˜å·²ç”¨ç™¾åˆ†æ¯”ã€€cpuæ¸©åº¦ã€€ã€€ã€€ç£ç›˜è­¦æŠ¥çº§åˆ«ã€€ã€€å†…å­˜è­¦æŠ¥çº§åˆ«ã€€ã€€cpuè­¦æŠ¥çº§åˆ«
20181220_19:49:01  pi2 GNU/Linux 4.9.41-v7+  up_2_weeks,_5_days,_10_hours,_45_minutes  0.07 0.16 0.16 949572MB 261764MB 70% 29899MB 15635MB 55% 40Â°C  
disk->normal  
rmb->note  
cpu->normal  
------------------------
time    hostname    OS   rootç‰ˆæœ¬   runtime  å¹³å‡è´Ÿè½½ã€€ã€€ç£ç›˜æ€»é‡ã€€ã€€ç£ç›˜æ‰€ç”¨ç™¾åˆ†æ¯”ã€€å†…å­˜å¤§å°ã€€ã€€å†…å­˜å·²ç”¨ç™¾åˆ†æ¯”ã€€cpuæ¸©åº¦ã€€ã€€ã€€ç£ç›˜è­¦æŠ¥çº§åˆ«ã€€ã€€å†…å­˜è­¦æŠ¥çº§åˆ«ã€€ã€€cpuè­¦æŠ¥çº§åˆ«
20181220_19:50:41  pi2 GNU/Linux 4.9.41-v7+  up_2_weeks,_5_days,_10_hours,_47_minutes  0.16 0.16 0.16 949572MB 262208MB 70% 29899MB 15635MB 55% 41Â°C  
disk->normal  
rmb->note  
cpu->normal  
------------------------
time    hostname    OS   rootç‰ˆæœ¬   runtime  å¹³å‡è´Ÿè½½ã€€ã€€ç£ç›˜æ€»é‡ã€€ã€€ç£ç›˜æ‰€ç”¨ç™¾åˆ†æ¯”ã€€å†…å­˜å¤§å°ã€€ã€€å†…å­˜å·²ç”¨ç™¾åˆ†æ¯”ã€€cpuæ¸©åº¦ã€€ã€€ã€€ç£ç›˜è­¦æŠ¥çº§åˆ«ã€€ã€€å†…å­˜è­¦æŠ¥çº§åˆ«ã€€ã€€cpuè­¦æŠ¥çº§åˆ«
20181220_19:52:21  pi2 GNU/Linux 4.9.41-v7+  up_2_weeks,_5_days,_10_hours,_49_minutes  0.03 0.11 0.14 949572MB 260872MB 70% 29899MB 15635MB 55% 41Â°C  
disk->normal  
rmb->note  
cpu->normal  
------------------------
time    hostname    OS   rootç‰ˆæœ¬   runtime  å¹³å‡è´Ÿè½½ã€€ã€€ç£ç›˜æ€»é‡ã€€ã€€ç£ç›˜æ‰€ç”¨ç™¾åˆ†æ¯”ã€€å†…å­˜å¤§å°ã€€ã€€å†…å­˜å·²ç”¨ç™¾åˆ†æ¯”ã€€cpuæ¸©åº¦ã€€ã€€ã€€ç£ç›˜è­¦æŠ¥çº§åˆ«ã€€ã€€å†…å­˜è­¦æŠ¥çº§åˆ«ã€€ã€€cpuè­¦æŠ¥çº§åˆ«
20181220_19:54:02  pi2 GNU/Linux 4.9.41-v7+  up_2_weeks,_5_days,_10_hours,_50_minutes  0.57 0.25 0.19 949572MB 234496MB 70% 29899MB 15660MB 55% 41Â°C  
disk->normal  
rmb->note  
cpu->normal  
------------------------
time    hostname    OS   rootç‰ˆæœ¬   runtime  å¹³å‡è´Ÿè½½ã€€ã€€ç£ç›˜æ€»é‡ã€€ã€€ç£ç›˜æ‰€ç”¨ç™¾åˆ†æ¯”ã€€å†…å­˜å¤§å°ã€€ã€€å†…å­˜å·²ç”¨ç™¾åˆ†æ¯”ã€€cpuæ¸©åº¦ã€€ã€€ã€€ç£ç›˜è­¦æŠ¥çº§åˆ«ã€€ã€€å†…å­˜è­¦æŠ¥çº§åˆ«ã€€ã€€cpuè­¦æŠ¥çº§åˆ«
20181220_19:55:42  pi2 GNU/Linux 4.9.41-v7+  up_2_weeks,_5_days,_10_hours,_52_minutes  0.22 0.25 0.19 949572MB 234136MB 70% 29899MB 15660MB 55% 41Â°C  
disk->normal  
rmb->note  
cpu->normal  
------------------------
time    hostname    OS   rootç‰ˆæœ¬   runtime  å¹³å‡è´Ÿè½½ã€€ã€€ç£ç›˜æ€»é‡ã€€ã€€ç£ç›˜æ‰€ç”¨ç™¾åˆ†æ¯”ã€€å†…å­˜å¤§å°ã€€ã€€å†…å­˜å·²ç”¨ç™¾åˆ†æ¯”ã€€cpuæ¸©åº¦ã€€ã€€ã€€ç£ç›˜è­¦æŠ¥çº§åˆ«ã€€ã€€å†…å­˜è­¦æŠ¥çº§åˆ«ã€€ã€€cpuè­¦æŠ¥çº§åˆ«
20181220_19:57:22  pi2 GNU/Linux 4.9.41-v7+  up_2_weeks,_5_days,_10_hours,_54_minutes  0.19 0.22 0.18 949572MB 234524MB 70% 29899MB 15660MB 55% 41Â°C  
disk->normal  
rmb->note  
cpu->normal  
------------------------
time    hostname    OS   rootç‰ˆæœ¬   runtime  å¹³å‡è´Ÿè½½ã€€ã€€ç£ç›˜æ€»é‡ã€€ã€€ç£ç›˜æ‰€ç”¨ç™¾åˆ†æ¯”ã€€å†…å­˜å¤§å°ã€€ã€€å†…å­˜å·²ç”¨ç™¾åˆ†æ¯”ã€€cpuæ¸©åº¦ã€€ã€€ã€€ç£ç›˜è­¦æŠ¥çº§åˆ«ã€€ã€€å†…å­˜è­¦æŠ¥çº§åˆ«ã€€ã€€cpuè­¦æŠ¥çº§åˆ«
20181220_19:59:02  pi2 GNU/Linux 4.9.41-v7+  up_2_weeks,_5_days,_10_hours,_55_minutes  0.29 0.24 0.19 949572MB 233544MB 70% 29899MB 15660MB 55% 42Â°C  
disk->normal  
rmb->note  
cpu->normal  
------------------------
time    hostname    OS   rootç‰ˆæœ¬   runtime  å¹³å‡è´Ÿè½½ã€€ã€€ç£ç›˜æ€»é‡ã€€ã€€ç£ç›˜æ‰€ç”¨ç™¾åˆ†æ¯”ã€€å†…å­˜å¤§å°ã€€ã€€å†…å­˜å·²ç”¨ç™¾åˆ†æ¯”ã€€cpuæ¸©åº¦ã€€ã€€ã€€ç£ç›˜è­¦æŠ¥çº§åˆ«ã€€ã€€å†…å­˜è­¦æŠ¥çº§åˆ«ã€€ã€€cpuè­¦æŠ¥çº§åˆ«
20181220_20:00:42  pi2 GNU/Linux 4.9.41-v7+  up_2_weeks,_5_days,_10_hours,_57_minutes  0.25 0.24 0.19 949572MB 229112MB 70% 29899MB 15660MB 55% 42Â°C  
disk->normal  
rmb->note  
cpu->normal  
------------------------
time    hostname    OS   rootç‰ˆæœ¬   runtime  å¹³å‡è´Ÿè½½ã€€ã€€ç£ç›˜æ€»é‡ã€€ã€€ç£ç›˜æ‰€ç”¨ç™¾åˆ†æ¯”ã€€å†…å­˜å¤§å°ã€€ã€€å†…å­˜å·²ç”¨ç™¾åˆ†æ¯”ã€€cpuæ¸©åº¦ã€€ã€€ã€€ç£ç›˜è­¦æŠ¥çº§åˆ«ã€€ã€€å†…å­˜è­¦æŠ¥çº§åˆ«ã€€ã€€cpuè­¦æŠ¥çº§åˆ«
20181220_20:02:22  pi2 GNU/Linux 4.9.41-v7+  up_2_weeks,_5_days,_10_hours,_59_minutes  0.23 0.23 0.18 949572MB 235760MB 70% 29899MB 15659MB 55% 41Â°C  
disk->normal  
rmb->note  
cpu->normal  
------------------------
time    hostname    OS   rootç‰ˆæœ¬   runtime  å¹³å‡è´Ÿè½½ã€€ã€€ç£ç›˜æ€»é‡ã€€ã€€ç£ç›˜æ‰€ç”¨ç™¾åˆ†æ¯”ã€€å†…å­˜å¤§å°ã€€ã€€å†…å­˜å·²ç”¨ç™¾åˆ†æ¯”ã€€cpuæ¸©åº¦ã€€ã€€ã€€ç£ç›˜è­¦æŠ¥çº§åˆ«ã€€ã€€å†…å­˜è­¦æŠ¥çº§åˆ«ã€€ã€€cpuè­¦æŠ¥çº§åˆ«
20181220_20:04:03  pi2 GNU/Linux 4.9.41-v7+  up_2_weeks,_5_days,_11_hours  0.49 0.30 0.21 949572MB 229928MB 70% 29899MB 15659MB 55% 41Â°C  
disk->normal  
rmb->note  
cpu->normal  
------------------------
time    hostname    OS   rootç‰ˆæœ¬   runtime  å¹³å‡è´Ÿè½½ã€€ã€€ç£ç›˜æ€»é‡ã€€ã€€ç£ç›˜æ‰€ç”¨ç™¾åˆ†æ¯”ã€€å†…å­˜å¤§å°ã€€ã€€å†…å­˜å·²ç”¨ç™¾åˆ†æ¯”ã€€cpuæ¸©åº¦ã€€ã€€ã€€ç£ç›˜è­¦æŠ¥çº§åˆ«ã€€ã€€å†…å­˜è­¦æŠ¥çº§åˆ«ã€€ã€€cpuè­¦æŠ¥çº§åˆ«
20181220_20:05:43  pi2 GNU/Linux 4.9.41-v7+  up_2_weeks,_5_days,_11_hours,_2_minutes  0.20 0.24 0.19 949572MB 234704MB 70% 29899MB 15659MB 55% 41Â°C  
disk->normal  
rmb->note  
cpu->normal  
------------------------
time    hostname    OS   rootç‰ˆæœ¬   runtime  å¹³å‡è´Ÿè½½ã€€ã€€ç£ç›˜æ€»é‡ã€€ã€€ç£ç›˜æ‰€ç”¨ç™¾åˆ†æ¯”ã€€å†…å­˜å¤§å°ã€€ã€€å†…å­˜å·²ç”¨ç™¾åˆ†æ¯”ã€€cpuæ¸©åº¦ã€€ã€€ã€€ç£ç›˜è­¦æŠ¥çº§åˆ«ã€€ã€€å†…å­˜è­¦æŠ¥çº§åˆ«ã€€ã€€cpuè­¦æŠ¥çº§åˆ«
20181220_20:07:23  pi2 GNU/Linux 4.9.41-v7+  up_2_weeks,_5_days,_11_hours,_4_minutes  0.71 0.35 0.23 949572MB 201764MB 70% 29899MB 15659MB 55% 45Â°C  
disk->normal  
rmb->note  
cpu->normal  
------------------------
time    hostname    OS   rootç‰ˆæœ¬   runtime  å¹³å‡è´Ÿè½½ã€€ã€€ç£ç›˜æ€»é‡ã€€ã€€ç£ç›˜æ‰€ç”¨ç™¾åˆ†æ¯”ã€€å†…å­˜å¤§å°ã€€ã€€å†…å­˜å·²ç”¨ç™¾åˆ†æ¯”ã€€cpuæ¸©åº¦ã€€ã€€ã€€ç£ç›˜è­¦æŠ¥çº§åˆ«ã€€ã€€å†…å­˜è­¦æŠ¥çº§åˆ«ã€€ã€€cpuè­¦æŠ¥çº§åˆ«
20181220_20:09:03  pi2 GNU/Linux 4.9.41-v7+  up_2_weeks,_5_days,_11_hours,_5_minutes  0.37 0.36 0.25 949572MB 201264MB 70% 29899MB 15659MB 55% 44Â°C  
disk->normal  
rmb->note  
cpu->normal  
------------------------
time    hostname    OS   rootç‰ˆæœ¬   runtime  å¹³å‡è´Ÿè½½ã€€ã€€ç£ç›˜æ€»é‡ã€€ã€€ç£ç›˜æ‰€ç”¨ç™¾åˆ†æ¯”ã€€å†…å­˜å¤§å°ã€€ã€€å†…å­˜å·²ç”¨ç™¾åˆ†æ¯”ã€€cpuæ¸©åº¦ã€€ã€€ã€€ç£ç›˜è­¦æŠ¥çº§åˆ«ã€€ã€€å†…å­˜è­¦æŠ¥çº§åˆ«ã€€ã€€cpuè­¦æŠ¥çº§åˆ«
20181220_20:10:43  pi2 GNU/Linux 4.9.41-v7+  up_2_weeks,_5_days,_11_hours,_7_minutes  0.16 0.28 0.23 949572MB 201996MB 70% 29899MB 15659MB 55% 41Â°C  
disk->normal  
rmb->note  
cpu->normal  
------------------------
time    hostname    OS   rootç‰ˆæœ¬   runtime  å¹³å‡è´Ÿè½½ã€€ã€€ç£ç›˜æ€»é‡ã€€ã€€ç£ç›˜æ‰€ç”¨ç™¾åˆ†æ¯”ã€€å†…å­˜å¤§å°ã€€ã€€å†…å­˜å·²ç”¨ç™¾åˆ†æ¯”ã€€cpuæ¸©åº¦ã€€ã€€ã€€ç£ç›˜è­¦æŠ¥çº§åˆ«ã€€ã€€å†…å­˜è­¦æŠ¥çº§åˆ«ã€€ã€€cpuè­¦æŠ¥çº§åˆ«
20181220_20:12:23  pi2 GNU/Linux 4.9.41-v7+  up_2_weeks,_5_days,_11_hours,_9_minutes  0.16 0.23 0.21 949572MB 201312MB 70% 29899MB 15659MB 55% 41Â°C  
disk->normal  
rmb->note  
cpu->normal  
------------------------
time    hostname    OS   rootç‰ˆæœ¬   runtime  å¹³å‡è´Ÿè½½ã€€ã€€ç£ç›˜æ€»é‡ã€€ã€€ç£ç›˜æ‰€ç”¨ç™¾åˆ†æ¯”ã€€å†…å­˜å¤§å°ã€€ã€€å†…å­˜å·²ç”¨ç™¾åˆ†æ¯”ã€€cpuæ¸©åº¦ã€€ã€€ã€€ç£ç›˜è­¦æŠ¥çº§åˆ«ã€€ã€€å†…å­˜è­¦æŠ¥çº§åˆ«ã€€ã€€cpuè­¦æŠ¥çº§åˆ«
20181220_20:14:04  pi2 GNU/Linux 4.9.41-v7+  up_2_weeks,_5_days,_11_hours,_10_minutes  1.10 0.45 0.29 949572MB 204716MB 70% 29899MB 15659MB 55% 42Â°C  
disk->normal  
rmb->note  
cpu->normal  
------------------------
time    hostname    OS   rootç‰ˆæœ¬   runtime  å¹³å‡è´Ÿè½½ã€€ã€€ç£ç›˜æ€»é‡ã€€ã€€ç£ç›˜æ‰€ç”¨ç™¾åˆ†æ¯”ã€€å†…å­˜å¤§å°ã€€ã€€å†…å­˜å·²ç”¨ç™¾åˆ†æ¯”ã€€cpuæ¸©åº¦ã€€ã€€ã€€ç£ç›˜è­¦æŠ¥çº§åˆ«ã€€ã€€å†…å­˜è­¦æŠ¥çº§åˆ«ã€€ã€€cpuè­¦æŠ¥çº§åˆ«
20181220_20:15:44  pi2 GNU/Linux 4.9.41-v7+  up_2_weeks,_5_days,_11_hours,_12_minutes  0.26 0.36 0.27 949572MB 201596MB 70% 29899MB 15659MB 55% 42Â°C  
disk->normal  
rmb->note  
cpu->normal  
------------------------
time    hostname    OS   rootç‰ˆæœ¬   runtime  å¹³å‡è´Ÿè½½ã€€ã€€ç£ç›˜æ€»é‡ã€€ã€€ç£ç›˜æ‰€ç”¨ç™¾åˆ†æ¯”ã€€å†…å­˜å¤§å°ã€€ã€€å†…å­˜å·²ç”¨ç™¾åˆ†æ¯”ã€€cpuæ¸©åº¦ã€€ã€€ã€€ç£ç›˜è­¦æŠ¥çº§åˆ«ã€€ã€€å†…å­˜è­¦æŠ¥çº§åˆ«ã€€ã€€cpuè­¦æŠ¥çº§åˆ«
20181220_20:17:24  pi2 GNU/Linux 4.9.41-v7+  up_2_weeks,_5_days,_11_hours,_14_minutes  0.52 0.43 0.30 949572MB 192936MB 70% 29899MB 15659MB 55% 45Â°C  
disk->normal  
rmb->note  
cpu->normal  
------------------------
time    hostname    OS   rootç‰ˆæœ¬   runtime  å¹³å‡è´Ÿè½½ã€€ã€€ç£ç›˜æ€»é‡ã€€ã€€ç£ç›˜æ‰€ç”¨ç™¾åˆ†æ¯”ã€€å†…å­˜å¤§å°ã€€ã€€å†…å­˜å·²ç”¨ç™¾åˆ†æ¯”ã€€cpuæ¸©åº¦ã€€ã€€ã€€ç£ç›˜è­¦æŠ¥çº§åˆ«ã€€ã€€å†…å­˜è­¦æŠ¥çº§åˆ«ã€€ã€€cpuè­¦æŠ¥çº§åˆ«
20181220_20:19:04  pi2 GNU/Linux 4.9.41-v7+  up_2_weeks,_5_days,_11_hours,_15_minutes  0.48 0.46 0.32 949572MB 192872MB 70% 29899MB 15659MB 55%------------
time    hostname    OS   rootç‰ˆæœ¬   runtime  å¹³å‡è´Ÿè½½ã€€ã€€ç£ç›˜æ€»é‡ã€€ã€€ç£ç›˜æ‰€ç”¨ç™¾åˆ†æ¯”ã€€å†…å­˜å¤§å°ã€€ã€€å†…å­˜å·²ç”¨ç™¾åˆ†æ¯”ã€€cpuæ¸©åº¦ã€€ã€€ã€€ç£ç›˜è­¦æŠ¥çº§åˆ«ã€€ã€€å†…å­˜è­¦æŠ¥çº§åˆ«ã€€ã€€cpuè­¦æŠ¥çº§åˆ«
20181220_20:20:44  pi2 GNU/Linux 4.9.41-v7+  up_2_weeks,_5_days,_11_hours,_17_minutes  0.32 0.40 0.31 949572MB 196648MB 70% 29899MB 15659MB 55% 41Â°C  
disk->normal  
rmb->note  
cpu->normal  
------------------------
time    hostname    OS   rootç‰ˆæœ¬   runtime  å¹³å‡è´Ÿè½½ã€€ã€€ç£ç›˜æ€»é‡ã€€ã€€ç£ç›˜æ‰€ç”¨ç™¾åˆ†æ¯”ã€€å†…å­˜å¤§å°ã€€ã€€å†…å­˜å·²ç”¨ç™¾åˆ†æ¯”ã€€cpuæ¸©åº¦ã€€ã€€ã€€ç£ç›˜è­¦æŠ¥çº§åˆ«ã€€ã€€å†…å­˜è­¦æŠ¥çº§åˆ«ã€€ã€€cpuè­¦æŠ¥çº§åˆ«
20181220_20:22:25  pi2 GNU/Linux 4.9.41-v7+  up_2_weeks,_5_days,_11_hours,_19_minutes  0.06 0.28 0.27 949572MB 197784MB 70% 29899MB 15659MB 55% 41Â°C  
disk->normal  
rmb->note  
cpu->normal  
------------------------
time    hostname    OS   rootç‰ˆæœ¬   runtime  å¹³å‡è´Ÿè½½ã€€ã€€ç£ç›˜æ€»é‡ã€€ã€€ç£ç›˜æ‰€ç”¨ç™¾åˆ†æ¯”ã€€å†…å­˜å¤§å°ã€€ã€€å†…å­˜å·²ç”¨ç™¾åˆ†æ¯”ã€€cpuæ¸©åº¦ã€€ã€€ã€€ç£ç›˜è­¦æŠ¥çº§åˆ«ã€€ã€€å†…å­˜è­¦æŠ¥çº§åˆ«ã€€ã€€cpuè­¦æŠ¥çº§åˆ«
20181220_20:24:05  pi2 GNU/Linux 4.9.41-v7+  up_2_weeks,_5_days,_11_hours,_20_minutes  0.22 0.30 0.28 949572MB 197892MB 70% 29899MB 15659MB 55% 41Â°C  
disk->normal  
rmb->note  
cpu->normal  
------------------------
time    hostname    OS   rootç‰ˆæœ¬   runtime  å¹³å‡è´Ÿè½½ã€€ã€€ç£ç›˜æ€»é‡ã€€ã€€ç£ç›˜æ‰€ç”¨ç™¾åˆ†æ¯”ã€€å†…å­˜å¤§å°ã€€ã€€å†…å­˜å·²ç”¨ç™¾åˆ†æ¯”ã€€cpuæ¸©åº¦ã€€ã€€ã€€ç£ç›˜è­¦æŠ¥çº§åˆ«ã€€ã€€å†…å­˜è­¦æŠ¥çº§åˆ«ã€€ã€€cpuè­¦æŠ¥çº§åˆ«
20181220_20:25:45  pi2 GNU/Linux 4.9.41-v7+  up_2_weeks,_5_days,_11_hours,_22_minutes  0.14 0.25 0.26 949572MB 192492MB 70% 29899MB 15659MB 55% 41Â°C  
disk->normal  
rmb->note  
cpu->normal  
------------------------
time    hostname    OS   rootç‰ˆæœ¬   runtime  å¹³å‡è´Ÿè½½ã€€ã€€ç£ç›˜æ€»é‡ã€€ã€€ç£ç›˜æ‰€ç”¨ç™¾åˆ†æ¯”ã€€å†…å­˜å¤§å°ã€€ã€€å†…å­˜å·²ç”¨ç™¾åˆ†æ¯”ã€€cpuæ¸©åº¦ã€€ã€€ã€€ç£ç›˜è­¦æŠ¥çº§åˆ«ã€€ã€€å†…å­˜è­¦æŠ¥çº§åˆ«ã€€ã€€cpuè­¦æŠ¥çº§åˆ«
20181220_20:27:25  pi2 GNU/Linux 4.9.41-v7+  up_2_weeks,_5_days,_11_hours,_24_minutes  0.39 0.31 0.28 949572MB 192188MB 70% 29899MB 15660MB 55% 43Â°C  
disk->normal  
rmb->note  
cpu->normal  
------------------------
time    hostname    OS   rootç‰ˆæœ¬   runtime  å¹³å‡è´Ÿè½½ã€€ã€€ç£ç›˜æ€»é‡ã€€ã€€ç£ç›˜æ‰€ç”¨ç™¾åˆ†æ¯”ã€€å†…å­˜å¤§å°ã€€ã€€å†…å­˜å·²ç”¨ç™¾åˆ†æ¯”ã€€cpuæ¸©åº¦ã€€ã€€ã€€ç£ç›˜è­¦æŠ¥çº§åˆ«ã€€ã€€å†…å­˜è­¦æŠ¥çº§åˆ«ã€€ã€€cpuè­¦æŠ¥çº§åˆ«
20181220_20:29:05  pi2 GNU/Linux 4.9.41-v7+  up_2_weeks,_5_days,_11_hours,_25_minutes  0.62 0.35 0.29 949572MB 183552MB 80% 29899MB 15659MB 55% 42Â°C  
disk->note  
rmb->note  
cpu->normal  
------------------------
time    hostname    OS   rootç‰ˆæœ¬   runtime  å¹³å‡è´Ÿè½½ã€€ã€€ç£ç›˜æ€»é‡ã€€ã€€ç£ç›˜æ‰€ç”¨ç™¾åˆ†æ¯”ã€€å†…å­˜å¤§å°ã€€ã€€å†…å­˜å·²ç”¨ç™¾åˆ†æ¯”ã€€cpuæ¸©åº¦ã€€ã€€ã€€ç£ç›˜è­¦æŠ¥çº§åˆ«ã€€ã€€å†…å­˜è­¦æŠ¥çº§åˆ«ã€€ã€€cpuè­¦æŠ¥çº§åˆ«
20181220_20:30:45  pi2 GNU/Linux 4.9.41-v7+  up_2_weeks,_5_days,_11_hours,_27_minutes  0.57 0.37 0.30 949572MB 183148MB 80% 29899MB 15659MB 55% 44Â°C  
disk->note  
rmb->note  
cpu->normal  
------------------------
time    hostname    OS   rootç‰ˆæœ¬   runtime  å¹³å‡è´Ÿè½½ã€€ã€€ç£ç›˜æ€»é‡ã€€ã€€ç£ç›˜æ‰€ç”¨ç™¾åˆ†æ¯”ã€€å†…å­˜å¤§å°ã€€ã€€å†…å­˜å·²ç”¨ç™¾åˆ†æ¯”ã€€cpuæ¸©åº¦ã€€ã€€ã€€ç£ç›˜è­¦æŠ¥çº§åˆ«ã€€ã€€å†…å­˜è­¦æŠ¥çº§åˆ«ã€€ã€€cpuè­¦æŠ¥çº§åˆ«
20181220_20:32:26  pi2 GNU/Linux 4.9.41-v7+  up_2_weeks,_5_days,_11_hours,_29_minutes  0.60 0.43 0.33 949572MB 186268MB 80% 29899MB 15659MB 55% 44Â°C  
disk->note  
rmb->note  
cpu->normal  
------------------------
time    hostname    OS   rootç‰ˆæœ¬   runtime  å¹³å‡è´Ÿè½½ã€€ã€€ç£ç›˜æ€»é‡ã€€ã€€ç£ç›˜æ‰€ç”¨ç™¾åˆ†æ¯”ã€€å†…å­˜å¤§å°ã€€ã€€å†…å­˜å·²ç”¨ç™¾åˆ†æ¯”ã€€cpuæ¸©åº¦ã€€ã€€ã€€ç£ç›˜è­¦æŠ¥çº§åˆ«ã€€ã€€å†…å­˜è­¦æŠ¥çº§åˆ«ã€€ã€€cpuè­¦æŠ¥çº§åˆ«
20181220_20:34:06  pi2 GNU/Linux 4.9.41-v7+  up_2_weeks,_5_days,_11_hours,_30_minutes  1.08 0.63 0.41 949572MB 188120MB 80% 29899MB 15659MB 55% 44Â°C  
disk->note  
rmb->note  
cpu->normal  
------------------------
time    hostname    OS   rootç‰ˆæœ¬   runtime  å¹³å‡è´Ÿè½½ã€€ã€€ç£ç›˜æ€»é‡ã€€ã€€ç£ç›˜æ‰€ç”¨ç™¾åˆ†æ¯”ã€€å†…å­˜å¤§å°ã€€ã€€å†…å­˜å·²ç”¨ç™¾åˆ†æ¯”ã€€cpuæ¸©åº¦ã€€ã€€ã€€ç£ç›˜è­¦æŠ¥çº§åˆ«ã€€ã€€å†…å­˜è­¦æŠ¥çº§åˆ«ã€€ã€€cpuè­¦æŠ¥çº§åˆ«
20181220_20:35:46  pi2 GNU/Linux 4.9.41-v7+  up_2_weeks,_5_days,_11_hours,_32_minutes  0.91 0.69 0.45 949572MB 187892MB 80% 29899MB 15660MB 55% 44Â°C  
disk->note  
rmb->note  
cpu->normal  
------------------------
time    hostname    OS   rootç‰ˆæœ¬   runtime  å¹³å‡è´Ÿè½½ã€€ã€€ç£ç›˜æ€»é‡ã€€ã€€ç£ç›˜æ‰€ç”¨ç™¾åˆ†æ¯”ã€€å†…å­˜å¤§å°ã€€ã€€å†…å­˜å·²ç”¨ç™¾åˆ†æ¯”ã€€cpuæ¸©åº¦ã€€ã€€ã€€ç£ç›˜è­¦æŠ¥çº§åˆ«ã€€ã€€å†…å­˜è­¦æŠ¥çº§åˆ«ã€€ã€€cpuè­¦æŠ¥çº§åˆ«
20181220_20:37:26  pi2 GNU/Linux 4.9.41-v7+  up_2_weeks,_5_days,_11_hours,_34_minutes  1.09 0.75 0.50 949572MB 188568MB 80% 29899MB 15660MB 55% 44Â°C  
disk->note  
rmb->note  
cpu->normal  
------------------------
time    hostname    OS   rootç‰ˆæœ¬   runtime  å¹³å‡è´Ÿè½½ã€€ã€€ç£ç›˜æ€»é‡ã€€ã€€ç£ç›˜æ‰€ç”¨ç™¾åˆ†æ¯”ã€€å†…å­˜å¤§å°ã€€ã€€å†…å­˜å·²ç”¨ç™¾åˆ†æ¯”ã€€cpuæ¸©åº¦ã€€ã€€ã€€ç£ç›˜è­¦æŠ¥çº§åˆ«ã€€ã€€å†…å­˜è­¦æŠ¥çº§åˆ«ã€€ã€€cpuè­¦æŠ¥çº§åˆ«
20181220_20:39:06  pi2 GNU/Linux 4.9.41-v7+  up_2_weeks,_5_days,_11_hours,_35_minutes  0.73 0.70 0.50 949572MB 188796MB 80% 29899MB 15660MB 55% 43Â°C  
disk->note  
rmb->note  
cpu->normal  
------------------------
time    hostname    OS   rootç‰ˆæœ¬   runtime  å¹³å‡è´Ÿè½½ã€€ã€€ç£ç›˜æ€»é‡ã€€ã€€ç£ç›˜æ‰€ç”¨ç™¾åˆ†æ¯”ã€€å†…å­˜å¤§å°ã€€ã€€å†…å­˜å·²ç”¨ç™¾åˆ†æ¯”ã€€cpuæ¸©åº¦ã€€ã€€ã€€ç£ç›˜è­¦æŠ¥çº§åˆ«ã€€ã€€å†…å­˜è­¦æŠ¥çº§åˆ«ã€€ã€€cpuè­¦æŠ¥çº§åˆ«
20181220_20:40:47  pi2 GNU/Linux 4.9.41-v7+  up_2_weeks,_5_days,_11_hours,_37_minutes  0.36 0.58 0.48 949572MB 188064MB 80% 29899MB 15660MB 55% 44Â°C  
disk->note  
rmb->note  
cpu->normal  
------------------------
time    hostname    OS   rootç‰ˆæœ¬   runtime  å¹³å‡è´Ÿè½½ã€€ã€€ç£ç›˜æ€»é‡ã€€ã€€ç£ç›˜æ‰€ç”¨ç™¾åˆ†æ¯”ã€€å†…å­˜å¤§å°ã€€ã€€å†…å­˜å·²ç”¨ç™¾åˆ†æ¯”ã€€cpuæ¸©åº¦ã€€ã€€ã€€ç£ç›˜è­¦æŠ¥çº§åˆ«ã€€ã€€å†…å­˜è­¦æŠ¥çº§åˆ«ã€€ã€€cpuè­¦æŠ¥çº§åˆ«
20181220_20:42:27  pi2 GNU/Linux 4.9.41-v7+  up_2_weeks,_5_days,_11_hours,_39_minutes  0.24 0.48 0.45 949572MB 187988MB 80% 29899MB 15659MB 55% 44Â°C  
disk->note  
rmb->note  
cpu->normal  
------------------------
time    hostname    OS   rootç‰ˆæœ¬   runtime  å¹³å‡è´Ÿè½½ã€€ã€€ç£ç›˜æ€»é‡ã€€ã€€ç£ç›˜æ‰€ç”¨ç™¾åˆ†æ¯”ã€€å†…å­˜å¤§å°ã€€ã€€å†…å­˜å·²ç”¨ç™¾åˆ†æ¯”ã€€cpuæ¸©åº¦ã€€ã€€ã€€ç£ç›˜è­¦æŠ¥çº§åˆ«ã€€ã€€å†…å­˜è­¦æŠ¥çº§åˆ«ã€€ã€€cpuè­¦æŠ¥çº§åˆ«
20181220_20:44:07  pi2 GNU/Linux 4.9.41-v7+  up_2_weeks,_5_days,_11_hours,_40_minutes  0.60 0.57 0.48 949572MB 191600MB 70% 29899MB 15659MB 55% 44Â°C  
disk->normal  
rmb->note  
cpu->normal  
------------------------
time    hostname    OS   rootç‰ˆæœ¬   runtime  å¹³å‡è´Ÿè½½ã€€ã€€ç£ç›˜æ€»é‡ã€€ã€€ç£ç›˜æ‰€ç”¨ç™¾åˆ†æ¯”ã€€å†…å­˜å¤§å°ã€€ã€€å†…å­˜å·²ç”¨ç™¾åˆ†æ¯”ã€€cpuæ¸©åº¦ã€€ã€€ã€€ç£ç›˜è­¦æŠ¥çº§åˆ«ã€€ã€€å†…å­˜è­¦æŠ¥çº§åˆ«ã€€ã€€cpuè­¦æŠ¥çº§åˆ«
20181220_20:45:47  pi2 GNU/Linux 4.9.41-v7+  up_2_weeks,_5_days,_11_hours,_42_minutes  0.77 0.60 0.50 949572MB 191544MB 70% 29899MB 15659MB 55% 44Â°C  
disk->normal  
rmb->note  
cpu->normal  
------------------------
time    hostname    OS   rootç‰ˆæœ¬   runtime  å¹³å‡è´Ÿè½½ã€€ã€€ç£ç›˜æ€»é‡ã€€ã€€ç£ç›˜æ‰€ç”¨ç™¾åˆ†æ¯”ã€€å†…å­˜å¤§å°ã€€ã€€å†…å­˜å·²ç”¨ç™¾åˆ†æ¯”ã€€cpuæ¸©åº¦ã€€ã€€ã€€ç£ç›˜è­¦æŠ¥çº§åˆ«ã€€ã€€å†…å­˜è­¦æŠ¥çº§åˆ«ã€€ã€€cpuè­¦æŠ¥çº§åˆ«
20181220_20:47:27  pi2 GNU/Linux 4.9.41-v7+  up_2_weeks,_5_days,_11_hours,_44_minutes  0.90 0.65 0.52 949572MB 192724MB 70% 29899MB 15659MB 55% 42Â°C  
disk->normal  
rmb->note  
cpu->normal  
------------------------
time    hostname    OS   rootç‰ˆæœ¬   runtime  å¹³å‡è´Ÿè½½ã€€ã€€ç£ç›˜æ€»é‡ã€€ã€€ç£ç›˜æ‰€ç”¨ç™¾åˆ†æ¯”ã€€å†…å­˜å¤§å°ã€€ã€€å†…å­˜å·²ç”¨ç™¾åˆ†æ¯”ã€€cpuæ¸©åº¦ã€€ã€€ã€€ç£ç›˜è­¦æŠ¥çº§åˆ«ã€€ã€€å†…å­˜è­¦æŠ¥çº§åˆ«ã€€ã€€cpuè­¦æŠ¥çº§åˆ«
20181220_20:49:07  pi2 GNU/Linux 4.9.41-v7+  up_2_weeks,_5_days,_11_hours,_45_minutes  0.74 0.66 0.54 949572MB 192744MB 70% 29899MB 15659MB 55% 43Â°C  
disk->normal  
rmb->note  
cpu->normal  
------------------------
time    hostname    OS   rootç‰ˆæœ¬   runtime  å¹³å‡è´Ÿè½½ã€€ã€€ç£ç›˜æ€»é‡ã€€ã€€ç£ç›˜æ‰€ç”¨ç™¾åˆ†æ¯”ã€€å†…å­˜å¤§å°ã€€ã€€å†…å­˜å·²ç”¨ç™¾åˆ†æ¯”ã€€cpuæ¸©åº¦ã€€ã€€ã€€ç£ç›˜è­¦æŠ¥çº§åˆ«ã€€ã€€å†…å­˜è­¦æŠ¥çº§åˆ«ã€€ã€€cpuè­¦æŠ¥çº§åˆ«
20181220_20:50:47  pi2 GNU/Linux 4.9.41-v7+  up_2_weeks,_5_days,_11_hours,_47_minutes  0.62 0.64 0.54 949572MB 197000MB 70% 29899MB 15659MB 55% 42Â°C  
disk->normal  
rmb->note  
cpu->normal  
------------------------
time    hostname    OS   rootç‰ˆæœ¬   runtime  å¹³å‡è´Ÿè½½ã€€ã€€ç£ç›˜æ€»é‡ã€€ã€€ç£ç›˜æ‰€ç”¨ç™¾åˆ†æ¯”ã€€å†…å­˜å¤§å°ã€€ã€€å†…å­˜å·²ç”¨ç™¾åˆ†æ¯”ã€€cpuæ¸©åº¦ã€€ã€€ã€€ç£ç›˜è­¦æŠ¥çº§åˆ«ã€€ã€€å†…å­˜è­¦æŠ¥çº§åˆ«ã€€ã€€cpuè­¦æŠ¥çº§åˆ«
20181220_20:52:28  pi2 GNU/Linux 4.9.41-v7+  up_2_weeks,_5_days,_11_hours,_49_minutes  0.33 0.56 0.53 949572MB 197172MB 70% 29899MB 15659MB 55% 41Â°C  
disk->normal  
rmb->note  
cpu->normal  
------------------------
time    hostname    OS   rootç‰ˆæœ¬   runtime  å¹³å‡è´Ÿè½½ã€€ã€€ç£ç›˜æ€»é‡ã€€ã€€ç£ç›˜æ‰€ç”¨ç™¾åˆ†æ¯”ã€€å†…å­˜å¤§å°ã€€ã€€å†…å­˜å·²ç”¨ç™¾åˆ†æ¯”ã€€cpuæ¸©åº¦ã€€ã€€ã€€ç£ç›˜è­¦æŠ¥çº§åˆ«ã€€ã€€å†…å­˜è­¦æŠ¥çº§åˆ«ã€€ã€€cpuè­¦æŠ¥çº§åˆ«
20181220_20:54:08  pi2 GNU/Linux 4.9.41-v7+  up_2_weeks,_5_days,_11_hours,_50_minutes  0.56 0.57 0.53 949572MB 199676MB 70% 29899MB 15659MB 55% 42Â°C  
disk->normal  
rmb->note  
cpu->normal  
------------------------
time    hostname    OS   rootç‰ˆæœ¬   runtime  å¹³å‡è´Ÿè½½ã€€ã€€ç£ç›˜æ€»é‡ã€€ã€€ç£ç›˜æ‰€ç”¨ç™¾åˆ†æ¯”ã€€å†…å­˜å¤§å°ã€€ã€€å†…å­˜å·²ç”¨ç™¾åˆ†æ¯”ã€€cpuæ¸©åº¦ã€€ã€€ã€€ç£ç›˜è­¦æŠ¥çº§åˆ«ã€€ã€€å†…å­˜è­¦æŠ¥çº§åˆ«ã€€ã€€cpuè­¦æŠ¥çº§åˆ«
20181220_20:55:48  pi2 GNU/Linux 4.9.41-v7+  up_2_weeks,_5_days,_11_hours,_52_minutes  0.88 0.70 0.59 949572MB 200140MB 70% 29899MB 15659MB 55% 41Â°C  
disk->normal  
rmb->note  
cpu->normal  
------------------------
time    hostname    OS   rootç‰ˆæœ¬   runtime  å¹³å‡è´Ÿè½½ã€€ã€€ç£ç›˜æ€»é‡ã€€ã€€ç£ç›˜æ‰€ç”¨ç™¾åˆ†æ¯”ã€€å†…å­˜å¤§å°ã€€ã€€å†…å­˜å·²ç”¨ç™¾åˆ†æ¯”ã€€cpuæ¸©åº¦ã€€ã€€ã€€ç£ç›˜è­¦æŠ¥çº§åˆ«ã€€ã€€å†…å­˜è­¦æŠ¥çº§åˆ«ã€€ã€€cpuè­¦æŠ¥çº§åˆ«
20181220_20:57:28  pi2 GNU/Linux 4.9.41-v7+  up_2_weeks,_5_days,_11_hours,_54_minutes  0.29 0.57 0.55 949572MB 238344MB 70% 29899MB 15659MB 55% 41Â°C  
disk->normal  
rmb->note  
cpu->normal  
------------